TpTrace Verbose: 0 : 8860, 1, 2025/05/07, 20:52:30.574, 21073881114, vstest.console.dll, Version: 17.12.0-release-24508-01 Current process architecture: X64
TpTrace Verbose: 0 : 8860, 1, 2025/05/07, 20:52:30.578, 21073917070, vstest.console.dll, Runtime location: C:\Program Files\dotnet\shared\Microsoft.NETCore.App\9.0.0
TpTrace Verbose: 0 : 8860, 1, 2025/05/07, 20:52:30.582, 21073952454, vstest.console.dll, ArtifactProcessingPostProcessModeProcessorExecutor.Initialize: ArtifactProcessingMode.Collect
TpTrace Verbose: 0 : 8860, 1, 2025/05/07, 20:52:30.582, 21073953985, vstest.console.dll, TestSessionCorrelationIdProcessorModeProcessorExecutor.Initialize: TestSessionCorrelationId '12144_c616133a-a95b-41a6-beb5-58e7adf459ad'
TpTrace Information: 0 : 8860, 1, 2025/05/07, 20:52:30.591, 21074042824, vstest.console.dll, FilePatternParser: The given file C:\Users\TOSHIBA\Downloads\QA path\Programming for QA\Programming Advanced for QA\03-Resources-Unit-Testing-Exercise-Strings-and-Regular-Expressions\TestApp.UnitTests\bin\Debug\net6.0\fine-code-coverage\build-output\TestApp.UnitTests.dll is a full path.
TpTrace Verbose: 0 : 8860, 1, 2025/05/07, 20:52:30.597, 21074109479, vstest.console.dll, TestPluginCache.DiscoverTestExtensions: finding test extensions in assemblies ends with: RuntimeProvider.dll TPluginInfo: Microsoft.VisualStudio.TestPlatform.Common.ExtensionFramework.Utilities.TestRuntimePluginInformation TExtension: Microsoft.VisualStudio.TestPlatform.ObjectModel.Host.ITestRuntimeProvider
TpTrace Verbose: 0 : 8860, 1, 2025/05/07, 20:52:30.598, 21074113439, vstest.console.dll, TestPluginCache.GetExtensionPaths: Filtered extension paths: 
TpTrace Verbose: 0 : 8860, 1, 2025/05/07, 20:52:30.598, 21074114524, vstest.console.dll, TestPluginCache.GetExtensionPaths: Added default extension paths: C:\Program Files\dotnet\sdk\9.0.100\Extensions\Microsoft.Diagnostics.NETCore.Client.dll
C:\Program Files\dotnet\sdk\9.0.100\Extensions\Microsoft.TestPlatform.Extensions.BlameDataCollector.dll
C:\Program Files\dotnet\sdk\9.0.100\Extensions\Microsoft.TestPlatform.Extensions.EventLogCollector.dll
C:\Program Files\dotnet\sdk\9.0.100\Extensions\Microsoft.TestPlatform.TestHostRuntimeProvider.dll
C:\Program Files\dotnet\sdk\9.0.100\Extensions\Microsoft.VisualStudio.TestPlatform.Extensions.Html.TestLogger.dll
C:\Program Files\dotnet\sdk\9.0.100\Extensions\Microsoft.VisualStudio.TestPlatform.Extensions.Trx.TestLogger.dll
TpTrace Verbose: 0 : 8860, 1, 2025/05/07, 20:52:30.598, 21074115035, vstest.console.dll, TestPluginCache.GetExtensionPaths: Added unfilterableExtensionPaths: 
TpTrace Information: 0 : 8860, 1, 2025/05/07, 20:52:30.599, 21074121969, vstest.console.dll, AssemblyResolver.ctor: Creating AssemblyResolver with searchDirectories C:\Program Files\dotnet\sdk\9.0.100\Extensions,C:\Program Files\dotnet\sdk\9.0.100
TpTrace Verbose: 0 : 8860, 1, 2025/05/07, 20:52:30.601, 21074142099, vstest.console.dll, TestPluginCache.DiscoverTestExtensions: Discovering the extensions using extension path.
TpTrace Verbose: 0 : 8860, 1, 2025/05/07, 20:52:30.601, 21074143734, vstest.console.dll, TestPluginCache.GetExtensionPaths: Filtered extension paths: 
TpTrace Verbose: 0 : 8860, 1, 2025/05/07, 20:52:30.601, 21074144347, vstest.console.dll, TestPluginCache.GetExtensionPaths: Added default extension paths: C:\Program Files\dotnet\sdk\9.0.100\Extensions\Microsoft.Diagnostics.NETCore.Client.dll
C:\Program Files\dotnet\sdk\9.0.100\Extensions\Microsoft.TestPlatform.Extensions.BlameDataCollector.dll
C:\Program Files\dotnet\sdk\9.0.100\Extensions\Microsoft.TestPlatform.Extensions.EventLogCollector.dll
C:\Program Files\dotnet\sdk\9.0.100\Extensions\Microsoft.TestPlatform.TestHostRuntimeProvider.dll
C:\Program Files\dotnet\sdk\9.0.100\Extensions\Microsoft.VisualStudio.TestPlatform.Extensions.Html.TestLogger.dll
C:\Program Files\dotnet\sdk\9.0.100\Extensions\Microsoft.VisualStudio.TestPlatform.Extensions.Trx.TestLogger.dll
TpTrace Verbose: 0 : 8860, 1, 2025/05/07, 20:52:30.601, 21074144718, vstest.console.dll, TestPluginCache.GetExtensionPaths: Added unfilterableExtensionPaths: 
TpTrace Verbose: 0 : 8860, 1, 2025/05/07, 20:52:30.601, 21074146016, vstest.console.dll, TestPluginCache.DiscoverTestExtensions: Discovering the extensions using allExtensionPaths: C:\Program Files\dotnet\sdk\9.0.100\Extensions\Microsoft.Diagnostics.NETCore.Client.dll
C:\Program Files\dotnet\sdk\9.0.100\Extensions\Microsoft.TestPlatform.Extensions.BlameDataCollector.dll
C:\Program Files\dotnet\sdk\9.0.100\Extensions\Microsoft.TestPlatform.Extensions.EventLogCollector.dll
C:\Program Files\dotnet\sdk\9.0.100\Extensions\Microsoft.TestPlatform.TestHostRuntimeProvider.dll
C:\Program Files\dotnet\sdk\9.0.100\Extensions\Microsoft.VisualStudio.TestPlatform.Extensions.Html.TestLogger.dll
C:\Program Files\dotnet\sdk\9.0.100\Extensions\Microsoft.VisualStudio.TestPlatform.Extensions.Trx.TestLogger.dll
TpTrace Information: 0 : 8860, 1, 2025/05/07, 20:52:30.601, 21074147231, vstest.console.dll, AssemblyResolver.AddSearchDirectories: Adding more searchDirectories C:\Program Files\dotnet\sdk\9.0.100\Extensions,C:\Program Files\dotnet\sdk\9.0.100
TpTrace Information: 0 : 8860, 1, 2025/05/07, 20:52:30.601, 21074147912, vstest.console.dll, AssemblyResolver.AddSearchDirectories: Adding more searchDirectories C:\Program Files\dotnet\sdk\9.0.100\Extensions,C:\Program Files\dotnet\sdk\9.0.100
TpTrace Information: 0 : 8860, 1, 2025/05/07, 20:52:30.601, 21074148298, vstest.console.dll, AssemblyResolver.AddSearchDirectories: Adding more searchDirectories C:\Program Files\dotnet\sdk\9.0.100\Extensions,C:\Program Files\dotnet\sdk\9.0.100
TpTrace Information: 0 : 8860, 1, 2025/05/07, 20:52:30.601, 21074148625, vstest.console.dll, AssemblyResolver.AddSearchDirectories: Adding more searchDirectories C:\Program Files\dotnet\sdk\9.0.100\Extensions,C:\Program Files\dotnet\sdk\9.0.100
TpTrace Information: 0 : 8860, 1, 2025/05/07, 20:52:30.601, 21074148946, vstest.console.dll, AssemblyResolver.AddSearchDirectories: Adding more searchDirectories C:\Program Files\dotnet\sdk\9.0.100\Extensions,C:\Program Files\dotnet\sdk\9.0.100
TpTrace Information: 0 : 8860, 1, 2025/05/07, 20:52:30.601, 21074149317, vstest.console.dll, AssemblyResolver.AddSearchDirectories: Adding more searchDirectories C:\Program Files\dotnet\sdk\9.0.100\Extensions,C:\Program Files\dotnet\sdk\9.0.100
TpTrace Information: 0 : 8860, 1, 2025/05/07, 20:52:30.602, 21074155028, vstest.console.dll, AssemblyResolver.OnResolve: Microsoft.Diagnostics.NETCore.Client: Resolving assembly.
TpTrace Information: 0 : 8860, 1, 2025/05/07, 20:52:30.602, 21074156002, vstest.console.dll, AssemblyResolver.OnResolve: Microsoft.Diagnostics.NETCore.Client: Searching in: 'C:\Program Files\dotnet\sdk\9.0.100\Extensions'.
TpTrace Information: 0 : 8860, 1, 2025/05/07, 20:52:30.622, 21074358515, vstest.console.dll, AssemblyResolver.OnResolve: Microsoft.Diagnostics.NETCore.Client: Loading assembly 'C:\Program Files\dotnet\sdk\9.0.100\Extensions\Microsoft.Diagnostics.NETCore.Client.dll'.
TpTrace Information: 0 : 8860, 1, 2025/05/07, 20:52:30.624, 21074372140, vstest.console.dll, AssemblyResolver.OnResolve: Resolved assembly: Microsoft.Diagnostics.NETCore.Client, from path: C:\Program Files\dotnet\sdk\9.0.100\Extensions\Microsoft.Diagnostics.NETCore.Client.dll
TpTrace Verbose: 0 : 8860, 1, 2025/05/07, 20:52:30.625, 21074385690, vstest.console.dll, MetadataReaderExtensionsHelper: Discovering extensions inside assembly 'Microsoft.Diagnostics.NETCore.Client, Version=0.2.10.41601, Culture=neutral, PublicKeyToken=31bf3856ad364e35' file path 'C:\Program Files\dotnet\sdk\9.0.100\Extensions\Microsoft.Diagnostics.NETCore.Client.dll'
TpTrace Information: 0 : 8860, 1, 2025/05/07, 20:52:30.632, 21074453180, vstest.console.dll, AssemblyResolver.OnResolve: Microsoft.Bcl.AsyncInterfaces: Resolving assembly.
TpTrace Information: 0 : 8860, 1, 2025/05/07, 20:52:30.632, 21074454522, vstest.console.dll, AssemblyResolver.OnResolve: Microsoft.Bcl.AsyncInterfaces: Searching in: 'C:\Program Files\dotnet\sdk\9.0.100\Extensions'.
TpTrace Information: 0 : 8860, 1, 2025/05/07, 20:52:30.632, 21074455664, vstest.console.dll, AssemblyResolver.OnResolve: Microsoft.Bcl.AsyncInterfaces: Assembly path does not exist: 'C:\Program Files\dotnet\sdk\9.0.100\Extensions\Microsoft.Bcl.AsyncInterfaces.dll', returning.
TpTrace Information: 0 : 8860, 1, 2025/05/07, 20:52:30.632, 21074456991, vstest.console.dll, AssemblyResolver.OnResolve: Microsoft.Bcl.AsyncInterfaces: Assembly path does not exist: 'C:\Program Files\dotnet\sdk\9.0.100\Extensions\Microsoft.Bcl.AsyncInterfaces.exe', returning.
TpTrace Information: 0 : 8860, 1, 2025/05/07, 20:52:30.632, 21074457398, vstest.console.dll, AssemblyResolver.OnResolve: Microsoft.Bcl.AsyncInterfaces: Searching in: 'C:\Program Files\dotnet\sdk\9.0.100'.
TpTrace Information: 0 : 8860, 1, 2025/05/07, 20:52:30.632, 21074458066, vstest.console.dll, AssemblyResolver.OnResolve: Microsoft.Bcl.AsyncInterfaces: Assembly path does not exist: 'C:\Program Files\dotnet\sdk\9.0.100\Microsoft.Bcl.AsyncInterfaces.dll', returning.
TpTrace Information: 0 : 8860, 1, 2025/05/07, 20:52:30.632, 21074458766, vstest.console.dll, AssemblyResolver.OnResolve: Microsoft.Bcl.AsyncInterfaces: Assembly path does not exist: 'C:\Program Files\dotnet\sdk\9.0.100\Microsoft.Bcl.AsyncInterfaces.exe', returning.
TpTrace Information: 0 : 8860, 1, 2025/05/07, 20:52:30.632, 21074459096, vstest.console.dll, AssemblyResolver.OnResolve: Microsoft.Bcl.AsyncInterfaces: Failed to load assembly.
TpTrace Verbose: 0 : 8860, 1, 2025/05/07, 20:52:30.632, 21074459493, vstest.console.dll, CurrentDomainAssemblyResolve: Resolving assembly 'Microsoft.Bcl.AsyncInterfaces'.
TpTrace Information: 0 : 8860, 1, 2025/05/07, 20:52:30.632, 21074460119, vstest.console.dll, AssemblyResolver.OnResolve: Microsoft.Bcl.AsyncInterfaces: Resolving assembly.
TpTrace Information: 0 : 8860, 1, 2025/05/07, 20:52:30.632, 21074460526, vstest.console.dll, AssemblyResolver.OnResolve: Microsoft.Bcl.AsyncInterfaces: Resolved from cache.
TpTrace Verbose: 0 : 8860, 1, 2025/05/07, 20:52:30.632, 21074460821, vstest.console.dll, CurrentDomainAssemblyResolve: Resolving assembly 'Microsoft.Bcl.AsyncInterfaces'.
TpTrace Verbose: 0 : 8860, 1, 2025/05/07, 20:52:30.632, 21074461292, vstest.console.dll, CurrentDomainAssemblyResolve: Failed to resolve assembly 'Microsoft.Bcl.AsyncInterfaces'.
TpTrace Verbose: 0 : 8860, 1, 2025/05/07, 20:52:30.633, 21074470790, vstest.console.dll, CurrentDomainAssemblyResolve: Failed to resolve assembly 'Microsoft.Bcl.AsyncInterfaces'.
TpTrace Warning: 0 : 8860, 1, 2025/05/07, 20:52:30.647, 21074609820, vstest.console.dll, TestPluginDiscoverer: Failed to get types from assembly 'Microsoft.Diagnostics.NETCore.Client, Version=0.2.10.41601, Culture=neutral, PublicKeyToken=31bf3856ad364e35'. Error: System.Reflection.ReflectionTypeLoadException: Unable to load one or more of the requested types.
Could not load file or assembly 'Microsoft.Bcl.AsyncInterfaces, Version=6.0.0.0, Culture=neutral, PublicKeyToken=cc7b13ffcd2ddd51'. The system cannot find the file specified.
   at System.Reflection.RuntimeModule.GetDefinedTypes()
   at System.Reflection.RuntimeModule.GetTypes()
   at Microsoft.VisualStudio.TestPlatform.Common.ExtensionFramework.TestPluginDiscoverer.GetTestExtensionsFromAssembly[TPluginInfo,TExtension](Assembly assembly, Dictionary`2 pluginInfos, String filePath) in /_/src/Microsoft.TestPlatform.Common/ExtensionFramework/TestPluginDiscoverer.cs:line 159
System.IO.FileNotFoundException: Could not load file or assembly 'Microsoft.Bcl.AsyncInterfaces, Version=6.0.0.0, Culture=neutral, PublicKeyToken=cc7b13ffcd2ddd51'. The system cannot find the file specified.
File name: 'Microsoft.Bcl.AsyncInterfaces, Version=6.0.0.0, Culture=neutral, PublicKeyToken=cc7b13ffcd2ddd51'
 ---> System.IO.FileNotFoundException: Could not load file or assembly 'Microsoft.Bcl.AsyncInterfaces, Culture=neutral, PublicKeyToken=null'. The system cannot find the file specified.
File name: 'Microsoft.Bcl.AsyncInterfaces, Culture=neutral, PublicKeyToken=null'
   at System.Reflection.RuntimeAssembly.InternalLoad(AssemblyName assemblyName, StackCrawlMark& stackMark, AssemblyLoadContext assemblyLoadContext, RuntimeAssembly requestingAssembly, Boolean throwOnFileNotFound)
   at System.Reflection.Assembly.Load(AssemblyName assemblyRef)
   at Microsoft.VisualStudio.TestPlatform.Common.ExtensionFramework.TestPluginCache.CurrentDomainAssemblyResolve(Object sender, AssemblyResolveEventArgs args) in /_/src/Microsoft.TestPlatform.Common/ExtensionFramework/TestPluginCache.cs:line 514
   at System.Runtime.Loader.AssemblyLoadContext.GetFirstResolvedAssemblyFromResolvingEvent(AssemblyName assemblyName)
   at System.Runtime.Loader.AssemblyLoadContext.ResolveUsingEvent(AssemblyName assemblyName)
   at System.Runtime.Loader.AssemblyLoadContext.ResolveUsingResolvingEvent(IntPtr gchManagedAssemblyLoadContext, AssemblyName assemblyName)
TpTrace Warning: 0 : 8860, 1, 2025/05/07, 20:52:30.648, 21074614486, vstest.console.dll, LoaderExceptions: System.IO.FileNotFoundException: Could not load file or assembly 'Microsoft.Bcl.AsyncInterfaces, Version=6.0.0.0, Culture=neutral, PublicKeyToken=cc7b13ffcd2ddd51'. The system cannot find the file specified.
File name: 'Microsoft.Bcl.AsyncInterfaces, Version=6.0.0.0, Culture=neutral, PublicKeyToken=cc7b13ffcd2ddd51'
 ---> System.IO.FileNotFoundException: Could not load file or assembly 'Microsoft.Bcl.AsyncInterfaces, Culture=neutral, PublicKeyToken=null'. The system cannot find the file specified.
File name: 'Microsoft.Bcl.AsyncInterfaces, Culture=neutral, PublicKeyToken=null'
   at System.Reflection.RuntimeAssembly.InternalLoad(AssemblyName assemblyName, StackCrawlMark& stackMark, AssemblyLoadContext assemblyLoadContext, RuntimeAssembly requestingAssembly, Boolean throwOnFileNotFound)
   at System.Reflection.Assembly.Load(AssemblyName assemblyRef)
   at Microsoft.VisualStudio.TestPlatform.Common.ExtensionFramework.TestPluginCache.CurrentDomainAssemblyResolve(Object sender, AssemblyResolveEventArgs args) in /_/src/Microsoft.TestPlatform.Common/ExtensionFramework/TestPluginCache.cs:line 514
   at System.Runtime.Loader.AssemblyLoadContext.GetFirstResolvedAssemblyFromResolvingEvent(AssemblyName assemblyName)
   at System.Runtime.Loader.AssemblyLoadContext.ResolveUsingEvent(AssemblyName assemblyName)
   at System.Runtime.Loader.AssemblyLoadContext.ResolveUsingResolvingEvent(IntPtr gchManagedAssemblyLoadContext, AssemblyName assemblyName)
TpTrace Information: 0 : 8860, 1, 2025/05/07, 20:52:30.648, 21074615915, vstest.console.dll, AssemblyResolver.OnResolve: Microsoft.TestPlatform.Extensions.BlameDataCollector: Resolving assembly.
TpTrace Information: 0 : 8860, 1, 2025/05/07, 20:52:30.648, 21074616502, vstest.console.dll, AssemblyResolver.OnResolve: Microsoft.TestPlatform.Extensions.BlameDataCollector: Searching in: 'C:\Program Files\dotnet\sdk\9.0.100\Extensions'.
TpTrace Information: 0 : 8860, 1, 2025/05/07, 20:52:30.650, 21074635884, vstest.console.dll, AssemblyResolver.OnResolve: Microsoft.TestPlatform.Extensions.BlameDataCollector: Loading assembly 'C:\Program Files\dotnet\sdk\9.0.100\Extensions\Microsoft.TestPlatform.Extensions.BlameDataCollector.dll'.
TpTrace Information: 0 : 8860, 1, 2025/05/07, 20:52:30.651, 21074645192, vstest.console.dll, AssemblyResolver.OnResolve: Resolved assembly: Microsoft.TestPlatform.Extensions.BlameDataCollector, from path: C:\Program Files\dotnet\sdk\9.0.100\Extensions\Microsoft.TestPlatform.Extensions.BlameDataCollector.dll
TpTrace Verbose: 0 : 8860, 1, 2025/05/07, 20:52:30.651, 21074646483, vstest.console.dll, MetadataReaderExtensionsHelper: Discovering extensions inside assembly 'Microsoft.TestPlatform.Extensions.BlameDataCollector, Version=15.0.0.0, Culture=neutral, PublicKeyToken=b03f5f7f11d50a3a' file path 'C:\Program Files\dotnet\sdk\9.0.100\Extensions\Microsoft.TestPlatform.Extensions.BlameDataCollector.dll'
TpTrace Information: 0 : 8860, 1, 2025/05/07, 20:52:30.653, 21074670019, vstest.console.dll, AssemblyResolver.OnResolve: Microsoft.TestPlatform.Extensions.EventLogCollector: Resolving assembly.
TpTrace Information: 0 : 8860, 1, 2025/05/07, 20:52:30.654, 21074671682, vstest.console.dll, AssemblyResolver.OnResolve: Microsoft.TestPlatform.Extensions.EventLogCollector: Searching in: 'C:\Program Files\dotnet\sdk\9.0.100\Extensions'.
TpTrace Information: 0 : 8860, 1, 2025/05/07, 20:52:30.655, 21074687864, vstest.console.dll, AssemblyResolver.OnResolve: Microsoft.TestPlatform.Extensions.EventLogCollector: Loading assembly 'C:\Program Files\dotnet\sdk\9.0.100\Extensions\Microsoft.TestPlatform.Extensions.EventLogCollector.dll'.
TpTrace Information: 0 : 8860, 1, 2025/05/07, 20:52:30.656, 21074696984, vstest.console.dll, AssemblyResolver.OnResolve: Resolved assembly: Microsoft.TestPlatform.Extensions.EventLogCollector, from path: C:\Program Files\dotnet\sdk\9.0.100\Extensions\Microsoft.TestPlatform.Extensions.EventLogCollector.dll
TpTrace Verbose: 0 : 8860, 1, 2025/05/07, 20:52:30.656, 21074697871, vstest.console.dll, MetadataReaderExtensionsHelper: Discovering extensions inside assembly 'Microsoft.TestPlatform.Extensions.EventLogCollector, Version=15.0.0.0, Culture=neutral, PublicKeyToken=b03f5f7f11d50a3a' file path 'C:\Program Files\dotnet\sdk\9.0.100\Extensions\Microsoft.TestPlatform.Extensions.EventLogCollector.dll'
TpTrace Information: 0 : 8860, 1, 2025/05/07, 20:52:30.660, 21074734449, vstest.console.dll, AssemblyResolver.OnResolve: Microsoft.TestPlatform.TestHostRuntimeProvider: Resolving assembly.
TpTrace Information: 0 : 8860, 1, 2025/05/07, 20:52:30.660, 21074735815, vstest.console.dll, AssemblyResolver.OnResolve: Microsoft.TestPlatform.TestHostRuntimeProvider: Searching in: 'C:\Program Files\dotnet\sdk\9.0.100\Extensions'.
TpTrace Information: 0 : 8860, 1, 2025/05/07, 20:52:30.661, 21074749139, vstest.console.dll, AssemblyResolver.OnResolve: Microsoft.TestPlatform.TestHostRuntimeProvider: Loading assembly 'C:\Program Files\dotnet\sdk\9.0.100\Extensions\Microsoft.TestPlatform.TestHostRuntimeProvider.dll'.
TpTrace Information: 0 : 8860, 1, 2025/05/07, 20:52:30.662, 21074761385, vstest.console.dll, AssemblyResolver.OnResolve: Resolved assembly: Microsoft.TestPlatform.TestHostRuntimeProvider, from path: C:\Program Files\dotnet\sdk\9.0.100\Extensions\Microsoft.TestPlatform.TestHostRuntimeProvider.dll
TpTrace Verbose: 0 : 8860, 1, 2025/05/07, 20:52:30.663, 21074762550, vstest.console.dll, MetadataReaderExtensionsHelper: Discovering extensions inside assembly 'Microsoft.TestPlatform.TestHostRuntimeProvider, Version=15.0.0.0, Culture=neutral, PublicKeyToken=b03f5f7f11d50a3a' file path 'C:\Program Files\dotnet\sdk\9.0.100\Extensions\Microsoft.TestPlatform.TestHostRuntimeProvider.dll'
TpTrace Information: 0 : 8860, 1, 2025/05/07, 20:52:30.665, 21074785466, vstest.console.dll, GetTestExtensionFromType: Register extension with identifier data 'HostProvider://DefaultTestHost' and type 'Microsoft.VisualStudio.TestPlatform.CrossPlatEngine.Hosting.DefaultTestHostManager, Microsoft.TestPlatform.TestHostRuntimeProvider, Version=15.0.0.0, Culture=neutral, PublicKeyToken=b03f5f7f11d50a3a' inside file 'C:\Program Files\dotnet\sdk\9.0.100\Extensions\Microsoft.TestPlatform.TestHostRuntimeProvider.dll'
TpTrace Information: 0 : 8860, 1, 2025/05/07, 20:52:30.665, 21074788645, vstest.console.dll, GetTestExtensionFromType: Register extension with identifier data 'HostProvider://DotnetTestHost' and type 'Microsoft.VisualStudio.TestPlatform.CrossPlatEngine.Hosting.DotnetTestHostManager, Microsoft.TestPlatform.TestHostRuntimeProvider, Version=15.0.0.0, Culture=neutral, PublicKeyToken=b03f5f7f11d50a3a' inside file 'C:\Program Files\dotnet\sdk\9.0.100\Extensions\Microsoft.TestPlatform.TestHostRuntimeProvider.dll'
TpTrace Information: 0 : 8860, 1, 2025/05/07, 20:52:30.665, 21074790058, vstest.console.dll, AssemblyResolver.OnResolve: Microsoft.VisualStudio.TestPlatform.Extensions.Html.TestLogger: Resolving assembly.
TpTrace Information: 0 : 8860, 1, 2025/05/07, 20:52:30.665, 21074790978, vstest.console.dll, AssemblyResolver.OnResolve: Microsoft.VisualStudio.TestPlatform.Extensions.Html.TestLogger: Searching in: 'C:\Program Files\dotnet\sdk\9.0.100\Extensions'.
TpTrace Information: 0 : 8860, 1, 2025/05/07, 20:52:30.667, 21074802231, vstest.console.dll, AssemblyResolver.OnResolve: Microsoft.VisualStudio.TestPlatform.Extensions.Html.TestLogger: Loading assembly 'C:\Program Files\dotnet\sdk\9.0.100\Extensions\Microsoft.VisualStudio.TestPlatform.Extensions.Html.TestLogger.dll'.
TpTrace Information: 0 : 8860, 1, 2025/05/07, 20:52:30.667, 21074810534, vstest.console.dll, AssemblyResolver.OnResolve: Resolved assembly: Microsoft.VisualStudio.TestPlatform.Extensions.Html.TestLogger, from path: C:\Program Files\dotnet\sdk\9.0.100\Extensions\Microsoft.VisualStudio.TestPlatform.Extensions.Html.TestLogger.dll
TpTrace Verbose: 0 : 8860, 1, 2025/05/07, 20:52:30.668, 21074812134, vstest.console.dll, MetadataReaderExtensionsHelper: Discovering extensions inside assembly 'Microsoft.VisualStudio.TestPlatform.Extensions.Html.TestLogger, Version=15.0.0.0, Culture=neutral, PublicKeyToken=b03f5f7f11d50a3a' file path 'C:\Program Files\dotnet\sdk\9.0.100\Extensions\Microsoft.VisualStudio.TestPlatform.Extensions.Html.TestLogger.dll'
TpTrace Information: 0 : 8860, 1, 2025/05/07, 20:52:30.669, 21074829966, vstest.console.dll, AssemblyResolver.OnResolve: Microsoft.VisualStudio.TestPlatform.Extensions.Trx.TestLogger: Resolving assembly.
TpTrace Information: 0 : 8860, 1, 2025/05/07, 20:52:30.670, 21074831562, vstest.console.dll, AssemblyResolver.OnResolve: Microsoft.VisualStudio.TestPlatform.Extensions.Trx.TestLogger: Searching in: 'C:\Program Files\dotnet\sdk\9.0.100\Extensions'.
TpTrace Information: 0 : 8860, 1, 2025/05/07, 20:52:30.671, 21074849322, vstest.console.dll, AssemblyResolver.OnResolve: Microsoft.VisualStudio.TestPlatform.Extensions.Trx.TestLogger: Loading assembly 'C:\Program Files\dotnet\sdk\9.0.100\Extensions\Microsoft.VisualStudio.TestPlatform.Extensions.Trx.TestLogger.dll'.
TpTrace Information: 0 : 8860, 1, 2025/05/07, 20:52:30.672, 21074861498, vstest.console.dll, AssemblyResolver.OnResolve: Resolved assembly: Microsoft.VisualStudio.TestPlatform.Extensions.Trx.TestLogger, from path: C:\Program Files\dotnet\sdk\9.0.100\Extensions\Microsoft.VisualStudio.TestPlatform.Extensions.Trx.TestLogger.dll
TpTrace Verbose: 0 : 8860, 1, 2025/05/07, 20:52:30.673, 21074863191, vstest.console.dll, MetadataReaderExtensionsHelper: Discovering extensions inside assembly 'Microsoft.VisualStudio.TestPlatform.Extensions.Trx.TestLogger, Version=15.0.0.0, Culture=neutral, PublicKeyToken=b03f5f7f11d50a3a' file path 'C:\Program Files\dotnet\sdk\9.0.100\Extensions\Microsoft.VisualStudio.TestPlatform.Extensions.Trx.TestLogger.dll'
TpTrace Verbose: 0 : 8860, 1, 2025/05/07, 20:52:30.675, 21074884306, vstest.console.dll, TestPluginCache: Discovered the extensions using extension path ''.
TpTrace Verbose: 0 : 8860, 1, 2025/05/07, 20:52:30.675, 21074885442, vstest.console.dll, TestPluginCache: Discoverers are ''.
TpTrace Verbose: 0 : 8860, 1, 2025/05/07, 20:52:30.675, 21074885865, vstest.console.dll, TestPluginCache: Executors are ''.
TpTrace Verbose: 0 : 8860, 1, 2025/05/07, 20:52:30.675, 21074886185, vstest.console.dll, TestPluginCache: Executors2 are ''.
TpTrace Verbose: 0 : 8860, 1, 2025/05/07, 20:52:30.675, 21074886472, vstest.console.dll, TestPluginCache: Setting providers are ''.
TpTrace Verbose: 0 : 8860, 1, 2025/05/07, 20:52:30.675, 21074886753, vstest.console.dll, TestPluginCache: Loggers are ''.
TpTrace Verbose: 0 : 8860, 1, 2025/05/07, 20:52:30.675, 21074888782, vstest.console.dll, TestPluginCache: TestHosts are 'HostProvider://DefaultTestHost,HostProvider://DotnetTestHost'.
TpTrace Verbose: 0 : 8860, 1, 2025/05/07, 20:52:30.675, 21074889257, vstest.console.dll, TestPluginCache: DataCollectors are ''.
TpTrace Information: 0 : 8860, 1, 2025/05/07, 20:52:30.696, 21075095752, vstest.console.dll, RunTestsArgumentProcessor:Execute: Test run is starting.
TpTrace Verbose: 0 : 8860, 1, 2025/05/07, 20:52:30.696, 21075096767, vstest.console.dll, RunTestsArgumentProcessor:Execute: Queuing Test run.
TpTrace Information: 0 : 8860, 1, 2025/05/07, 20:52:30.696, 21075099336, vstest.console.dll, TestRequestManager.RunTests: run tests started.
TpTrace Information: 0 : 8860, 1, 2025/05/07, 20:52:30.698, 21075115571, vstest.console.dll, AssemblyMetadataProvider.GetFrameworkName: Determined framework:'.NETCoreApp,Version=v6.0' for source: 'C:\Users\TOSHIBA\Downloads\QA path\Programming for QA\Programming Advanced for QA\03-Resources-Unit-Testing-Exercise-Strings-and-Regular-Expressions\TestApp.UnitTests\bin\Debug\net6.0\fine-code-coverage\build-output\TestApp.UnitTests.dll'
TpTrace Information: 0 : 8860, 1, 2025/05/07, 20:52:30.698, 21075117457, vstest.console.dll, Determined framework for all sources: .NETCoreApp,Version=v6.0
TpTrace Verbose: 0 : 8860, 1, 2025/05/07, 20:52:30.699, 21075121564, vstest.console.dll, TestRequestManager.UpdateRunSettingsIfRequired: Default architecture: X64 IsDefaultTargetArchitecture: True, Current process architecture: X64 OperatingSystem: Windows.
TpTrace Information: 0 : 8860, 1, 2025/05/07, 20:52:30.700, 21075138334, vstest.console.dll, AssemblyMetadataProvider.GetArchitecture: Determined architecture:AnyCPU info for assembly: C:\Users\TOSHIBA\Downloads\QA path\Programming for QA\Programming Advanced for QA\03-Resources-Unit-Testing-Exercise-Strings-and-Regular-Expressions\TestApp.UnitTests\bin\Debug\net6.0\fine-code-coverage\build-output\TestApp.UnitTests.dll
TpTrace Information: 0 : 8860, 1, 2025/05/07, 20:52:30.700, 21075138980, vstest.console.dll, Determined platform for source 'C:\Users\TOSHIBA\Downloads\QA path\Programming for QA\Programming Advanced for QA\03-Resources-Unit-Testing-Exercise-Strings-and-Regular-Expressions\TestApp.UnitTests\bin\Debug\net6.0\fine-code-coverage\build-output\TestApp.UnitTests.dll' was AnyCPU and it will use the default plaform X64.
TpTrace Information: 0 : 8860, 1, 2025/05/07, 20:52:30.700, 21075139305, vstest.console.dll, None of the sources provided any runnable platform, using the default platform: X64
TpTrace Information: 0 : 8860, 1, 2025/05/07, 20:52:30.700, 21075140361, vstest.console.dll, Platform was updated to 'X64'.
TpTrace Information: 0 : 8860, 1, 2025/05/07, 20:52:30.704, 21075175955, vstest.console.dll, InferRunSettingsHelper.IsTestSettingsEnabled: Unable to navigate to RunSettings/MSTest. Current node: RunSettings
TpTrace Information: 0 : 8860, 1, 2025/05/07, 20:52:30.705, 21075182841, vstest.console.dll, AssemblyResolver.OnResolve: Microsoft.VisualStudio.TestPlatform.Fakes: Resolving assembly.
TpTrace Information: 0 : 8860, 1, 2025/05/07, 20:52:30.705, 21075183746, vstest.console.dll, AssemblyResolver.OnResolve: Microsoft.VisualStudio.TestPlatform.Fakes: Searching in: 'C:\Program Files\dotnet\sdk\9.0.100\Extensions'.
TpTrace Information: 0 : 8860, 1, 2025/05/07, 20:52:30.705, 21075184967, vstest.console.dll, AssemblyResolver.OnResolve: Microsoft.VisualStudio.TestPlatform.Fakes: Assembly path does not exist: 'C:\Program Files\dotnet\sdk\9.0.100\Extensions\Microsoft.VisualStudio.TestPlatform.Fakes.dll', returning.
TpTrace Information: 0 : 8860, 1, 2025/05/07, 20:52:30.705, 21075185958, vstest.console.dll, AssemblyResolver.OnResolve: Microsoft.VisualStudio.TestPlatform.Fakes: Assembly path does not exist: 'C:\Program Files\dotnet\sdk\9.0.100\Extensions\Microsoft.VisualStudio.TestPlatform.Fakes.exe', returning.
TpTrace Information: 0 : 8860, 1, 2025/05/07, 20:52:30.705, 21075186359, vstest.console.dll, AssemblyResolver.OnResolve: Microsoft.VisualStudio.TestPlatform.Fakes: Searching in: 'C:\Program Files\dotnet\sdk\9.0.100'.
TpTrace Information: 0 : 8860, 1, 2025/05/07, 20:52:30.705, 21075187176, vstest.console.dll, AssemblyResolver.OnResolve: Microsoft.VisualStudio.TestPlatform.Fakes: Assembly path does not exist: 'C:\Program Files\dotnet\sdk\9.0.100\Microsoft.VisualStudio.TestPlatform.Fakes.dll', returning.
TpTrace Information: 0 : 8860, 1, 2025/05/07, 20:52:30.705, 21075187850, vstest.console.dll, AssemblyResolver.OnResolve: Microsoft.VisualStudio.TestPlatform.Fakes: Assembly path does not exist: 'C:\Program Files\dotnet\sdk\9.0.100\Microsoft.VisualStudio.TestPlatform.Fakes.exe', returning.
TpTrace Information: 0 : 8860, 1, 2025/05/07, 20:52:30.705, 21075188296, vstest.console.dll, AssemblyResolver.OnResolve: Microsoft.VisualStudio.TestPlatform.Fakes: Failed to load assembly.
TpTrace Information: 0 : 8860, 1, 2025/05/07, 20:52:30.705, 21075191004, vstest.console.dll, Failed to load assembly Microsoft.VisualStudio.TestPlatform.Fakes, Version=17.0.0.0, Culture=neutral. Reason:System.IO.FileNotFoundException: Could not load file or assembly 'Microsoft.VisualStudio.TestPlatform.Fakes, Version=17.0.0.0, Culture=neutral, PublicKeyToken=null'. The system cannot find the file specified.
File name: 'Microsoft.VisualStudio.TestPlatform.Fakes, Version=17.0.0.0, Culture=neutral, PublicKeyToken=null'
   at System.Reflection.RuntimeAssembly.InternalLoad(AssemblyName assemblyName, StackCrawlMark& stackMark, AssemblyLoadContext assemblyLoadContext, RuntimeAssembly requestingAssembly, Boolean throwOnFileNotFound)
   at System.Reflection.Assembly.Load(AssemblyName assemblyRef)
   at Microsoft.VisualStudio.TestPlatform.Common.Utilities.FakesUtilities.LoadTestPlatformAssembly() in /_/src/Microsoft.TestPlatform.Common/Utilities/FakesUtilities.cs:line 273
TpTrace Verbose: 0 : 8860, 1, 2025/05/07, 20:52:30.712, 21075253321, vstest.console.dll, TestPluginCache.DiscoverTestExtensions: finding test extensions in assemblies ends with: TestLogger.dll TPluginInfo: Microsoft.VisualStudio.TestPlatform.Common.ExtensionFramework.Utilities.TestLoggerPluginInformation TExtension: Microsoft.VisualStudio.TestPlatform.ObjectModel.Client.ITestLogger
TpTrace Verbose: 0 : 8860, 1, 2025/05/07, 20:52:30.712, 21075254756, vstest.console.dll, TestPluginCache.GetExtensionPaths: Filtered extension paths: 
TpTrace Verbose: 0 : 8860, 1, 2025/05/07, 20:52:30.712, 21075255244, vstest.console.dll, TestPluginCache.GetExtensionPaths: Added default extension paths: C:\Program Files\dotnet\sdk\9.0.100\Extensions\Microsoft.Diagnostics.NETCore.Client.dll
C:\Program Files\dotnet\sdk\9.0.100\Extensions\Microsoft.TestPlatform.Extensions.BlameDataCollector.dll
C:\Program Files\dotnet\sdk\9.0.100\Extensions\Microsoft.TestPlatform.Extensions.EventLogCollector.dll
C:\Program Files\dotnet\sdk\9.0.100\Extensions\Microsoft.TestPlatform.TestHostRuntimeProvider.dll
C:\Program Files\dotnet\sdk\9.0.100\Extensions\Microsoft.VisualStudio.TestPlatform.Extensions.Html.TestLogger.dll
C:\Program Files\dotnet\sdk\9.0.100\Extensions\Microsoft.VisualStudio.TestPlatform.Extensions.Trx.TestLogger.dll
TpTrace Verbose: 0 : 8860, 1, 2025/05/07, 20:52:30.712, 21075255712, vstest.console.dll, TestPluginCache.GetExtensionPaths: Added unfilterableExtensionPaths: 
TpTrace Information: 0 : 8860, 1, 2025/05/07, 20:52:30.712, 21075257322, vstest.console.dll, AssemblyResolver.AddSearchDirectories: Adding more searchDirectories C:\Program Files\dotnet\sdk\9.0.100\Extensions,C:\Program Files\dotnet\sdk\9.0.100
TpTrace Verbose: 0 : 8860, 1, 2025/05/07, 20:52:30.712, 21075257875, vstest.console.dll, TestPluginCache.DiscoverTestExtensions: Discovering the extensions using extension path.
TpTrace Verbose: 0 : 8860, 1, 2025/05/07, 20:52:30.712, 21075259190, vstest.console.dll, TestPluginCache.GetExtensionPaths: Filtered extension paths: 
TpTrace Verbose: 0 : 8860, 1, 2025/05/07, 20:52:30.712, 21075259702, vstest.console.dll, TestPluginCache.GetExtensionPaths: Added default extension paths: C:\Program Files\dotnet\sdk\9.0.100\Extensions\Microsoft.Diagnostics.NETCore.Client.dll
C:\Program Files\dotnet\sdk\9.0.100\Extensions\Microsoft.TestPlatform.Extensions.BlameDataCollector.dll
C:\Program Files\dotnet\sdk\9.0.100\Extensions\Microsoft.TestPlatform.Extensions.EventLogCollector.dll
C:\Program Files\dotnet\sdk\9.0.100\Extensions\Microsoft.TestPlatform.TestHostRuntimeProvider.dll
C:\Program Files\dotnet\sdk\9.0.100\Extensions\Microsoft.VisualStudio.TestPlatform.Extensions.Html.TestLogger.dll
C:\Program Files\dotnet\sdk\9.0.100\Extensions\Microsoft.VisualStudio.TestPlatform.Extensions.Trx.TestLogger.dll
TpTrace Verbose: 0 : 8860, 1, 2025/05/07, 20:52:30.712, 21075260035, vstest.console.dll, TestPluginCache.GetExtensionPaths: Added unfilterableExtensionPaths: 
TpTrace Verbose: 0 : 8860, 1, 2025/05/07, 20:52:30.712, 21075260354, vstest.console.dll, TestPluginCache.DiscoverTestExtensions: Discovering the extensions using allExtensionPaths: C:\Program Files\dotnet\sdk\9.0.100\Extensions\Microsoft.Diagnostics.NETCore.Client.dll
C:\Program Files\dotnet\sdk\9.0.100\Extensions\Microsoft.TestPlatform.Extensions.BlameDataCollector.dll
C:\Program Files\dotnet\sdk\9.0.100\Extensions\Microsoft.TestPlatform.Extensions.EventLogCollector.dll
C:\Program Files\dotnet\sdk\9.0.100\Extensions\Microsoft.TestPlatform.TestHostRuntimeProvider.dll
C:\Program Files\dotnet\sdk\9.0.100\Extensions\Microsoft.VisualStudio.TestPlatform.Extensions.Html.TestLogger.dll
C:\Program Files\dotnet\sdk\9.0.100\Extensions\Microsoft.VisualStudio.TestPlatform.Extensions.Trx.TestLogger.dll
TpTrace Information: 0 : 8860, 1, 2025/05/07, 20:52:30.713, 21075261513, vstest.console.dll, AssemblyResolver.AddSearchDirectories: Adding more searchDirectories C:\Program Files\dotnet\sdk\9.0.100\Extensions,C:\Program Files\dotnet\sdk\9.0.100
TpTrace Information: 0 : 8860, 1, 2025/05/07, 20:52:30.713, 21075261966, vstest.console.dll, AssemblyResolver.AddSearchDirectories: Adding more searchDirectories C:\Program Files\dotnet\sdk\9.0.100\Extensions,C:\Program Files\dotnet\sdk\9.0.100
TpTrace Information: 0 : 8860, 1, 2025/05/07, 20:52:30.713, 21075262307, vstest.console.dll, AssemblyResolver.AddSearchDirectories: Adding more searchDirectories C:\Program Files\dotnet\sdk\9.0.100\Extensions,C:\Program Files\dotnet\sdk\9.0.100
TpTrace Information: 0 : 8860, 1, 2025/05/07, 20:52:30.713, 21075262619, vstest.console.dll, AssemblyResolver.AddSearchDirectories: Adding more searchDirectories C:\Program Files\dotnet\sdk\9.0.100\Extensions,C:\Program Files\dotnet\sdk\9.0.100
TpTrace Information: 0 : 8860, 1, 2025/05/07, 20:52:30.713, 21075262922, vstest.console.dll, AssemblyResolver.AddSearchDirectories: Adding more searchDirectories C:\Program Files\dotnet\sdk\9.0.100\Extensions,C:\Program Files\dotnet\sdk\9.0.100
TpTrace Information: 0 : 8860, 1, 2025/05/07, 20:52:30.713, 21075263218, vstest.console.dll, AssemblyResolver.AddSearchDirectories: Adding more searchDirectories C:\Program Files\dotnet\sdk\9.0.100\Extensions,C:\Program Files\dotnet\sdk\9.0.100
TpTrace Verbose: 0 : 8860, 1, 2025/05/07, 20:52:30.713, 21075264309, vstest.console.dll, MetadataReaderExtensionsHelper: Discovering extensions inside assembly 'Microsoft.Diagnostics.NETCore.Client, Version=0.2.10.41601, Culture=neutral, PublicKeyToken=31bf3856ad364e35' file path 'C:\Program Files\dotnet\sdk\9.0.100\Extensions\Microsoft.Diagnostics.NETCore.Client.dll'
TpTrace Information: 0 : 8860, 1, 2025/05/07, 20:52:30.714, 21075272538, vstest.console.dll, AssemblyResolver.OnResolve: Microsoft.Bcl.AsyncInterfaces: Resolving assembly.
TpTrace Information: 0 : 8860, 1, 2025/05/07, 20:52:30.714, 21075273226, vstest.console.dll, AssemblyResolver.OnResolve: Microsoft.Bcl.AsyncInterfaces: Resolved from cache.
TpTrace Verbose: 0 : 8860, 1, 2025/05/07, 20:52:30.714, 21075273574, vstest.console.dll, CurrentDomainAssemblyResolve: Resolving assembly 'Microsoft.Bcl.AsyncInterfaces'.
TpTrace Information: 0 : 8860, 1, 2025/05/07, 20:52:30.714, 21075274083, vstest.console.dll, AssemblyResolver.OnResolve: Microsoft.Bcl.AsyncInterfaces: Resolving assembly.
TpTrace Information: 0 : 8860, 1, 2025/05/07, 20:52:30.714, 21075274415, vstest.console.dll, AssemblyResolver.OnResolve: Microsoft.Bcl.AsyncInterfaces: Resolved from cache.
TpTrace Verbose: 0 : 8860, 1, 2025/05/07, 20:52:30.714, 21075274702, vstest.console.dll, CurrentDomainAssemblyResolve: Resolving assembly 'Microsoft.Bcl.AsyncInterfaces'.
TpTrace Verbose: 0 : 8860, 1, 2025/05/07, 20:52:30.714, 21075274978, vstest.console.dll, CurrentDomainAssemblyResolve: Failed to resolve assembly 'Microsoft.Bcl.AsyncInterfaces'.
TpTrace Verbose: 0 : 8860, 1, 2025/05/07, 20:52:30.714, 21075276375, vstest.console.dll, CurrentDomainAssemblyResolve: Failed to resolve assembly 'Microsoft.Bcl.AsyncInterfaces'.
TpTrace Warning: 0 : 8860, 1, 2025/05/07, 20:52:30.714, 21075280026, vstest.console.dll, TestPluginDiscoverer: Failed to get types from assembly 'Microsoft.Diagnostics.NETCore.Client, Version=0.2.10.41601, Culture=neutral, PublicKeyToken=31bf3856ad364e35'. Error: System.Reflection.ReflectionTypeLoadException: Unable to load one or more of the requested types.
Could not load file or assembly 'Microsoft.Bcl.AsyncInterfaces, Version=6.0.0.0, Culture=neutral, PublicKeyToken=cc7b13ffcd2ddd51'. The system cannot find the file specified.
   at System.Reflection.RuntimeModule.GetDefinedTypes()
   at System.Reflection.RuntimeModule.GetTypes()
   at Microsoft.VisualStudio.TestPlatform.Common.ExtensionFramework.TestPluginDiscoverer.GetTestExtensionsFromAssembly[TPluginInfo,TExtension](Assembly assembly, Dictionary`2 pluginInfos, String filePath) in /_/src/Microsoft.TestPlatform.Common/ExtensionFramework/TestPluginDiscoverer.cs:line 159
System.IO.FileNotFoundException: Could not load file or assembly 'Microsoft.Bcl.AsyncInterfaces, Version=6.0.0.0, Culture=neutral, PublicKeyToken=cc7b13ffcd2ddd51'. The system cannot find the file specified.
File name: 'Microsoft.Bcl.AsyncInterfaces, Version=6.0.0.0, Culture=neutral, PublicKeyToken=cc7b13ffcd2ddd51'
 ---> System.IO.FileNotFoundException: Could not load file or assembly 'Microsoft.Bcl.AsyncInterfaces, Culture=neutral, PublicKeyToken=null'. The system cannot find the file specified.
File name: 'Microsoft.Bcl.AsyncInterfaces, Culture=neutral, PublicKeyToken=null'
   at System.Reflection.RuntimeAssembly.InternalLoad(AssemblyName assemblyName, StackCrawlMark& stackMark, AssemblyLoadContext assemblyLoadContext, RuntimeAssembly requestingAssembly, Boolean throwOnFileNotFound)
   at System.Reflection.Assembly.Load(AssemblyName assemblyRef)
   at Microsoft.VisualStudio.TestPlatform.Common.ExtensionFramework.TestPluginCache.CurrentDomainAssemblyResolve(Object sender, AssemblyResolveEventArgs args) in /_/src/Microsoft.TestPlatform.Common/ExtensionFramework/TestPluginCache.cs:line 514
   at System.Runtime.Loader.AssemblyLoadContext.GetFirstResolvedAssemblyFromResolvingEvent(AssemblyName assemblyName)
   at System.Runtime.Loader.AssemblyLoadContext.ResolveUsingEvent(AssemblyName assemblyName)
   at System.Runtime.Loader.AssemblyLoadContext.ResolveUsingResolvingEvent(IntPtr gchManagedAssemblyLoadContext, AssemblyName assemblyName)
TpTrace Warning: 0 : 8860, 1, 2025/05/07, 20:52:30.715, 21075282229, vstest.console.dll, LoaderExceptions: System.IO.FileNotFoundException: Could not load file or assembly 'Microsoft.Bcl.AsyncInterfaces, Version=6.0.0.0, Culture=neutral, PublicKeyToken=cc7b13ffcd2ddd51'. The system cannot find the file specified.
File name: 'Microsoft.Bcl.AsyncInterfaces, Version=6.0.0.0, Culture=neutral, PublicKeyToken=cc7b13ffcd2ddd51'
 ---> System.IO.FileNotFoundException: Could not load file or assembly 'Microsoft.Bcl.AsyncInterfaces, Culture=neutral, PublicKeyToken=null'. The system cannot find the file specified.
File name: 'Microsoft.Bcl.AsyncInterfaces, Culture=neutral, PublicKeyToken=null'
   at System.Reflection.RuntimeAssembly.InternalLoad(AssemblyName assemblyName, StackCrawlMark& stackMark, AssemblyLoadContext assemblyLoadContext, RuntimeAssembly requestingAssembly, Boolean throwOnFileNotFound)
   at System.Reflection.Assembly.Load(AssemblyName assemblyRef)
   at Microsoft.VisualStudio.TestPlatform.Common.ExtensionFramework.TestPluginCache.CurrentDomainAssemblyResolve(Object sender, AssemblyResolveEventArgs args) in /_/src/Microsoft.TestPlatform.Common/ExtensionFramework/TestPluginCache.cs:line 514
   at System.Runtime.Loader.AssemblyLoadContext.GetFirstResolvedAssemblyFromResolvingEvent(AssemblyName assemblyName)
   at System.Runtime.Loader.AssemblyLoadContext.ResolveUsingEvent(AssemblyName assemblyName)
   at System.Runtime.Loader.AssemblyLoadContext.ResolveUsingResolvingEvent(IntPtr gchManagedAssemblyLoadContext, AssemblyName assemblyName)
TpTrace Verbose: 0 : 8860, 1, 2025/05/07, 20:52:30.715, 21075283028, vstest.console.dll, MetadataReaderExtensionsHelper: Discovering extensions inside assembly 'Microsoft.TestPlatform.Extensions.BlameDataCollector, Version=15.0.0.0, Culture=neutral, PublicKeyToken=b03f5f7f11d50a3a' file path 'C:\Program Files\dotnet\sdk\9.0.100\Extensions\Microsoft.TestPlatform.Extensions.BlameDataCollector.dll'
TpTrace Information: 0 : 8860, 1, 2025/05/07, 20:52:30.715, 21075290439, vstest.console.dll, GetTestExtensionFromType: Register extension with identifier data 'logger://Microsoft/TestPlatform/Extensions/Blame/v1' and type 'Microsoft.TestPlatform.Extensions.BlameDataCollector.BlameLogger, Microsoft.TestPlatform.Extensions.BlameDataCollector, Version=15.0.0.0, Culture=neutral, PublicKeyToken=b03f5f7f11d50a3a' inside file 'C:\Program Files\dotnet\sdk\9.0.100\Extensions\Microsoft.TestPlatform.Extensions.BlameDataCollector.dll'
TpTrace Verbose: 0 : 8860, 1, 2025/05/07, 20:52:30.715, 21075291240, vstest.console.dll, MetadataReaderExtensionsHelper: Discovering extensions inside assembly 'Microsoft.TestPlatform.Extensions.EventLogCollector, Version=15.0.0.0, Culture=neutral, PublicKeyToken=b03f5f7f11d50a3a' file path 'C:\Program Files\dotnet\sdk\9.0.100\Extensions\Microsoft.TestPlatform.Extensions.EventLogCollector.dll'
TpTrace Verbose: 0 : 8860, 1, 2025/05/07, 20:52:30.716, 21075296176, vstest.console.dll, MetadataReaderExtensionsHelper: Discovering extensions inside assembly 'Microsoft.TestPlatform.TestHostRuntimeProvider, Version=15.0.0.0, Culture=neutral, PublicKeyToken=b03f5f7f11d50a3a' file path 'C:\Program Files\dotnet\sdk\9.0.100\Extensions\Microsoft.TestPlatform.TestHostRuntimeProvider.dll'
TpTrace Verbose: 0 : 8860, 1, 2025/05/07, 20:52:30.716, 21075300889, vstest.console.dll, MetadataReaderExtensionsHelper: Discovering extensions inside assembly 'Microsoft.VisualStudio.TestPlatform.Extensions.Html.TestLogger, Version=15.0.0.0, Culture=neutral, PublicKeyToken=b03f5f7f11d50a3a' file path 'C:\Program Files\dotnet\sdk\9.0.100\Extensions\Microsoft.VisualStudio.TestPlatform.Extensions.Html.TestLogger.dll'
TpTrace Information: 0 : 8860, 1, 2025/05/07, 20:52:30.717, 21075308779, vstest.console.dll, GetTestExtensionFromType: Register extension with identifier data 'logger://Microsoft/TestPlatform/HtmlLogger/v1' and type 'Microsoft.VisualStudio.TestPlatform.Extensions.HtmlLogger.HtmlLogger, Microsoft.VisualStudio.TestPlatform.Extensions.Html.TestLogger, Version=15.0.0.0, Culture=neutral, PublicKeyToken=b03f5f7f11d50a3a' inside file 'C:\Program Files\dotnet\sdk\9.0.100\Extensions\Microsoft.VisualStudio.TestPlatform.Extensions.Html.TestLogger.dll'
TpTrace Verbose: 0 : 8860, 1, 2025/05/07, 20:52:30.717, 21075309688, vstest.console.dll, MetadataReaderExtensionsHelper: Discovering extensions inside assembly 'Microsoft.VisualStudio.TestPlatform.Extensions.Trx.TestLogger, Version=15.0.0.0, Culture=neutral, PublicKeyToken=b03f5f7f11d50a3a' file path 'C:\Program Files\dotnet\sdk\9.0.100\Extensions\Microsoft.VisualStudio.TestPlatform.Extensions.Trx.TestLogger.dll'
TpTrace Information: 0 : 8860, 1, 2025/05/07, 20:52:30.718, 21075315709, vstest.console.dll, GetTestExtensionFromType: Register extension with identifier data 'logger://Microsoft/TestPlatform/TrxLogger/v1' and type 'Microsoft.VisualStudio.TestPlatform.Extensions.TrxLogger.TrxLogger, Microsoft.VisualStudio.TestPlatform.Extensions.Trx.TestLogger, Version=15.0.0.0, Culture=neutral, PublicKeyToken=b03f5f7f11d50a3a' inside file 'C:\Program Files\dotnet\sdk\9.0.100\Extensions\Microsoft.VisualStudio.TestPlatform.Extensions.Trx.TestLogger.dll'
TpTrace Verbose: 0 : 8860, 1, 2025/05/07, 20:52:30.718, 21075316551, vstest.console.dll, TestPluginCache: Discovered the extensions using extension path ''.
TpTrace Verbose: 0 : 8860, 1, 2025/05/07, 20:52:30.718, 21075316939, vstest.console.dll, TestPluginCache: Discoverers are ''.
TpTrace Verbose: 0 : 8860, 1, 2025/05/07, 20:52:30.718, 21075317227, vstest.console.dll, TestPluginCache: Executors are ''.
TpTrace Verbose: 0 : 8860, 1, 2025/05/07, 20:52:30.718, 21075317492, vstest.console.dll, TestPluginCache: Executors2 are ''.
TpTrace Verbose: 0 : 8860, 1, 2025/05/07, 20:52:30.718, 21075317749, vstest.console.dll, TestPluginCache: Setting providers are ''.
TpTrace Verbose: 0 : 8860, 1, 2025/05/07, 20:52:30.718, 21075318612, vstest.console.dll, TestPluginCache: Loggers are 'logger://Microsoft/TestPlatform/Extensions/Blame/v1,logger://Microsoft/TestPlatform/HtmlLogger/v1,logger://Microsoft/TestPlatform/TrxLogger/v1'.
TpTrace Verbose: 0 : 8860, 1, 2025/05/07, 20:52:30.718, 21075319183, vstest.console.dll, TestPluginCache: TestHosts are 'HostProvider://DefaultTestHost,HostProvider://DotnetTestHost'.
TpTrace Verbose: 0 : 8860, 1, 2025/05/07, 20:52:30.718, 21075319525, vstest.console.dll, TestPluginCache: DataCollectors are ''.
TpTrace Information: 0 : 8860, 1, 2025/05/07, 20:52:30.719, 21075329103, vstest.console.dll, TestPluginManager.CreateTestExtension: Attempting to load test extension: Microsoft.TestPlatform.Extensions.BlameDataCollector.BlameLogger
TpTrace Verbose: 0 : 8860, 1, 2025/05/07, 20:52:30.730, 21075434506, vstest.console.dll, TestEngine: Initializing Parallel Execution as MaxCpuCount is set to: 1
TpTrace Information: 0 : 8860, 1, 2025/05/07, 20:52:30.732, 21075455653, vstest.console.dll, TestPluginManager.CreateTestExtension: Attempting to load test extension: Microsoft.VisualStudio.TestPlatform.CrossPlatEngine.Hosting.DefaultTestHostManager
TpTrace Information: 0 : 8860, 1, 2025/05/07, 20:52:30.733, 21075469091, vstest.console.dll, TestPluginManager.CreateTestExtension: Attempting to load test extension: Microsoft.VisualStudio.TestPlatform.CrossPlatEngine.Hosting.DotnetTestHostManager
TpTrace Verbose: 0 : 8860, 1, 2025/05/07, 20:52:30.734, 21075472513, vstest.console.dll, TestHostManagerCallbacks.ctor: Forwarding output is enabled.
TpTrace Information: 0 : 8860, 1, 2025/05/07, 20:52:30.734, 21075477782, vstest.console.dll, InferRunSettingsHelper.IsTestSettingsEnabled: Unable to navigate to RunSettings/MSTest. Current node: RunSettings
TpTrace Verbose: 0 : 8860, 1, 2025/05/07, 20:52:30.735, 21075484395, vstest.console.dll, ParallelOperationManager.ClearSlots: Clearing all slots. Slots should accept more work: True
TpTrace Verbose: 0 : 8860, 1, 2025/05/07, 20:52:30.735, 21075490339, vstest.console.dll, ParallelOperationManager.SetOccupiedSlotCount: Setting slot counts AvailableSlotCount = 1, OccupiedSlotCount = 0.
TpTrace Verbose: 0 : 8860, 1, 2025/05/07, 20:52:30.736, 21075494542, vstest.console.dll, Occupied slots:

TpTrace Verbose: 0 : 8860, 1, 2025/05/07, 20:52:30.740, 21075532171, vstest.console.dll, TestEngine.GetExecutionManager: Chosen execution manager 'Microsoft.VisualStudio.TestPlatform.CrossPlatEngine.Client.Parallel.ParallelProxyExecutionManager, Microsoft.TestPlatform.CrossPlatEngine, Version=15.0.0.0, Culture=neutral, PublicKeyToken=b03f5f7f11d50a3a' ParallelLevel '1'.
TpTrace Verbose: 0 : 8860, 1, 2025/05/07, 20:52:30.740, 21075534435, vstest.console.dll, TestPlatform.GetSkipDefaultAdapters: Not skipping default adapters SkipDefaultAdapters was false.
TpTrace Verbose: 0 : 8860, 1, 2025/05/07, 20:52:30.740, 21075535682, vstest.console.dll, TestRunRequest.ExecuteAsync: Creating test run request.
TpTrace Verbose: 0 : 8860, 1, 2025/05/07, 20:52:30.740, 21075538659, vstest.console.dll, TestRunRequest.ExecuteAsync: Starting.
TpTrace Information: 0 : 8860, 1, 2025/05/07, 20:52:30.741, 21075550386, vstest.console.dll, TestRunRequest.ExecuteAsync: Starting run with settings:TestRunCriteria:
   KeepAlive=False,FrequencyOfRunStatsChangeEvent=10,RunStatsChangeEventTimeout=00:00:01.5000000,TestCaseFilter=,TestExecutorLauncher=
   Settingsxml=<RunSettings>
  <RunConfiguration>
    <ResultsDirectory>C:\Users\TOSHIBA\Downloads\QA path\Programming for QA\Programming Advanced for QA\03-Resources-Unit-Testing-Exercise-Strings-and-Regular-Expressions\TestApp.UnitTests\bin\Debug\net6.0\fine-code-coverage\coverage-tool-output</ResultsDirectory>
    <TargetPlatform>X64</TargetPlatform>
    <TargetFrameworkVersion>.NETCoreApp,Version=v6.0</TargetFrameworkVersion>
    <DesignMode>False</DesignMode>
    <CollectSourceInformation>False</CollectSourceInformation>
  </RunConfiguration>
  <LoggerRunSettings>
    <Loggers>
      <Logger friendlyName="blame" enabled="True" />
      <Logger friendlyName="Console" uri="logger://microsoft/TestPlatform/ConsoleLogger/v1" assemblyQualifiedName="Microsoft.VisualStudio.TestPlatform.CommandLine.Internal.ConsoleLogger, vstest.console, Version=15.0.0.0, Culture=neutral, PublicKeyToken=b03f5f7f11d50a3a" codeBase="C:\Program Files\dotnet\sdk\9.0.100\vstest.console.dll" enabled="True" />
    </Loggers>
  </LoggerRunSettings>
  <DataCollectionRunSettings>
    <DataCollectors>
      <DataCollector friendlyName="blame" enabled="True">
        <Configuration>
          <ResultsDirectory>C:\Users\TOSHIBA\Downloads\QA path\Programming for QA\Programming Advanced for QA\03-Resources-Unit-Testing-Exercise-Strings-and-Regular-Expressions\TestApp.UnitTests\bin\Debug\net6.0\fine-code-coverage\coverage-tool-output</ResultsDirectory>
        </Configuration>
      </DataCollector>
    </DataCollectors>
  </DataCollectionRunSettings>
</RunSettings>

TpTrace Verbose: 0 : 8860, 1, 2025/05/07, 20:52:30.741, 21075551057, vstest.console.dll, TestRunRequest.ExecuteAsync: Wait for the first run request is over.
TpTrace Verbose: 0 : 8860, 1, 2025/05/07, 20:52:30.742, 21075553852, vstest.console.dll, MulticastDelegateUtilities.SafeInvoke: TestRun.TestRunStart: Invoking callbacks was skipped because there are no subscribers.
TpTrace Verbose: 0 : 8860, 4, 2025/05/07, 20:52:30.742, 21075555941, vstest.console.dll, MulticastDelegateUtilities.SafeInvoke: InternalTestLoggerEvents.SendTestRunStart: Invoking callback 1/1 for Microsoft.VisualStudio.TestPlatform.CommandLine.Internal.ConsoleLogger., took 0 ms.
TpTrace Verbose: 0 : 8860, 1, 2025/05/07, 20:52:30.743, 21075567290, vstest.console.dll, ParallelProxyExecutionManager: Start execution. Total sources: 1
TpTrace Verbose: 0 : 8860, 1, 2025/05/07, 20:52:30.743, 21075571194, vstest.console.dll, ParallelOperationManager.StartWork: Starting adding 1 workloads.
TpTrace Verbose: 0 : 8860, 1, 2025/05/07, 20:52:30.744, 21075572411, vstest.console.dll, ParallelOperationManager.ClearSlots: Clearing all slots. Slots should accept more work: True
TpTrace Verbose: 0 : 8860, 1, 2025/05/07, 20:52:30.744, 21075573655, vstest.console.dll, ParallelOperationManager.SetOccupiedSlotCount: Setting slot counts AvailableSlotCount = 1, OccupiedSlotCount = 0.
TpTrace Verbose: 0 : 8860, 1, 2025/05/07, 20:52:30.744, 21075574372, vstest.console.dll, Occupied slots:

TpTrace Verbose: 0 : 8860, 1, 2025/05/07, 20:52:30.745, 21075587021, vstest.console.dll, TestHostManagerCallbacks.ctor: Forwarding output is enabled.
TpTrace Verbose: 0 : 8860, 1, 2025/05/07, 20:52:30.745, 21075589300, vstest.console.dll, TestRequestSender is acting as server.
TpTrace Verbose: 0 : 8860, 1, 2025/05/07, 20:52:30.746, 21075601290, vstest.console.dll, ParallelOperationManager.RunWorkInParallel: Adding 1 workload to slot, remaining workloads 0.
TpTrace Verbose: 0 : 8860, 1, 2025/05/07, 20:52:30.747, 21075601930, vstest.console.dll, ParallelOperationManager.SetOccupiedSlotCount: Setting slot counts AvailableSlotCount = 0, OccupiedSlotCount = 1.
TpTrace Verbose: 0 : 8860, 1, 2025/05/07, 20:52:30.747, 21075603043, vstest.console.dll, Occupied slots:
0: C:\Users\TOSHIBA\Downloads\QA path\Programming for QA\Programming Advanced for QA\03-Resources-Unit-Testing-Exercise-Strings-and-Regular-Expressions\TestApp.UnitTests\bin\Debug\net6.0\fine-code-coverage\build-output\TestApp.UnitTests.dll
TpTrace Verbose: 0 : 8860, 1, 2025/05/07, 20:52:30.748, 21075617065, vstest.console.dll, ParallelOperationManager.RunWorkInParallel: Started host in slot number 0 for work (source): C:\Users\TOSHIBA\Downloads\QA path\Programming for QA\Programming Advanced for QA\03-Resources-Unit-Testing-Exercise-Strings-and-Regular-Expressions\TestApp.UnitTests\bin\Debug\net6.0\fine-code-coverage\build-output\TestApp.UnitTests.dll.
TpTrace Verbose: 0 : 8860, 5, 2025/05/07, 20:52:30.749, 21075625127, vstest.console.dll, ParallelProxyExecutionManager.StartTestRunOnConcurrentManager: Initializing uninitialized client. Started clients: 0
TpTrace Verbose: 0 : 8860, 1, 2025/05/07, 20:52:30.749, 21075626186, vstest.console.dll, ParallelOperationManager.RunWorkInParallel: We started 1 work items, which is the max parallel level. Won't start more work.
TpTrace Verbose: 0 : 8860, 5, 2025/05/07, 20:52:30.749, 21075626783, vstest.console.dll, DataCollectionRequestSender.InitializeCommunication : Initialize communication. 
TpTrace Verbose: 0 : 8860, 1, 2025/05/07, 20:52:30.749, 21075627030, vstest.console.dll, ParallelOperationManager.RunWorkInParallel: We started 1 work items in here, returning True.
TpTrace Information: 0 : 8860, 1, 2025/05/07, 20:52:30.749, 21075628297, vstest.console.dll, TestRunRequest.ExecuteAsync: Started.
TpTrace Verbose: 0 : 8860, 1, 2025/05/07, 20:52:30.750, 21075634465, vstest.console.dll, TestRunRequest.WaitForCompletion: Waiting with timeout -1.
TpTrace Information: 0 : 8860, 5, 2025/05/07, 20:52:30.758, 21075714034, vstest.console.dll, Listening on Endpoint : 127.0.0.1:50242
TpTrace Verbose: 0 : 8860, 5, 2025/05/07, 20:52:30.765, 21075790324, vstest.console.dll, DotnetDataCollectionLauncher: Adding  --runtimeconfig "C:\Program Files\dotnet\sdk\9.0.100\datacollector.runtimeconfig.json" in args
TpTrace Verbose: 0 : 8860, 5, 2025/05/07, 20:52:30.766, 21075791702, vstest.console.dll, DotnetDataCollectionLauncher: Adding  --depsfile "C:\Program Files\dotnet\sdk\9.0.100\datacollector.deps.json" in args
TpTrace Verbose: 0 : 8860, 5, 2025/05/07, 20:52:30.766, 21075794132, vstest.console.dll, DotnetDataCollectionLauncher: Full path of dotnet.exe is C:\Program Files\dotnet\dotnet.exe
TpTrace Information: 0 : 8860, 5, 2025/05/07, 20:52:30.772, 21075859971, vstest.console.dll, ProxyDataCollectionManager.Initialize: Launched datacollector processId: 8160 port: 50242
TpTrace Information: 0 : 8860, 5, 2025/05/07, 20:52:30.773, 21075862254, vstest.console.dll, ProxyDataCollectionManager.Initialize: waiting for connection with timeout: 90 seconds
TpTrace Verbose: 0 : 8860, 5, 2025/05/07, 20:52:30.773, 21075863528, vstest.console.dll, DataCollectionRequestSender.WaitForRequestHandlerConnection : Waiting for connection with timeout: 90000
TpTrace Verbose: 0 : 8860, 5, 2025/05/07, 20:52:30.954, 21077673670, vstest.console.dll, SocketCommunicationManager.WaitForClientConnection took: 180 ms, with 90000 ms timeout, and finished with True.
TpTrace Information: 0 : 8860, 9, 2025/05/07, 20:52:30.954, 21077673578, vstest.console.dll, Using the buffer size of 16384 bytes
TpTrace Verbose: 0 : 8860, 5, 2025/05/07, 20:52:30.954, 21077675742, vstest.console.dll, ProxyDataCollectionManager.InvokeDataCollectionServiceAction: Starting.
TpTrace Information: 0 : 8860, 9, 2025/05/07, 20:52:30.954, 21077675842, vstest.console.dll, Accepted Client request and set the flag
TpTrace Information: 0 : 8860, 5, 2025/05/07, 20:52:30.954, 21077677000, vstest.console.dll, ProxyDataCollectionManager.BeforeTestRunStart: Get environment variable and port for datacollector processId: 8160 port: 50242
TpTrace Verbose: 0 : 8860, 5, 2025/05/07, 20:52:30.954, 21077678489, vstest.console.dll, DataCollectionRequestSender.SendBeforeTestRunStartAndGetResult: Send BeforeTestRunStart message with settingsXml <RunSettings><RunConfiguration><ResultsDirectory>C:\Users\TOSHIBA\Downloads\QA path\Programming for QA\Programming Advanced for QA\03-Resources-Unit-Testing-Exercise-Strings-and-Regular-Expressions\TestApp.UnitTests\bin\Debug\net6.0\fine-code-coverage\coverage-tool-output</ResultsDirectory><TargetPlatform>X64</TargetPlatform><TargetFrameworkVersion>.NETCoreApp,Version=v6.0</TargetFrameworkVersion><DesignMode>False</DesignMode><CollectSourceInformation>False</CollectSourceInformation><TestAdaptersPaths>C:\Program Files\dotnet\sdk\9.0.100\Extensions</TestAdaptersPaths></RunConfiguration><LoggerRunSettings><Loggers><Logger friendlyName="blame" enabled="True" /><Logger friendlyName="Console" uri="logger://microsoft/TestPlatform/ConsoleLogger/v1" assemblyQualifiedName="Microsoft.VisualStudio.TestPlatform.CommandLine.Internal.ConsoleLogger, vstest.console, Version=15.0.0.0, Culture=neutral, PublicKeyToken=b03f5f7f11d50a3a" codeBase="C:\Program Files\dotnet\sdk\9.0.100\vstest.console.dll" enabled="True" /></Loggers></LoggerRunSettings><DataCollectionRunSettings><DataCollectors><DataCollector friendlyName="blame" enabled="True"><Configuration><ResultsDirectory>C:\Users\TOSHIBA\Downloads\QA path\Programming for QA\Programming Advanced for QA\03-Resources-Unit-Testing-Exercise-Strings-and-Regular-Expressions\TestApp.UnitTests\bin\Debug\net6.0\fine-code-coverage\coverage-tool-output</ResultsDirectory></Configuration></DataCollector></DataCollectors></DataCollectionRunSettings></RunSettings> and sources System.Collections.Generic.List`1[System.String]: 
TpTrace Verbose: 0 : 8860, 5, 2025/05/07, 20:52:31.030, 21078441272, vstest.console.dll, DataCollectionRequestSender.SendBeforeTestRunStartAndGetResult: Received message: (DataCollection.SendMessage) -> {"MessageType":"DataCollection.SendMessage","Payload":{"FriendlyName":null,"Uri":null,"TestCaseId":"00000000-0000-0000-0000-000000000000","Message":"Logging DataCollector Diagnostics in file: C:\\Users\\TOSHIBA\\Downloads\\QA path\\Programming for QA\\Programming Advanced for QA\\03-Resources-Unit-Testing-Exercise-Strings-and-Regular-Expressions\\TestApp.UnitTests\\bin\\Debug\\net6.0\\fine-code-coverage\\coverage-tool-output\\diagnostics.datacollector.25-05-07_20-52-30_76564_5.log","Level":0}}
TpTrace Verbose: 0 : 8860, 5, 2025/05/07, 20:52:31.152, 21079655894, vstest.console.dll, DataCollectionRequestSender.SendBeforeTestRunStartAndGetResult: Received message: (DataCollection.BeforeTestRunStartResult) -> {"MessageType":"DataCollection.BeforeTestRunStartResult","Payload":{"EnvironmentVariables":{},"DataCollectionEventsPort":50244}}
TpTrace Information: 0 : 8860, 5, 2025/05/07, 20:52:31.156, 21079699830, vstest.console.dll, ProxyDataCollectionManager.BeforeTestRunStart: SendBeforeTestRunStartAndGetResult successful, env variable from datacollector:   and testhost port: 50244
TpTrace Information: 0 : 8860, 5, 2025/05/07, 20:52:31.156, 21079700877, vstest.console.dll, ProxyDataCollectionManager.InvokeDataCollectionServiceAction: Completed.
TpTrace Verbose: 0 : 8860, 5, 2025/05/07, 20:52:31.156, 21079701247, vstest.console.dll, ParallelProxyExecutionManager.StartTestRunOnConcurrentManager: Initializing test run. Started clients: 0
TpTrace Verbose: 0 : 8860, 5, 2025/05/07, 20:52:31.157, 21079702140, vstest.console.dll, ProxyExecutionManager: Test host is always Lazy initialize.
TpTrace Verbose: 0 : 8860, 5, 2025/05/07, 20:52:31.157, 21079704316, vstest.console.dll, TestRequestSender.InitializeCommunication: initialize communication. 
TpTrace Information: 0 : 8860, 5, 2025/05/07, 20:52:31.157, 21079709107, vstest.console.dll, SocketServer.Start: Listening on endpoint : 127.0.0.1:50245
TpTrace Verbose: 0 : 8860, 5, 2025/05/07, 20:52:31.158, 21079715746, vstest.console.dll, DotnetTestHostmanager.GetTestHostProcessStartInfo: Platform environment 'X64' target architecture 'X64' framework '.NETCoreApp,Version=v6.0' OS 'Windows'
TpTrace Verbose: 0 : 8860, 5, 2025/05/07, 20:52:31.158, 21079717826, vstest.console.dll, DotnetTestHostmanager: Adding  --runtimeconfig "C:\Users\TOSHIBA\Downloads\QA path\Programming for QA\Programming Advanced for QA\03-Resources-Unit-Testing-Exercise-Strings-and-Regular-Expressions\TestApp.UnitTests\bin\Debug\net6.0\fine-code-coverage\build-output\TestApp.UnitTests.runtimeconfig.json" in args
TpTrace Verbose: 0 : 8860, 5, 2025/05/07, 20:52:31.158, 21079718935, vstest.console.dll, DotnetTestHostmanager: Adding  --depsfile "C:\Users\TOSHIBA\Downloads\QA path\Programming for QA\Programming Advanced for QA\03-Resources-Unit-Testing-Exercise-Strings-and-Regular-Expressions\TestApp.UnitTests\bin\Debug\net6.0\fine-code-coverage\build-output\TestApp.UnitTests.deps.json" in args
TpTrace Verbose: 0 : 8860, 5, 2025/05/07, 20:52:31.158, 21079720880, vstest.console.dll, DotnetTestHostmanager.IsWinOnArm: Current PROCESSOR_ARCHITECTURE from environment variable 'AMD64'
TpTrace Verbose: 0 : 8860, 5, 2025/05/07, 20:52:31.158, 21079721475, vstest.console.dll, DotnetTestHostmanager.IsWinOnArm: Is Windows on ARM 'False'
TpTrace Verbose: 0 : 8860, 5, 2025/05/07, 20:52:31.159, 21079722381, vstest.console.dll, DotnetTestHostManager: testhost.exe found at path: C:\Users\TOSHIBA\Downloads\QA path\Programming for QA\Programming Advanced for QA\03-Resources-Unit-Testing-Exercise-Strings-and-Regular-Expressions\TestApp.UnitTests\bin\Debug\net6.0\fine-code-coverage\build-output\testhost.exe
TpTrace Verbose: 0 : 8860, 5, 2025/05/07, 20:52:31.159, 21079722912, vstest.console.dll, DotnetTestHostmanager: Full path of host exe is C:\Users\TOSHIBA\Downloads\QA path\Programming for QA\Programming Advanced for QA\03-Resources-Unit-Testing-Exercise-Strings-and-Regular-Expressions\TestApp.UnitTests\bin\Debug\net6.0\fine-code-coverage\build-output\testhost.exe
TpTrace Verbose: 0 : 8860, 5, 2025/05/07, 20:52:31.159, 21079724118, vstest.console.dll, DotnetTestHostmanager.LaunchTestHostAsync: Found 'VSTEST_WINAPPHOST_DOTNET_ROOT' in env variables, value 'C:\Program Files\dotnet', forwarding to 'DOTNET_ROOT'
TpTrace Verbose: 0 : 8860, 5, 2025/05/07, 20:52:31.159, 21079725612, vstest.console.dll, DotnetTestHostManager: Starting process 'C:\Users\TOSHIBA\Downloads\QA path\Programming for QA\Programming Advanced for QA\03-Resources-Unit-Testing-Exercise-Strings-and-Regular-Expressions\TestApp.UnitTests\bin\Debug\net6.0\fine-code-coverage\build-output\testhost.exe' with command line ' --runtimeconfig "C:\Users\TOSHIBA\Downloads\QA path\Programming for QA\Programming Advanced for QA\03-Resources-Unit-Testing-Exercise-Strings-and-Regular-Expressions\TestApp.UnitTests\bin\Debug\net6.0\fine-code-coverage\build-output\TestApp.UnitTests.runtimeconfig.json" --depsfile "C:\Users\TOSHIBA\Downloads\QA path\Programming for QA\Programming Advanced for QA\03-Resources-Unit-Testing-Exercise-Strings-and-Regular-Expressions\TestApp.UnitTests\bin\Debug\net6.0\fine-code-coverage\build-output\TestApp.UnitTests.deps.json" --port 50245 --endpoint 127.0.0.1:050245 --role client --parentprocessid 8860 --diag "C:\Users\TOSHIBA\Downloads\QA path\Programming for QA\Programming Advanced for QA\03-Resources-Unit-Testing-Exercise-Strings-and-Regular-Expressions\TestApp.UnitTests\bin\Debug\net6.0\fine-code-coverage\coverage-tool-output\diagnostics.host.25-05-07_20-52-31_15808_5.log" --tracelevel 4 --datacollectionport 50244 --telemetryoptedin false'
TpTrace Verbose: 0 : 8860, 5, 2025/05/07, 20:52:31.166, 21079794324, vstest.console.dll, MulticastDelegateUtilities.SafeInvoke: HostProviderEvents.OnHostLaunched: Invoking callback 1/2 for Microsoft.VisualStudio.TestPlatform.CrossPlatEngine.Client.ProxyExecutionManagerWithDataCollection., took 1 ms.
TpTrace Verbose: 0 : 8860, 5, 2025/05/07, 20:52:31.166, 21079799234, vstest.console.dll, Test Runtime launched
TpTrace Verbose: 0 : 8860, 5, 2025/05/07, 20:52:31.166, 21079800554, vstest.console.dll, MulticastDelegateUtilities.SafeInvoke: HostProviderEvents.OnHostLaunched: Invoking callback 2/2 for Microsoft.VisualStudio.TestPlatform.CrossPlatEngine.Client.ProxyOperationManager., took 0 ms.
TpTrace Verbose: 0 : 8860, 5, 2025/05/07, 20:52:31.167, 21079803093, vstest.console.dll, TestRequestSender.WaitForRequestHandlerConnection: waiting for connection with timeout: 90000.
TpTrace Warning: 0 : 8860, 9, 2025/05/07, 20:52:31.279, 21080922895, vstest.console.dll, TestHostManagerCallbacks.ErrorReceivedCallback Test host standard error line: Unhandled exception. System.IO.FileNotFoundException: Could not load file or assembly 'Microsoft.TestPlatform.PlatformAbstractions, Version=15.0.0.0, Culture=neutral, PublicKeyToken=b03f5f7f11d50a3a'. The system cannot find the file specified.
TpTrace Verbose: 0 : 8860, 9, 2025/05/07, 20:52:31.279, 21080926624, vstest.console.dll, MulticastDelegateUtilities.SafeInvoke: TestRunMessageLoggerProxy.SendMessage: Invoking callback 1/1 for Microsoft.VisualStudio.TestPlatform.Common.Logging.InternalTestLoggerEvents., took 0 ms.
TpTrace Warning: 0 : 8860, 9, 2025/05/07, 20:52:31.279, 21080927389, vstest.console.dll, TestHostManagerCallbacks.ErrorReceivedCallback Test host standard error line: File name: 'Microsoft.TestPlatform.PlatformAbstractions, Version=15.0.0.0, Culture=neutral, PublicKeyToken=b03f5f7f11d50a3a'
TpTrace Verbose: 0 : 8860, 9, 2025/05/07, 20:52:31.279, 21080930783, vstest.console.dll, MulticastDelegateUtilities.SafeInvoke: TestRunMessageLoggerProxy.SendMessage: Invoking callback 1/1 for Microsoft.VisualStudio.TestPlatform.Common.Logging.InternalTestLoggerEvents., took 0 ms.
TpTrace Verbose: 0 : 8860, 4, 2025/05/07, 20:52:31.279, 21080931004, vstest.console.dll, MulticastDelegateUtilities.SafeInvoke: InternalTestLoggerEvents.SendMessage: Invoking callback 1/1 for Microsoft.VisualStudio.TestPlatform.CommandLine.Internal.ConsoleLogger., took 0 ms.
TpTrace Warning: 0 : 8860, 9, 2025/05/07, 20:52:31.280, 21080931884, vstest.console.dll, TestHostManagerCallbacks.ErrorReceivedCallback Test host standard error line:    at Microsoft.VisualStudio.TestPlatform.ObjectModel.EqtTrace.Error(String format, Object[] args)
TpTrace Verbose: 0 : 8860, 4, 2025/05/07, 20:52:31.280, 21080932680, vstest.console.dll, MulticastDelegateUtilities.SafeInvoke: InternalTestLoggerEvents.SendMessage: Invoking callback 1/1 for Microsoft.VisualStudio.TestPlatform.CommandLine.Internal.ConsoleLogger., took 0 ms.
TpTrace Verbose: 0 : 8860, 9, 2025/05/07, 20:52:31.280, 21080933332, vstest.console.dll, MulticastDelegateUtilities.SafeInvoke: TestRunMessageLoggerProxy.SendMessage: Invoking callback 1/1 for Microsoft.VisualStudio.TestPlatform.Common.Logging.InternalTestLoggerEvents., took 0 ms.
TpTrace Verbose: 0 : 8860, 4, 2025/05/07, 20:52:31.280, 21080934310, vstest.console.dll, MulticastDelegateUtilities.SafeInvoke: InternalTestLoggerEvents.SendMessage: Invoking callback 1/1 for Microsoft.VisualStudio.TestPlatform.CommandLine.Internal.ConsoleLogger., took 0 ms.
TpTrace Warning: 0 : 8860, 12, 2025/05/07, 20:52:31.280, 21080934969, vstest.console.dll, TestHostManagerCallbacks.ErrorReceivedCallback Test host standard error line:    at Microsoft.VisualStudio.TestPlatform.TestHost.Program.Main(String[] args)
TpTrace Verbose: 0 : 8860, 12, 2025/05/07, 20:52:31.280, 21080935642, vstest.console.dll, MulticastDelegateUtilities.SafeInvoke: TestRunMessageLoggerProxy.SendMessage: Invoking callback 1/1 for Microsoft.VisualStudio.TestPlatform.Common.Logging.InternalTestLoggerEvents., took 0 ms.
TpTrace Verbose: 0 : 8860, 4, 2025/05/07, 20:52:31.280, 21080935811, vstest.console.dll, MulticastDelegateUtilities.SafeInvoke: InternalTestLoggerEvents.SendMessage: Invoking callback 1/1 for Microsoft.VisualStudio.TestPlatform.CommandLine.Internal.ConsoleLogger., took 0 ms.
TpTrace Warning: 0 : 8860, 12, 2025/05/07, 20:52:35.845, 21126589897, vstest.console.dll, TestHostManagerCallbacks.ErrorReceivedCallback Test host standard error line: 
TpTrace Verbose: 0 : 8860, 11, 2025/05/07, 20:52:35.845, 21126589897, vstest.console.dll, TestHostManagerCallbacks.StandardOutputReceivedCallback Test host standard output line: 
TpTrace Verbose: 0 : 8860, 11, 2025/05/07, 20:52:35.856, 21126701286, vstest.console.dll, TestHostProvider.ExitCallBack: Host exited starting callback.
TpTrace Error: 0 : 8860, 11, 2025/05/07, 20:52:35.857, 21126703802, vstest.console.dll, TestHostManagerCallbacks.ExitCallBack: Testhost processId: 11780 exited with exitcode: -532462766 error: 'Unhandled exception. System.IO.FileNotFoundException: Could not load file or assembly 'Microsoft.TestPlatform.PlatformAbstractions, Version=15.0.0.0, Culture=neutral, PublicKeyToken=b03f5f7f11d50a3a'. The system cannot find the file specified.
File name: 'Microsoft.TestPlatform.PlatformAbstractions, Version=15.0.0.0, Culture=neutral, PublicKeyToken=b03f5f7f11d50a3a'
   at Microsoft.VisualStudio.TestPlatform.ObjectModel.EqtTrace.Error(String format, Object[] args)
   at Microsoft.VisualStudio.TestPlatform.TestHost.Program.Main(String[] args)
'
TpTrace Verbose: 0 : 8860, 11, 2025/05/07, 20:52:35.857, 21126704613, vstest.console.dll, DotnetTestHostManager.OnHostExited: invoking OnHostExited callback
TpTrace Verbose: 0 : 8860, 11, 2025/05/07, 20:52:35.857, 21126705561, vstest.console.dll, CrossPlatEngine.TestHostManagerHostExited: calling on client process exit callback.
TpTrace Information: 0 : 8860, 11, 2025/05/07, 20:52:35.857, 21126706644, vstest.console.dll, TestRequestSender.OnClientProcessExit: Test host process exited. Standard error: Unhandled exception. System.IO.FileNotFoundException: Could not load file or assembly 'Microsoft.TestPlatform.PlatformAbstractions, Version=15.0.0.0, Culture=neutral, PublicKeyToken=b03f5f7f11d50a3a'. The system cannot find the file specified.
File name: 'Microsoft.TestPlatform.PlatformAbstractions, Version=15.0.0.0, Culture=neutral, PublicKeyToken=b03f5f7f11d50a3a'
   at Microsoft.VisualStudio.TestPlatform.ObjectModel.EqtTrace.Error(String format, Object[] args)
   at Microsoft.VisualStudio.TestPlatform.TestHost.Program.Main(String[] args)

TpTrace Information: 0 : 8860, 11, 2025/05/07, 20:52:35.857, 21126707537, vstest.console.dll, SocketServer.Stop: Stop server endPoint: 127.0.0.1:50245
TpTrace Verbose: 0 : 8860, 5, 2025/05/07, 20:52:35.857, 21126707567, vstest.console.dll, TestRequestSender.WaitForRequestHandlerConnection: waiting took 4690 ms, with timeout 90000 ms, and result 2, which is failure.
TpTrace Information: 0 : 8860, 11, 2025/05/07, 20:52:35.857, 21126708169, vstest.console.dll, SocketServer.Stop: Cancellation requested. Stopping message loop.
TpTrace Verbose: 0 : 8860, 5, 2025/05/07, 20:52:35.857, 21126709046, vstest.console.dll, Test host failed to start Test host launched:True test host exited: True
TpTrace Verbose: 0 : 8860, 11, 2025/05/07, 20:52:35.857, 21126710805, vstest.console.dll, MulticastDelegateUtilities.SafeInvoke: HostProviderEvents.OnHostExited: Invoking callback 1/1 for Microsoft.VisualStudio.TestPlatform.CrossPlatEngine.Client.ProxyOperationManager., took 0 ms.
TpTrace Error: 0 : 8860, 5, 2025/05/07, 20:52:35.861, 21126745023, vstest.console.dll, ProxyExecutionManager.StartTestRun: Failed to start test run: Microsoft.VisualStudio.TestPlatform.ObjectModel.TestPlatformException: Testhost process for source(s) 'C:\Users\TOSHIBA\Downloads\QA path\Programming for QA\Programming Advanced for QA\03-Resources-Unit-Testing-Exercise-Strings-and-Regular-Expressions\TestApp.UnitTests\bin\Debug\net6.0\fine-code-coverage\build-output\TestApp.UnitTests.dll' exited with error: Unhandled exception. System.IO.FileNotFoundException: Could not load file or assembly 'Microsoft.TestPlatform.PlatformAbstractions, Version=15.0.0.0, Culture=neutral, PublicKeyToken=b03f5f7f11d50a3a'. The system cannot find the file specified.
File name: 'Microsoft.TestPlatform.PlatformAbstractions, Version=15.0.0.0, Culture=neutral, PublicKeyToken=b03f5f7f11d50a3a'
   at Microsoft.VisualStudio.TestPlatform.ObjectModel.EqtTrace.Error(String format, Object[] args)
   at Microsoft.VisualStudio.TestPlatform.TestHost.Program.Main(String[] args)
. Please check the diagnostic logs for more information.
   at Microsoft.VisualStudio.TestPlatform.CrossPlatEngine.Client.ProxyOperationManager.ThrowOnTestHostExited(IEnumerable`1 sources, Boolean testHostExited) in /_/src/Microsoft.TestPlatform.CrossPlatEngine/Client/ProxyOperationManager.cs:line 524
   at Microsoft.VisualStudio.TestPlatform.CrossPlatEngine.Client.ProxyOperationManager.SetupChannel(IEnumerable`1 sources, String runSettings) in /_/src/Microsoft.TestPlatform.CrossPlatEngine/Client/ProxyOperationManager.cs:line 293
   at Microsoft.VisualStudio.TestPlatform.CrossPlatEngine.Client.ProxyExecutionManager.InitializeTestRun(TestRunCriteria testRunCriteria, IInternalTestRunEventsHandler eventHandler) in /_/src/Microsoft.TestPlatform.CrossPlatEngine/Client/ProxyExecutionManager.cs:line 184
TpTrace Verbose: 0 : 8860, 5, 2025/05/07, 20:52:35.863, 21126765749, vstest.console.dll, TestRunRequest:SendTestRunMessage: Starting.
TpTrace Verbose: 0 : 8860, 5, 2025/05/07, 20:52:35.863, 21126769209, vstest.console.dll, MulticastDelegateUtilities.SafeInvoke: TestRun.LogMessages: Invoking callback 1/1 for Microsoft.VisualStudio.TestPlatform.CommandLine.TestRunResultAggregator., took 0 ms.
TpTrace Verbose: 0 : 8860, 4, 2025/05/07, 20:52:35.863, 21126770658, vstest.console.dll, MulticastDelegateUtilities.SafeInvoke: InternalTestLoggerEvents.SendTestRunMessage: Invoking callback 1/1 for Microsoft.VisualStudio.TestPlatform.CommandLine.Internal.ConsoleLogger., took 0 ms.
TpTrace Information: 0 : 8860, 5, 2025/05/07, 20:52:35.863, 21126770921, vstest.console.dll, TestRunRequest:SendTestRunMessage: Completed.
TpTrace Verbose: 0 : 8860, 5, 2025/05/07, 20:52:35.878, 21126911865, vstest.console.dll, TestRequestSender.EndSession: Sending end session.
TpTrace Verbose: 0 : 8860, 5, 2025/05/07, 20:52:35.878, 21126913165, vstest.console.dll, ProxyOperationManager.Close: waiting for test host to exit for 100 ms
TpTrace Information: 0 : 8860, 5, 2025/05/07, 20:52:35.878, 21126913975, vstest.console.dll, SocketServer.Stop: Stop server endPoint: 127.0.0.1:50245
TpTrace Information: 0 : 8860, 5, 2025/05/07, 20:52:35.878, 21126914419, vstest.console.dll, SocketServer.Stop: Cancellation requested. Stopping message loop.
TpTrace Information: 0 : 8860, 5, 2025/05/07, 20:52:35.878, 21126914910, vstest.console.dll, Closing the connection
TpTrace Verbose: 0 : 8860, 5, 2025/05/07, 20:52:35.878, 21126919171, vstest.console.dll, ParallelProxyExecutionManager: HandlePartialRunComplete: Total workloads = 1, Total started clients = 1 Total completed clients = 1, Run complete = True, Run canceled: False.
TpTrace Verbose: 0 : 8860, 5, 2025/05/07, 20:52:35.878, 21126919698, vstest.console.dll, ParallelProxyExecutionManager: HandlePartialRunComplete: All runs completed stopping all managers.
TpTrace Verbose: 0 : 8860, 5, 2025/05/07, 20:52:35.878, 21126920134, vstest.console.dll, ParallelOperationManager.StopAllManagers: Stopping all managers.
TpTrace Verbose: 0 : 8860, 5, 2025/05/07, 20:52:35.878, 21126920521, vstest.console.dll, ParallelOperationManager.ClearSlots: Clearing all slots. Slots should accept more work: False
TpTrace Verbose: 0 : 8860, 5, 2025/05/07, 20:52:35.878, 21126920952, vstest.console.dll, ParallelOperationManager.SetOccupiedSlotCount: Setting slot counts AvailableSlotCount = 1, OccupiedSlotCount = 0.
TpTrace Verbose: 0 : 8860, 5, 2025/05/07, 20:52:35.878, 21126921370, vstest.console.dll, Occupied slots:

TpTrace Verbose: 0 : 8860, 4, 2025/05/07, 20:52:35.898, 21127119340, vstest.console.dll, MulticastDelegateUtilities.SafeInvoke: InternalTestLoggerEvents.SendTestRunComplete: Invoking callback 1/2 for Microsoft.TestPlatform.Extensions.BlameDataCollector.BlameLogger., took 0 ms.
TpTrace Verbose: 0 : 8860, 4, 2025/05/07, 20:52:35.902, 21127161031, vstest.console.dll, MulticastDelegateUtilities.SafeInvoke: InternalTestLoggerEvents.SendTestRunComplete: Invoking callback 2/2 for Microsoft.VisualStudio.TestPlatform.CommandLine.Internal.ConsoleLogger., took 4 ms.
TpTrace Verbose: 0 : 8860, 5, 2025/05/07, 20:52:35.903, 21127165023, vstest.console.dll, TestRunRequest:TestRunComplete: Starting. IsAborted:True IsCanceled:False.
TpTrace Verbose: 0 : 8860, 5, 2025/05/07, 20:52:35.903, 21127167004, vstest.console.dll, ParallelOperationManager.DoActionOnAllManagers: Calling an action on all managers.
TpTrace Verbose: 0 : 8860, 5, 2025/05/07, 20:52:35.904, 21127174937, vstest.console.dll, TestLoggerManager.HandleTestRunComplete: Ignoring as the object is disposed.
TpTrace Verbose: 0 : 8860, 5, 2025/05/07, 20:52:35.904, 21127175881, vstest.console.dll, MulticastDelegateUtilities.SafeInvoke: TestRun.TestRunComplete: Invoking callback 1/2 for Microsoft.VisualStudio.TestPlatform.CommandLine.TestRunResultAggregator., took 0 ms.
TpTrace Verbose: 0 : 8860, 5, 2025/05/07, 20:52:35.904, 21127176850, vstest.console.dll, MulticastDelegateUtilities.SafeInvoke: TestRun.TestRunComplete: Invoking callback 2/2 for Microsoft.VisualStudio.TestPlatform.CommandLine.Processors.RunTestsArgumentExecutor+TestRunRequestEventsRegistrar., took 0 ms.
TpTrace Information: 0 : 8860, 5, 2025/05/07, 20:52:35.904, 21127177813, vstest.console.dll, TestRunRequest:TestRunComplete: Completed.
TpTrace Verbose: 0 : 8860, 1, 2025/05/07, 20:52:35.904, 21127178042, vstest.console.dll, TestRunRequest.Dispose: Starting.
TpTrace Verbose: 0 : 8860, 5, 2025/05/07, 20:52:35.904, 21127178287, vstest.console.dll, ParallelProxyExecutionManager.StartTestRunOnConcurrentManager: Execution starting. Started clients: 1
TpTrace Information: 0 : 8860, 1, 2025/05/07, 20:52:35.904, 21127179158, vstest.console.dll, TestRunRequest.Dispose: Completed.
TpTrace Information: 0 : 8860, 1, 2025/05/07, 20:52:35.904, 21127180113, vstest.console.dll, TestRequestManager.RunTests: run tests completed.
TpTrace Information: 0 : 8860, 1, 2025/05/07, 20:52:35.904, 21127181038, vstest.console.dll, RunTestsArgumentProcessor:Execute: Test run is completed.
TpTrace Verbose: 0 : 8860, 5, 2025/05/07, 20:52:35.905, 21127181802, vstest.console.dll, TestRunRequest:SendTestRunMessage: Starting.
TpTrace Warning: 0 : 8860, 5, 2025/05/07, 20:52:35.905, 21127182345, vstest.console.dll, TestRunRequest.SendTestRunMessage: Ignoring as the object is disposed.
TpTrace Verbose: 0 : 8860, 1, 2025/05/07, 20:52:35.905, 21127182918, vstest.console.dll, Executor.Execute: Exiting with exit code of 1
TpTrace Verbose: 0 : 8860, 5, 2025/05/07, 20:52:35.905, 21127183439, vstest.console.dll, ProxyExecutionManager: Test host is always Lazy initialize.
TpTrace Verbose: 0 : 8860, 5, 2025/05/07, 20:52:35.905, 21127184232, vstest.console.dll, TestRequestSender.InitializeCommunication: initialize communication. 
TpTrace Information: 0 : 8860, 5, 2025/05/07, 20:52:35.905, 21127186570, vstest.console.dll, SocketServer.Start: Listening on endpoint : 127.0.0.1:50250
TpTrace Verbose: 0 : 8860, 5, 2025/05/07, 20:52:35.905, 21127189663, vstest.console.dll, DotnetTestHostmanager.GetTestHostProcessStartInfo: Platform environment 'X64' target architecture 'X64' framework '.NETCoreApp,Version=v6.0' OS 'Windows'
