TpTrace Verbose: 0 : 7796, 1, 2025/05/20, 00:14:59.520, 142343386203, vstest.console.dll, Version: 17.12.0-release-24508-01 Current process architecture: X64
TpTrace Verbose: 0 : 7796, 1, 2025/05/20, 00:14:59.524, 142343427730, vstest.console.dll, Runtime location: C:\Program Files\dotnet\shared\Microsoft.NETCore.App\9.0.0
TpTrace Verbose: 0 : 7796, 1, 2025/05/20, 00:14:59.527, 142343461777, vstest.console.dll, ArtifactProcessingPostProcessModeProcessorExecutor.Initialize: ArtifactProcessingMode.Collect
TpTrace Verbose: 0 : 7796, 1, 2025/05/20, 00:14:59.527, 142343463366, vstest.console.dll, TestSessionCorrelationIdProcessorModeProcessorExecutor.Initialize: TestSessionCorrelationId '12944_598abfd2-68ed-4566-97a4-ca94215c9de0'
TpTrace Information: 0 : 7796, 1, 2025/05/20, 00:14:59.537, 142343564409, vstest.console.dll, FilePatternParser: The given file C:\Users\TOSHIBA\Downloads\QA path\Programming for QA\Programming Advanced for QA\06-Resources-Unit-Testing-Exercise-Dictionaries\TestApp.Tests\bin\Debug\net6.0\fine-code-coverage\build-output\TestApp.Tests.dll is a full path.
TpTrace Verbose: 0 : 7796, 1, 2025/05/20, 00:14:59.545, 142343640702, vstest.console.dll, TestPluginCache.DiscoverTestExtensions: finding test extensions in assemblies ends with: RuntimeProvider.dll TPluginInfo: Microsoft.VisualStudio.TestPlatform.Common.ExtensionFramework.Utilities.TestRuntimePluginInformation TExtension: Microsoft.VisualStudio.TestPlatform.ObjectModel.Host.ITestRuntimeProvider
TpTrace Verbose: 0 : 7796, 1, 2025/05/20, 00:14:59.545, 142343644417, vstest.console.dll, TestPluginCache.GetExtensionPaths: Filtered extension paths: 
TpTrace Verbose: 0 : 7796, 1, 2025/05/20, 00:14:59.545, 142343645310, vstest.console.dll, TestPluginCache.GetExtensionPaths: Added default extension paths: C:\Program Files\dotnet\sdk\9.0.100\Extensions\Microsoft.Diagnostics.NETCore.Client.dll
C:\Program Files\dotnet\sdk\9.0.100\Extensions\Microsoft.TestPlatform.Extensions.BlameDataCollector.dll
C:\Program Files\dotnet\sdk\9.0.100\Extensions\Microsoft.TestPlatform.Extensions.EventLogCollector.dll
C:\Program Files\dotnet\sdk\9.0.100\Extensions\Microsoft.TestPlatform.TestHostRuntimeProvider.dll
C:\Program Files\dotnet\sdk\9.0.100\Extensions\Microsoft.VisualStudio.TestPlatform.Extensions.Html.TestLogger.dll
C:\Program Files\dotnet\sdk\9.0.100\Extensions\Microsoft.VisualStudio.TestPlatform.Extensions.Trx.TestLogger.dll
TpTrace Verbose: 0 : 7796, 1, 2025/05/20, 00:14:59.546, 142343645753, vstest.console.dll, TestPluginCache.GetExtensionPaths: Added unfilterableExtensionPaths: 
TpTrace Information: 0 : 7796, 1, 2025/05/20, 00:14:59.546, 142343652104, vstest.console.dll, AssemblyResolver.ctor: Creating AssemblyResolver with searchDirectories C:\Program Files\dotnet\sdk\9.0.100\Extensions,C:\Program Files\dotnet\sdk\9.0.100
TpTrace Verbose: 0 : 7796, 1, 2025/05/20, 00:14:59.549, 142343676659, vstest.console.dll, TestPluginCache.DiscoverTestExtensions: Discovering the extensions using extension path.
TpTrace Verbose: 0 : 7796, 1, 2025/05/20, 00:14:59.549, 142343679176, vstest.console.dll, TestPluginCache.GetExtensionPaths: Filtered extension paths: 
TpTrace Verbose: 0 : 7796, 1, 2025/05/20, 00:14:59.549, 142343679887, vstest.console.dll, TestPluginCache.GetExtensionPaths: Added default extension paths: C:\Program Files\dotnet\sdk\9.0.100\Extensions\Microsoft.Diagnostics.NETCore.Client.dll
C:\Program Files\dotnet\sdk\9.0.100\Extensions\Microsoft.TestPlatform.Extensions.BlameDataCollector.dll
C:\Program Files\dotnet\sdk\9.0.100\Extensions\Microsoft.TestPlatform.Extensions.EventLogCollector.dll
C:\Program Files\dotnet\sdk\9.0.100\Extensions\Microsoft.TestPlatform.TestHostRuntimeProvider.dll
C:\Program Files\dotnet\sdk\9.0.100\Extensions\Microsoft.VisualStudio.TestPlatform.Extensions.Html.TestLogger.dll
C:\Program Files\dotnet\sdk\9.0.100\Extensions\Microsoft.VisualStudio.TestPlatform.Extensions.Trx.TestLogger.dll
TpTrace Verbose: 0 : 7796, 1, 2025/05/20, 00:14:59.549, 142343680504, vstest.console.dll, TestPluginCache.GetExtensionPaths: Added unfilterableExtensionPaths: 
TpTrace Verbose: 0 : 7796, 1, 2025/05/20, 00:14:59.549, 142343682426, vstest.console.dll, TestPluginCache.DiscoverTestExtensions: Discovering the extensions using allExtensionPaths: C:\Program Files\dotnet\sdk\9.0.100\Extensions\Microsoft.Diagnostics.NETCore.Client.dll
C:\Program Files\dotnet\sdk\9.0.100\Extensions\Microsoft.TestPlatform.Extensions.BlameDataCollector.dll
C:\Program Files\dotnet\sdk\9.0.100\Extensions\Microsoft.TestPlatform.Extensions.EventLogCollector.dll
C:\Program Files\dotnet\sdk\9.0.100\Extensions\Microsoft.TestPlatform.TestHostRuntimeProvider.dll
C:\Program Files\dotnet\sdk\9.0.100\Extensions\Microsoft.VisualStudio.TestPlatform.Extensions.Html.TestLogger.dll
C:\Program Files\dotnet\sdk\9.0.100\Extensions\Microsoft.VisualStudio.TestPlatform.Extensions.Trx.TestLogger.dll
TpTrace Information: 0 : 7796, 1, 2025/05/20, 00:14:59.549, 142343684345, vstest.console.dll, AssemblyResolver.AddSearchDirectories: Adding more searchDirectories C:\Program Files\dotnet\sdk\9.0.100\Extensions,C:\Program Files\dotnet\sdk\9.0.100
TpTrace Information: 0 : 7796, 1, 2025/05/20, 00:14:59.549, 142343685309, vstest.console.dll, AssemblyResolver.AddSearchDirectories: Adding more searchDirectories C:\Program Files\dotnet\sdk\9.0.100\Extensions,C:\Program Files\dotnet\sdk\9.0.100
TpTrace Information: 0 : 7796, 1, 2025/05/20, 00:14:59.550, 142343685985, vstest.console.dll, AssemblyResolver.AddSearchDirectories: Adding more searchDirectories C:\Program Files\dotnet\sdk\9.0.100\Extensions,C:\Program Files\dotnet\sdk\9.0.100
TpTrace Information: 0 : 7796, 1, 2025/05/20, 00:14:59.550, 142343686619, vstest.console.dll, AssemblyResolver.AddSearchDirectories: Adding more searchDirectories C:\Program Files\dotnet\sdk\9.0.100\Extensions,C:\Program Files\dotnet\sdk\9.0.100
TpTrace Information: 0 : 7796, 1, 2025/05/20, 00:14:59.550, 142343687374, vstest.console.dll, AssemblyResolver.AddSearchDirectories: Adding more searchDirectories C:\Program Files\dotnet\sdk\9.0.100\Extensions,C:\Program Files\dotnet\sdk\9.0.100
TpTrace Information: 0 : 7796, 1, 2025/05/20, 00:14:59.550, 142343688020, vstest.console.dll, AssemblyResolver.AddSearchDirectories: Adding more searchDirectories C:\Program Files\dotnet\sdk\9.0.100\Extensions,C:\Program Files\dotnet\sdk\9.0.100
TpTrace Information: 0 : 7796, 1, 2025/05/20, 00:14:59.551, 142343696500, vstest.console.dll, AssemblyResolver.OnResolve: Microsoft.Diagnostics.NETCore.Client: Resolving assembly.
TpTrace Information: 0 : 7796, 1, 2025/05/20, 00:14:59.551, 142343697922, vstest.console.dll, AssemblyResolver.OnResolve: Microsoft.Diagnostics.NETCore.Client: Searching in: 'C:\Program Files\dotnet\sdk\9.0.100\Extensions'.
TpTrace Information: 0 : 7796, 1, 2025/05/20, 00:14:59.569, 142343880918, vstest.console.dll, AssemblyResolver.OnResolve: Microsoft.Diagnostics.NETCore.Client: Loading assembly 'C:\Program Files\dotnet\sdk\9.0.100\Extensions\Microsoft.Diagnostics.NETCore.Client.dll'.
TpTrace Information: 0 : 7796, 1, 2025/05/20, 00:14:59.570, 142343891114, vstest.console.dll, AssemblyResolver.OnResolve: Resolved assembly: Microsoft.Diagnostics.NETCore.Client, from path: C:\Program Files\dotnet\sdk\9.0.100\Extensions\Microsoft.Diagnostics.NETCore.Client.dll
TpTrace Verbose: 0 : 7796, 1, 2025/05/20, 00:14:59.571, 142343904305, vstest.console.dll, MetadataReaderExtensionsHelper: Discovering extensions inside assembly 'Microsoft.Diagnostics.NETCore.Client, Version=0.2.10.41601, Culture=neutral, PublicKeyToken=31bf3856ad364e35' file path 'C:\Program Files\dotnet\sdk\9.0.100\Extensions\Microsoft.Diagnostics.NETCore.Client.dll'
TpTrace Information: 0 : 7796, 1, 2025/05/20, 00:14:59.577, 142343965111, vstest.console.dll, AssemblyResolver.OnResolve: Microsoft.Bcl.AsyncInterfaces: Resolving assembly.
TpTrace Information: 0 : 7796, 1, 2025/05/20, 00:14:59.578, 142343966411, vstest.console.dll, AssemblyResolver.OnResolve: Microsoft.Bcl.AsyncInterfaces: Searching in: 'C:\Program Files\dotnet\sdk\9.0.100\Extensions'.
TpTrace Information: 0 : 7796, 1, 2025/05/20, 00:14:59.578, 142343967421, vstest.console.dll, AssemblyResolver.OnResolve: Microsoft.Bcl.AsyncInterfaces: Assembly path does not exist: 'C:\Program Files\dotnet\sdk\9.0.100\Extensions\Microsoft.Bcl.AsyncInterfaces.dll', returning.
TpTrace Information: 0 : 7796, 1, 2025/05/20, 00:14:59.578, 142343968686, vstest.console.dll, AssemblyResolver.OnResolve: Microsoft.Bcl.AsyncInterfaces: Assembly path does not exist: 'C:\Program Files\dotnet\sdk\9.0.100\Extensions\Microsoft.Bcl.AsyncInterfaces.exe', returning.
TpTrace Information: 0 : 7796, 1, 2025/05/20, 00:14:59.578, 142343969096, vstest.console.dll, AssemblyResolver.OnResolve: Microsoft.Bcl.AsyncInterfaces: Searching in: 'C:\Program Files\dotnet\sdk\9.0.100'.
TpTrace Information: 0 : 7796, 1, 2025/05/20, 00:14:59.578, 142343969837, vstest.console.dll, AssemblyResolver.OnResolve: Microsoft.Bcl.AsyncInterfaces: Assembly path does not exist: 'C:\Program Files\dotnet\sdk\9.0.100\Microsoft.Bcl.AsyncInterfaces.dll', returning.
TpTrace Information: 0 : 7796, 1, 2025/05/20, 00:14:59.578, 142343970504, vstest.console.dll, AssemblyResolver.OnResolve: Microsoft.Bcl.AsyncInterfaces: Assembly path does not exist: 'C:\Program Files\dotnet\sdk\9.0.100\Microsoft.Bcl.AsyncInterfaces.exe', returning.
TpTrace Information: 0 : 7796, 1, 2025/05/20, 00:14:59.578, 142343970830, vstest.console.dll, AssemblyResolver.OnResolve: Microsoft.Bcl.AsyncInterfaces: Failed to load assembly.
TpTrace Verbose: 0 : 7796, 1, 2025/05/20, 00:14:59.578, 142343971209, vstest.console.dll, CurrentDomainAssemblyResolve: Resolving assembly 'Microsoft.Bcl.AsyncInterfaces'.
TpTrace Information: 0 : 7796, 1, 2025/05/20, 00:14:59.578, 142343971823, vstest.console.dll, AssemblyResolver.OnResolve: Microsoft.Bcl.AsyncInterfaces: Resolving assembly.
TpTrace Information: 0 : 7796, 1, 2025/05/20, 00:14:59.578, 142343972293, vstest.console.dll, AssemblyResolver.OnResolve: Microsoft.Bcl.AsyncInterfaces: Resolved from cache.
TpTrace Verbose: 0 : 7796, 1, 2025/05/20, 00:14:59.578, 142343972602, vstest.console.dll, CurrentDomainAssemblyResolve: Resolving assembly 'Microsoft.Bcl.AsyncInterfaces'.
TpTrace Verbose: 0 : 7796, 1, 2025/05/20, 00:14:59.578, 142343973016, vstest.console.dll, CurrentDomainAssemblyResolve: Failed to resolve assembly 'Microsoft.Bcl.AsyncInterfaces'.
TpTrace Verbose: 0 : 7796, 1, 2025/05/20, 00:14:59.579, 142343981944, vstest.console.dll, CurrentDomainAssemblyResolve: Failed to resolve assembly 'Microsoft.Bcl.AsyncInterfaces'.
TpTrace Warning: 0 : 7796, 1, 2025/05/20, 00:14:59.592, 142344115423, vstest.console.dll, TestPluginDiscoverer: Failed to get types from assembly 'Microsoft.Diagnostics.NETCore.Client, Version=0.2.10.41601, Culture=neutral, PublicKeyToken=31bf3856ad364e35'. Error: System.Reflection.ReflectionTypeLoadException: Unable to load one or more of the requested types.
Could not load file or assembly 'Microsoft.Bcl.AsyncInterfaces, Version=6.0.0.0, Culture=neutral, PublicKeyToken=cc7b13ffcd2ddd51'. The system cannot find the file specified.
   at System.Reflection.RuntimeModule.GetDefinedTypes()
   at System.Reflection.RuntimeModule.GetTypes()
   at Microsoft.VisualStudio.TestPlatform.Common.ExtensionFramework.TestPluginDiscoverer.GetTestExtensionsFromAssembly[TPluginInfo,TExtension](Assembly assembly, Dictionary`2 pluginInfos, String filePath) in /_/src/Microsoft.TestPlatform.Common/ExtensionFramework/TestPluginDiscoverer.cs:line 159
System.IO.FileNotFoundException: Could not load file or assembly 'Microsoft.Bcl.AsyncInterfaces, Version=6.0.0.0, Culture=neutral, PublicKeyToken=cc7b13ffcd2ddd51'. The system cannot find the file specified.
File name: 'Microsoft.Bcl.AsyncInterfaces, Version=6.0.0.0, Culture=neutral, PublicKeyToken=cc7b13ffcd2ddd51'
 ---> System.IO.FileNotFoundException: Could not load file or assembly 'Microsoft.Bcl.AsyncInterfaces, Culture=neutral, PublicKeyToken=null'. The system cannot find the file specified.
File name: 'Microsoft.Bcl.AsyncInterfaces, Culture=neutral, PublicKeyToken=null'
   at System.Reflection.RuntimeAssembly.InternalLoad(AssemblyName assemblyName, StackCrawlMark& stackMark, AssemblyLoadContext assemblyLoadContext, RuntimeAssembly requestingAssembly, Boolean throwOnFileNotFound)
   at System.Reflection.Assembly.Load(AssemblyName assemblyRef)
   at Microsoft.VisualStudio.TestPlatform.Common.ExtensionFramework.TestPluginCache.CurrentDomainAssemblyResolve(Object sender, AssemblyResolveEventArgs args) in /_/src/Microsoft.TestPlatform.Common/ExtensionFramework/TestPluginCache.cs:line 514
   at System.Runtime.Loader.AssemblyLoadContext.GetFirstResolvedAssemblyFromResolvingEvent(AssemblyName assemblyName)
   at System.Runtime.Loader.AssemblyLoadContext.ResolveUsingEvent(AssemblyName assemblyName)
   at System.Runtime.Loader.AssemblyLoadContext.ResolveUsingResolvingEvent(IntPtr gchManagedAssemblyLoadContext, AssemblyName assemblyName)
TpTrace Warning: 0 : 7796, 1, 2025/05/20, 00:14:59.593, 142344119040, vstest.console.dll, LoaderExceptions: System.IO.FileNotFoundException: Could not load file or assembly 'Microsoft.Bcl.AsyncInterfaces, Version=6.0.0.0, Culture=neutral, PublicKeyToken=cc7b13ffcd2ddd51'. The system cannot find the file specified.
File name: 'Microsoft.Bcl.AsyncInterfaces, Version=6.0.0.0, Culture=neutral, PublicKeyToken=cc7b13ffcd2ddd51'
 ---> System.IO.FileNotFoundException: Could not load file or assembly 'Microsoft.Bcl.AsyncInterfaces, Culture=neutral, PublicKeyToken=null'. The system cannot find the file specified.
File name: 'Microsoft.Bcl.AsyncInterfaces, Culture=neutral, PublicKeyToken=null'
   at System.Reflection.RuntimeAssembly.InternalLoad(AssemblyName assemblyName, StackCrawlMark& stackMark, AssemblyLoadContext assemblyLoadContext, RuntimeAssembly requestingAssembly, Boolean throwOnFileNotFound)
   at System.Reflection.Assembly.Load(AssemblyName assemblyRef)
   at Microsoft.VisualStudio.TestPlatform.Common.ExtensionFramework.TestPluginCache.CurrentDomainAssemblyResolve(Object sender, AssemblyResolveEventArgs args) in /_/src/Microsoft.TestPlatform.Common/ExtensionFramework/TestPluginCache.cs:line 514
   at System.Runtime.Loader.AssemblyLoadContext.GetFirstResolvedAssemblyFromResolvingEvent(AssemblyName assemblyName)
   at System.Runtime.Loader.AssemblyLoadContext.ResolveUsingEvent(AssemblyName assemblyName)
   at System.Runtime.Loader.AssemblyLoadContext.ResolveUsingResolvingEvent(IntPtr gchManagedAssemblyLoadContext, AssemblyName assemblyName)
TpTrace Information: 0 : 7796, 1, 2025/05/20, 00:14:59.593, 142344120472, vstest.console.dll, AssemblyResolver.OnResolve: Microsoft.TestPlatform.Extensions.BlameDataCollector: Resolving assembly.
TpTrace Information: 0 : 7796, 1, 2025/05/20, 00:14:59.593, 142344121051, vstest.console.dll, AssemblyResolver.OnResolve: Microsoft.TestPlatform.Extensions.BlameDataCollector: Searching in: 'C:\Program Files\dotnet\sdk\9.0.100\Extensions'.
TpTrace Information: 0 : 7796, 1, 2025/05/20, 00:14:59.594, 142344127029, vstest.console.dll, AssemblyResolver.OnResolve: Microsoft.TestPlatform.Extensions.BlameDataCollector: Loading assembly 'C:\Program Files\dotnet\sdk\9.0.100\Extensions\Microsoft.TestPlatform.Extensions.BlameDataCollector.dll'.
TpTrace Information: 0 : 7796, 1, 2025/05/20, 00:14:59.594, 142344132331, vstest.console.dll, AssemblyResolver.OnResolve: Resolved assembly: Microsoft.TestPlatform.Extensions.BlameDataCollector, from path: C:\Program Files\dotnet\sdk\9.0.100\Extensions\Microsoft.TestPlatform.Extensions.BlameDataCollector.dll
TpTrace Verbose: 0 : 7796, 1, 2025/05/20, 00:14:59.594, 142344133219, vstest.console.dll, MetadataReaderExtensionsHelper: Discovering extensions inside assembly 'Microsoft.TestPlatform.Extensions.BlameDataCollector, Version=15.0.0.0, Culture=neutral, PublicKeyToken=b03f5f7f11d50a3a' file path 'C:\Program Files\dotnet\sdk\9.0.100\Extensions\Microsoft.TestPlatform.Extensions.BlameDataCollector.dll'
TpTrace Information: 0 : 7796, 1, 2025/05/20, 00:14:59.596, 142344150772, vstest.console.dll, AssemblyResolver.OnResolve: Microsoft.TestPlatform.Extensions.EventLogCollector: Resolving assembly.
TpTrace Information: 0 : 7796, 1, 2025/05/20, 00:14:59.596, 142344151966, vstest.console.dll, AssemblyResolver.OnResolve: Microsoft.TestPlatform.Extensions.EventLogCollector: Searching in: 'C:\Program Files\dotnet\sdk\9.0.100\Extensions'.
TpTrace Information: 0 : 7796, 1, 2025/05/20, 00:14:59.597, 142344158899, vstest.console.dll, AssemblyResolver.OnResolve: Microsoft.TestPlatform.Extensions.EventLogCollector: Loading assembly 'C:\Program Files\dotnet\sdk\9.0.100\Extensions\Microsoft.TestPlatform.Extensions.EventLogCollector.dll'.
TpTrace Information: 0 : 7796, 1, 2025/05/20, 00:14:59.597, 142344164991, vstest.console.dll, AssemblyResolver.OnResolve: Resolved assembly: Microsoft.TestPlatform.Extensions.EventLogCollector, from path: C:\Program Files\dotnet\sdk\9.0.100\Extensions\Microsoft.TestPlatform.Extensions.EventLogCollector.dll
TpTrace Verbose: 0 : 7796, 1, 2025/05/20, 00:14:59.598, 142344165918, vstest.console.dll, MetadataReaderExtensionsHelper: Discovering extensions inside assembly 'Microsoft.TestPlatform.Extensions.EventLogCollector, Version=15.0.0.0, Culture=neutral, PublicKeyToken=b03f5f7f11d50a3a' file path 'C:\Program Files\dotnet\sdk\9.0.100\Extensions\Microsoft.TestPlatform.Extensions.EventLogCollector.dll'
TpTrace Information: 0 : 7796, 1, 2025/05/20, 00:14:59.600, 142344193772, vstest.console.dll, AssemblyResolver.OnResolve: Microsoft.TestPlatform.TestHostRuntimeProvider: Resolving assembly.
TpTrace Information: 0 : 7796, 1, 2025/05/20, 00:14:59.600, 142344194922, vstest.console.dll, AssemblyResolver.OnResolve: Microsoft.TestPlatform.TestHostRuntimeProvider: Searching in: 'C:\Program Files\dotnet\sdk\9.0.100\Extensions'.
TpTrace Information: 0 : 7796, 1, 2025/05/20, 00:14:59.601, 142344202941, vstest.console.dll, AssemblyResolver.OnResolve: Microsoft.TestPlatform.TestHostRuntimeProvider: Loading assembly 'C:\Program Files\dotnet\sdk\9.0.100\Extensions\Microsoft.TestPlatform.TestHostRuntimeProvider.dll'.
TpTrace Information: 0 : 7796, 1, 2025/05/20, 00:14:59.602, 142344210224, vstest.console.dll, AssemblyResolver.OnResolve: Resolved assembly: Microsoft.TestPlatform.TestHostRuntimeProvider, from path: C:\Program Files\dotnet\sdk\9.0.100\Extensions\Microsoft.TestPlatform.TestHostRuntimeProvider.dll
TpTrace Verbose: 0 : 7796, 1, 2025/05/20, 00:14:59.602, 142344211220, vstest.console.dll, MetadataReaderExtensionsHelper: Discovering extensions inside assembly 'Microsoft.TestPlatform.TestHostRuntimeProvider, Version=15.0.0.0, Culture=neutral, PublicKeyToken=b03f5f7f11d50a3a' file path 'C:\Program Files\dotnet\sdk\9.0.100\Extensions\Microsoft.TestPlatform.TestHostRuntimeProvider.dll'
TpTrace Information: 0 : 7796, 1, 2025/05/20, 00:14:59.604, 142344229991, vstest.console.dll, GetTestExtensionFromType: Register extension with identifier data 'HostProvider://DefaultTestHost' and type 'Microsoft.VisualStudio.TestPlatform.CrossPlatEngine.Hosting.DefaultTestHostManager, Microsoft.TestPlatform.TestHostRuntimeProvider, Version=15.0.0.0, Culture=neutral, PublicKeyToken=b03f5f7f11d50a3a' inside file 'C:\Program Files\dotnet\sdk\9.0.100\Extensions\Microsoft.TestPlatform.TestHostRuntimeProvider.dll'
TpTrace Information: 0 : 7796, 1, 2025/05/20, 00:14:59.604, 142344233176, vstest.console.dll, GetTestExtensionFromType: Register extension with identifier data 'HostProvider://DotnetTestHost' and type 'Microsoft.VisualStudio.TestPlatform.CrossPlatEngine.Hosting.DotnetTestHostManager, Microsoft.TestPlatform.TestHostRuntimeProvider, Version=15.0.0.0, Culture=neutral, PublicKeyToken=b03f5f7f11d50a3a' inside file 'C:\Program Files\dotnet\sdk\9.0.100\Extensions\Microsoft.TestPlatform.TestHostRuntimeProvider.dll'
TpTrace Information: 0 : 7796, 1, 2025/05/20, 00:14:59.604, 142344234122, vstest.console.dll, AssemblyResolver.OnResolve: Microsoft.VisualStudio.TestPlatform.Extensions.Html.TestLogger: Resolving assembly.
TpTrace Information: 0 : 7796, 1, 2025/05/20, 00:14:59.604, 142344234652, vstest.console.dll, AssemblyResolver.OnResolve: Microsoft.VisualStudio.TestPlatform.Extensions.Html.TestLogger: Searching in: 'C:\Program Files\dotnet\sdk\9.0.100\Extensions'.
TpTrace Information: 0 : 7796, 1, 2025/05/20, 00:14:59.605, 142344240184, vstest.console.dll, AssemblyResolver.OnResolve: Microsoft.VisualStudio.TestPlatform.Extensions.Html.TestLogger: Loading assembly 'C:\Program Files\dotnet\sdk\9.0.100\Extensions\Microsoft.VisualStudio.TestPlatform.Extensions.Html.TestLogger.dll'.
TpTrace Information: 0 : 7796, 1, 2025/05/20, 00:14:59.606, 142344245874, vstest.console.dll, AssemblyResolver.OnResolve: Resolved assembly: Microsoft.VisualStudio.TestPlatform.Extensions.Html.TestLogger, from path: C:\Program Files\dotnet\sdk\9.0.100\Extensions\Microsoft.VisualStudio.TestPlatform.Extensions.Html.TestLogger.dll
TpTrace Verbose: 0 : 7796, 1, 2025/05/20, 00:14:59.606, 142344246673, vstest.console.dll, MetadataReaderExtensionsHelper: Discovering extensions inside assembly 'Microsoft.VisualStudio.TestPlatform.Extensions.Html.TestLogger, Version=15.0.0.0, Culture=neutral, PublicKeyToken=b03f5f7f11d50a3a' file path 'C:\Program Files\dotnet\sdk\9.0.100\Extensions\Microsoft.VisualStudio.TestPlatform.Extensions.Html.TestLogger.dll'
TpTrace Information: 0 : 7796, 1, 2025/05/20, 00:14:59.607, 142344257418, vstest.console.dll, AssemblyResolver.OnResolve: Microsoft.VisualStudio.TestPlatform.Extensions.Trx.TestLogger: Resolving assembly.
TpTrace Information: 0 : 7796, 1, 2025/05/20, 00:14:59.607, 142344258304, vstest.console.dll, AssemblyResolver.OnResolve: Microsoft.VisualStudio.TestPlatform.Extensions.Trx.TestLogger: Searching in: 'C:\Program Files\dotnet\sdk\9.0.100\Extensions'.
TpTrace Information: 0 : 7796, 1, 2025/05/20, 00:14:59.607, 142344263470, vstest.console.dll, AssemblyResolver.OnResolve: Microsoft.VisualStudio.TestPlatform.Extensions.Trx.TestLogger: Loading assembly 'C:\Program Files\dotnet\sdk\9.0.100\Extensions\Microsoft.VisualStudio.TestPlatform.Extensions.Trx.TestLogger.dll'.
TpTrace Information: 0 : 7796, 1, 2025/05/20, 00:14:59.608, 142344270242, vstest.console.dll, AssemblyResolver.OnResolve: Resolved assembly: Microsoft.VisualStudio.TestPlatform.Extensions.Trx.TestLogger, from path: C:\Program Files\dotnet\sdk\9.0.100\Extensions\Microsoft.VisualStudio.TestPlatform.Extensions.Trx.TestLogger.dll
TpTrace Verbose: 0 : 7796, 1, 2025/05/20, 00:14:59.608, 142344271390, vstest.console.dll, MetadataReaderExtensionsHelper: Discovering extensions inside assembly 'Microsoft.VisualStudio.TestPlatform.Extensions.Trx.TestLogger, Version=15.0.0.0, Culture=neutral, PublicKeyToken=b03f5f7f11d50a3a' file path 'C:\Program Files\dotnet\sdk\9.0.100\Extensions\Microsoft.VisualStudio.TestPlatform.Extensions.Trx.TestLogger.dll'
TpTrace Verbose: 0 : 7796, 1, 2025/05/20, 00:14:59.610, 142344285848, vstest.console.dll, TestPluginCache: Discovered the extensions using extension path ''.
TpTrace Verbose: 0 : 7796, 1, 2025/05/20, 00:14:59.610, 142344286714, vstest.console.dll, TestPluginCache: Discoverers are ''.
TpTrace Verbose: 0 : 7796, 1, 2025/05/20, 00:14:59.610, 142344287034, vstest.console.dll, TestPluginCache: Executors are ''.
TpTrace Verbose: 0 : 7796, 1, 2025/05/20, 00:14:59.610, 142344287408, vstest.console.dll, TestPluginCache: Executors2 are ''.
TpTrace Verbose: 0 : 7796, 1, 2025/05/20, 00:14:59.610, 142344287665, vstest.console.dll, TestPluginCache: Setting providers are ''.
TpTrace Verbose: 0 : 7796, 1, 2025/05/20, 00:14:59.610, 142344287912, vstest.console.dll, TestPluginCache: Loggers are ''.
TpTrace Verbose: 0 : 7796, 1, 2025/05/20, 00:14:59.610, 142344289730, vstest.console.dll, TestPluginCache: TestHosts are 'HostProvider://DefaultTestHost,HostProvider://DotnetTestHost'.
TpTrace Verbose: 0 : 7796, 1, 2025/05/20, 00:14:59.610, 142344290151, vstest.console.dll, TestPluginCache: DataCollectors are ''.
TpTrace Information: 0 : 7796, 1, 2025/05/20, 00:14:59.625, 142344444133, vstest.console.dll, RunTestsArgumentProcessor:Execute: Test run is starting.
TpTrace Verbose: 0 : 7796, 1, 2025/05/20, 00:14:59.625, 142344445163, vstest.console.dll, RunTestsArgumentProcessor:Execute: Queuing Test run.
TpTrace Information: 0 : 7796, 1, 2025/05/20, 00:14:59.626, 142344447737, vstest.console.dll, TestRequestManager.RunTests: run tests started.
TpTrace Information: 0 : 7796, 1, 2025/05/20, 00:14:59.627, 142344461290, vstest.console.dll, AssemblyMetadataProvider.GetFrameworkName: Determined framework:'.NETCoreApp,Version=v6.0' for source: 'C:\Users\TOSHIBA\Downloads\QA path\Programming for QA\Programming Advanced for QA\06-Resources-Unit-Testing-Exercise-Dictionaries\TestApp.Tests\bin\Debug\net6.0\fine-code-coverage\build-output\TestApp.Tests.dll'
TpTrace Information: 0 : 7796, 1, 2025/05/20, 00:14:59.627, 142344463240, vstest.console.dll, Determined framework for all sources: .NETCoreApp,Version=v6.0
TpTrace Verbose: 0 : 7796, 1, 2025/05/20, 00:14:59.628, 142344467090, vstest.console.dll, TestRequestManager.UpdateRunSettingsIfRequired: Default architecture: X64 IsDefaultTargetArchitecture: True, Current process architecture: X64 OperatingSystem: Windows.
TpTrace Information: 0 : 7796, 1, 2025/05/20, 00:14:59.629, 142344484038, vstest.console.dll, AssemblyMetadataProvider.GetArchitecture: Determined architecture:AnyCPU info for assembly: C:\Users\TOSHIBA\Downloads\QA path\Programming for QA\Programming Advanced for QA\06-Resources-Unit-Testing-Exercise-Dictionaries\TestApp.Tests\bin\Debug\net6.0\fine-code-coverage\build-output\TestApp.Tests.dll
TpTrace Information: 0 : 7796, 1, 2025/05/20, 00:14:59.629, 142344484785, vstest.console.dll, Determined platform for source 'C:\Users\TOSHIBA\Downloads\QA path\Programming for QA\Programming Advanced for QA\06-Resources-Unit-Testing-Exercise-Dictionaries\TestApp.Tests\bin\Debug\net6.0\fine-code-coverage\build-output\TestApp.Tests.dll' was AnyCPU and it will use the default plaform X64.
TpTrace Information: 0 : 7796, 1, 2025/05/20, 00:14:59.629, 142344485129, vstest.console.dll, None of the sources provided any runnable platform, using the default platform: X64
TpTrace Information: 0 : 7796, 1, 2025/05/20, 00:14:59.630, 142344486080, vstest.console.dll, Platform was updated to 'X64'.
TpTrace Information: 0 : 7796, 1, 2025/05/20, 00:14:59.633, 142344520025, vstest.console.dll, InferRunSettingsHelper.IsTestSettingsEnabled: Unable to navigate to RunSettings/MSTest. Current node: RunSettings
TpTrace Information: 0 : 7796, 1, 2025/05/20, 00:14:59.634, 142344526866, vstest.console.dll, AssemblyResolver.OnResolve: Microsoft.VisualStudio.TestPlatform.Fakes: Resolving assembly.
TpTrace Information: 0 : 7796, 1, 2025/05/20, 00:14:59.634, 142344527640, vstest.console.dll, AssemblyResolver.OnResolve: Microsoft.VisualStudio.TestPlatform.Fakes: Searching in: 'C:\Program Files\dotnet\sdk\9.0.100\Extensions'.
TpTrace Information: 0 : 7796, 1, 2025/05/20, 00:14:59.634, 142344528790, vstest.console.dll, AssemblyResolver.OnResolve: Microsoft.VisualStudio.TestPlatform.Fakes: Assembly path does not exist: 'C:\Program Files\dotnet\sdk\9.0.100\Extensions\Microsoft.VisualStudio.TestPlatform.Fakes.dll', returning.
TpTrace Information: 0 : 7796, 1, 2025/05/20, 00:14:59.634, 142344529621, vstest.console.dll, AssemblyResolver.OnResolve: Microsoft.VisualStudio.TestPlatform.Fakes: Assembly path does not exist: 'C:\Program Files\dotnet\sdk\9.0.100\Extensions\Microsoft.VisualStudio.TestPlatform.Fakes.exe', returning.
TpTrace Information: 0 : 7796, 1, 2025/05/20, 00:14:59.634, 142344529977, vstest.console.dll, AssemblyResolver.OnResolve: Microsoft.VisualStudio.TestPlatform.Fakes: Searching in: 'C:\Program Files\dotnet\sdk\9.0.100'.
TpTrace Information: 0 : 7796, 1, 2025/05/20, 00:14:59.634, 142344530638, vstest.console.dll, AssemblyResolver.OnResolve: Microsoft.VisualStudio.TestPlatform.Fakes: Assembly path does not exist: 'C:\Program Files\dotnet\sdk\9.0.100\Microsoft.VisualStudio.TestPlatform.Fakes.dll', returning.
TpTrace Information: 0 : 7796, 1, 2025/05/20, 00:14:59.634, 142344531296, vstest.console.dll, AssemblyResolver.OnResolve: Microsoft.VisualStudio.TestPlatform.Fakes: Assembly path does not exist: 'C:\Program Files\dotnet\sdk\9.0.100\Microsoft.VisualStudio.TestPlatform.Fakes.exe', returning.
TpTrace Information: 0 : 7796, 1, 2025/05/20, 00:14:59.634, 142344531696, vstest.console.dll, AssemblyResolver.OnResolve: Microsoft.VisualStudio.TestPlatform.Fakes: Failed to load assembly.
TpTrace Information: 0 : 7796, 1, 2025/05/20, 00:14:59.634, 142344534270, vstest.console.dll, Failed to load assembly Microsoft.VisualStudio.TestPlatform.Fakes, Version=17.0.0.0, Culture=neutral. Reason:System.IO.FileNotFoundException: Could not load file or assembly 'Microsoft.VisualStudio.TestPlatform.Fakes, Version=17.0.0.0, Culture=neutral, PublicKeyToken=null'. The system cannot find the file specified.
File name: 'Microsoft.VisualStudio.TestPlatform.Fakes, Version=17.0.0.0, Culture=neutral, PublicKeyToken=null'
   at System.Reflection.RuntimeAssembly.InternalLoad(AssemblyName assemblyName, StackCrawlMark& stackMark, AssemblyLoadContext assemblyLoadContext, RuntimeAssembly requestingAssembly, Boolean throwOnFileNotFound)
   at System.Reflection.Assembly.Load(AssemblyName assemblyRef)
   at Microsoft.VisualStudio.TestPlatform.Common.Utilities.FakesUtilities.LoadTestPlatformAssembly() in /_/src/Microsoft.TestPlatform.Common/Utilities/FakesUtilities.cs:line 273
TpTrace Verbose: 0 : 7796, 1, 2025/05/20, 00:14:59.639, 142344577314, vstest.console.dll, TestPluginCache.DiscoverTestExtensions: finding test extensions in assemblies ends with: TestLogger.dll TPluginInfo: Microsoft.VisualStudio.TestPlatform.Common.ExtensionFramework.Utilities.TestLoggerPluginInformation TExtension: Microsoft.VisualStudio.TestPlatform.ObjectModel.Client.ITestLogger
TpTrace Verbose: 0 : 7796, 1, 2025/05/20, 00:14:59.639, 142344578748, vstest.console.dll, TestPluginCache.GetExtensionPaths: Filtered extension paths: 
TpTrace Verbose: 0 : 7796, 1, 2025/05/20, 00:14:59.639, 142344579229, vstest.console.dll, TestPluginCache.GetExtensionPaths: Added default extension paths: C:\Program Files\dotnet\sdk\9.0.100\Extensions\Microsoft.Diagnostics.NETCore.Client.dll
C:\Program Files\dotnet\sdk\9.0.100\Extensions\Microsoft.TestPlatform.Extensions.BlameDataCollector.dll
C:\Program Files\dotnet\sdk\9.0.100\Extensions\Microsoft.TestPlatform.Extensions.EventLogCollector.dll
C:\Program Files\dotnet\sdk\9.0.100\Extensions\Microsoft.TestPlatform.TestHostRuntimeProvider.dll
C:\Program Files\dotnet\sdk\9.0.100\Extensions\Microsoft.VisualStudio.TestPlatform.Extensions.Html.TestLogger.dll
C:\Program Files\dotnet\sdk\9.0.100\Extensions\Microsoft.VisualStudio.TestPlatform.Extensions.Trx.TestLogger.dll
TpTrace Verbose: 0 : 7796, 1, 2025/05/20, 00:14:59.639, 142344579617, vstest.console.dll, TestPluginCache.GetExtensionPaths: Added unfilterableExtensionPaths: 
TpTrace Information: 0 : 7796, 1, 2025/05/20, 00:14:59.639, 142344581129, vstest.console.dll, AssemblyResolver.AddSearchDirectories: Adding more searchDirectories C:\Program Files\dotnet\sdk\9.0.100\Extensions,C:\Program Files\dotnet\sdk\9.0.100
TpTrace Verbose: 0 : 7796, 1, 2025/05/20, 00:14:59.639, 142344581610, vstest.console.dll, TestPluginCache.DiscoverTestExtensions: Discovering the extensions using extension path.
TpTrace Verbose: 0 : 7796, 1, 2025/05/20, 00:14:59.639, 142344582014, vstest.console.dll, TestPluginCache.GetExtensionPaths: Filtered extension paths: 
TpTrace Verbose: 0 : 7796, 1, 2025/05/20, 00:14:59.639, 142344582331, vstest.console.dll, TestPluginCache.GetExtensionPaths: Added default extension paths: C:\Program Files\dotnet\sdk\9.0.100\Extensions\Microsoft.Diagnostics.NETCore.Client.dll
C:\Program Files\dotnet\sdk\9.0.100\Extensions\Microsoft.TestPlatform.Extensions.BlameDataCollector.dll
C:\Program Files\dotnet\sdk\9.0.100\Extensions\Microsoft.TestPlatform.Extensions.EventLogCollector.dll
C:\Program Files\dotnet\sdk\9.0.100\Extensions\Microsoft.TestPlatform.TestHostRuntimeProvider.dll
C:\Program Files\dotnet\sdk\9.0.100\Extensions\Microsoft.VisualStudio.TestPlatform.Extensions.Html.TestLogger.dll
C:\Program Files\dotnet\sdk\9.0.100\Extensions\Microsoft.VisualStudio.TestPlatform.Extensions.Trx.TestLogger.dll
TpTrace Verbose: 0 : 7796, 1, 2025/05/20, 00:14:59.639, 142344582640, vstest.console.dll, TestPluginCache.GetExtensionPaths: Added unfilterableExtensionPaths: 
TpTrace Verbose: 0 : 7796, 1, 2025/05/20, 00:14:59.639, 142344582936, vstest.console.dll, TestPluginCache.DiscoverTestExtensions: Discovering the extensions using allExtensionPaths: C:\Program Files\dotnet\sdk\9.0.100\Extensions\Microsoft.Diagnostics.NETCore.Client.dll
C:\Program Files\dotnet\sdk\9.0.100\Extensions\Microsoft.TestPlatform.Extensions.BlameDataCollector.dll
C:\Program Files\dotnet\sdk\9.0.100\Extensions\Microsoft.TestPlatform.Extensions.EventLogCollector.dll
C:\Program Files\dotnet\sdk\9.0.100\Extensions\Microsoft.TestPlatform.TestHostRuntimeProvider.dll
C:\Program Files\dotnet\sdk\9.0.100\Extensions\Microsoft.VisualStudio.TestPlatform.Extensions.Html.TestLogger.dll
C:\Program Files\dotnet\sdk\9.0.100\Extensions\Microsoft.VisualStudio.TestPlatform.Extensions.Trx.TestLogger.dll
TpTrace Information: 0 : 7796, 1, 2025/05/20, 00:14:59.639, 142344584040, vstest.console.dll, AssemblyResolver.AddSearchDirectories: Adding more searchDirectories C:\Program Files\dotnet\sdk\9.0.100\Extensions,C:\Program Files\dotnet\sdk\9.0.100
TpTrace Information: 0 : 7796, 1, 2025/05/20, 00:14:59.639, 142344584499, vstest.console.dll, AssemblyResolver.AddSearchDirectories: Adding more searchDirectories C:\Program Files\dotnet\sdk\9.0.100\Extensions,C:\Program Files\dotnet\sdk\9.0.100
TpTrace Information: 0 : 7796, 1, 2025/05/20, 00:14:59.639, 142344584836, vstest.console.dll, AssemblyResolver.AddSearchDirectories: Adding more searchDirectories C:\Program Files\dotnet\sdk\9.0.100\Extensions,C:\Program Files\dotnet\sdk\9.0.100
TpTrace Information: 0 : 7796, 1, 2025/05/20, 00:14:59.639, 142344585169, vstest.console.dll, AssemblyResolver.AddSearchDirectories: Adding more searchDirectories C:\Program Files\dotnet\sdk\9.0.100\Extensions,C:\Program Files\dotnet\sdk\9.0.100
TpTrace Information: 0 : 7796, 1, 2025/05/20, 00:14:59.639, 142344585481, vstest.console.dll, AssemblyResolver.AddSearchDirectories: Adding more searchDirectories C:\Program Files\dotnet\sdk\9.0.100\Extensions,C:\Program Files\dotnet\sdk\9.0.100
TpTrace Information: 0 : 7796, 1, 2025/05/20, 00:14:59.640, 142344585792, vstest.console.dll, AssemblyResolver.AddSearchDirectories: Adding more searchDirectories C:\Program Files\dotnet\sdk\9.0.100\Extensions,C:\Program Files\dotnet\sdk\9.0.100
TpTrace Verbose: 0 : 7796, 1, 2025/05/20, 00:14:59.640, 142344586880, vstest.console.dll, MetadataReaderExtensionsHelper: Discovering extensions inside assembly 'Microsoft.Diagnostics.NETCore.Client, Version=0.2.10.41601, Culture=neutral, PublicKeyToken=31bf3856ad364e35' file path 'C:\Program Files\dotnet\sdk\9.0.100\Extensions\Microsoft.Diagnostics.NETCore.Client.dll'
TpTrace Information: 0 : 7796, 1, 2025/05/20, 00:14:59.640, 142344594700, vstest.console.dll, AssemblyResolver.OnResolve: Microsoft.Bcl.AsyncInterfaces: Resolving assembly.
TpTrace Information: 0 : 7796, 1, 2025/05/20, 00:14:59.640, 142344595253, vstest.console.dll, AssemblyResolver.OnResolve: Microsoft.Bcl.AsyncInterfaces: Resolved from cache.
TpTrace Verbose: 0 : 7796, 1, 2025/05/20, 00:14:59.640, 142344595664, vstest.console.dll, CurrentDomainAssemblyResolve: Resolving assembly 'Microsoft.Bcl.AsyncInterfaces'.
TpTrace Information: 0 : 7796, 1, 2025/05/20, 00:14:59.641, 142344596162, vstest.console.dll, AssemblyResolver.OnResolve: Microsoft.Bcl.AsyncInterfaces: Resolving assembly.
TpTrace Information: 0 : 7796, 1, 2025/05/20, 00:14:59.641, 142344596508, vstest.console.dll, AssemblyResolver.OnResolve: Microsoft.Bcl.AsyncInterfaces: Resolved from cache.
TpTrace Verbose: 0 : 7796, 1, 2025/05/20, 00:14:59.641, 142344596797, vstest.console.dll, CurrentDomainAssemblyResolve: Resolving assembly 'Microsoft.Bcl.AsyncInterfaces'.
TpTrace Verbose: 0 : 7796, 1, 2025/05/20, 00:14:59.641, 142344597075, vstest.console.dll, CurrentDomainAssemblyResolve: Failed to resolve assembly 'Microsoft.Bcl.AsyncInterfaces'.
TpTrace Verbose: 0 : 7796, 1, 2025/05/20, 00:14:59.641, 142344598515, vstest.console.dll, CurrentDomainAssemblyResolve: Failed to resolve assembly 'Microsoft.Bcl.AsyncInterfaces'.
TpTrace Warning: 0 : 7796, 1, 2025/05/20, 00:14:59.641, 142344602460, vstest.console.dll, TestPluginDiscoverer: Failed to get types from assembly 'Microsoft.Diagnostics.NETCore.Client, Version=0.2.10.41601, Culture=neutral, PublicKeyToken=31bf3856ad364e35'. Error: System.Reflection.ReflectionTypeLoadException: Unable to load one or more of the requested types.
Could not load file or assembly 'Microsoft.Bcl.AsyncInterfaces, Version=6.0.0.0, Culture=neutral, PublicKeyToken=cc7b13ffcd2ddd51'. The system cannot find the file specified.
   at System.Reflection.RuntimeModule.GetDefinedTypes()
   at System.Reflection.RuntimeModule.GetTypes()
   at Microsoft.VisualStudio.TestPlatform.Common.ExtensionFramework.TestPluginDiscoverer.GetTestExtensionsFromAssembly[TPluginInfo,TExtension](Assembly assembly, Dictionary`2 pluginInfos, String filePath) in /_/src/Microsoft.TestPlatform.Common/ExtensionFramework/TestPluginDiscoverer.cs:line 159
System.IO.FileNotFoundException: Could not load file or assembly 'Microsoft.Bcl.AsyncInterfaces, Version=6.0.0.0, Culture=neutral, PublicKeyToken=cc7b13ffcd2ddd51'. The system cannot find the file specified.
File name: 'Microsoft.Bcl.AsyncInterfaces, Version=6.0.0.0, Culture=neutral, PublicKeyToken=cc7b13ffcd2ddd51'
 ---> System.IO.FileNotFoundException: Could not load file or assembly 'Microsoft.Bcl.AsyncInterfaces, Culture=neutral, PublicKeyToken=null'. The system cannot find the file specified.
File name: 'Microsoft.Bcl.AsyncInterfaces, Culture=neutral, PublicKeyToken=null'
   at System.Reflection.RuntimeAssembly.InternalLoad(AssemblyName assemblyName, StackCrawlMark& stackMark, AssemblyLoadContext assemblyLoadContext, RuntimeAssembly requestingAssembly, Boolean throwOnFileNotFound)
   at System.Reflection.Assembly.Load(AssemblyName assemblyRef)
   at Microsoft.VisualStudio.TestPlatform.Common.ExtensionFramework.TestPluginCache.CurrentDomainAssemblyResolve(Object sender, AssemblyResolveEventArgs args) in /_/src/Microsoft.TestPlatform.Common/ExtensionFramework/TestPluginCache.cs:line 514
   at System.Runtime.Loader.AssemblyLoadContext.GetFirstResolvedAssemblyFromResolvingEvent(AssemblyName assemblyName)
   at System.Runtime.Loader.AssemblyLoadContext.ResolveUsingEvent(AssemblyName assemblyName)
   at System.Runtime.Loader.AssemblyLoadContext.ResolveUsingResolvingEvent(IntPtr gchManagedAssemblyLoadContext, AssemblyName assemblyName)
TpTrace Warning: 0 : 7796, 1, 2025/05/20, 00:14:59.641, 142344604135, vstest.console.dll, LoaderExceptions: System.IO.FileNotFoundException: Could not load file or assembly 'Microsoft.Bcl.AsyncInterfaces, Version=6.0.0.0, Culture=neutral, PublicKeyToken=cc7b13ffcd2ddd51'. The system cannot find the file specified.
File name: 'Microsoft.Bcl.AsyncInterfaces, Version=6.0.0.0, Culture=neutral, PublicKeyToken=cc7b13ffcd2ddd51'
 ---> System.IO.FileNotFoundException: Could not load file or assembly 'Microsoft.Bcl.AsyncInterfaces, Culture=neutral, PublicKeyToken=null'. The system cannot find the file specified.
File name: 'Microsoft.Bcl.AsyncInterfaces, Culture=neutral, PublicKeyToken=null'
   at System.Reflection.RuntimeAssembly.InternalLoad(AssemblyName assemblyName, StackCrawlMark& stackMark, AssemblyLoadContext assemblyLoadContext, RuntimeAssembly requestingAssembly, Boolean throwOnFileNotFound)
   at System.Reflection.Assembly.Load(AssemblyName assemblyRef)
   at Microsoft.VisualStudio.TestPlatform.Common.ExtensionFramework.TestPluginCache.CurrentDomainAssemblyResolve(Object sender, AssemblyResolveEventArgs args) in /_/src/Microsoft.TestPlatform.Common/ExtensionFramework/TestPluginCache.cs:line 514
   at System.Runtime.Loader.AssemblyLoadContext.GetFirstResolvedAssemblyFromResolvingEvent(AssemblyName assemblyName)
   at System.Runtime.Loader.AssemblyLoadContext.ResolveUsingEvent(AssemblyName assemblyName)
   at System.Runtime.Loader.AssemblyLoadContext.ResolveUsingResolvingEvent(IntPtr gchManagedAssemblyLoadContext, AssemblyName assemblyName)
TpTrace Verbose: 0 : 7796, 1, 2025/05/20, 00:14:59.641, 142344604976, vstest.console.dll, MetadataReaderExtensionsHelper: Discovering extensions inside assembly 'Microsoft.TestPlatform.Extensions.BlameDataCollector, Version=15.0.0.0, Culture=neutral, PublicKeyToken=b03f5f7f11d50a3a' file path 'C:\Program Files\dotnet\sdk\9.0.100\Extensions\Microsoft.TestPlatform.Extensions.BlameDataCollector.dll'
TpTrace Information: 0 : 7796, 1, 2025/05/20, 00:14:59.642, 142344612296, vstest.console.dll, GetTestExtensionFromType: Register extension with identifier data 'logger://Microsoft/TestPlatform/Extensions/Blame/v1' and type 'Microsoft.TestPlatform.Extensions.BlameDataCollector.BlameLogger, Microsoft.TestPlatform.Extensions.BlameDataCollector, Version=15.0.0.0, Culture=neutral, PublicKeyToken=b03f5f7f11d50a3a' inside file 'C:\Program Files\dotnet\sdk\9.0.100\Extensions\Microsoft.TestPlatform.Extensions.BlameDataCollector.dll'
TpTrace Verbose: 0 : 7796, 1, 2025/05/20, 00:14:59.642, 142344613024, vstest.console.dll, MetadataReaderExtensionsHelper: Discovering extensions inside assembly 'Microsoft.TestPlatform.Extensions.EventLogCollector, Version=15.0.0.0, Culture=neutral, PublicKeyToken=b03f5f7f11d50a3a' file path 'C:\Program Files\dotnet\sdk\9.0.100\Extensions\Microsoft.TestPlatform.Extensions.EventLogCollector.dll'
TpTrace Verbose: 0 : 7796, 1, 2025/05/20, 00:14:59.643, 142344618389, vstest.console.dll, MetadataReaderExtensionsHelper: Discovering extensions inside assembly 'Microsoft.TestPlatform.TestHostRuntimeProvider, Version=15.0.0.0, Culture=neutral, PublicKeyToken=b03f5f7f11d50a3a' file path 'C:\Program Files\dotnet\sdk\9.0.100\Extensions\Microsoft.TestPlatform.TestHostRuntimeProvider.dll'
TpTrace Verbose: 0 : 7796, 1, 2025/05/20, 00:14:59.643, 142344623408, vstest.console.dll, MetadataReaderExtensionsHelper: Discovering extensions inside assembly 'Microsoft.VisualStudio.TestPlatform.Extensions.Html.TestLogger, Version=15.0.0.0, Culture=neutral, PublicKeyToken=b03f5f7f11d50a3a' file path 'C:\Program Files\dotnet\sdk\9.0.100\Extensions\Microsoft.VisualStudio.TestPlatform.Extensions.Html.TestLogger.dll'
TpTrace Information: 0 : 7796, 1, 2025/05/20, 00:14:59.644, 142344631691, vstest.console.dll, GetTestExtensionFromType: Register extension with identifier data 'logger://Microsoft/TestPlatform/HtmlLogger/v1' and type 'Microsoft.VisualStudio.TestPlatform.Extensions.HtmlLogger.HtmlLogger, Microsoft.VisualStudio.TestPlatform.Extensions.Html.TestLogger, Version=15.0.0.0, Culture=neutral, PublicKeyToken=b03f5f7f11d50a3a' inside file 'C:\Program Files\dotnet\sdk\9.0.100\Extensions\Microsoft.VisualStudio.TestPlatform.Extensions.Html.TestLogger.dll'
TpTrace Verbose: 0 : 7796, 1, 2025/05/20, 00:14:59.644, 142344632599, vstest.console.dll, MetadataReaderExtensionsHelper: Discovering extensions inside assembly 'Microsoft.VisualStudio.TestPlatform.Extensions.Trx.TestLogger, Version=15.0.0.0, Culture=neutral, PublicKeyToken=b03f5f7f11d50a3a' file path 'C:\Program Files\dotnet\sdk\9.0.100\Extensions\Microsoft.VisualStudio.TestPlatform.Extensions.Trx.TestLogger.dll'
TpTrace Information: 0 : 7796, 1, 2025/05/20, 00:14:59.645, 142344639692, vstest.console.dll, GetTestExtensionFromType: Register extension with identifier data 'logger://Microsoft/TestPlatform/TrxLogger/v1' and type 'Microsoft.VisualStudio.TestPlatform.Extensions.TrxLogger.TrxLogger, Microsoft.VisualStudio.TestPlatform.Extensions.Trx.TestLogger, Version=15.0.0.0, Culture=neutral, PublicKeyToken=b03f5f7f11d50a3a' inside file 'C:\Program Files\dotnet\sdk\9.0.100\Extensions\Microsoft.VisualStudio.TestPlatform.Extensions.Trx.TestLogger.dll'
TpTrace Verbose: 0 : 7796, 1, 2025/05/20, 00:14:59.645, 142344640621, vstest.console.dll, TestPluginCache: Discovered the extensions using extension path ''.
TpTrace Verbose: 0 : 7796, 1, 2025/05/20, 00:14:59.645, 142344641062, vstest.console.dll, TestPluginCache: Discoverers are ''.
TpTrace Verbose: 0 : 7796, 1, 2025/05/20, 00:14:59.645, 142344641382, vstest.console.dll, TestPluginCache: Executors are ''.
TpTrace Verbose: 0 : 7796, 1, 2025/05/20, 00:14:59.645, 142344641674, vstest.console.dll, TestPluginCache: Executors2 are ''.
TpTrace Verbose: 0 : 7796, 1, 2025/05/20, 00:14:59.645, 142344641967, vstest.console.dll, TestPluginCache: Setting providers are ''.
TpTrace Verbose: 0 : 7796, 1, 2025/05/20, 00:14:59.645, 142344642919, vstest.console.dll, TestPluginCache: Loggers are 'logger://Microsoft/TestPlatform/Extensions/Blame/v1,logger://Microsoft/TestPlatform/HtmlLogger/v1,logger://Microsoft/TestPlatform/TrxLogger/v1'.
TpTrace Verbose: 0 : 7796, 1, 2025/05/20, 00:14:59.645, 142344643573, vstest.console.dll, TestPluginCache: TestHosts are 'HostProvider://DefaultTestHost,HostProvider://DotnetTestHost'.
TpTrace Verbose: 0 : 7796, 1, 2025/05/20, 00:14:59.645, 142344643967, vstest.console.dll, TestPluginCache: DataCollectors are ''.
TpTrace Information: 0 : 7796, 1, 2025/05/20, 00:14:59.646, 142344653577, vstest.console.dll, TestPluginManager.CreateTestExtension: Attempting to load test extension: Microsoft.TestPlatform.Extensions.BlameDataCollector.BlameLogger
TpTrace Verbose: 0 : 7796, 1, 2025/05/20, 00:14:59.657, 142344759617, vstest.console.dll, TestEngine: Initializing Parallel Execution as MaxCpuCount is set to: 1
TpTrace Information: 0 : 7796, 1, 2025/05/20, 00:14:59.658, 142344775169, vstest.console.dll, TestPluginManager.CreateTestExtension: Attempting to load test extension: Microsoft.VisualStudio.TestPlatform.CrossPlatEngine.Hosting.DefaultTestHostManager
TpTrace Information: 0 : 7796, 1, 2025/05/20, 00:14:59.660, 142344789928, vstest.console.dll, TestPluginManager.CreateTestExtension: Attempting to load test extension: Microsoft.VisualStudio.TestPlatform.CrossPlatEngine.Hosting.DotnetTestHostManager
TpTrace Verbose: 0 : 7796, 1, 2025/05/20, 00:14:59.660, 142344792454, vstest.console.dll, TestHostManagerCallbacks.ctor: Forwarding output is enabled.
TpTrace Information: 0 : 7796, 1, 2025/05/20, 00:14:59.661, 142344796939, vstest.console.dll, InferRunSettingsHelper.IsTestSettingsEnabled: Unable to navigate to RunSettings/MSTest. Current node: RunSettings
TpTrace Verbose: 0 : 7796, 1, 2025/05/20, 00:14:59.661, 142344803715, vstest.console.dll, ParallelOperationManager.ClearSlots: Clearing all slots. Slots should accept more work: True
TpTrace Verbose: 0 : 7796, 1, 2025/05/20, 00:14:59.662, 142344809173, vstest.console.dll, ParallelOperationManager.SetOccupiedSlotCount: Setting slot counts AvailableSlotCount = 1, OccupiedSlotCount = 0.
TpTrace Verbose: 0 : 7796, 1, 2025/05/20, 00:14:59.662, 142344813659, vstest.console.dll, Occupied slots:

TpTrace Verbose: 0 : 7796, 1, 2025/05/20, 00:14:59.666, 142344852947, vstest.console.dll, TestEngine.GetExecutionManager: Chosen execution manager 'Microsoft.VisualStudio.TestPlatform.CrossPlatEngine.Client.Parallel.ParallelProxyExecutionManager, Microsoft.TestPlatform.CrossPlatEngine, Version=15.0.0.0, Culture=neutral, PublicKeyToken=b03f5f7f11d50a3a' ParallelLevel '1'.
TpTrace Verbose: 0 : 7796, 1, 2025/05/20, 00:14:59.666, 142344855126, vstest.console.dll, TestPlatform.GetSkipDefaultAdapters: Not skipping default adapters SkipDefaultAdapters was false.
TpTrace Verbose: 0 : 7796, 1, 2025/05/20, 00:14:59.667, 142344856552, vstest.console.dll, TestRunRequest.ExecuteAsync: Creating test run request.
TpTrace Verbose: 0 : 7796, 1, 2025/05/20, 00:14:59.667, 142344859465, vstest.console.dll, TestRunRequest.ExecuteAsync: Starting.
TpTrace Information: 0 : 7796, 1, 2025/05/20, 00:14:59.668, 142344871946, vstest.console.dll, TestRunRequest.ExecuteAsync: Starting run with settings:TestRunCriteria:
   KeepAlive=False,FrequencyOfRunStatsChangeEvent=10,RunStatsChangeEventTimeout=00:00:01.5000000,TestCaseFilter=,TestExecutorLauncher=
   Settingsxml=<RunSettings>
  <RunConfiguration>
    <ResultsDirectory>C:\Users\TOSHIBA\Downloads\QA path\Programming for QA\Programming Advanced for QA\06-Resources-Unit-Testing-Exercise-Dictionaries\TestApp.Tests\bin\Debug\net6.0\fine-code-coverage\coverage-tool-output</ResultsDirectory>
    <TargetPlatform>X64</TargetPlatform>
    <TargetFrameworkVersion>.NETCoreApp,Version=v6.0</TargetFrameworkVersion>
    <DesignMode>False</DesignMode>
    <CollectSourceInformation>False</CollectSourceInformation>
  </RunConfiguration>
  <LoggerRunSettings>
    <Loggers>
      <Logger friendlyName="blame" enabled="True" />
      <Logger friendlyName="Console" uri="logger://microsoft/TestPlatform/ConsoleLogger/v1" assemblyQualifiedName="Microsoft.VisualStudio.TestPlatform.CommandLine.Internal.ConsoleLogger, vstest.console, Version=15.0.0.0, Culture=neutral, PublicKeyToken=b03f5f7f11d50a3a" codeBase="C:\Program Files\dotnet\sdk\9.0.100\vstest.console.dll" enabled="True" />
    </Loggers>
  </LoggerRunSettings>
  <DataCollectionRunSettings>
    <DataCollectors>
      <DataCollector friendlyName="blame" enabled="True">
        <Configuration>
          <ResultsDirectory>C:\Users\TOSHIBA\Downloads\QA path\Programming for QA\Programming Advanced for QA\06-Resources-Unit-Testing-Exercise-Dictionaries\TestApp.Tests\bin\Debug\net6.0\fine-code-coverage\coverage-tool-output</ResultsDirectory>
        </Configuration>
      </DataCollector>
    </DataCollectors>
  </DataCollectionRunSettings>
</RunSettings>

TpTrace Verbose: 0 : 7796, 1, 2025/05/20, 00:14:59.668, 142344872638, vstest.console.dll, TestRunRequest.ExecuteAsync: Wait for the first run request is over.
TpTrace Verbose: 0 : 7796, 1, 2025/05/20, 00:14:59.668, 142344875508, vstest.console.dll, MulticastDelegateUtilities.SafeInvoke: TestRun.TestRunStart: Invoking callbacks was skipped because there are no subscribers.
TpTrace Verbose: 0 : 7796, 4, 2025/05/20, 00:14:59.669, 142344877599, vstest.console.dll, MulticastDelegateUtilities.SafeInvoke: InternalTestLoggerEvents.SendTestRunStart: Invoking callback 1/1 for Microsoft.VisualStudio.TestPlatform.CommandLine.Internal.ConsoleLogger., took 0 ms.
TpTrace Verbose: 0 : 7796, 1, 2025/05/20, 00:14:59.670, 142344888465, vstest.console.dll, ParallelProxyExecutionManager: Start execution. Total sources: 1
TpTrace Verbose: 0 : 7796, 1, 2025/05/20, 00:14:59.670, 142344891838, vstest.console.dll, ParallelOperationManager.StartWork: Starting adding 1 workloads.
TpTrace Verbose: 0 : 7796, 1, 2025/05/20, 00:14:59.670, 142344892553, vstest.console.dll, ParallelOperationManager.ClearSlots: Clearing all slots. Slots should accept more work: True
TpTrace Verbose: 0 : 7796, 1, 2025/05/20, 00:14:59.670, 142344893291, vstest.console.dll, ParallelOperationManager.SetOccupiedSlotCount: Setting slot counts AvailableSlotCount = 1, OccupiedSlotCount = 0.
TpTrace Verbose: 0 : 7796, 1, 2025/05/20, 00:14:59.670, 142344893693, vstest.console.dll, Occupied slots:

TpTrace Verbose: 0 : 7796, 1, 2025/05/20, 00:14:59.671, 142344905504, vstest.console.dll, TestHostManagerCallbacks.ctor: Forwarding output is enabled.
TpTrace Verbose: 0 : 7796, 1, 2025/05/20, 00:14:59.672, 142344907699, vstest.console.dll, TestRequestSender is acting as server.
TpTrace Verbose: 0 : 7796, 1, 2025/05/20, 00:14:59.673, 142344919453, vstest.console.dll, ParallelOperationManager.RunWorkInParallel: Adding 1 workload to slot, remaining workloads 0.
TpTrace Verbose: 0 : 7796, 1, 2025/05/20, 00:14:59.673, 142344920066, vstest.console.dll, ParallelOperationManager.SetOccupiedSlotCount: Setting slot counts AvailableSlotCount = 0, OccupiedSlotCount = 1.
TpTrace Verbose: 0 : 7796, 1, 2025/05/20, 00:14:59.673, 142344921136, vstest.console.dll, Occupied slots:
0: C:\Users\TOSHIBA\Downloads\QA path\Programming for QA\Programming Advanced for QA\06-Resources-Unit-Testing-Exercise-Dictionaries\TestApp.Tests\bin\Debug\net6.0\fine-code-coverage\build-output\TestApp.Tests.dll
TpTrace Verbose: 0 : 7796, 1, 2025/05/20, 00:14:59.674, 142344934806, vstest.console.dll, ParallelOperationManager.RunWorkInParallel: Started host in slot number 0 for work (source): C:\Users\TOSHIBA\Downloads\QA path\Programming for QA\Programming Advanced for QA\06-Resources-Unit-Testing-Exercise-Dictionaries\TestApp.Tests\bin\Debug\net6.0\fine-code-coverage\build-output\TestApp.Tests.dll.
TpTrace Verbose: 0 : 7796, 1, 2025/05/20, 00:14:59.675, 142344944951, vstest.console.dll, ParallelOperationManager.RunWorkInParallel: We started 1 work items, which is the max parallel level. Won't start more work.
TpTrace Verbose: 0 : 7796, 1, 2025/05/20, 00:14:59.676, 142344945987, vstest.console.dll, ParallelOperationManager.RunWorkInParallel: We started 1 work items in here, returning True.
TpTrace Verbose: 0 : 7796, 5, 2025/05/20, 00:14:59.675, 142344945412, vstest.console.dll, ParallelProxyExecutionManager.StartTestRunOnConcurrentManager: Initializing uninitialized client. Started clients: 0
TpTrace Information: 0 : 7796, 1, 2025/05/20, 00:14:59.676, 142344946690, vstest.console.dll, TestRunRequest.ExecuteAsync: Started.
TpTrace Verbose: 0 : 7796, 5, 2025/05/20, 00:14:59.676, 142344948168, vstest.console.dll, DataCollectionRequestSender.InitializeCommunication : Initialize communication. 
TpTrace Verbose: 0 : 7796, 1, 2025/05/20, 00:14:59.676, 142344953356, vstest.console.dll, TestRunRequest.WaitForCompletion: Waiting with timeout -1.
TpTrace Information: 0 : 7796, 5, 2025/05/20, 00:14:59.685, 142345041097, vstest.console.dll, Listening on Endpoint : 127.0.0.1:51967
TpTrace Verbose: 0 : 7796, 5, 2025/05/20, 00:14:59.693, 142345119527, vstest.console.dll, DotnetDataCollectionLauncher: Adding  --runtimeconfig "C:\Program Files\dotnet\sdk\9.0.100\datacollector.runtimeconfig.json" in args
TpTrace Verbose: 0 : 7796, 5, 2025/05/20, 00:14:59.693, 142345120720, vstest.console.dll, DotnetDataCollectionLauncher: Adding  --depsfile "C:\Program Files\dotnet\sdk\9.0.100\datacollector.deps.json" in args
TpTrace Verbose: 0 : 7796, 5, 2025/05/20, 00:14:59.693, 142345123214, vstest.console.dll, DotnetDataCollectionLauncher: Full path of dotnet.exe is C:\Program Files\dotnet\dotnet.exe
TpTrace Information: 0 : 7796, 5, 2025/05/20, 00:14:59.703, 142345220016, vstest.console.dll, ProxyDataCollectionManager.Initialize: Launched datacollector processId: 12660 port: 51967
TpTrace Information: 0 : 7796, 5, 2025/05/20, 00:14:59.703, 142345222300, vstest.console.dll, ProxyDataCollectionManager.Initialize: waiting for connection with timeout: 90 seconds
TpTrace Verbose: 0 : 7796, 5, 2025/05/20, 00:14:59.703, 142345223157, vstest.console.dll, DataCollectionRequestSender.WaitForRequestHandlerConnection : Waiting for connection with timeout: 90000
TpTrace Verbose: 0 : 7796, 5, 2025/05/20, 00:14:59.888, 142347074365, vstest.console.dll, SocketCommunicationManager.WaitForClientConnection took: 185 ms, with 90000 ms timeout, and finished with True.
TpTrace Verbose: 0 : 7796, 5, 2025/05/20, 00:14:59.889, 142347076331, vstest.console.dll, ProxyDataCollectionManager.InvokeDataCollectionServiceAction: Starting.
TpTrace Information: 0 : 7796, 5, 2025/05/20, 00:14:59.889, 142347077353, vstest.console.dll, ProxyDataCollectionManager.BeforeTestRunStart: Get environment variable and port for datacollector processId: 12660 port: 51967
TpTrace Verbose: 0 : 7796, 5, 2025/05/20, 00:14:59.889, 142347078661, vstest.console.dll, DataCollectionRequestSender.SendBeforeTestRunStartAndGetResult: Send BeforeTestRunStart message with settingsXml <RunSettings><RunConfiguration><ResultsDirectory>C:\Users\TOSHIBA\Downloads\QA path\Programming for QA\Programming Advanced for QA\06-Resources-Unit-Testing-Exercise-Dictionaries\TestApp.Tests\bin\Debug\net6.0\fine-code-coverage\coverage-tool-output</ResultsDirectory><TargetPlatform>X64</TargetPlatform><TargetFrameworkVersion>.NETCoreApp,Version=v6.0</TargetFrameworkVersion><DesignMode>False</DesignMode><CollectSourceInformation>False</CollectSourceInformation><TestAdaptersPaths>C:\Program Files\dotnet\sdk\9.0.100\Extensions</TestAdaptersPaths></RunConfiguration><LoggerRunSettings><Loggers><Logger friendlyName="blame" enabled="True" /><Logger friendlyName="Console" uri="logger://microsoft/TestPlatform/ConsoleLogger/v1" assemblyQualifiedName="Microsoft.VisualStudio.TestPlatform.CommandLine.Internal.ConsoleLogger, vstest.console, Version=15.0.0.0, Culture=neutral, PublicKeyToken=b03f5f7f11d50a3a" codeBase="C:\Program Files\dotnet\sdk\9.0.100\vstest.console.dll" enabled="True" /></Loggers></LoggerRunSettings><DataCollectionRunSettings><DataCollectors><DataCollector friendlyName="blame" enabled="True"><Configuration><ResultsDirectory>C:\Users\TOSHIBA\Downloads\QA path\Programming for QA\Programming Advanced for QA\06-Resources-Unit-Testing-Exercise-Dictionaries\TestApp.Tests\bin\Debug\net6.0\fine-code-coverage\coverage-tool-output</ResultsDirectory></Configuration></DataCollector></DataCollectors></DataCollectionRunSettings></RunSettings> and sources System.Collections.Generic.List`1[System.String]: 
TpTrace Information: 0 : 7796, 9, 2025/05/20, 00:14:59.892, 142347108211, vstest.console.dll, Using the buffer size of 16384 bytes
TpTrace Information: 0 : 7796, 9, 2025/05/20, 00:14:59.892, 142347109362, vstest.console.dll, Accepted Client request and set the flag
TpTrace Verbose: 0 : 7796, 5, 2025/05/20, 00:14:59.987, 142348062206, vstest.console.dll, DataCollectionRequestSender.SendBeforeTestRunStartAndGetResult: Received message: (DataCollection.SendMessage) -> {"MessageType":"DataCollection.SendMessage","Payload":{"FriendlyName":null,"Uri":null,"TestCaseId":"00000000-0000-0000-0000-000000000000","Message":"Logging DataCollector Diagnostics in file: C:\\Users\\TOSHIBA\\Downloads\\QA path\\Programming for QA\\Programming Advanced for QA\\06-Resources-Unit-Testing-Exercise-Dictionaries\\TestApp.Tests\\bin\\Debug\\net6.0\\fine-code-coverage\\coverage-tool-output\\diagnostics.datacollector.25-05-20_00-14-59_69314_5.log","Level":0}}
TpTrace Verbose: 0 : 7796, 5, 2025/05/20, 00:15:00.096, 142349147192, vstest.console.dll, DataCollectionRequestSender.SendBeforeTestRunStartAndGetResult: Received message: (DataCollection.BeforeTestRunStartResult) -> {"MessageType":"DataCollection.BeforeTestRunStartResult","Payload":{"EnvironmentVariables":{},"DataCollectionEventsPort":51969}}
TpTrace Information: 0 : 7796, 5, 2025/05/20, 00:15:00.100, 142349194613, vstest.console.dll, ProxyDataCollectionManager.BeforeTestRunStart: SendBeforeTestRunStartAndGetResult successful, env variable from datacollector:   and testhost port: 51969
TpTrace Information: 0 : 7796, 5, 2025/05/20, 00:15:00.100, 142349195675, vstest.console.dll, ProxyDataCollectionManager.InvokeDataCollectionServiceAction: Completed.
TpTrace Verbose: 0 : 7796, 5, 2025/05/20, 00:15:00.101, 142349196242, vstest.console.dll, ParallelProxyExecutionManager.StartTestRunOnConcurrentManager: Initializing test run. Started clients: 0
TpTrace Verbose: 0 : 7796, 5, 2025/05/20, 00:15:00.101, 142349197374, vstest.console.dll, ProxyExecutionManager: Test host is always Lazy initialize.
TpTrace Verbose: 0 : 7796, 5, 2025/05/20, 00:15:00.101, 142349200004, vstest.console.dll, TestRequestSender.InitializeCommunication: initialize communication. 
TpTrace Information: 0 : 7796, 5, 2025/05/20, 00:15:00.101, 142349205266, vstest.console.dll, SocketServer.Start: Listening on endpoint : 127.0.0.1:51970
TpTrace Verbose: 0 : 7796, 5, 2025/05/20, 00:15:00.102, 142349213335, vstest.console.dll, DotnetTestHostmanager.GetTestHostProcessStartInfo: Platform environment 'X64' target architecture 'X64' framework '.NETCoreApp,Version=v6.0' OS 'Windows'
TpTrace Verbose: 0 : 7796, 5, 2025/05/20, 00:15:00.102, 142349215598, vstest.console.dll, DotnetTestHostmanager: Adding  --runtimeconfig "C:\Users\TOSHIBA\Downloads\QA path\Programming for QA\Programming Advanced for QA\06-Resources-Unit-Testing-Exercise-Dictionaries\TestApp.Tests\bin\Debug\net6.0\fine-code-coverage\build-output\TestApp.Tests.runtimeconfig.json" in args
TpTrace Verbose: 0 : 7796, 5, 2025/05/20, 00:15:00.103, 142349216603, vstest.console.dll, DotnetTestHostmanager: Adding  --depsfile "C:\Users\TOSHIBA\Downloads\QA path\Programming for QA\Programming Advanced for QA\06-Resources-Unit-Testing-Exercise-Dictionaries\TestApp.Tests\bin\Debug\net6.0\fine-code-coverage\build-output\TestApp.Tests.deps.json" in args
TpTrace Verbose: 0 : 7796, 5, 2025/05/20, 00:15:00.103, 142349218655, vstest.console.dll, DotnetTestHostmanager.IsWinOnArm: Current PROCESSOR_ARCHITECTURE from environment variable 'AMD64'
TpTrace Verbose: 0 : 7796, 5, 2025/05/20, 00:15:00.103, 142349219248, vstest.console.dll, DotnetTestHostmanager.IsWinOnArm: Is Windows on ARM 'False'
TpTrace Verbose: 0 : 7796, 5, 2025/05/20, 00:15:00.103, 142349220133, vstest.console.dll, DotnetTestHostManager: testhost.exe found at path: C:\Users\TOSHIBA\Downloads\QA path\Programming for QA\Programming Advanced for QA\06-Resources-Unit-Testing-Exercise-Dictionaries\TestApp.Tests\bin\Debug\net6.0\fine-code-coverage\build-output\testhost.exe
TpTrace Verbose: 0 : 7796, 5, 2025/05/20, 00:15:00.103, 142349220635, vstest.console.dll, DotnetTestHostmanager: Full path of host exe is C:\Users\TOSHIBA\Downloads\QA path\Programming for QA\Programming Advanced for QA\06-Resources-Unit-Testing-Exercise-Dictionaries\TestApp.Tests\bin\Debug\net6.0\fine-code-coverage\build-output\testhost.exe
TpTrace Verbose: 0 : 7796, 5, 2025/05/20, 00:15:00.103, 142349222012, vstest.console.dll, DotnetTestHostmanager.LaunchTestHostAsync: Found 'VSTEST_WINAPPHOST_DOTNET_ROOT' in env variables, value 'C:\Program Files\dotnet', forwarding to 'DOTNET_ROOT'
TpTrace Verbose: 0 : 7796, 5, 2025/05/20, 00:15:00.103, 142349223581, vstest.console.dll, DotnetTestHostManager: Starting process 'C:\Users\TOSHIBA\Downloads\QA path\Programming for QA\Programming Advanced for QA\06-Resources-Unit-Testing-Exercise-Dictionaries\TestApp.Tests\bin\Debug\net6.0\fine-code-coverage\build-output\testhost.exe' with command line ' --runtimeconfig "C:\Users\TOSHIBA\Downloads\QA path\Programming for QA\Programming Advanced for QA\06-Resources-Unit-Testing-Exercise-Dictionaries\TestApp.Tests\bin\Debug\net6.0\fine-code-coverage\build-output\TestApp.Tests.runtimeconfig.json" --depsfile "C:\Users\TOSHIBA\Downloads\QA path\Programming for QA\Programming Advanced for QA\06-Resources-Unit-Testing-Exercise-Dictionaries\TestApp.Tests\bin\Debug\net6.0\fine-code-coverage\build-output\TestApp.Tests.deps.json" --port 51970 --endpoint 127.0.0.1:051970 --role client --parentprocessid 7796 --diag "C:\Users\TOSHIBA\Downloads\QA path\Programming for QA\Programming Advanced for QA\06-Resources-Unit-Testing-Exercise-Dictionaries\TestApp.Tests\bin\Debug\net6.0\fine-code-coverage\coverage-tool-output\diagnostics.host.25-05-20_00-15-00_10235_5.log" --tracelevel 4 --datacollectionport 51969 --telemetryoptedin false'
TpTrace Verbose: 0 : 7796, 5, 2025/05/20, 00:15:00.114, 142349327293, vstest.console.dll, MulticastDelegateUtilities.SafeInvoke: HostProviderEvents.OnHostLaunched: Invoking callback 1/2 for Microsoft.VisualStudio.TestPlatform.CrossPlatEngine.Client.ProxyExecutionManagerWithDataCollection., took 1 ms.
TpTrace Verbose: 0 : 7796, 5, 2025/05/20, 00:15:00.114, 142349332629, vstest.console.dll, Test Runtime launched
TpTrace Verbose: 0 : 7796, 5, 2025/05/20, 00:15:00.114, 142349334814, vstest.console.dll, MulticastDelegateUtilities.SafeInvoke: HostProviderEvents.OnHostLaunched: Invoking callback 2/2 for Microsoft.VisualStudio.TestPlatform.CrossPlatEngine.Client.ProxyOperationManager., took 0 ms.
TpTrace Verbose: 0 : 7796, 5, 2025/05/20, 00:15:00.115, 142349337234, vstest.console.dll, TestRequestSender.WaitForRequestHandlerConnection: waiting for connection with timeout: 90000.
TpTrace Verbose: 0 : 7796, 12, 2025/05/20, 00:15:00.317, 142351357477, vstest.console.dll, MulticastDelegateUtilities.SafeInvoke: SocketServer: ClientConnected: Invoking callback 1/1 for Microsoft.VisualStudio.TestPlatform.CommunicationUtilities.TestRequestSender., took 0 ms.
TpTrace Verbose: 0 : 7796, 5, 2025/05/20, 00:15:00.317, 142351357570, vstest.console.dll, TestRequestSender.WaitForRequestHandlerConnection: waiting took 202 ms, with timeout 90000 ms, and result 0, which is success.
TpTrace Verbose: 0 : 7796, 12, 2025/05/20, 00:15:00.317, 142351358847, vstest.console.dll, SocketServer.OnClientConnected: Client connected for endPoint: 127.0.0.1:51970, starting MessageLoopAsync:
TpTrace Verbose: 0 : 7796, 13, 2025/05/20, 00:15:00.318, 142351367579, vstest.console.dll, TcpClientExtensions.MessageLoopAsync: Polling on remoteEndPoint: 127.0.0.1:51971 localEndPoint: 127.0.0.1:51970 after 0 ms
TpTrace Verbose: 0 : 7796, 5, 2025/05/20, 00:15:00.318, 142351370590, vstest.console.dll, TestRequestSender.CheckVersionWithTestHost: Sending check version message: {"MessageType":"ProtocolVersion","Payload":7}
TpTrace Verbose: 0 : 7796, 13, 2025/05/20, 00:15:00.479, 142352983278, vstest.console.dll, TcpClientExtensions.MessageLoopAsync: NotifyDataAvailable remoteEndPoint: 127.0.0.1:51971 localEndPoint: 127.0.0.1:51970
TpTrace Verbose: 0 : 7796, 13, 2025/05/20, 00:15:00.480, 142352988645, vstest.console.dll, TestRequestSender.CheckVersionWithTestHost: onMessageReceived received message: (ProtocolVersion) -> {"MessageType":"ProtocolVersion","Payload":7}
TpTrace Verbose: 0 : 7796, 13, 2025/05/20, 00:15:00.481, 142352997013, vstest.console.dll, MulticastDelegateUtilities.SafeInvoke: LengthPrefixCommunicationChannel: MessageReceived: Invoking callback 1/1 for Microsoft.VisualStudio.TestPlatform.CommunicationUtilities.TestRequestSender+<>c__DisplayClass29_0., took 0 ms.
TpTrace Verbose: 0 : 7796, 13, 2025/05/20, 00:15:00.481, 142352999702, vstest.console.dll, TcpClientExtensions.MessageLoopAsync: Polling on remoteEndPoint: 127.0.0.1:51971 localEndPoint: 127.0.0.1:51970 after 163 ms
TpTrace Verbose: 0 : 7796, 5, 2025/05/20, 00:15:00.481, 142352999760, vstest.console.dll, TestPluginCache.GetExtensionPaths: Filtered extension paths: 
TpTrace Verbose: 0 : 7796, 5, 2025/05/20, 00:15:00.481, 142353002189, vstest.console.dll, TestPluginCache.GetExtensionPaths: Added default extension paths: C:\Program Files\dotnet\sdk\9.0.100\Extensions\Microsoft.Diagnostics.NETCore.Client.dll
C:\Program Files\dotnet\sdk\9.0.100\Extensions\Microsoft.TestPlatform.Extensions.BlameDataCollector.dll
C:\Program Files\dotnet\sdk\9.0.100\Extensions\Microsoft.TestPlatform.Extensions.EventLogCollector.dll
C:\Program Files\dotnet\sdk\9.0.100\Extensions\Microsoft.TestPlatform.TestHostRuntimeProvider.dll
C:\Program Files\dotnet\sdk\9.0.100\Extensions\Microsoft.VisualStudio.TestPlatform.Extensions.Html.TestLogger.dll
C:\Program Files\dotnet\sdk\9.0.100\Extensions\Microsoft.VisualStudio.TestPlatform.Extensions.Trx.TestLogger.dll
TpTrace Verbose: 0 : 7796, 5, 2025/05/20, 00:15:00.481, 142353003303, vstest.console.dll, TestPluginCache.GetExtensionPaths: Added unfilterableExtensionPaths: 
TpTrace Verbose: 0 : 7796, 5, 2025/05/20, 00:15:00.486, 142353048518, vstest.console.dll, TestRequestSender.InitializeExecution: Sending initialize execution with message: {"Version":7,"MessageType":"TestExecution.Initialize","Payload":["C:\\Users\\TOSHIBA\\Downloads\\QA path\\Programming for QA\\Programming Advanced for QA\\06-Resources-Unit-Testing-Exercise-Dictionaries\\TestApp.Tests\\bin\\Debug\\net6.0\\fine-code-coverage\\build-output\\NUnit3.TestAdapter.dll"]}
TpTrace Verbose: 0 : 7796, 5, 2025/05/20, 00:15:00.486, 142353050923, vstest.console.dll, ParallelProxyExecutionManager.StartTestRunOnConcurrentManager: Execution starting. Started clients: 1
TpTrace Verbose: 0 : 7796, 5, 2025/05/20, 00:15:00.486, 142353055214, vstest.console.dll, TestRunRequest:SendTestRunMessage: Starting.
TpTrace Verbose: 0 : 7796, 5, 2025/05/20, 00:15:00.487, 142353058371, vstest.console.dll, MulticastDelegateUtilities.SafeInvoke: TestRun.LogMessages: Invoking callback 1/1 for Microsoft.VisualStudio.TestPlatform.CommandLine.TestRunResultAggregator., took 0 ms.
TpTrace Verbose: 0 : 7796, 4, 2025/05/20, 00:15:00.487, 142353058369, vstest.console.dll, MulticastDelegateUtilities.SafeInvoke: InternalTestLoggerEvents.SendTestRunMessage: Invoking callback 1/1 for Microsoft.VisualStudio.TestPlatform.CommandLine.Internal.ConsoleLogger., took 0 ms.
TpTrace Information: 0 : 7796, 5, 2025/05/20, 00:15:00.487, 142353059478, vstest.console.dll, TestRunRequest:SendTestRunMessage: Completed.
TpTrace Warning: 0 : 7796, 5, 2025/05/20, 00:15:00.487, 142353065205, vstest.console.dll, InferRunSettingsHelper.MakeRunsettingsCompatible: Removing the following settings: TargetPlatform from RunSettings file. To use those settings please move to latest version of Microsoft.NET.Test.Sdk
TpTrace Verbose: 0 : 7796, 13, 2025/05/20, 00:15:00.489, 142353077188, vstest.console.dll, TcpClientExtensions.MessageLoopAsync: NotifyDataAvailable remoteEndPoint: 127.0.0.1:51971 localEndPoint: 127.0.0.1:51970
TpTrace Verbose: 0 : 7796, 13, 2025/05/20, 00:15:00.489, 142353083625, vstest.console.dll, TestRequestSender.OnExecutionMessageReceived: Received message: {"Version":7,"MessageType":"TestSession.Message","Payload":{"MessageLevel":0,"Message":"Logging TestHost Diagnostics in file: C:\\Users\\TOSHIBA\\Downloads\\QA path\\Programming for QA\\Programming Advanced for QA\\06-Resources-Unit-Testing-Exercise-Dictionaries\\TestApp.Tests\\bin\\Debug\\net6.0\\fine-code-coverage\\coverage-tool-output\\diagnostics.host.25-05-20_00-15-00_10235_5.log"}}
TpTrace Verbose: 0 : 7796, 13, 2025/05/20, 00:15:00.494, 142353129901, vstest.console.dll, TestRunRequest:SendTestRunMessage: Starting.
TpTrace Verbose: 0 : 7796, 13, 2025/05/20, 00:15:00.494, 142353134395, vstest.console.dll, MulticastDelegateUtilities.SafeInvoke: TestRun.LogMessages: Invoking callback 1/1 for Microsoft.VisualStudio.TestPlatform.CommandLine.TestRunResultAggregator., took 0 ms.
TpTrace Verbose: 0 : 7796, 4, 2025/05/20, 00:15:00.494, 142353134514, vstest.console.dll, MulticastDelegateUtilities.SafeInvoke: InternalTestLoggerEvents.SendTestRunMessage: Invoking callback 1/1 for Microsoft.VisualStudio.TestPlatform.CommandLine.Internal.ConsoleLogger., took 0 ms.
TpTrace Information: 0 : 7796, 13, 2025/05/20, 00:15:00.494, 142353135533, vstest.console.dll, TestRunRequest:SendTestRunMessage: Completed.
TpTrace Verbose: 0 : 7796, 13, 2025/05/20, 00:15:00.495, 142353137137, vstest.console.dll, MulticastDelegateUtilities.SafeInvoke: LengthPrefixCommunicationChannel: MessageReceived: Invoking callback 1/1 for Microsoft.VisualStudio.TestPlatform.CommunicationUtilities.TestRequestSender+<>c__DisplayClass34_0., took 5 ms.
TpTrace Verbose: 0 : 7796, 13, 2025/05/20, 00:15:00.495, 142353137953, vstest.console.dll, TcpClientExtensions.MessageLoopAsync: Polling on remoteEndPoint: 127.0.0.1:51971 localEndPoint: 127.0.0.1:51970 after 13 ms
TpTrace Verbose: 0 : 7796, 5, 2025/05/20, 00:15:00.500, 142353186514, vstest.console.dll, TestRequestSender.StartTestRun: Sending test run with message: {"Version":7,"MessageType":"TestExecution.StartWithSources","Payload":{"AdapterSourceMap":{"_none_":["C:\\Users\\TOSHIBA\\Downloads\\QA path\\Programming for QA\\Programming Advanced for QA\\06-Resources-Unit-Testing-Exercise-Dictionaries\\TestApp.Tests\\bin\\Debug\\net6.0\\fine-code-coverage\\build-output\\TestApp.Tests.dll"]},"RunSettings":"<RunSettings>\r\n  <RunConfiguration>\r\n    <ResultsDirectory>C:\\Users\\TOSHIBA\\Downloads\\QA path\\Programming for QA\\Programming Advanced for QA\\06-Resources-Unit-Testing-Exercise-Dictionaries\\TestApp.Tests\\bin\\Debug\\net6.0\\fine-code-coverage\\coverage-tool-output</ResultsDirectory>\r\n    <TargetFrameworkVersion>.NETCoreApp,Version=v6.0</TargetFrameworkVersion>\r\n    <DesignMode>False</DesignMode>\r\n    <CollectSourceInformation>False</CollectSourceInformation>\r\n  </RunConfiguration>\r\n  <LoggerRunSettings>\r\n    <Loggers>\r\n      <Logger friendlyName=\"blame\" enabled=\"True\" />\r\n      <Logger friendlyName=\"Console\" uri=\"logger://microsoft/TestPlatform/ConsoleLogger/v1\" assemblyQualifiedName=\"Microsoft.VisualStudio.TestPlatform.CommandLine.Internal.ConsoleLogger, vstest.console, Version=15.0.0.0, Culture=neutral, PublicKeyToken=b03f5f7f11d50a3a\" codeBase=\"C:\\Program Files\\dotnet\\sdk\\9.0.100\\vstest.console.dll\" enabled=\"True\" />\r\n    </Loggers>\r\n  </LoggerRunSettings>\r\n  <DataCollectionRunSettings>\r\n    <DataCollectors>\r\n      <DataCollector friendlyName=\"blame\" enabled=\"True\">\r\n        <Configuration>\r\n          <ResultsDirectory>C:\\Users\\TOSHIBA\\Downloads\\QA path\\Programming for QA\\Programming Advanced for QA\\06-Resources-Unit-Testing-Exercise-Dictionaries\\TestApp.Tests\\bin\\Debug\\net6.0\\fine-code-coverage\\coverage-tool-output</ResultsDirectory>\r\n        </Configuration>\r\n      </DataCollector>\r\n    </DataCollectors>\r\n  </DataCollectionRunSettings>\r\n</RunSettings>","TestExecutionContext":{"FrequencyOfRunStatsChangeEvent":10,"RunStatsChangeEventTimeout":"00:00:01.5000000","InIsolation":false,"KeepAlive":false,"AreTestCaseLevelEventsRequired":false,"IsDebug":false,"TestCaseFilter":null,"FilterOptions":null},"Package":null}}
TpTrace Verbose: 0 : 7796, 5, 2025/05/20, 00:15:00.500, 142353189005, vstest.console.dll, ParallelProxyExecutionManager.StartTestRunOnConcurrentManager: Execution started. Started clients: 1
TpTrace Verbose: 0 : 7796, 13, 2025/05/20, 00:15:00.729, 142355479055, vstest.console.dll, TcpClientExtensions.MessageLoopAsync: NotifyDataAvailable remoteEndPoint: 127.0.0.1:51971 localEndPoint: 127.0.0.1:51970
TpTrace Verbose: 0 : 7796, 13, 2025/05/20, 00:15:00.729, 142355481055, vstest.console.dll, TestRequestSender.OnExecutionMessageReceived: Received message: {"Version":7,"MessageType":"TestSession.Message","Payload":{"MessageLevel":0,"Message":"NUnit Adapter 4.4.0.0: Test execution started"}}
TpTrace Verbose: 0 : 7796, 13, 2025/05/20, 00:15:00.729, 142355483891, vstest.console.dll, TestRunRequest:SendTestRunMessage: Starting.
TpTrace Verbose: 0 : 7796, 13, 2025/05/20, 00:15:00.729, 142355484953, vstest.console.dll, MulticastDelegateUtilities.SafeInvoke: TestRun.LogMessages: Invoking callback 1/1 for Microsoft.VisualStudio.TestPlatform.CommandLine.TestRunResultAggregator., took 0 ms.
TpTrace Verbose: 0 : 7796, 4, 2025/05/20, 00:15:00.729, 142355485135, vstest.console.dll, MulticastDelegateUtilities.SafeInvoke: InternalTestLoggerEvents.SendTestRunMessage: Invoking callback 1/1 for Microsoft.VisualStudio.TestPlatform.CommandLine.Internal.ConsoleLogger., took 0 ms.
TpTrace Information: 0 : 7796, 13, 2025/05/20, 00:15:00.729, 142355485737, vstest.console.dll, TestRunRequest:SendTestRunMessage: Completed.
TpTrace Verbose: 0 : 7796, 13, 2025/05/20, 00:15:00.730, 142355486787, vstest.console.dll, MulticastDelegateUtilities.SafeInvoke: LengthPrefixCommunicationChannel: MessageReceived: Invoking callback 1/1 for Microsoft.VisualStudio.TestPlatform.CommunicationUtilities.TestRequestSender+<>c__DisplayClass34_0., took 0 ms.
TpTrace Verbose: 0 : 7796, 13, 2025/05/20, 00:15:00.730, 142355487530, vstest.console.dll, TcpClientExtensions.MessageLoopAsync: Polling on remoteEndPoint: 127.0.0.1:51971 localEndPoint: 127.0.0.1:51970 after 234 ms
TpTrace Verbose: 0 : 7796, 13, 2025/05/20, 00:15:00.784, 142356029406, vstest.console.dll, TcpClientExtensions.MessageLoopAsync: NotifyDataAvailable remoteEndPoint: 127.0.0.1:51971 localEndPoint: 127.0.0.1:51970
TpTrace Verbose: 0 : 7796, 13, 2025/05/20, 00:15:00.784, 142356032336, vstest.console.dll, TestRequestSender.OnExecutionMessageReceived: Received message: {"Version":7,"MessageType":"TestSession.Message","Payload":{"MessageLevel":0,"Message":"Running all tests in C:\\Users\\TOSHIBA\\Downloads\\QA path\\Programming for QA\\Programming Advanced for QA\\06-Resources-Unit-Testing-Exercise-Dictionaries\\TestApp.Tests\\bin\\Debug\\net6.0\\fine-code-coverage\\build-output\\TestApp.Tests.dll"}}
TpTrace Verbose: 0 : 7796, 13, 2025/05/20, 00:15:00.784, 142356035010, vstest.console.dll, TestRunRequest:SendTestRunMessage: Starting.
TpTrace Verbose: 0 : 7796, 13, 2025/05/20, 00:15:00.785, 142356036076, vstest.console.dll, MulticastDelegateUtilities.SafeInvoke: TestRun.LogMessages: Invoking callback 1/1 for Microsoft.VisualStudio.TestPlatform.CommandLine.TestRunResultAggregator., took 0 ms.
TpTrace Verbose: 0 : 7796, 4, 2025/05/20, 00:15:00.785, 142356036440, vstest.console.dll, MulticastDelegateUtilities.SafeInvoke: InternalTestLoggerEvents.SendTestRunMessage: Invoking callback 1/1 for Microsoft.VisualStudio.TestPlatform.CommandLine.Internal.ConsoleLogger., took 0 ms.
TpTrace Information: 0 : 7796, 13, 2025/05/20, 00:15:00.785, 142356036655, vstest.console.dll, TestRunRequest:SendTestRunMessage: Completed.
TpTrace Verbose: 0 : 7796, 13, 2025/05/20, 00:15:00.785, 142356037987, vstest.console.dll, MulticastDelegateUtilities.SafeInvoke: LengthPrefixCommunicationChannel: MessageReceived: Invoking callback 1/1 for Microsoft.VisualStudio.TestPlatform.CommunicationUtilities.TestRequestSender+<>c__DisplayClass34_0., took 0 ms.
TpTrace Verbose: 0 : 7796, 13, 2025/05/20, 00:15:00.785, 142356038599, vstest.console.dll, TcpClientExtensions.MessageLoopAsync: Polling on remoteEndPoint: 127.0.0.1:51971 localEndPoint: 127.0.0.1:51970 after 55 ms
TpTrace Verbose: 0 : 7796, 13, 2025/05/20, 00:15:01.071, 142358903071, vstest.console.dll, TcpClientExtensions.MessageLoopAsync: NotifyDataAvailable remoteEndPoint: 127.0.0.1:51971 localEndPoint: 127.0.0.1:51970
TpTrace Verbose: 0 : 7796, 13, 2025/05/20, 00:15:01.071, 142358905688, vstest.console.dll, TestRequestSender.OnExecutionMessageReceived: Received message: {"Version":7,"MessageType":"TestSession.Message","Payload":{"MessageLevel":0,"Message":"   NUnit3TestExecutor discovered 31 of 31 NUnit test cases using Current Discovery mode, Non-Explicit run"}}
TpTrace Verbose: 0 : 7796, 13, 2025/05/20, 00:15:01.072, 142358907933, vstest.console.dll, TestRunRequest:SendTestRunMessage: Starting.
TpTrace Verbose: 0 : 7796, 13, 2025/05/20, 00:15:01.072, 142358909279, vstest.console.dll, MulticastDelegateUtilities.SafeInvoke: TestRun.LogMessages: Invoking callback 1/1 for Microsoft.VisualStudio.TestPlatform.CommandLine.TestRunResultAggregator., took 0 ms.
TpTrace Verbose: 0 : 7796, 4, 2025/05/20, 00:15:01.072, 142358909654, vstest.console.dll, MulticastDelegateUtilities.SafeInvoke: InternalTestLoggerEvents.SendTestRunMessage: Invoking callback 1/1 for Microsoft.VisualStudio.TestPlatform.CommandLine.Internal.ConsoleLogger., took 0 ms.
TpTrace Information: 0 : 7796, 13, 2025/05/20, 00:15:01.072, 142358909995, vstest.console.dll, TestRunRequest:SendTestRunMessage: Completed.
TpTrace Verbose: 0 : 7796, 13, 2025/05/20, 00:15:01.072, 142358911519, vstest.console.dll, MulticastDelegateUtilities.SafeInvoke: LengthPrefixCommunicationChannel: MessageReceived: Invoking callback 1/1 for Microsoft.VisualStudio.TestPlatform.CommunicationUtilities.TestRequestSender+<>c__DisplayClass34_0., took 0 ms.
TpTrace Verbose: 0 : 7796, 13, 2025/05/20, 00:15:01.072, 142358912229, vstest.console.dll, TcpClientExtensions.MessageLoopAsync: Polling on remoteEndPoint: 127.0.0.1:51971 localEndPoint: 127.0.0.1:51970 after 287 ms
TpTrace Verbose: 0 : 7796, 13, 2025/05/20, 00:15:01.320, 142361390434, vstest.console.dll, TcpClientExtensions.MessageLoopAsync: NotifyDataAvailable remoteEndPoint: 127.0.0.1:51971 localEndPoint: 127.0.0.1:51970
TpTrace Verbose: 0 : 7796, 13, 2025/05/20, 00:15:01.320, 142361394801, vstest.console.dll, TestRequestSender.OnExecutionMessageReceived: Received message: {"Version":7,"MessageType":"TestExecution.StatsChange","Payload":{"NewTestResults":[{"TestCase":{"Id":"dfce661f-bd74-d9a8-93e7-66ccdc4f6951","FullyQualifiedName":"TestApp.Tests.CountCharactersTests.Test_Count_WithEmptyList_ShouldReturnEmptyString","DisplayName":"Test_Count_WithEmptyList_ShouldReturnEmptyString","ExecutorUri":"executor://NUnit3TestExecutor","Source":"C:\\Users\\TOSHIBA\\Downloads\\QA path\\Programming for QA\\Programming Advanced for QA\\06-Resources-Unit-Testing-Exercise-Dictionaries\\TestApp.Tests\\bin\\Debug\\net6.0\\fine-code-coverage\\build-output\\TestApp.Tests.dll","CodeFilePath":null,"LineNumber":0,"Properties":[{"Key":{"Id":"NUnit.Seed","Label":"Seed","Category":"","Description":"","Attributes":0,"ValueType":"System.String"},"Value":"107044065"}]},"Attachments":[],"Outcome":1,"ErrorMessage":null,"ErrorStackTrace":null,"DisplayName":"Test_Count_WithEmptyList_ShouldReturnEmptyString","Messages":[],"ComputerName":"DESKTOP-D6DHFFL","Duration":"00:00:00.0209589","StartTime":"2025-05-19T21:15:01.1138836+00:00","EndTime":"2025-05-19T21:15:01.1346778+00:00","Properties":[{"Key":{"Id":"NUnit.Seed","Label":"Seed","Category":"","Description":"","Attributes":0,"ValueType":"System.String"},"Value":"107044065"}]},{"TestCase":{"Id":"ee6e63e9-db45-41ea-0932-04c7bfd7db7f","FullyQualifiedName":"TestApp.Tests.CountCharactersTests.Test_Count_WithMultipleCharacters_ShouldReturnCountString","DisplayName":"Test_Count_WithMultipleCharacters_ShouldReturnCountString","ExecutorUri":"executor://NUnit3TestExecutor","Source":"C:\\Users\\TOSHIBA\\Downloads\\QA path\\Programming for QA\\Programming Advanced for QA\\06-Resources-Unit-Testing-Exercise-Dictionaries\\TestApp.Tests\\bin\\Debug\\net6.0\\fine-code-coverage\\build-output\\TestApp.Tests.dll","CodeFilePath":null,"LineNumber":0,"Properties":[{"Key":{"Id":"NUnit.Seed","Label":"Seed","Category":"","Description":"","Attributes":0,"ValueType":"System.String"},"Value":"1530323999"}]},"Attachments":[],"Outcome":1,"ErrorMessage":null,"ErrorStackTrace":null,"DisplayName":"Test_Count_WithMultipleCharacters_ShouldReturnCountString","Messages":[],"ComputerName":"DESKTOP-D6DHFFL","Duration":"00:00:00.0108280","StartTime":"2025-05-19T21:15:01.1379661+00:00","EndTime":"2025-05-19T21:15:01.1487941+00:00","Properties":[{"Key":{"Id":"NUnit.Seed","Label":"Seed","Category":"","Description":"","Attributes":0,"ValueType":"System.String"},"Value":"1530323999"}]},{"TestCase":{"Id":"3b93abf8-be12-53cd-6511-a5550c6928cd","FullyQualifiedName":"TestApp.Tests.CountCharactersTests.Test_Count_WithNoCharacters_ShouldReturnEmptyString","DisplayName":"Test_Count_WithNoCharacters_ShouldReturnEmptyString","ExecutorUri":"executor://NUnit3TestExecutor","Source":"C:\\Users\\TOSHIBA\\Downloads\\QA path\\Programming for QA\\Programming Advanced for QA\\06-Resources-Unit-Testing-Exercise-Dictionaries\\TestApp.Tests\\bin\\Debug\\net6.0\\fine-code-coverage\\build-output\\TestApp.Tests.dll","CodeFilePath":null,"LineNumber":0,"Properties":[{"Key":{"Id":"NUnit.Seed","Label":"Seed","Category":"","Description":"","Attributes":0,"ValueType":"System.String"},"Value":"326475635"}]},"Attachments":[],"Outcome":1,"ErrorMessage":null,"ErrorStackTrace":null,"DisplayName":"Test_Count_WithNoCharacters_ShouldReturnEmptyString","Messages":[],"ComputerName":"DESKTOP-D6DHFFL","Duration":"00:00:00.0002530","StartTime":"2025-05-19T21:15:01.1490543+00:00","EndTime":"2025-05-19T21:15:01.1493078+00:00","Properties":[{"Key":{"Id":"NUnit.Seed","Label":"Seed","Category":"","Description":"","Attributes":0,"ValueType":"System.String"},"Value":"326475635"}]},{"TestCase":{"Id":"cc72ae8d-6ea1-c0ea-aa0e-2d7d0524b16c","FullyQualifiedName":"TestApp.Tests.CountCharactersTests.Test_Count_WithSingleCharacter_ShouldReturnCountString","DisplayName":"Test_Count_WithSingleCharacter_ShouldReturnCountString","ExecutorUri":"executor://NUnit3TestExecutor","Source":"C:\\Users\\TOSHIBA\\Downloads\\QA path\\Programming for QA\\Programming Advanced for QA\\06-Resources-Unit-Testing-Exercise-Dictionaries\\TestApp.Tests\\bin\\Debug\\net6.0\\fine-code-coverage\\build-output\\TestApp.Tests.dll","CodeFilePath":null,"LineNumber":0,"Properties":[{"Key":{"Id":"NUnit.Seed","Label":"Seed","Category":"","Description":"","Attributes":0,"ValueType":"System.String"},"Value":"572371162"}]},"Attachments":[],"Outcome":1,"ErrorMessage":null,"ErrorStackTrace":null,"DisplayName":"Test_Count_WithSingleCharacter_ShouldReturnCountString","Messages":[],"ComputerName":"DESKTOP-D6DHFFL","Duration":"00:00:00.0007590","StartTime":"2025-05-19T21:15:01.1493387+00:00","EndTime":"2025-05-19T21:15:01.1500979+00:00","Properties":[{"Key":{"Id":"NUnit.Seed","Label":"Seed","Category":"","Description":"","Attributes":0,"ValueType":"System.String"},"Value":"572371162"}]},{"TestCase":{"Id":"2570cd1b-2243-20b5-3801-b39826a2d5ff","FullyQualifiedName":"TestApp.Tests.CountCharactersTests.Test_Count_WithSpecialCharacters_ShouldReturnCountString","DisplayName":"Test_Count_WithSpecialCharacters_ShouldReturnCountString","ExecutorUri":"executor://NUnit3TestExecutor","Source":"C:\\Users\\TOSHIBA\\Downloads\\QA path\\Programming for QA\\Programming Advanced for QA\\06-Resources-Unit-Testing-Exercise-Dictionaries\\TestApp.Tests\\bin\\Debug\\net6.0\\fine-code-coverage\\build-output\\TestApp.Tests.dll","CodeFilePath":null,"LineNumber":0,"Properties":[{"Key":{"Id":"NUnit.Seed","Label":"Seed","Category":"","Description":"","Attributes":0,"ValueType":"System.String"},"Value":"2079252390"}]},"Attachments":[],"Outcome":1,"ErrorMessage":null,"ErrorStackTrace":null,"DisplayName":"Test_Count_WithSpecialCharacters_ShouldReturnCountString","Messages":[],"ComputerName":"DESKTOP-D6DHFFL","Duration":"00:00:00.0003680","StartTime":"2025-05-19T21:15:01.150229+00:00","EndTime":"2025-05-19T21:15:01.1505973+00:00","Properties":[{"Key":{"Id":"NUnit.Seed","Label":"Seed","Category":"","Description":"","Attributes":0,"ValueType":"System.String"},"Value":"2079252390"}]},{"TestCase":{"Id":"5b6086f9-9960-e8b6-e2e2-3b536b1ce51a","FullyQualifiedName":"TestApp.Tests.CountRealNumbersTests.Test_Count_WithEmptyArray_ShouldReturnEmptyString","DisplayName":"Test_Count_WithEmptyArray_ShouldReturnEmptyString","ExecutorUri":"executor://NUnit3TestExecutor","Source":"C:\\Users\\TOSHIBA\\Downloads\\QA path\\Programming for QA\\Programming Advanced for QA\\06-Resources-Unit-Testing-Exercise-Dictionaries\\TestApp.Tests\\bin\\Debug\\net6.0\\fine-code-coverage\\build-output\\TestApp.Tests.dll","CodeFilePath":null,"LineNumber":0,"Properties":[{"Key":{"Id":"NUnit.Seed","Label":"Seed","Category":"","Description":"","Attributes":0,"ValueType":"System.String"},"Value":"332043405"}]},"Attachments":[],"Outcome":1,"ErrorMessage":null,"ErrorStackTrace":null,"DisplayName":"Test_Count_WithEmptyArray_ShouldReturnEmptyString","Messages":[],"ComputerName":"DESKTOP-D6DHFFL","Duration":"00:00:00.0155830","StartTime":"2025-05-19T21:15:01.1617902+00:00","EndTime":"2025-05-19T21:15:01.1773729+00:00","Properties":[{"Key":{"Id":"NUnit.Seed","Label":"Seed","Category":"","Description":"","Attributes":0,"ValueType":"System.String"},"Value":"332043405"}]},{"TestCase":{"Id":"830c6e7a-9594-28db-1ca8-cf3874363864","FullyQualifiedName":"TestApp.Tests.CountRealNumbersTests.Test_Count_WithMultipleNumbers_ShouldReturnCountString","DisplayName":"Test_Count_WithMultipleNumbers_ShouldReturnCountString","ExecutorUri":"executor://NUnit3TestExecutor","Source":"C:\\Users\\TOSHIBA\\Downloads\\QA path\\Programming for QA\\Programming Advanced for QA\\06-Resources-Unit-Testing-Exercise-Dictionaries\\TestApp.Tests\\bin\\Debug\\net6.0\\fine-code-coverage\\build-output\\TestApp.Tests.dll","CodeFilePath":null,"LineNumber":0,"Properties":[{"Key":{"Id":"NUnit.Seed","Label":"Seed","Category":"","Description":"","Attributes":0,"ValueType":"System.String"},"Value":"1408169425"}]},"Attachments":[],"Outcome":1,"ErrorMessage":null,"ErrorStackTrace":null,"DisplayName":"Test_Count_WithMultipleNumbers_ShouldReturnCountString","Messages":[],"ComputerName":"DESKTOP-D6DHFFL","Duration":"00:00:00.0051570","StartTime":"2025-05-19T21:15:01.1774097+00:00","EndTime":"2025-05-19T21:15:01.1825661+00:00","Properties":[{"Key":{"Id":"NUnit.Seed","Label":"Seed","Category":"","Description":"","Attributes":0,"ValueType":"System.String"},"Value":"1408169425"}]},{"TestCase":{"Id":"c97ee9e4-e9ee-3ff4-ed9d-9a2de5045a95","FullyQualifiedName":"TestApp.Tests.CountRealNumbersTests.Test_Count_WithNegativeNumbers_ShouldReturnCountString","DisplayName":"Test_Count_WithNegativeNumbers_ShouldReturnCountString","ExecutorUri":"executor://NUnit3TestExecutor","Source":"C:\\Users\\TOSHIBA\\Downloads\\QA path\\Programming for QA\\Programming Advanced for QA\\06-Resources-Unit-Testing-Exercise-Dictionaries\\TestApp.Tests\\bin\\Debug\\net6.0\\fine-code-coverage\\build-output\\TestApp.Tests.dll","CodeFilePath":null,"LineNumber":0,"Properties":[{"Key":{"Id":"NUnit.Seed","Label":"Seed","Category":"","Description":"","Attributes":0,"ValueType":"System.String"},"Value":"1196196159"}]},"Attachments":[],"Outcome":1,"ErrorMessage":null,"ErrorStackTrace":null,"DisplayName":"Test_Count_WithNegativeNumbers_ShouldReturnCountString","Messages":[],"ComputerName":"DESKTOP-D6DHFFL","Duration":"00:00:00.0004730","StartTime":"2025-05-19T21:15:01.1825985+00:00","EndTime":"2025-05-19T21:15:01.1830711+00:00","Properties":[{"Key":{"Id":"NUnit.Seed","Label":"Seed","Category":"","Description":"","Attributes":0,"ValueType":"System.String"},"Value":"1196196159"}]},{"TestCase":{"Id":"bede68f2-a7e6-6ef3-b676-e51607b08064","FullyQualifiedName":"TestApp.Tests.CountRealNumbersTests.Test_Count_WithSingleNumber_ShouldReturnCountString","DisplayName":"Test_Count_WithSingleNumber_ShouldReturnCountString","ExecutorUri":"executor://NUnit3TestExecutor","Source":"C:\\Users\\TOSHIBA\\Downloads\\QA path\\Programming for QA\\Programming Advanced for QA\\06-Resources-Unit-Testing-Exercise-Dictionaries\\TestApp.Tests\\bin\\Debug\\net6.0\\fine-code-coverage\\build-output\\TestApp.Tests.dll","CodeFilePath":null,"LineNumber":0,"Properties":[{"Key":{"Id":"NUnit.Seed","Label":"Seed","Category":"","Description":"","Attributes":0,"ValueType":"System.String"},"Value":"1238215724"}]},"Attachments":[],"Outcome":1,"ErrorMessage":null,"ErrorStackTrace":null,"DisplayName":"Test_Count_WithSingleNumber_ShouldReturnCountString","Messages":[],"ComputerName":"DESKTOP-D6DHFFL","Duration":"00:00:00.0002520","StartTime":"2025-05-19T21:15:01.1830962+00:00","EndTime":"2025-05-19T21:15:01.1833481+00:00","Properties":[{"Key":{"Id":"NUnit.Seed","Label":"Seed","Category":"","Description":"","Attributes":0,"ValueType":"System.String"},"Value":"1238215724"}]}],"TestRunStatistics":{"ExecutedTests":9,"Stats":{"Passed":9}},"ActiveTests":[{"Id":"9848360d-c4f7-abeb-3ac4-827a9dbe638a","FullyQualifiedName":"TestApp.Tests.CountRealNumbersTests.Test_Count_WithZero_ShouldReturnCountString","DisplayName":"Test_Count_WithZero_ShouldReturnCountString","ExecutorUri":"executor://NUnit3TestExecutor","Source":"C:\\Users\\TOSHIBA\\Downloads\\QA path\\Programming for QA\\Programming Advanced for QA\\06-Resources-Unit-Testing-Exercise-Dictionaries\\TestApp.Tests\\bin\\Debug\\net6.0\\fine-code-coverage\\build-output\\TestApp.Tests.dll","CodeFilePath":null,"LineNumber":0,"Properties":[{"Key":{"Id":"NUnit.Seed","Label":"Seed","Category":"","Description":"","Attributes":0,"ValueType":"System.String"},"Value":"1189603823"}]}]}}
TpTrace Verbose: 0 : 7796, 13, 2025/05/20, 00:15:01.368, 142361871602, vstest.console.dll, TestRunRequest:SendTestRunStatsChange: Starting.
TpTrace Verbose: 0 : 7796, 13, 2025/05/20, 00:15:01.368, 142361874371, vstest.console.dll, InProgress is Test_Count_WithZero_ShouldReturnCountString
TpTrace Verbose: 0 : 7796, 13, 2025/05/20, 00:15:01.369, 142361877533, vstest.console.dll, MulticastDelegateUtilities.SafeInvoke: TestRun.RunStatsChanged: Invoking callbacks was skipped because there are no subscribers.
TpTrace Information: 0 : 7796, 13, 2025/05/20, 00:15:01.369, 142361878046, vstest.console.dll, TestRunRequest:SendTestRunStatsChange: Completed.
TpTrace Verbose: 0 : 7796, 13, 2025/05/20, 00:15:01.369, 142361878531, vstest.console.dll, MulticastDelegateUtilities.SafeInvoke: LengthPrefixCommunicationChannel: MessageReceived: Invoking callback 1/1 for Microsoft.VisualStudio.TestPlatform.CommunicationUtilities.TestRequestSender+<>c__DisplayClass34_0., took 48 ms.
TpTrace Verbose: 0 : 7796, 13, 2025/05/20, 00:15:01.369, 142361879034, vstest.console.dll, TcpClientExtensions.MessageLoopAsync: Polling on remoteEndPoint: 127.0.0.1:51971 localEndPoint: 127.0.0.1:51970 after 296 ms
TpTrace Verbose: 0 : 7796, 13, 2025/05/20, 00:15:01.369, 142361879536, vstest.console.dll, TcpClientExtensions.MessageLoopAsync: NotifyDataAvailable remoteEndPoint: 127.0.0.1:51971 localEndPoint: 127.0.0.1:51970
TpTrace Verbose: 0 : 7796, 13, 2025/05/20, 00:15:01.369, 142361882391, vstest.console.dll, TestRequestSender.OnExecutionMessageReceived: Received message: {"Version":7,"MessageType":"TestExecution.StatsChange","Payload":{"NewTestResults":[{"TestCase":{"Id":"9848360d-c4f7-abeb-3ac4-827a9dbe638a","FullyQualifiedName":"TestApp.Tests.CountRealNumbersTests.Test_Count_WithZero_ShouldReturnCountString","DisplayName":"Test_Count_WithZero_ShouldReturnCountString","ExecutorUri":"executor://NUnit3TestExecutor","Source":"C:\\Users\\TOSHIBA\\Downloads\\QA path\\Programming for QA\\Programming Advanced for QA\\06-Resources-Unit-Testing-Exercise-Dictionaries\\TestApp.Tests\\bin\\Debug\\net6.0\\fine-code-coverage\\build-output\\TestApp.Tests.dll","CodeFilePath":null,"LineNumber":0,"Properties":[{"Key":{"Id":"NUnit.Seed","Label":"Seed","Category":"","Description":"","Attributes":0,"ValueType":"System.String"},"Value":"1189603823"}]},"Attachments":[],"Outcome":1,"ErrorMessage":null,"ErrorStackTrace":null,"DisplayName":"Test_Count_WithZero_ShouldReturnCountString","Messages":[],"ComputerName":"DESKTOP-D6DHFFL","Duration":"00:00:00.0004690","StartTime":"2025-05-19T21:15:01.1833677+00:00","EndTime":"2025-05-19T21:15:01.183836+00:00","Properties":[{"Key":{"Id":"NUnit.Seed","Label":"Seed","Category":"","Description":"","Attributes":0,"ValueType":"System.String"},"Value":"1189603823"}]},{"TestCase":{"Id":"265b169f-8e06-cc9d-5dd1-5fa95af07fc9","FullyQualifiedName":"TestApp.Tests.GroupingTests.Test_GroupNumbers_WithEmptyList_ShouldReturnEmptyString","DisplayName":"Test_GroupNumbers_WithEmptyList_ShouldReturnEmptyString","ExecutorUri":"executor://NUnit3TestExecutor","Source":"C:\\Users\\TOSHIBA\\Downloads\\QA path\\Programming for QA\\Programming Advanced for QA\\06-Resources-Unit-Testing-Exercise-Dictionaries\\TestApp.Tests\\bin\\Debug\\net6.0\\fine-code-coverage\\build-output\\TestApp.Tests.dll","CodeFilePath":null,"LineNumber":0,"Properties":[{"Key":{"Id":"NUnit.Seed","Label":"Seed","Category":"","Description":"","Attributes":0,"ValueType":"System.String"},"Value":"1279135958"}]},"Attachments":[],"Outcome":1,"ErrorMessage":null,"ErrorStackTrace":null,"DisplayName":"Test_GroupNumbers_WithEmptyList_ShouldReturnEmptyString","Messages":[],"ComputerName":"DESKTOP-D6DHFFL","Duration":"00:00:00.0069940","StartTime":"2025-05-19T21:15:01.1841286+00:00","EndTime":"2025-05-19T21:15:01.1911224+00:00","Properties":[{"Key":{"Id":"NUnit.Seed","Label":"Seed","Category":"","Description":"","Attributes":0,"ValueType":"System.String"},"Value":"1279135958"}]},{"TestCase":{"Id":"5ea7be46-895b-fa72-f71b-f3010c4bc34e","FullyQualifiedName":"TestApp.Tests.GroupingTests.Test_GroupNumbers_WithEvenAndOddNumbers_ShouldReturnGroupedString","DisplayName":"Test_GroupNumbers_WithEvenAndOddNumbers_ShouldReturnGroupedString","ExecutorUri":"executor://NUnit3TestExecutor","Source":"C:\\Users\\TOSHIBA\\Downloads\\QA path\\Programming for QA\\Programming Advanced for QA\\06-Resources-Unit-Testing-Exercise-Dictionaries\\TestApp.Tests\\bin\\Debug\\net6.0\\fine-code-coverage\\build-output\\TestApp.Tests.dll","CodeFilePath":null,"LineNumber":0,"Properties":[{"Key":{"Id":"NUnit.Seed","Label":"Seed","Category":"","Description":"","Attributes":0,"ValueType":"System.String"},"Value":"1664914871"}]},"Attachments":[],"Outcome":1,"ErrorMessage":null,"ErrorStackTrace":null,"DisplayName":"Test_GroupNumbers_WithEvenAndOddNumbers_ShouldReturnGroupedString","Messages":[],"ComputerName":"DESKTOP-D6DHFFL","Duration":"00:00:00.0030710","StartTime":"2025-05-19T21:15:01.1911836+00:00","EndTime":"2025-05-19T21:15:01.1942539+00:00","Properties":[{"Key":{"Id":"NUnit.Seed","Label":"Seed","Category":"","Description":"","Attributes":0,"ValueType":"System.String"},"Value":"1664914871"}]},{"TestCase":{"Id":"e0c1415b-f10c-eb19-b6dc-1b0615e71a7b","FullyQualifiedName":"TestApp.Tests.GroupingTests.Test_GroupNumbers_WithNegativeNumbers_ShouldReturnGroupedString","DisplayName":"Test_GroupNumbers_WithNegativeNumbers_ShouldReturnGroupedString","ExecutorUri":"executor://NUnit3TestExecutor","Source":"C:\\Users\\TOSHIBA\\Downloads\\QA path\\Programming for QA\\Programming Advanced for QA\\06-Resources-Unit-Testing-Exercise-Dictionaries\\TestApp.Tests\\bin\\Debug\\net6.0\\fine-code-coverage\\build-output\\TestApp.Tests.dll","CodeFilePath":null,"LineNumber":0,"Properties":[{"Key":{"Id":"NUnit.Seed","Label":"Seed","Category":"","Description":"","Attributes":0,"ValueType":"System.String"},"Value":"1676628824"}]},"Attachments":[],"Outcome":1,"ErrorMessage":null,"ErrorStackTrace":null,"DisplayName":"Test_GroupNumbers_WithNegativeNumbers_ShouldReturnGroupedString","Messages":[],"ComputerName":"DESKTOP-D6DHFFL","Duration":"00:00:00.0003320","StartTime":"2025-05-19T21:15:01.194292+00:00","EndTime":"2025-05-19T21:15:01.1946233+00:00","Properties":[{"Key":{"Id":"NUnit.Seed","Label":"Seed","Category":"","Description":"","Attributes":0,"ValueType":"System.String"},"Value":"1676628824"}]},{"TestCase":{"Id":"cfde4891-e0bc-60a2-70df-b2e15471acd7","FullyQualifiedName":"TestApp.Tests.GroupingTests.Test_GroupNumbers_WithOnlyEvenNumbers_ShouldReturnGroupedString","DisplayName":"Test_GroupNumbers_WithOnlyEvenNumbers_ShouldReturnGroupedString","ExecutorUri":"executor://NUnit3TestExecutor","Source":"C:\\Users\\TOSHIBA\\Downloads\\QA path\\Programming for QA\\Programming Advanced for QA\\06-Resources-Unit-Testing-Exercise-Dictionaries\\TestApp.Tests\\bin\\Debug\\net6.0\\fine-code-coverage\\build-output\\TestApp.Tests.dll","CodeFilePath":null,"LineNumber":0,"Properties":[{"Key":{"Id":"NUnit.Seed","Label":"Seed","Category":"","Description":"","Attributes":0,"ValueType":"System.String"},"Value":"31775693"}]},"Attachments":[],"Outcome":1,"ErrorMessage":null,"ErrorStackTrace":null,"DisplayName":"Test_GroupNumbers_WithOnlyEvenNumbers_ShouldReturnGroupedString","Messages":[],"ComputerName":"DESKTOP-D6DHFFL","Duration":"00:00:00.0002720","StartTime":"2025-05-19T21:15:01.1946437+00:00","EndTime":"2025-05-19T21:15:01.1949156+00:00","Properties":[{"Key":{"Id":"NUnit.Seed","Label":"Seed","Category":"","Description":"","Attributes":0,"ValueType":"System.String"},"Value":"31775693"}]},{"TestCase":{"Id":"ed56253f-592a-65d2-59b4-d17896eceebf","FullyQualifiedName":"TestApp.Tests.GroupingTests.Test_GroupNumbers_WithOnlyOddNumbers_ShouldReturnGroupedString","DisplayName":"Test_GroupNumbers_WithOnlyOddNumbers_ShouldReturnGroupedString","ExecutorUri":"executor://NUnit3TestExecutor","Source":"C:\\Users\\TOSHIBA\\Downloads\\QA path\\Programming for QA\\Programming Advanced for QA\\06-Resources-Unit-Testing-Exercise-Dictionaries\\TestApp.Tests\\bin\\Debug\\net6.0\\fine-code-coverage\\build-output\\TestApp.Tests.dll","CodeFilePath":null,"LineNumber":0,"Properties":[{"Key":{"Id":"NUnit.Seed","Label":"Seed","Category":"","Description":"","Attributes":0,"ValueType":"System.String"},"Value":"611387766"}]},"Attachments":[],"Outcome":1,"ErrorMessage":null,"ErrorStackTrace":null,"DisplayName":"Test_GroupNumbers_WithOnlyOddNumbers_ShouldReturnGroupedString","Messages":[],"ComputerName":"DESKTOP-D6DHFFL","Duration":"00:00:00.0003680","StartTime":"2025-05-19T21:15:01.1949558+00:00","EndTime":"2025-05-19T21:15:01.1953233+00:00","Properties":[{"Key":{"Id":"NUnit.Seed","Label":"Seed","Category":"","Description":"","Attributes":0,"ValueType":"System.String"},"Value":"611387766"}]},{"TestCase":{"Id":"d7eedbdc-e1e2-84b3-a7f1-1c9a980a57c1","FullyQualifiedName":"TestApp.Tests.MinerTests.Test_Mine_WithDifferentResources_ShouldReturnResourceCounts","DisplayName":"Test_Mine_WithDifferentResources_ShouldReturnResourceCounts","ExecutorUri":"executor://NUnit3TestExecutor","Source":"C:\\Users\\TOSHIBA\\Downloads\\QA path\\Programming for QA\\Programming Advanced for QA\\06-Resources-Unit-Testing-Exercise-Dictionaries\\TestApp.Tests\\bin\\Debug\\net6.0\\fine-code-coverage\\build-output\\TestApp.Tests.dll","CodeFilePath":null,"LineNumber":0,"Properties":[{"Key":{"Id":"NUnit.Seed","Label":"Seed","Category":"","Description":"","Attributes":0,"ValueType":"System.String"},"Value":"588979131"}]},"Attachments":[],"Outcome":1,"ErrorMessage":null,"ErrorStackTrace":null,"DisplayName":"Test_Mine_WithDifferentResources_ShouldReturnResourceCounts","Messages":[],"ComputerName":"DESKTOP-D6DHFFL","Duration":"00:00:00.0015490","StartTime":"2025-05-19T21:15:01.195555+00:00","EndTime":"2025-05-19T21:15:01.1971041+00:00","Properties":[{"Key":{"Id":"NUnit.Seed","Label":"Seed","Category":"","Description":"","Attributes":0,"ValueType":"System.String"},"Value":"588979131"}]},{"TestCase":{"Id":"7d47cb45-6f63-e772-b412-2a517d19cdeb","FullyQualifiedName":"TestApp.Tests.MinerTests.Test_Mine_WithEmptyInput_ShouldReturnEmptyString","DisplayName":"Test_Mine_WithEmptyInput_ShouldReturnEmptyString","ExecutorUri":"executor://NUnit3TestExecutor","Source":"C:\\Users\\TOSHIBA\\Downloads\\QA path\\Programming for QA\\Programming Advanced for QA\\06-Resources-Unit-Testing-Exercise-Dictionaries\\TestApp.Tests\\bin\\Debug\\net6.0\\fine-code-coverage\\build-output\\TestApp.Tests.dll","CodeFilePath":null,"LineNumber":0,"Properties":[{"Key":{"Id":"NUnit.Seed","Label":"Seed","Category":"","Description":"","Attributes":0,"ValueType":"System.String"},"Value":"1905837436"}]},"Attachments":[],"Outcome":1,"ErrorMessage":null,"ErrorStackTrace":null,"DisplayName":"Test_Mine_WithEmptyInput_ShouldReturnEmptyString","Messages":[],"ComputerName":"DESKTOP-D6DHFFL","Duration":"00:00:00.0002220","StartTime":"2025-05-19T21:15:01.1971331+00:00","EndTime":"2025-05-19T21:15:01.1973552+00:00","Properties":[{"Key":{"Id":"NUnit.Seed","Label":"Seed","Category":"","Description":"","Attributes":0,"ValueType":"System.String"},"Value":"1905837436"}]},{"TestCase":{"Id":"839d8222-ff2e-ed8b-6cc1-dd54240b5fd3","FullyQualifiedName":"TestApp.Tests.MinerTests.Test_Mine_WithMixedCaseResources_ShouldBeCaseInsensitive","DisplayName":"Test_Mine_WithMixedCaseResources_ShouldBeCaseInsensitive","ExecutorUri":"executor://NUnit3TestExecutor","Source":"C:\\Users\\TOSHIBA\\Downloads\\QA path\\Programming for QA\\Programming Advanced for QA\\06-Resources-Unit-Testing-Exercise-Dictionaries\\TestApp.Tests\\bin\\Debug\\net6.0\\fine-code-coverage\\build-output\\TestApp.Tests.dll","CodeFilePath":null,"LineNumber":0,"Properties":[{"Key":{"Id":"NUnit.Seed","Label":"Seed","Category":"","Description":"","Attributes":0,"ValueType":"System.String"},"Value":"1939500331"}]},"Attachments":[],"Outcome":1,"ErrorMessage":null,"ErrorStackTrace":null,"DisplayName":"Test_Mine_WithMixedCaseResources_ShouldBeCaseInsensitive","Messages":[],"ComputerName":"DESKTOP-D6DHFFL","Duration":"00:00:00.0002350","StartTime":"2025-05-19T21:15:01.19737+00:00","EndTime":"2025-05-19T21:15:01.197605+00:00","Properties":[{"Key":{"Id":"NUnit.Seed","Label":"Seed","Category":"","Description":"","Attributes":0,"ValueType":"System.String"},"Value":"1939500331"}]}],"TestRunStatistics":{"ExecutedTests":18,"Stats":{"Passed":18}},"ActiveTests":[{"Id":"77ef90c5-0634-b4ee-c481-e99623838e47","FullyQualifiedName":"TestApp.Tests.OddOccurrencesTests.Test_FindOdd_WithEmptyArray_ShouldReturnEmptyString","DisplayName":"Test_FindOdd_WithEmptyArray_ShouldReturnEmptyString","ExecutorUri":"executor://NUnit3TestExecutor","Source":"C:\\Users\\TOSHIBA\\Downloads\\QA path\\Programming for QA\\Programming Advanced for QA\\06-Resources-Unit-Testing-Exercise-Dictionaries\\TestApp.Tests\\bin\\Debug\\net6.0\\fine-code-coverage\\build-output\\TestApp.Tests.dll","CodeFilePath":null,"LineNumber":0,"Properties":[{"Key":{"Id":"NUnit.Seed","Label":"Seed","Category":"","Description":"","Attributes":0,"ValueType":"System.String"},"Value":"1910796448"}]}]}}
TpTrace Verbose: 0 : 7796, 4, 2025/05/20, 00:15:01.373, 142361923408, vstest.console.dll, MulticastDelegateUtilities.SafeInvoke: InternalTestLoggerEvents.SendTestResult: Invoking callback 1/1 for Microsoft.VisualStudio.TestPlatform.CommandLine.Internal.ConsoleLogger., took 4 ms.
TpTrace Verbose: 0 : 7796, 13, 2025/05/20, 00:15:01.374, 142361930237, vstest.console.dll, TestRunRequest:SendTestRunStatsChange: Starting.
TpTrace Verbose: 0 : 7796, 4, 2025/05/20, 00:15:01.374, 142361930194, vstest.console.dll, MulticastDelegateUtilities.SafeInvoke: InternalTestLoggerEvents.SendTestResult: Invoking callback 1/1 for Microsoft.VisualStudio.TestPlatform.CommandLine.Internal.ConsoleLogger., took 0 ms.
TpTrace Verbose: 0 : 7796, 13, 2025/05/20, 00:15:01.374, 142361931448, vstest.console.dll, InProgress is Test_FindOdd_WithEmptyArray_ShouldReturnEmptyString
TpTrace Verbose: 0 : 7796, 13, 2025/05/20, 00:15:01.374, 142361933676, vstest.console.dll, MulticastDelegateUtilities.SafeInvoke: TestRun.RunStatsChanged: Invoking callbacks was skipped because there are no subscribers.
TpTrace Verbose: 0 : 7796, 4, 2025/05/20, 00:15:01.374, 142361933666, vstest.console.dll, MulticastDelegateUtilities.SafeInvoke: InternalTestLoggerEvents.SendTestResult: Invoking callback 1/1 for Microsoft.VisualStudio.TestPlatform.CommandLine.Internal.ConsoleLogger., took 0 ms.
TpTrace Information: 0 : 7796, 13, 2025/05/20, 00:15:01.374, 142361934415, vstest.console.dll, TestRunRequest:SendTestRunStatsChange: Completed.
TpTrace Verbose: 0 : 7796, 4, 2025/05/20, 00:15:01.374, 142361935424, vstest.console.dll, MulticastDelegateUtilities.SafeInvoke: InternalTestLoggerEvents.SendTestResult: Invoking callback 1/1 for Microsoft.VisualStudio.TestPlatform.CommandLine.Internal.ConsoleLogger., took 0 ms.
TpTrace Verbose: 0 : 7796, 4, 2025/05/20, 00:15:01.375, 142361936875, vstest.console.dll, MulticastDelegateUtilities.SafeInvoke: InternalTestLoggerEvents.SendTestResult: Invoking callback 1/1 for Microsoft.VisualStudio.TestPlatform.CommandLine.Internal.ConsoleLogger., took 0 ms.
TpTrace Verbose: 0 : 7796, 13, 2025/05/20, 00:15:01.374, 142361935690, vstest.console.dll, MulticastDelegateUtilities.SafeInvoke: LengthPrefixCommunicationChannel: MessageReceived: Invoking callback 1/1 for Microsoft.VisualStudio.TestPlatform.CommunicationUtilities.TestRequestSender+<>c__DisplayClass34_0., took 5 ms.
TpTrace Verbose: 0 : 7796, 4, 2025/05/20, 00:15:01.375, 142361938148, vstest.console.dll, MulticastDelegateUtilities.SafeInvoke: InternalTestLoggerEvents.SendTestResult: Invoking callback 1/1 for Microsoft.VisualStudio.TestPlatform.CommandLine.Internal.ConsoleLogger., took 0 ms.
TpTrace Verbose: 0 : 7796, 13, 2025/05/20, 00:15:01.375, 142361938765, vstest.console.dll, TcpClientExtensions.MessageLoopAsync: Polling on remoteEndPoint: 127.0.0.1:51971 localEndPoint: 127.0.0.1:51970 after 5 ms
TpTrace Verbose: 0 : 7796, 4, 2025/05/20, 00:15:01.375, 142361938919, vstest.console.dll, MulticastDelegateUtilities.SafeInvoke: InternalTestLoggerEvents.SendTestResult: Invoking callback 1/1 for Microsoft.VisualStudio.TestPlatform.CommandLine.Internal.ConsoleLogger., took 0 ms.
TpTrace Verbose: 0 : 7796, 4, 2025/05/20, 00:15:01.375, 142361940777, vstest.console.dll, MulticastDelegateUtilities.SafeInvoke: InternalTestLoggerEvents.SendTestResult: Invoking callback 1/1 for Microsoft.VisualStudio.TestPlatform.CommandLine.Internal.ConsoleLogger., took 0 ms.
TpTrace Verbose: 0 : 7796, 4, 2025/05/20, 00:15:01.375, 142361942386, vstest.console.dll, MulticastDelegateUtilities.SafeInvoke: InternalTestLoggerEvents.SendTestResult: Invoking callback 1/1 for Microsoft.VisualStudio.TestPlatform.CommandLine.Internal.ConsoleLogger., took 0 ms.
TpTrace Verbose: 0 : 7796, 4, 2025/05/20, 00:15:01.375, 142361943740, vstest.console.dll, MulticastDelegateUtilities.SafeInvoke: InternalTestLoggerEvents.SendTestResult: Invoking callback 1/1 for Microsoft.VisualStudio.TestPlatform.CommandLine.Internal.ConsoleLogger., took 0 ms.
TpTrace Verbose: 0 : 7796, 4, 2025/05/20, 00:15:01.375, 142361944668, vstest.console.dll, MulticastDelegateUtilities.SafeInvoke: InternalTestLoggerEvents.SendTestResult: Invoking callback 1/1 for Microsoft.VisualStudio.TestPlatform.CommandLine.Internal.ConsoleLogger., took 0 ms.
TpTrace Verbose: 0 : 7796, 4, 2025/05/20, 00:15:01.375, 142361945617, vstest.console.dll, MulticastDelegateUtilities.SafeInvoke: InternalTestLoggerEvents.SendTestResult: Invoking callback 1/1 for Microsoft.VisualStudio.TestPlatform.CommandLine.Internal.ConsoleLogger., took 0 ms.
TpTrace Verbose: 0 : 7796, 4, 2025/05/20, 00:15:01.376, 142361946572, vstest.console.dll, MulticastDelegateUtilities.SafeInvoke: InternalTestLoggerEvents.SendTestResult: Invoking callback 1/1 for Microsoft.VisualStudio.TestPlatform.CommandLine.Internal.ConsoleLogger., took 0 ms.
TpTrace Verbose: 0 : 7796, 4, 2025/05/20, 00:15:01.376, 142361947886, vstest.console.dll, MulticastDelegateUtilities.SafeInvoke: InternalTestLoggerEvents.SendTestResult: Invoking callback 1/1 for Microsoft.VisualStudio.TestPlatform.CommandLine.Internal.ConsoleLogger., took 0 ms.
TpTrace Verbose: 0 : 7796, 4, 2025/05/20, 00:15:01.376, 142361948677, vstest.console.dll, MulticastDelegateUtilities.SafeInvoke: InternalTestLoggerEvents.SendTestResult: Invoking callback 1/1 for Microsoft.VisualStudio.TestPlatform.CommandLine.Internal.ConsoleLogger., took 0 ms.
TpTrace Verbose: 0 : 7796, 4, 2025/05/20, 00:15:01.376, 142361949234, vstest.console.dll, MulticastDelegateUtilities.SafeInvoke: InternalTestLoggerEvents.SendTestResult: Invoking callback 1/1 for Microsoft.VisualStudio.TestPlatform.CommandLine.Internal.ConsoleLogger., took 0 ms.
TpTrace Verbose: 0 : 7796, 4, 2025/05/20, 00:15:01.376, 142361950159, vstest.console.dll, MulticastDelegateUtilities.SafeInvoke: InternalTestLoggerEvents.SendTestResult: Invoking callback 1/1 for Microsoft.VisualStudio.TestPlatform.CommandLine.Internal.ConsoleLogger., took 0 ms.
TpTrace Verbose: 0 : 7796, 4, 2025/05/20, 00:15:01.376, 142361950839, vstest.console.dll, MulticastDelegateUtilities.SafeInvoke: InternalTestLoggerEvents.SendTestResult: Invoking callback 1/1 for Microsoft.VisualStudio.TestPlatform.CommandLine.Internal.ConsoleLogger., took 0 ms.
TpTrace Verbose: 0 : 7796, 13, 2025/05/20, 00:15:01.406, 142362248395, vstest.console.dll, TcpClientExtensions.MessageLoopAsync: NotifyDataAvailable remoteEndPoint: 127.0.0.1:51971 localEndPoint: 127.0.0.1:51970
TpTrace Verbose: 0 : 7796, 13, 2025/05/20, 00:15:01.406, 142362252460, vstest.console.dll, TestRequestSender.OnExecutionMessageReceived: Received message: {"Version":7,"MessageType":"TestExecution.StatsChange","Payload":{"NewTestResults":[{"TestCase":{"Id":"77ef90c5-0634-b4ee-c481-e99623838e47","FullyQualifiedName":"TestApp.Tests.OddOccurrencesTests.Test_FindOdd_WithEmptyArray_ShouldReturnEmptyString","DisplayName":"Test_FindOdd_WithEmptyArray_ShouldReturnEmptyString","ExecutorUri":"executor://NUnit3TestExecutor","Source":"C:\\Users\\TOSHIBA\\Downloads\\QA path\\Programming for QA\\Programming Advanced for QA\\06-Resources-Unit-Testing-Exercise-Dictionaries\\TestApp.Tests\\bin\\Debug\\net6.0\\fine-code-coverage\\build-output\\TestApp.Tests.dll","CodeFilePath":null,"LineNumber":0,"Properties":[{"Key":{"Id":"NUnit.Seed","Label":"Seed","Category":"","Description":"","Attributes":0,"ValueType":"System.String"},"Value":"1910796448"}]},"Attachments":[],"Outcome":1,"ErrorMessage":null,"ErrorStackTrace":null,"DisplayName":"Test_FindOdd_WithEmptyArray_ShouldReturnEmptyString","Messages":[],"ComputerName":"DESKTOP-D6DHFFL","Duration":"00:00:00.0006890","StartTime":"2025-05-19T21:15:01.1977784+00:00","EndTime":"2025-05-19T21:15:01.198467+00:00","Properties":[{"Key":{"Id":"NUnit.Seed","Label":"Seed","Category":"","Description":"","Attributes":0,"ValueType":"System.String"},"Value":"1910796448"}]},{"TestCase":{"Id":"57393e79-1eac-8a21-fd86-2e4b9efec2dc","FullyQualifiedName":"TestApp.Tests.OddOccurrencesTests.Test_FindOdd_WithMixedCaseWords_ShouldBeCaseInsensitive","DisplayName":"Test_FindOdd_WithMixedCaseWords_ShouldBeCaseInsensitive","ExecutorUri":"executor://NUnit3TestExecutor","Source":"C:\\Users\\TOSHIBA\\Downloads\\QA path\\Programming for QA\\Programming Advanced for QA\\06-Resources-Unit-Testing-Exercise-Dictionaries\\TestApp.Tests\\bin\\Debug\\net6.0\\fine-code-coverage\\build-output\\TestApp.Tests.dll","CodeFilePath":null,"LineNumber":0,"Properties":[{"Key":{"Id":"NUnit.Seed","Label":"Seed","Category":"","Description":"","Attributes":0,"ValueType":"System.String"},"Value":"62826885"}]},"Attachments":[],"Outcome":1,"ErrorMessage":null,"ErrorStackTrace":null,"DisplayName":"Test_FindOdd_WithMixedCaseWords_ShouldBeCaseInsensitive","Messages":[],"ComputerName":"DESKTOP-D6DHFFL","Duration":"00:00:00.0002520","StartTime":"2025-05-19T21:15:01.198489+00:00","EndTime":"2025-05-19T21:15:01.1987405+00:00","Properties":[{"Key":{"Id":"NUnit.Seed","Label":"Seed","Category":"","Description":"","Attributes":0,"ValueType":"System.String"},"Value":"62826885"}]},{"TestCase":{"Id":"d9d55658-1d2f-4346-50ae-bdd476aeddb9","FullyQualifiedName":"TestApp.Tests.OddOccurrencesTests.Test_FindOdd_WithMultipleOddOccurrences_ShouldReturnAllOddWords","DisplayName":"Test_FindOdd_WithMultipleOddOccurrences_ShouldReturnAllOddWords","ExecutorUri":"executor://NUnit3TestExecutor","Source":"C:\\Users\\TOSHIBA\\Downloads\\QA path\\Programming for QA\\Programming Advanced for QA\\06-Resources-Unit-Testing-Exercise-Dictionaries\\TestApp.Tests\\bin\\Debug\\net6.0\\fine-code-coverage\\build-output\\TestApp.Tests.dll","CodeFilePath":null,"LineNumber":0,"Properties":[{"Key":{"Id":"NUnit.Seed","Label":"Seed","Category":"","Description":"","Attributes":0,"ValueType":"System.String"},"Value":"2122446349"}]},"Attachments":[],"Outcome":1,"ErrorMessage":null,"ErrorStackTrace":null,"DisplayName":"Test_FindOdd_WithMultipleOddOccurrences_ShouldReturnAllOddWords","Messages":[],"ComputerName":"DESKTOP-D6DHFFL","Duration":"00:00:00.0001720","StartTime":"2025-05-19T21:15:01.198758+00:00","EndTime":"2025-05-19T21:15:01.1989304+00:00","Properties":[{"Key":{"Id":"NUnit.Seed","Label":"Seed","Category":"","Description":"","Attributes":0,"ValueType":"System.String"},"Value":"2122446349"}]},{"TestCase":{"Id":"c3890074-59f5-b0fd-1dec-d9931a8db04e","FullyQualifiedName":"TestApp.Tests.OddOccurrencesTests.Test_FindOdd_WithNoOddOccurrences_ShouldReturnEmptyString","DisplayName":"Test_FindOdd_WithNoOddOccurrences_ShouldReturnEmptyString","ExecutorUri":"executor://NUnit3TestExecutor","Source":"C:\\Users\\TOSHIBA\\Downloads\\QA path\\Programming for QA\\Programming Advanced for QA\\06-Resources-Unit-Testing-Exercise-Dictionaries\\TestApp.Tests\\bin\\Debug\\net6.0\\fine-code-coverage\\build-output\\TestApp.Tests.dll","CodeFilePath":null,"LineNumber":0,"Properties":[{"Key":{"Id":"NUnit.Seed","Label":"Seed","Category":"","Description":"","Attributes":0,"ValueType":"System.String"},"Value":"154552631"}]},"Attachments":[],"Outcome":1,"ErrorMessage":null,"ErrorStackTrace":null,"DisplayName":"Test_FindOdd_WithNoOddOccurrences_ShouldReturnEmptyString","Messages":[],"ComputerName":"DESKTOP-D6DHFFL","Duration":"00:00:00.0001490","StartTime":"2025-05-19T21:15:01.1989427+00:00","EndTime":"2025-05-19T21:15:01.1990914+00:00","Properties":[{"Key":{"Id":"NUnit.Seed","Label":"Seed","Category":"","Description":"","Attributes":0,"ValueType":"System.String"},"Value":"154552631"}]},{"TestCase":{"Id":"1b0ce238-dc9e-4bd2-1da7-247910624be0","FullyQualifiedName":"TestApp.Tests.OddOccurrencesTests.Test_FindOdd_WithSingleOddOccurrence_ShouldReturnTheOddWord","DisplayName":"Test_FindOdd_WithSingleOddOccurrence_ShouldReturnTheOddWord","ExecutorUri":"executor://NUnit3TestExecutor","Source":"C:\\Users\\TOSHIBA\\Downloads\\QA path\\Programming for QA\\Programming Advanced for QA\\06-Resources-Unit-Testing-Exercise-Dictionaries\\TestApp.Tests\\bin\\Debug\\net6.0\\fine-code-coverage\\build-output\\TestApp.Tests.dll","CodeFilePath":null,"LineNumber":0,"Properties":[{"Key":{"Id":"NUnit.Seed","Label":"Seed","Category":"","Description":"","Attributes":0,"ValueType":"System.String"},"Value":"1766896947"}]},"Attachments":[],"Outcome":1,"ErrorMessage":null,"ErrorStackTrace":null,"DisplayName":"Test_FindOdd_WithSingleOddOccurrence_ShouldReturnTheOddWord","Messages":[],"ComputerName":"DESKTOP-D6DHFFL","Duration":"00:00:00.0001689","StartTime":"2025-05-19T21:15:01.1991025+00:00","EndTime":"2025-05-19T21:15:01.1992715+00:00","Properties":[{"Key":{"Id":"NUnit.Seed","Label":"Seed","Category":"","Description":"","Attributes":0,"ValueType":"System.String"},"Value":"1766896947"}]},{"TestCase":{"Id":"f1487fe1-58b5-d209-4467-014d15f2c5b9","FullyQualifiedName":"TestApp.Tests.OrdersTests.Test_Order_WithDecimalQuantities_ShouldReturnTotalPrice","DisplayName":"Test_Order_WithDecimalQuantities_ShouldReturnTotalPrice","ExecutorUri":"executor://NUnit3TestExecutor","Source":"C:\\Users\\TOSHIBA\\Downloads\\QA path\\Programming for QA\\Programming Advanced for QA\\06-Resources-Unit-Testing-Exercise-Dictionaries\\TestApp.Tests\\bin\\Debug\\net6.0\\fine-code-coverage\\build-output\\TestApp.Tests.dll","CodeFilePath":null,"LineNumber":0,"Properties":[{"Key":{"Id":"NUnit.Seed","Label":"Seed","Category":"","Description":"","Attributes":0,"ValueType":"System.String"},"Value":"2137622818"}]},"Attachments":[],"Outcome":1,"ErrorMessage":null,"ErrorStackTrace":null,"DisplayName":"Test_Order_WithDecimalQuantities_ShouldReturnTotalPrice","Messages":[],"ComputerName":"DESKTOP-D6DHFFL","Duration":"00:00:00.0025360","StartTime":"2025-05-19T21:15:01.1994368+00:00","EndTime":"2025-05-19T21:15:01.2019726+00:00","Properties":[{"Key":{"Id":"NUnit.Seed","Label":"Seed","Category":"","Description":"","Attributes":0,"ValueType":"System.String"},"Value":"2137622818"}]},{"TestCase":{"Id":"f8777a9a-14a9-ddc5-ca33-687739fce843","FullyQualifiedName":"TestApp.Tests.OrdersTests.Test_Order_WithEmptyInput_ShouldReturnEmptyString","DisplayName":"Test_Order_WithEmptyInput_ShouldReturnEmptyString","ExecutorUri":"executor://NUnit3TestExecutor","Source":"C:\\Users\\TOSHIBA\\Downloads\\QA path\\Programming for QA\\Programming Advanced for QA\\06-Resources-Unit-Testing-Exercise-Dictionaries\\TestApp.Tests\\bin\\Debug\\net6.0\\fine-code-coverage\\build-output\\TestApp.Tests.dll","CodeFilePath":null,"LineNumber":0,"Properties":[{"Key":{"Id":"NUnit.Seed","Label":"Seed","Category":"","Description":"","Attributes":0,"ValueType":"System.String"},"Value":"1803524729"}]},"Attachments":[],"Outcome":1,"ErrorMessage":null,"ErrorStackTrace":null,"DisplayName":"Test_Order_WithEmptyInput_ShouldReturnEmptyString","Messages":[],"ComputerName":"DESKTOP-D6DHFFL","Duration":"00:00:00.0005870","StartTime":"2025-05-19T21:15:01.2021065+00:00","EndTime":"2025-05-19T21:15:01.202693+00:00","Properties":[{"Key":{"Id":"NUnit.Seed","Label":"Seed","Category":"","Description":"","Attributes":0,"ValueType":"System.String"},"Value":"1803524729"}]},{"TestCase":{"Id":"d3e75cda-c4b1-0e86-0375-70d999574c6a","FullyQualifiedName":"TestApp.Tests.OrdersTests.Test_Order_WithMultipleOrders_ShouldReturnTotalPrice","DisplayName":"Test_Order_WithMultipleOrders_ShouldReturnTotalPrice","ExecutorUri":"executor://NUnit3TestExecutor","Source":"C:\\Users\\TOSHIBA\\Downloads\\QA path\\Programming for QA\\Programming Advanced for QA\\06-Resources-Unit-Testing-Exercise-Dictionaries\\TestApp.Tests\\bin\\Debug\\net6.0\\fine-code-coverage\\build-output\\TestApp.Tests.dll","CodeFilePath":null,"LineNumber":0,"Properties":[{"Key":{"Id":"NUnit.Seed","Label":"Seed","Category":"","Description":"","Attributes":0,"ValueType":"System.String"},"Value":"1609575355"}]},"Attachments":[],"Outcome":1,"ErrorMessage":null,"ErrorStackTrace":null,"DisplayName":"Test_Order_WithMultipleOrders_ShouldReturnTotalPrice","Messages":[],"ComputerName":"DESKTOP-D6DHFFL","Duration":"00:00:00.0005150","StartTime":"2025-05-19T21:15:01.2027498+00:00","EndTime":"2025-05-19T21:15:01.2032643+00:00","Properties":[{"Key":{"Id":"NUnit.Seed","Label":"Seed","Category":"","Description":"","Attributes":0,"ValueType":"System.String"},"Value":"1609575355"}]},{"TestCase":{"Id":"06600a55-5aab-22ee-1596-7e2528f83e23","FullyQualifiedName":"TestApp.Tests.OrdersTests.Test_Order_WithRoundedPrices_ShouldReturnTotalPrice","DisplayName":"Test_Order_WithRoundedPrices_ShouldReturnTotalPrice","ExecutorUri":"executor://NUnit3TestExecutor","Source":"C:\\Users\\TOSHIBA\\Downloads\\QA path\\Programming for QA\\Programming Advanced for QA\\06-Resources-Unit-Testing-Exercise-Dictionaries\\TestApp.Tests\\bin\\Debug\\net6.0\\fine-code-coverage\\build-output\\TestApp.Tests.dll","CodeFilePath":null,"LineNumber":0,"Properties":[{"Key":{"Id":"NUnit.Seed","Label":"Seed","Category":"","Description":"","Attributes":0,"ValueType":"System.String"},"Value":"166480873"}]},"Attachments":[],"Outcome":1,"ErrorMessage":null,"ErrorStackTrace":null,"DisplayName":"Test_Order_WithRoundedPrices_ShouldReturnTotalPrice","Messages":[],"ComputerName":"DESKTOP-D6DHFFL","Duration":"00:00:00.0005460","StartTime":"2025-05-19T21:15:01.2033067+00:00","EndTime":"2025-05-19T21:15:01.2038525+00:00","Properties":[{"Key":{"Id":"NUnit.Seed","Label":"Seed","Category":"","Description":"","Attributes":0,"ValueType":"System.String"},"Value":"166480873"}]}],"TestRunStatistics":{"ExecutedTests":27,"Stats":{"Passed":27}},"ActiveTests":[{"Id":"4f7876a0-3e04-319f-2f77-acd69912ef48","FullyQualifiedName":"TestApp.Tests.PlantsTests.Test_GetFastestGrowing_WithEmptyArray_ShouldReturnEmptyString","DisplayName":"Test_GetFastestGrowing_WithEmptyArray_ShouldReturnEmptyString","ExecutorUri":"executor://NUnit3TestExecutor","Source":"C:\\Users\\TOSHIBA\\Downloads\\QA path\\Programming for QA\\Programming Advanced for QA\\06-Resources-Unit-Testing-Exercise-Dictionaries\\TestApp.Tests\\bin\\Debug\\net6.0\\fine-code-coverage\\build-output\\TestApp.Tests.dll","CodeFilePath":null,"LineNumber":0,"Properties":[{"Key":{"Id":"NUnit.Seed","Label":"Seed","Category":"","Description":"","Attributes":0,"ValueType":"System.String"},"Value":"1537632771"}]}]}}
TpTrace Verbose: 0 : 7796, 13, 2025/05/20, 00:15:01.409, 142362278187, vstest.console.dll, TestRunRequest:SendTestRunStatsChange: Starting.
TpTrace Verbose: 0 : 7796, 13, 2025/05/20, 00:15:01.409, 142362280106, vstest.console.dll, InProgress is Test_GetFastestGrowing_WithEmptyArray_ShouldReturnEmptyString
TpTrace Verbose: 0 : 7796, 13, 2025/05/20, 00:15:01.409, 142362281503, vstest.console.dll, MulticastDelegateUtilities.SafeInvoke: TestRun.RunStatsChanged: Invoking callbacks was skipped because there are no subscribers.
TpTrace Verbose: 0 : 7796, 4, 2025/05/20, 00:15:01.409, 142362281987, vstest.console.dll, MulticastDelegateUtilities.SafeInvoke: InternalTestLoggerEvents.SendTestResult: Invoking callback 1/1 for Microsoft.VisualStudio.TestPlatform.CommandLine.Internal.ConsoleLogger., took 0 ms.
TpTrace Information: 0 : 7796, 13, 2025/05/20, 00:15:01.409, 142362282114, vstest.console.dll, TestRunRequest:SendTestRunStatsChange: Completed.
TpTrace Verbose: 0 : 7796, 4, 2025/05/20, 00:15:01.409, 142362283551, vstest.console.dll, MulticastDelegateUtilities.SafeInvoke: InternalTestLoggerEvents.SendTestResult: Invoking callback 1/1 for Microsoft.VisualStudio.TestPlatform.CommandLine.Internal.ConsoleLogger., took 0 ms.
TpTrace Verbose: 0 : 7796, 13, 2025/05/20, 00:15:01.409, 142362283709, vstest.console.dll, MulticastDelegateUtilities.SafeInvoke: LengthPrefixCommunicationChannel: MessageReceived: Invoking callback 1/1 for Microsoft.VisualStudio.TestPlatform.CommunicationUtilities.TestRequestSender+<>c__DisplayClass34_0., took 3 ms.
TpTrace Verbose: 0 : 7796, 4, 2025/05/20, 00:15:01.409, 142362284631, vstest.console.dll, MulticastDelegateUtilities.SafeInvoke: InternalTestLoggerEvents.SendTestResult: Invoking callback 1/1 for Microsoft.VisualStudio.TestPlatform.CommandLine.Internal.ConsoleLogger., took 0 ms.
TpTrace Verbose: 0 : 7796, 13, 2025/05/20, 00:15:01.409, 142362285532, vstest.console.dll, TcpClientExtensions.MessageLoopAsync: Polling on remoteEndPoint: 127.0.0.1:51971 localEndPoint: 127.0.0.1:51970 after 34 ms
TpTrace Verbose: 0 : 7796, 4, 2025/05/20, 00:15:01.409, 142362285579, vstest.console.dll, MulticastDelegateUtilities.SafeInvoke: InternalTestLoggerEvents.SendTestResult: Invoking callback 1/1 for Microsoft.VisualStudio.TestPlatform.CommandLine.Internal.ConsoleLogger., took 0 ms.
TpTrace Verbose: 0 : 7796, 4, 2025/05/20, 00:15:01.412, 142362308542, vstest.console.dll, MulticastDelegateUtilities.SafeInvoke: InternalTestLoggerEvents.SendTestResult: Invoking callback 1/1 for Microsoft.VisualStudio.TestPlatform.CommandLine.Internal.ConsoleLogger., took 2 ms.
TpTrace Verbose: 0 : 7796, 4, 2025/05/20, 00:15:01.412, 142362311195, vstest.console.dll, MulticastDelegateUtilities.SafeInvoke: InternalTestLoggerEvents.SendTestResult: Invoking callback 1/1 for Microsoft.VisualStudio.TestPlatform.CommandLine.Internal.ConsoleLogger., took 0 ms.
TpTrace Verbose: 0 : 7796, 4, 2025/05/20, 00:15:01.412, 142362312564, vstest.console.dll, MulticastDelegateUtilities.SafeInvoke: InternalTestLoggerEvents.SendTestResult: Invoking callback 1/1 for Microsoft.VisualStudio.TestPlatform.CommandLine.Internal.ConsoleLogger., took 0 ms.
TpTrace Verbose: 0 : 7796, 4, 2025/05/20, 00:15:01.412, 142362313453, vstest.console.dll, MulticastDelegateUtilities.SafeInvoke: InternalTestLoggerEvents.SendTestResult: Invoking callback 1/1 for Microsoft.VisualStudio.TestPlatform.CommandLine.Internal.ConsoleLogger., took 0 ms.
TpTrace Verbose: 0 : 7796, 4, 2025/05/20, 00:15:01.412, 142362314276, vstest.console.dll, MulticastDelegateUtilities.SafeInvoke: InternalTestLoggerEvents.SendTestResult: Invoking callback 1/1 for Microsoft.VisualStudio.TestPlatform.CommandLine.Internal.ConsoleLogger., took 0 ms.
TpTrace Verbose: 0 : 7796, 13, 2025/05/20, 00:15:01.439, 142362580131, vstest.console.dll, TcpClientExtensions.MessageLoopAsync: NotifyDataAvailable remoteEndPoint: 127.0.0.1:51971 localEndPoint: 127.0.0.1:51970
TpTrace Verbose: 0 : 7796, 13, 2025/05/20, 00:15:01.439, 142362581979, vstest.console.dll, TestRequestSender.OnExecutionMessageReceived: Received message: {"Version":7,"MessageType":"TestSession.Message","Payload":{"MessageLevel":0,"Message":"NUnit Adapter 4.4.0.0: Test execution complete"}}
TpTrace Verbose: 0 : 7796, 13, 2025/05/20, 00:15:01.439, 142362583810, vstest.console.dll, TestRunRequest:SendTestRunMessage: Starting.
TpTrace Verbose: 0 : 7796, 13, 2025/05/20, 00:15:01.439, 142362585093, vstest.console.dll, MulticastDelegateUtilities.SafeInvoke: TestRun.LogMessages: Invoking callback 1/1 for Microsoft.VisualStudio.TestPlatform.CommandLine.TestRunResultAggregator., took 0 ms.
TpTrace Verbose: 0 : 7796, 4, 2025/05/20, 00:15:01.439, 142362585123, vstest.console.dll, MulticastDelegateUtilities.SafeInvoke: InternalTestLoggerEvents.SendTestRunMessage: Invoking callback 1/1 for Microsoft.VisualStudio.TestPlatform.CommandLine.Internal.ConsoleLogger., took 0 ms.
TpTrace Information: 0 : 7796, 13, 2025/05/20, 00:15:01.440, 142362585790, vstest.console.dll, TestRunRequest:SendTestRunMessage: Completed.
TpTrace Verbose: 0 : 7796, 13, 2025/05/20, 00:15:01.440, 142362587158, vstest.console.dll, MulticastDelegateUtilities.SafeInvoke: LengthPrefixCommunicationChannel: MessageReceived: Invoking callback 1/1 for Microsoft.VisualStudio.TestPlatform.CommunicationUtilities.TestRequestSender+<>c__DisplayClass34_0., took 0 ms.
TpTrace Verbose: 0 : 7796, 13, 2025/05/20, 00:15:01.440, 142362587876, vstest.console.dll, TcpClientExtensions.MessageLoopAsync: Polling on remoteEndPoint: 127.0.0.1:51971 localEndPoint: 127.0.0.1:51970 after 30 ms
TpTrace Verbose: 0 : 7796, 13, 2025/05/20, 00:15:01.468, 142362868397, vstest.console.dll, TcpClientExtensions.MessageLoopAsync: NotifyDataAvailable remoteEndPoint: 127.0.0.1:51971 localEndPoint: 127.0.0.1:51970
TpTrace Verbose: 0 : 7796, 13, 2025/05/20, 00:15:01.468, 142362871318, vstest.console.dll, TestRequestSender.OnExecutionMessageReceived: Received message: {"Version":7,"MessageType":"TestExecution.Completed","Payload":{"TestRunCompleteArgs":{"TestRunStatistics":{"ExecutedTests":31,"Stats":{"Passed":31}},"IsCanceled":false,"IsAborted":false,"Error":null,"AttachmentSets":[],"InvokedDataCollectors":[],"ElapsedTimeInRunningTests":"00:00:00.7563399","Metrics":{},"DiscoveredExtensions":{"TestDiscoverers":["NUnit.VisualStudio.TestAdapter.NUnit3TestDiscoverer, NUnit3.TestAdapter, Version=4.4.0.0, Culture=neutral, PublicKeyToken=4cb40d35494691ac"],"TestExecutors":["executor://NUnit3TestExecutor"],"TestExecutors2":[],"TestSettingsProviders":[]}},"LastRunTests":{"NewTestResults":[{"TestCase":{"Id":"4f7876a0-3e04-319f-2f77-acd69912ef48","FullyQualifiedName":"TestApp.Tests.PlantsTests.Test_GetFastestGrowing_WithEmptyArray_ShouldReturnEmptyString","DisplayName":"Test_GetFastestGrowing_WithEmptyArray_ShouldReturnEmptyString","ExecutorUri":"executor://NUnit3TestExecutor","Source":"C:\\Users\\TOSHIBA\\Downloads\\QA path\\Programming for QA\\Programming Advanced for QA\\06-Resources-Unit-Testing-Exercise-Dictionaries\\TestApp.Tests\\bin\\Debug\\net6.0\\fine-code-coverage\\build-output\\TestApp.Tests.dll","CodeFilePath":null,"LineNumber":0,"Properties":[{"Key":{"Id":"NUnit.Seed","Label":"Seed","Category":"","Description":"","Attributes":0,"ValueType":"System.String"},"Value":"1537632771"}]},"Attachments":[],"Outcome":1,"ErrorMessage":null,"ErrorStackTrace":null,"DisplayName":"Test_GetFastestGrowing_WithEmptyArray_ShouldReturnEmptyString","Messages":[],"ComputerName":"DESKTOP-D6DHFFL","Duration":"00:00:00.0058020","StartTime":"2025-05-19T21:15:01.2042912+00:00","EndTime":"2025-05-19T21:15:01.2100926+00:00","Properties":[{"Key":{"Id":"NUnit.Seed","Label":"Seed","Category":"","Description":"","Attributes":0,"ValueType":"System.String"},"Value":"1537632771"}]},{"TestCase":{"Id":"711a0a4f-cdea-fccb-5da7-f9f0fa65d26c","FullyQualifiedName":"TestApp.Tests.PlantsTests.Test_GetFastestGrowing_WithMixedCasePlants_ShouldBeCaseInsensitive","DisplayName":"Test_GetFastestGrowing_WithMixedCasePlants_ShouldBeCaseInsensitive","ExecutorUri":"executor://NUnit3TestExecutor","Source":"C:\\Users\\TOSHIBA\\Downloads\\QA path\\Programming for QA\\Programming Advanced for QA\\06-Resources-Unit-Testing-Exercise-Dictionaries\\TestApp.Tests\\bin\\Debug\\net6.0\\fine-code-coverage\\build-output\\TestApp.Tests.dll","CodeFilePath":null,"LineNumber":0,"Properties":[{"Key":{"Id":"NUnit.Seed","Label":"Seed","Category":"","Description":"","Attributes":0,"ValueType":"System.String"},"Value":"1412275292"}]},"Attachments":[],"Outcome":1,"ErrorMessage":null,"ErrorStackTrace":null,"DisplayName":"Test_GetFastestGrowing_WithMixedCasePlants_ShouldBeCaseInsensitive","Messages":[],"ComputerName":"DESKTOP-D6DHFFL","Duration":"00:00:00.0032690","StartTime":"2025-05-19T21:15:01.2101286+00:00","EndTime":"2025-05-19T21:15:01.2133977+00:00","Properties":[{"Key":{"Id":"NUnit.Seed","Label":"Seed","Category":"","Description":"","Attributes":0,"ValueType":"System.String"},"Value":"1412275292"}]},{"TestCase":{"Id":"9fd40482-019f-c89c-ef2f-951e16b9a8d3","FullyQualifiedName":"TestApp.Tests.PlantsTests.Test_GetFastestGrowing_WithMultiplePlants_ShouldReturnGroupedPlants","DisplayName":"Test_GetFastestGrowing_WithMultiplePlants_ShouldReturnGroupedPlants","ExecutorUri":"executor://NUnit3TestExecutor","Source":"C:\\Users\\TOSHIBA\\Downloads\\QA path\\Programming for QA\\Programming Advanced for QA\\06-Resources-Unit-Testing-Exercise-Dictionaries\\TestApp.Tests\\bin\\Debug\\net6.0\\fine-code-coverage\\build-output\\TestApp.Tests.dll","CodeFilePath":null,"LineNumber":0,"Properties":[{"Key":{"Id":"NUnit.Seed","Label":"Seed","Category":"","Description":"","Attributes":0,"ValueType":"System.String"},"Value":"1074700170"}]},"Attachments":[],"Outcome":1,"ErrorMessage":null,"ErrorStackTrace":null,"DisplayName":"Test_GetFastestGrowing_WithMultiplePlants_ShouldReturnGroupedPlants","Messages":[],"ComputerName":"DESKTOP-D6DHFFL","Duration":"00:00:00.0005130","StartTime":"2025-05-19T21:15:01.2134328+00:00","EndTime":"2025-05-19T21:15:01.2139452+00:00","Properties":[{"Key":{"Id":"NUnit.Seed","Label":"Seed","Category":"","Description":"","Attributes":0,"ValueType":"System.String"},"Value":"1074700170"}]},{"TestCase":{"Id":"cd3f8738-5057-ea1b-5247-3fe2db7dcefc","FullyQualifiedName":"TestApp.Tests.PlantsTests.Test_GetFastestGrowing_WithSinglePlant_ShouldReturnPlant","DisplayName":"Test_GetFastestGrowing_WithSinglePlant_ShouldReturnPlant","ExecutorUri":"executor://NUnit3TestExecutor","Source":"C:\\Users\\TOSHIBA\\Downloads\\QA path\\Programming for QA\\Programming Advanced for QA\\06-Resources-Unit-Testing-Exercise-Dictionaries\\TestApp.Tests\\bin\\Debug\\net6.0\\fine-code-coverage\\build-output\\TestApp.Tests.dll","CodeFilePath":null,"LineNumber":0,"Properties":[{"Key":{"Id":"NUnit.Seed","Label":"Seed","Category":"","Description":"","Attributes":0,"ValueType":"System.String"},"Value":"1652014308"}]},"Attachments":[],"Outcome":1,"ErrorMessage":null,"ErrorStackTrace":null,"DisplayName":"Test_GetFastestGrowing_WithSinglePlant_ShouldReturnPlant","Messages":[],"ComputerName":"DESKTOP-D6DHFFL","Duration":"00:00:00.0003170","StartTime":"2025-05-19T21:15:01.2139716+00:00","EndTime":"2025-05-19T21:15:01.2142884+00:00","Properties":[{"Key":{"Id":"NUnit.Seed","Label":"Seed","Category":"","Description":"","Attributes":0,"ValueType":"System.String"},"Value":"1652014308"}]}],"TestRunStatistics":{"ExecutedTests":31,"Stats":{"Passed":31}},"ActiveTests":[]},"RunAttachments":[],"ExecutorUris":["executor://nunit3testexecutor/"]}}
TpTrace Verbose: 0 : 7796, 13, 2025/05/20, 00:15:01.468, 142362874031, vstest.console.dll, TestRequestSender.EndSession: Sending end session.
TpTrace Verbose: 0 : 7796, 13, 2025/05/20, 00:15:01.468, 142362875658, vstest.console.dll, ProxyOperationManager.Close: waiting for test host to exit for 100 ms
TpTrace Warning: 0 : 7796, 9, 2025/05/20, 00:15:01.506, 142363250125, vstest.console.dll, TestHostManagerCallbacks.ErrorReceivedCallback Test host standard error line: 
TpTrace Verbose: 0 : 7796, 11, 2025/05/20, 00:15:01.506, 142363250266, vstest.console.dll, TestHostManagerCallbacks.StandardOutputReceivedCallback Test host standard output line: 
TpTrace Verbose: 0 : 7796, 9, 2025/05/20, 00:15:01.517, 142363359898, vstest.console.dll, TestHostProvider.ExitCallBack: Host exited starting callback.
TpTrace Information: 0 : 7796, 9, 2025/05/20, 00:15:01.517, 142363362866, vstest.console.dll, TestHostManagerCallbacks.ExitCallBack: Testhost processId: 5172 exited with exitcode: 0 error: ''
TpTrace Verbose: 0 : 7796, 9, 2025/05/20, 00:15:01.517, 142363363455, vstest.console.dll, DotnetTestHostManager.OnHostExited: invoking OnHostExited callback
TpTrace Verbose: 0 : 7796, 9, 2025/05/20, 00:15:01.517, 142363364024, vstest.console.dll, CrossPlatEngine.TestHostManagerHostExited: calling on client process exit callback.
TpTrace Information: 0 : 7796, 9, 2025/05/20, 00:15:01.517, 142363364619, vstest.console.dll, TestRequestSender.OnClientProcessExit: Test host process exited. Standard error: 
TpTrace Information: 0 : 7796, 13, 2025/05/20, 00:15:01.517, 142363364984, vstest.console.dll, SocketServer.Stop: Stop server endPoint: 127.0.0.1:51970
TpTrace Information: 0 : 7796, 9, 2025/05/20, 00:15:01.517, 142363365249, vstest.console.dll, SocketServer.Stop: Stop server endPoint: 127.0.0.1:51970
TpTrace Information: 0 : 7796, 13, 2025/05/20, 00:15:01.518, 142363365804, vstest.console.dll, SocketServer.Stop: Cancellation requested. Stopping message loop.
TpTrace Information: 0 : 7796, 9, 2025/05/20, 00:15:01.518, 142363366228, vstest.console.dll, SocketServer.Stop: Cancellation requested. Stopping message loop.
TpTrace Verbose: 0 : 7796, 9, 2025/05/20, 00:15:01.518, 142363367329, vstest.console.dll, MulticastDelegateUtilities.SafeInvoke: HostProviderEvents.OnHostExited: Invoking callback 1/1 for Microsoft.VisualStudio.TestPlatform.CrossPlatEngine.Client.ProxyOperationManager., took 0 ms.
TpTrace Information: 0 : 7796, 13, 2025/05/20, 00:15:01.518, 142363367737, vstest.console.dll, Closing the connection
TpTrace Verbose: 0 : 7796, 13, 2025/05/20, 00:15:01.518, 142363370072, vstest.console.dll, ProxyDataCollectionManager.InvokeDataCollectionServiceAction: Starting.
TpTrace Information: 0 : 7796, 13, 2025/05/20, 00:15:01.518, 142363370741, vstest.console.dll, ProxyDataCollectionManager.AfterTestRunEnd: Get attachment set and invoked data collectors processId: 12660 port: 51967
TpTrace Verbose: 0 : 7796, 13, 2025/05/20, 00:15:01.518, 142363371585, vstest.console.dll, DataCollectionRequestSender.SendAfterTestRunStartAndGetResult: Send AfterTestRunEnd message with isCancelled: False
TpTrace Verbose: 0 : 7796, 13, 2025/05/20, 00:15:01.526, 142363449177, vstest.console.dll, DataCollectionRequestSender.SendAfterTestRunStartAndGetResult: Received message: (DataCollection.AfterTestRunEndResult) -> {"MessageType":"DataCollection.AfterTestRunEndResult","Payload":{"AttachmentSets":[],"InvokedDataCollectors":[{"Uri":"datacollector://Microsoft/TestPlatform/Extensions/Blame/v1","FriendlyName":"Blame","AssemblyQualifiedName":"Microsoft.TestPlatform.Extensions.BlameDataCollector.BlameCollector, Microsoft.TestPlatform.Extensions.BlameDataCollector, Version=15.0.0.0, Culture=neutral, PublicKeyToken=b03f5f7f11d50a3a","FilePath":"C:\\Program Files\\dotnet\\sdk\\9.0.100\\Extensions\\Microsoft.TestPlatform.Extensions.BlameDataCollector.dll","HasAttachmentProcessor":false}],"Metrics":{}}}
TpTrace Warning: 0 : 7796, 10, 2025/05/20, 00:15:01.533, 142363517472, vstest.console.dll, DataCollectionLauncher.ErrorReceivedCallback datacollector standard error line: 
TpTrace Information: 0 : 7796, 13, 2025/05/20, 00:15:01.535, 142363540180, vstest.console.dll, ProxyDataCollectionManager.InvokeDataCollectionServiceAction: Completed.
TpTrace Information: 0 : 7796, 10, 2025/05/20, 00:15:01.547, 142363657360, vstest.console.dll, DataCollectionLauncher.ExitCallBack: Data collector exited with exitcode: 0 error: ''
TpTrace Verbose: 0 : 7796, 13, 2025/05/20, 00:15:01.587, 142364065119, vstest.console.dll, TestRunRequest:SendTestRunStatsChange: Starting.
TpTrace Verbose: 0 : 7796, 13, 2025/05/20, 00:15:01.588, 142364066338, vstest.console.dll, MulticastDelegateUtilities.SafeInvoke: TestRun.RunStatsChanged: Invoking callbacks was skipped because there are no subscribers.
TpTrace Information: 0 : 7796, 13, 2025/05/20, 00:15:01.588, 142364066854, vstest.console.dll, TestRunRequest:SendTestRunStatsChange: Completed.
TpTrace Verbose: 0 : 7796, 4, 2025/05/20, 00:15:01.588, 142364067080, vstest.console.dll, MulticastDelegateUtilities.SafeInvoke: InternalTestLoggerEvents.SendTestResult: Invoking callback 1/1 for Microsoft.VisualStudio.TestPlatform.CommandLine.Internal.ConsoleLogger., took 0 ms.
TpTrace Verbose: 0 : 7796, 4, 2025/05/20, 00:15:01.588, 142364069017, vstest.console.dll, MulticastDelegateUtilities.SafeInvoke: InternalTestLoggerEvents.SendTestResult: Invoking callback 1/1 for Microsoft.VisualStudio.TestPlatform.CommandLine.Internal.ConsoleLogger., took 0 ms.
TpTrace Verbose: 0 : 7796, 4, 2025/05/20, 00:15:01.588, 142364069736, vstest.console.dll, MulticastDelegateUtilities.SafeInvoke: InternalTestLoggerEvents.SendTestResult: Invoking callback 1/1 for Microsoft.VisualStudio.TestPlatform.CommandLine.Internal.ConsoleLogger., took 0 ms.
TpTrace Verbose: 0 : 7796, 4, 2025/05/20, 00:15:01.588, 142364070404, vstest.console.dll, MulticastDelegateUtilities.SafeInvoke: InternalTestLoggerEvents.SendTestResult: Invoking callback 1/1 for Microsoft.VisualStudio.TestPlatform.CommandLine.Internal.ConsoleLogger., took 0 ms.
TpTrace Verbose: 0 : 7796, 13, 2025/05/20, 00:15:01.588, 142364072272, vstest.console.dll, ParallelProxyExecutionManager: HandlePartialRunComplete: Total workloads = 1, Total started clients = 1 Total completed clients = 1, Run complete = True, Run canceled: False.
TpTrace Verbose: 0 : 7796, 13, 2025/05/20, 00:15:01.588, 142364072946, vstest.console.dll, ParallelProxyExecutionManager: HandlePartialRunComplete: All runs completed stopping all managers.
TpTrace Verbose: 0 : 7796, 13, 2025/05/20, 00:15:01.588, 142364073602, vstest.console.dll, ParallelOperationManager.StopAllManagers: Stopping all managers.
TpTrace Verbose: 0 : 7796, 13, 2025/05/20, 00:15:01.588, 142364074228, vstest.console.dll, ParallelOperationManager.ClearSlots: Clearing all slots. Slots should accept more work: False
TpTrace Verbose: 0 : 7796, 13, 2025/05/20, 00:15:01.588, 142364074864, vstest.console.dll, ParallelOperationManager.SetOccupiedSlotCount: Setting slot counts AvailableSlotCount = 1, OccupiedSlotCount = 0.
TpTrace Verbose: 0 : 7796, 13, 2025/05/20, 00:15:01.588, 142364075341, vstest.console.dll, Occupied slots:

TpTrace Verbose: 0 : 7796, 4, 2025/05/20, 00:15:01.599, 142364176559, vstest.console.dll, MulticastDelegateUtilities.SafeInvoke: InternalTestLoggerEvents.SendTestRunComplete: Invoking callback 1/2 for Microsoft.TestPlatform.Extensions.BlameDataCollector.BlameLogger., took 0 ms.
TpTrace Verbose: 0 : 7796, 4, 2025/05/20, 00:15:01.606, 142364249582, vstest.console.dll, MulticastDelegateUtilities.SafeInvoke: InternalTestLoggerEvents.SendTestRunComplete: Invoking callback 2/2 for Microsoft.VisualStudio.TestPlatform.CommandLine.Internal.ConsoleLogger., took 7 ms.
TpTrace Verbose: 0 : 7796, 13, 2025/05/20, 00:15:01.607, 142364257788, vstest.console.dll, TestRunRequest:TestRunComplete: Starting. IsAborted:False IsCanceled:False.
TpTrace Verbose: 0 : 7796, 13, 2025/05/20, 00:15:01.607, 142364260524, vstest.console.dll, ParallelOperationManager.DoActionOnAllManagers: Calling an action on all managers.
TpTrace Verbose: 0 : 7796, 13, 2025/05/20, 00:15:01.608, 142364274137, vstest.console.dll, TestLoggerManager.HandleTestRunComplete: Ignoring as the object is disposed.
TpTrace Verbose: 0 : 7796, 13, 2025/05/20, 00:15:01.609, 142364278025, vstest.console.dll, MulticastDelegateUtilities.SafeInvoke: TestRun.TestRunComplete: Invoking callback 1/2 for Microsoft.VisualStudio.TestPlatform.CommandLine.TestRunResultAggregator., took 0 ms.
TpTrace Verbose: 0 : 7796, 13, 2025/05/20, 00:15:01.609, 142364279936, vstest.console.dll, MulticastDelegateUtilities.SafeInvoke: TestRun.TestRunComplete: Invoking callback 2/2 for Microsoft.VisualStudio.TestPlatform.CommandLine.Processors.RunTestsArgumentExecutor+TestRunRequestEventsRegistrar., took 0 ms.
TpTrace Information: 0 : 7796, 13, 2025/05/20, 00:15:01.609, 142364281470, vstest.console.dll, TestRunRequest:TestRunComplete: Completed.
TpTrace Verbose: 0 : 7796, 1, 2025/05/20, 00:15:01.609, 142364281663, vstest.console.dll, TestRunRequest.Dispose: Starting.
TpTrace Verbose: 0 : 7796, 13, 2025/05/20, 00:15:01.609, 142364283176, vstest.console.dll, TestRequestSender.SetOperationComplete: Setting operation complete.
TpTrace Information: 0 : 7796, 1, 2025/05/20, 00:15:01.609, 142364284081, vstest.console.dll, TestRunRequest.Dispose: Completed.
TpTrace Information: 0 : 7796, 13, 2025/05/20, 00:15:01.609, 142364284336, vstest.console.dll, SocketServer.Stop: Stop server endPoint: 127.0.0.1:51970
TpTrace Information: 0 : 7796, 1, 2025/05/20, 00:15:01.609, 142364285015, vstest.console.dll, TestRequestManager.RunTests: run tests completed.
TpTrace Information: 0 : 7796, 13, 2025/05/20, 00:15:01.609, 142364285225, vstest.console.dll, SocketServer.Stop: Cancellation requested. Stopping message loop.
TpTrace Verbose: 0 : 7796, 13, 2025/05/20, 00:15:01.610, 142364286410, vstest.console.dll, MulticastDelegateUtilities.SafeInvoke: LengthPrefixCommunicationChannel: MessageReceived: Invoking callback 1/1 for Microsoft.VisualStudio.TestPlatform.CommunicationUtilities.TestRequestSender+<>c__DisplayClass34_0., took 141 ms.
TpTrace Information: 0 : 7796, 1, 2025/05/20, 00:15:01.610, 142364286469, vstest.console.dll, RunTestsArgumentProcessor:Execute: Test run is completed.
TpTrace Information: 0 : 7796, 13, 2025/05/20, 00:15:01.610, 142364287228, vstest.console.dll, SocketServer.PrivateStop: Stopping server endPoint: 127.0.0.1:51970 error: 
TpTrace Verbose: 0 : 7796, 1, 2025/05/20, 00:15:01.610, 142364291068, vstest.console.dll, Executor.Execute: Exiting with exit code of 0
TpTrace Verbose: 0 : 7796, 13, 2025/05/20, 00:15:01.610, 142364292115, vstest.console.dll, LengthPrefixCommunicationChannel.Dispose: Dispose reader and writer.
TpTrace Information: 0 : 7796, 13, 2025/05/20, 00:15:01.610, 142364294048, vstest.console.dll, SocketServer.Stop: Raise disconnected event endPoint: 127.0.0.1:51970 error: 
TpTrace Verbose: 0 : 7796, 13, 2025/05/20, 00:15:01.610, 142364295328, vstest.console.dll, TestRequestSender: OnTestRunAbort: Operation is already complete. Skip error message.
TpTrace Verbose: 0 : 7796, 13, 2025/05/20, 00:15:01.611, 142364296125, vstest.console.dll, MulticastDelegateUtilities.SafeInvoke: SocketServer: ClientDisconnected: Invoking callback 1/1 for Microsoft.VisualStudio.TestPlatform.CommunicationUtilities.TestRequestSender., took 0 ms.
TpTrace Verbose: 0 : 7796, 13, 2025/05/20, 00:15:01.611, 142364297415, vstest.console.dll, TcpClientExtensions.MessageLoopAsync: exiting MessageLoopAsync remoteEndPoint: 127.0.0.1:51971 localEndPoint: 127.0.0.1:51970
