TpTrace Verbose: 0 : 2640, 1, 2025/07/07, 00:10:19.200, 114860142823, vstest.console.dll, Version: 17.12.0-release-24508-01 Current process architecture: X64
TpTrace Verbose: 0 : 2640, 1, 2025/07/07, 00:10:19.206, 114860203080, vstest.console.dll, Runtime location: C:\Program Files\dotnet\shared\Microsoft.NETCore.App\9.0.0
TpTrace Verbose: 0 : 2640, 1, 2025/07/07, 00:10:19.215, 114860286956, vstest.console.dll, ArtifactProcessingPostProcessModeProcessorExecutor.Initialize: ArtifactProcessingMode.Collect
TpTrace Verbose: 0 : 2640, 1, 2025/07/07, 00:10:19.215, 114860288677, vstest.console.dll, TestSessionCorrelationIdProcessorModeProcessorExecutor.Initialize: TestSessionCorrelationId '2424_ce8fdeda-efe5-4c4d-a2ba-9ce8d58fc3c0'
TpTrace Information: 0 : 2640, 1, 2025/07/07, 00:10:19.226, 114860397097, vstest.console.dll, FilePatternParser: The given file C:\Users\TOSHIBA\Downloads\QA path\Programming for QA\Programming Advanced for QA\09-Resources-Unit-Testing-Exercise-Classes\TestApp.UnitTests\bin\Debug\net6.0\fine-code-coverage\build-output\TestApp.UnitTests.dll is a full path.
TpTrace Verbose: 0 : 2640, 1, 2025/07/07, 00:10:19.243, 114860564957, vstest.console.dll, TestPluginCache.DiscoverTestExtensions: finding test extensions in assemblies ends with: RuntimeProvider.dll TPluginInfo: Microsoft.VisualStudio.TestPlatform.Common.ExtensionFramework.Utilities.TestRuntimePluginInformation TExtension: Microsoft.VisualStudio.TestPlatform.ObjectModel.Host.ITestRuntimeProvider
TpTrace Verbose: 0 : 2640, 1, 2025/07/07, 00:10:19.243, 114860569373, vstest.console.dll, TestPluginCache.GetExtensionPaths: Filtered extension paths: 
TpTrace Verbose: 0 : 2640, 1, 2025/07/07, 00:10:19.243, 114860570426, vstest.console.dll, TestPluginCache.GetExtensionPaths: Added default extension paths: C:\Program Files\dotnet\sdk\9.0.100\Extensions\Microsoft.Diagnostics.NETCore.Client.dll
C:\Program Files\dotnet\sdk\9.0.100\Extensions\Microsoft.TestPlatform.Extensions.BlameDataCollector.dll
C:\Program Files\dotnet\sdk\9.0.100\Extensions\Microsoft.TestPlatform.Extensions.EventLogCollector.dll
C:\Program Files\dotnet\sdk\9.0.100\Extensions\Microsoft.TestPlatform.TestHostRuntimeProvider.dll
C:\Program Files\dotnet\sdk\9.0.100\Extensions\Microsoft.VisualStudio.TestPlatform.Extensions.Html.TestLogger.dll
C:\Program Files\dotnet\sdk\9.0.100\Extensions\Microsoft.VisualStudio.TestPlatform.Extensions.Trx.TestLogger.dll
TpTrace Verbose: 0 : 2640, 1, 2025/07/07, 00:10:19.243, 114860570946, vstest.console.dll, TestPluginCache.GetExtensionPaths: Added unfilterableExtensionPaths: 
TpTrace Information: 0 : 2640, 1, 2025/07/07, 00:10:19.244, 114860580216, vstest.console.dll, AssemblyResolver.ctor: Creating AssemblyResolver with searchDirectories C:\Program Files\dotnet\sdk\9.0.100\Extensions,C:\Program Files\dotnet\sdk\9.0.100
TpTrace Verbose: 0 : 2640, 1, 2025/07/07, 00:10:19.247, 114860609927, vstest.console.dll, TestPluginCache.DiscoverTestExtensions: Discovering the extensions using extension path.
TpTrace Verbose: 0 : 2640, 1, 2025/07/07, 00:10:19.247, 114860611804, vstest.console.dll, TestPluginCache.GetExtensionPaths: Filtered extension paths: 
TpTrace Verbose: 0 : 2640, 1, 2025/07/07, 00:10:19.247, 114860612328, vstest.console.dll, TestPluginCache.GetExtensionPaths: Added default extension paths: C:\Program Files\dotnet\sdk\9.0.100\Extensions\Microsoft.Diagnostics.NETCore.Client.dll
C:\Program Files\dotnet\sdk\9.0.100\Extensions\Microsoft.TestPlatform.Extensions.BlameDataCollector.dll
C:\Program Files\dotnet\sdk\9.0.100\Extensions\Microsoft.TestPlatform.Extensions.EventLogCollector.dll
C:\Program Files\dotnet\sdk\9.0.100\Extensions\Microsoft.TestPlatform.TestHostRuntimeProvider.dll
C:\Program Files\dotnet\sdk\9.0.100\Extensions\Microsoft.VisualStudio.TestPlatform.Extensions.Html.TestLogger.dll
C:\Program Files\dotnet\sdk\9.0.100\Extensions\Microsoft.VisualStudio.TestPlatform.Extensions.Trx.TestLogger.dll
TpTrace Verbose: 0 : 2640, 1, 2025/07/07, 00:10:19.247, 114860612723, vstest.console.dll, TestPluginCache.GetExtensionPaths: Added unfilterableExtensionPaths: 
TpTrace Verbose: 0 : 2640, 1, 2025/07/07, 00:10:19.248, 114860614103, vstest.console.dll, TestPluginCache.DiscoverTestExtensions: Discovering the extensions using allExtensionPaths: C:\Program Files\dotnet\sdk\9.0.100\Extensions\Microsoft.Diagnostics.NETCore.Client.dll
C:\Program Files\dotnet\sdk\9.0.100\Extensions\Microsoft.TestPlatform.Extensions.BlameDataCollector.dll
C:\Program Files\dotnet\sdk\9.0.100\Extensions\Microsoft.TestPlatform.Extensions.EventLogCollector.dll
C:\Program Files\dotnet\sdk\9.0.100\Extensions\Microsoft.TestPlatform.TestHostRuntimeProvider.dll
C:\Program Files\dotnet\sdk\9.0.100\Extensions\Microsoft.VisualStudio.TestPlatform.Extensions.Html.TestLogger.dll
C:\Program Files\dotnet\sdk\9.0.100\Extensions\Microsoft.VisualStudio.TestPlatform.Extensions.Trx.TestLogger.dll
TpTrace Information: 0 : 2640, 1, 2025/07/07, 00:10:19.248, 114860615432, vstest.console.dll, AssemblyResolver.AddSearchDirectories: Adding more searchDirectories C:\Program Files\dotnet\sdk\9.0.100\Extensions,C:\Program Files\dotnet\sdk\9.0.100
TpTrace Information: 0 : 2640, 1, 2025/07/07, 00:10:19.248, 114860616262, vstest.console.dll, AssemblyResolver.AddSearchDirectories: Adding more searchDirectories C:\Program Files\dotnet\sdk\9.0.100\Extensions,C:\Program Files\dotnet\sdk\9.0.100
TpTrace Information: 0 : 2640, 1, 2025/07/07, 00:10:19.248, 114860616701, vstest.console.dll, AssemblyResolver.AddSearchDirectories: Adding more searchDirectories C:\Program Files\dotnet\sdk\9.0.100\Extensions,C:\Program Files\dotnet\sdk\9.0.100
TpTrace Information: 0 : 2640, 1, 2025/07/07, 00:10:19.248, 114860617083, vstest.console.dll, AssemblyResolver.AddSearchDirectories: Adding more searchDirectories C:\Program Files\dotnet\sdk\9.0.100\Extensions,C:\Program Files\dotnet\sdk\9.0.100
TpTrace Information: 0 : 2640, 1, 2025/07/07, 00:10:19.248, 114860617542, vstest.console.dll, AssemblyResolver.AddSearchDirectories: Adding more searchDirectories C:\Program Files\dotnet\sdk\9.0.100\Extensions,C:\Program Files\dotnet\sdk\9.0.100
TpTrace Information: 0 : 2640, 1, 2025/07/07, 00:10:19.248, 114860617911, vstest.console.dll, AssemblyResolver.AddSearchDirectories: Adding more searchDirectories C:\Program Files\dotnet\sdk\9.0.100\Extensions,C:\Program Files\dotnet\sdk\9.0.100
TpTrace Information: 0 : 2640, 1, 2025/07/07, 00:10:19.249, 114860624016, vstest.console.dll, AssemblyResolver.OnResolve: Microsoft.Diagnostics.NETCore.Client: Resolving assembly.
TpTrace Information: 0 : 2640, 1, 2025/07/07, 00:10:19.249, 114860624942, vstest.console.dll, AssemblyResolver.OnResolve: Microsoft.Diagnostics.NETCore.Client: Searching in: 'C:\Program Files\dotnet\sdk\9.0.100\Extensions'.
TpTrace Information: 0 : 2640, 1, 2025/07/07, 00:10:19.282, 114860956625, vstest.console.dll, AssemblyResolver.OnResolve: Microsoft.Diagnostics.NETCore.Client: Loading assembly 'C:\Program Files\dotnet\sdk\9.0.100\Extensions\Microsoft.Diagnostics.NETCore.Client.dll'.
TpTrace Information: 0 : 2640, 1, 2025/07/07, 00:10:19.285, 114860985667, vstest.console.dll, AssemblyResolver.OnResolve: Resolved assembly: Microsoft.Diagnostics.NETCore.Client, from path: C:\Program Files\dotnet\sdk\9.0.100\Extensions\Microsoft.Diagnostics.NETCore.Client.dll
TpTrace Verbose: 0 : 2640, 1, 2025/07/07, 00:10:19.286, 114860999183, vstest.console.dll, MetadataReaderExtensionsHelper: Discovering extensions inside assembly 'Microsoft.Diagnostics.NETCore.Client, Version=0.2.10.41601, Culture=neutral, PublicKeyToken=31bf3856ad364e35' file path 'C:\Program Files\dotnet\sdk\9.0.100\Extensions\Microsoft.Diagnostics.NETCore.Client.dll'
TpTrace Information: 0 : 2640, 1, 2025/07/07, 00:10:19.297, 114861106804, vstest.console.dll, AssemblyResolver.OnResolve: Microsoft.Bcl.AsyncInterfaces: Resolving assembly.
TpTrace Information: 0 : 2640, 1, 2025/07/07, 00:10:19.297, 114861108204, vstest.console.dll, AssemblyResolver.OnResolve: Microsoft.Bcl.AsyncInterfaces: Searching in: 'C:\Program Files\dotnet\sdk\9.0.100\Extensions'.
TpTrace Information: 0 : 2640, 1, 2025/07/07, 00:10:19.297, 114861109297, vstest.console.dll, AssemblyResolver.OnResolve: Microsoft.Bcl.AsyncInterfaces: Assembly path does not exist: 'C:\Program Files\dotnet\sdk\9.0.100\Extensions\Microsoft.Bcl.AsyncInterfaces.dll', returning.
TpTrace Information: 0 : 2640, 1, 2025/07/07, 00:10:19.297, 114861110444, vstest.console.dll, AssemblyResolver.OnResolve: Microsoft.Bcl.AsyncInterfaces: Assembly path does not exist: 'C:\Program Files\dotnet\sdk\9.0.100\Extensions\Microsoft.Bcl.AsyncInterfaces.exe', returning.
TpTrace Information: 0 : 2640, 1, 2025/07/07, 00:10:19.297, 114861110841, vstest.console.dll, AssemblyResolver.OnResolve: Microsoft.Bcl.AsyncInterfaces: Searching in: 'C:\Program Files\dotnet\sdk\9.0.100'.
TpTrace Information: 0 : 2640, 1, 2025/07/07, 00:10:19.297, 114861111682, vstest.console.dll, AssemblyResolver.OnResolve: Microsoft.Bcl.AsyncInterfaces: Assembly path does not exist: 'C:\Program Files\dotnet\sdk\9.0.100\Microsoft.Bcl.AsyncInterfaces.dll', returning.
TpTrace Information: 0 : 2640, 1, 2025/07/07, 00:10:19.297, 114861112431, vstest.console.dll, AssemblyResolver.OnResolve: Microsoft.Bcl.AsyncInterfaces: Assembly path does not exist: 'C:\Program Files\dotnet\sdk\9.0.100\Microsoft.Bcl.AsyncInterfaces.exe', returning.
TpTrace Information: 0 : 2640, 1, 2025/07/07, 00:10:19.297, 114861112754, vstest.console.dll, AssemblyResolver.OnResolve: Microsoft.Bcl.AsyncInterfaces: Failed to load assembly.
TpTrace Verbose: 0 : 2640, 1, 2025/07/07, 00:10:19.297, 114861113129, vstest.console.dll, CurrentDomainAssemblyResolve: Resolving assembly 'Microsoft.Bcl.AsyncInterfaces'.
TpTrace Information: 0 : 2640, 1, 2025/07/07, 00:10:19.297, 114861113734, vstest.console.dll, AssemblyResolver.OnResolve: Microsoft.Bcl.AsyncInterfaces: Resolving assembly.
TpTrace Information: 0 : 2640, 1, 2025/07/07, 00:10:19.298, 114861114182, vstest.console.dll, AssemblyResolver.OnResolve: Microsoft.Bcl.AsyncInterfaces: Resolved from cache.
TpTrace Verbose: 0 : 2640, 1, 2025/07/07, 00:10:19.298, 114861114478, vstest.console.dll, CurrentDomainAssemblyResolve: Resolving assembly 'Microsoft.Bcl.AsyncInterfaces'.
TpTrace Verbose: 0 : 2640, 1, 2025/07/07, 00:10:19.298, 114861114873, vstest.console.dll, CurrentDomainAssemblyResolve: Failed to resolve assembly 'Microsoft.Bcl.AsyncInterfaces'.
TpTrace Verbose: 0 : 2640, 1, 2025/07/07, 00:10:19.306, 114861198638, vstest.console.dll, CurrentDomainAssemblyResolve: Failed to resolve assembly 'Microsoft.Bcl.AsyncInterfaces'.
TpTrace Warning: 0 : 2640, 1, 2025/07/07, 00:10:19.341, 114861547517, vstest.console.dll, TestPluginDiscoverer: Failed to get types from assembly 'Microsoft.Diagnostics.NETCore.Client, Version=0.2.10.41601, Culture=neutral, PublicKeyToken=31bf3856ad364e35'. Error: System.Reflection.ReflectionTypeLoadException: Unable to load one or more of the requested types.
Could not load file or assembly 'Microsoft.Bcl.AsyncInterfaces, Version=6.0.0.0, Culture=neutral, PublicKeyToken=cc7b13ffcd2ddd51'. The system cannot find the file specified.
   at System.Reflection.RuntimeModule.GetDefinedTypes()
   at System.Reflection.RuntimeModule.GetTypes()
   at Microsoft.VisualStudio.TestPlatform.Common.ExtensionFramework.TestPluginDiscoverer.GetTestExtensionsFromAssembly[TPluginInfo,TExtension](Assembly assembly, Dictionary`2 pluginInfos, String filePath) in /_/src/Microsoft.TestPlatform.Common/ExtensionFramework/TestPluginDiscoverer.cs:line 159
System.IO.FileNotFoundException: Could not load file or assembly 'Microsoft.Bcl.AsyncInterfaces, Version=6.0.0.0, Culture=neutral, PublicKeyToken=cc7b13ffcd2ddd51'. The system cannot find the file specified.
File name: 'Microsoft.Bcl.AsyncInterfaces, Version=6.0.0.0, Culture=neutral, PublicKeyToken=cc7b13ffcd2ddd51'
 ---> System.IO.FileNotFoundException: Could not load file or assembly 'Microsoft.Bcl.AsyncInterfaces, Culture=neutral, PublicKeyToken=null'. The system cannot find the file specified.
File name: 'Microsoft.Bcl.AsyncInterfaces, Culture=neutral, PublicKeyToken=null'
   at System.Reflection.RuntimeAssembly.InternalLoad(AssemblyName assemblyName, StackCrawlMark& stackMark, AssemblyLoadContext assemblyLoadContext, RuntimeAssembly requestingAssembly, Boolean throwOnFileNotFound)
   at System.Reflection.Assembly.Load(AssemblyName assemblyRef)
   at Microsoft.VisualStudio.TestPlatform.Common.ExtensionFramework.TestPluginCache.CurrentDomainAssemblyResolve(Object sender, AssemblyResolveEventArgs args) in /_/src/Microsoft.TestPlatform.Common/ExtensionFramework/TestPluginCache.cs:line 514
   at System.Runtime.Loader.AssemblyLoadContext.GetFirstResolvedAssemblyFromResolvingEvent(AssemblyName assemblyName)
   at System.Runtime.Loader.AssemblyLoadContext.ResolveUsingEvent(AssemblyName assemblyName)
   at System.Runtime.Loader.AssemblyLoadContext.ResolveUsingResolvingEvent(IntPtr gchManagedAssemblyLoadContext, AssemblyName assemblyName)
TpTrace Warning: 0 : 2640, 1, 2025/07/07, 00:10:19.341, 114861552006, vstest.console.dll, LoaderExceptions: System.IO.FileNotFoundException: Could not load file or assembly 'Microsoft.Bcl.AsyncInterfaces, Version=6.0.0.0, Culture=neutral, PublicKeyToken=cc7b13ffcd2ddd51'. The system cannot find the file specified.
File name: 'Microsoft.Bcl.AsyncInterfaces, Version=6.0.0.0, Culture=neutral, PublicKeyToken=cc7b13ffcd2ddd51'
 ---> System.IO.FileNotFoundException: Could not load file or assembly 'Microsoft.Bcl.AsyncInterfaces, Culture=neutral, PublicKeyToken=null'. The system cannot find the file specified.
File name: 'Microsoft.Bcl.AsyncInterfaces, Culture=neutral, PublicKeyToken=null'
   at System.Reflection.RuntimeAssembly.InternalLoad(AssemblyName assemblyName, StackCrawlMark& stackMark, AssemblyLoadContext assemblyLoadContext, RuntimeAssembly requestingAssembly, Boolean throwOnFileNotFound)
   at System.Reflection.Assembly.Load(AssemblyName assemblyRef)
   at Microsoft.VisualStudio.TestPlatform.Common.ExtensionFramework.TestPluginCache.CurrentDomainAssemblyResolve(Object sender, AssemblyResolveEventArgs args) in /_/src/Microsoft.TestPlatform.Common/ExtensionFramework/TestPluginCache.cs:line 514
   at System.Runtime.Loader.AssemblyLoadContext.GetFirstResolvedAssemblyFromResolvingEvent(AssemblyName assemblyName)
   at System.Runtime.Loader.AssemblyLoadContext.ResolveUsingEvent(AssemblyName assemblyName)
   at System.Runtime.Loader.AssemblyLoadContext.ResolveUsingResolvingEvent(IntPtr gchManagedAssemblyLoadContext, AssemblyName assemblyName)
TpTrace Information: 0 : 2640, 1, 2025/07/07, 00:10:19.342, 114861554307, vstest.console.dll, AssemblyResolver.OnResolve: Microsoft.TestPlatform.Extensions.BlameDataCollector: Resolving assembly.
TpTrace Information: 0 : 2640, 1, 2025/07/07, 00:10:19.342, 114861555480, vstest.console.dll, AssemblyResolver.OnResolve: Microsoft.TestPlatform.Extensions.BlameDataCollector: Searching in: 'C:\Program Files\dotnet\sdk\9.0.100\Extensions'.
TpTrace Information: 0 : 2640, 1, 2025/07/07, 00:10:19.344, 114861574646, vstest.console.dll, AssemblyResolver.OnResolve: Microsoft.TestPlatform.Extensions.BlameDataCollector: Loading assembly 'C:\Program Files\dotnet\sdk\9.0.100\Extensions\Microsoft.TestPlatform.Extensions.BlameDataCollector.dll'.
TpTrace Information: 0 : 2640, 1, 2025/07/07, 00:10:19.345, 114861592843, vstest.console.dll, AssemblyResolver.OnResolve: Resolved assembly: Microsoft.TestPlatform.Extensions.BlameDataCollector, from path: C:\Program Files\dotnet\sdk\9.0.100\Extensions\Microsoft.TestPlatform.Extensions.BlameDataCollector.dll
TpTrace Verbose: 0 : 2640, 1, 2025/07/07, 00:10:19.346, 114861594199, vstest.console.dll, MetadataReaderExtensionsHelper: Discovering extensions inside assembly 'Microsoft.TestPlatform.Extensions.BlameDataCollector, Version=15.0.0.0, Culture=neutral, PublicKeyToken=b03f5f7f11d50a3a' file path 'C:\Program Files\dotnet\sdk\9.0.100\Extensions\Microsoft.TestPlatform.Extensions.BlameDataCollector.dll'
TpTrace Information: 0 : 2640, 1, 2025/07/07, 00:10:19.349, 114861630611, vstest.console.dll, AssemblyResolver.OnResolve: Microsoft.TestPlatform.Extensions.EventLogCollector: Resolving assembly.
TpTrace Information: 0 : 2640, 1, 2025/07/07, 00:10:19.349, 114861632666, vstest.console.dll, AssemblyResolver.OnResolve: Microsoft.TestPlatform.Extensions.EventLogCollector: Searching in: 'C:\Program Files\dotnet\sdk\9.0.100\Extensions'.
TpTrace Information: 0 : 2640, 1, 2025/07/07, 00:10:19.351, 114861648922, vstest.console.dll, AssemblyResolver.OnResolve: Microsoft.TestPlatform.Extensions.EventLogCollector: Loading assembly 'C:\Program Files\dotnet\sdk\9.0.100\Extensions\Microsoft.TestPlatform.Extensions.EventLogCollector.dll'.
TpTrace Information: 0 : 2640, 1, 2025/07/07, 00:10:19.352, 114861662429, vstest.console.dll, AssemblyResolver.OnResolve: Resolved assembly: Microsoft.TestPlatform.Extensions.EventLogCollector, from path: C:\Program Files\dotnet\sdk\9.0.100\Extensions\Microsoft.TestPlatform.Extensions.EventLogCollector.dll
TpTrace Verbose: 0 : 2640, 1, 2025/07/07, 00:10:19.353, 114861664830, vstest.console.dll, MetadataReaderExtensionsHelper: Discovering extensions inside assembly 'Microsoft.TestPlatform.Extensions.EventLogCollector, Version=15.0.0.0, Culture=neutral, PublicKeyToken=b03f5f7f11d50a3a' file path 'C:\Program Files\dotnet\sdk\9.0.100\Extensions\Microsoft.TestPlatform.Extensions.EventLogCollector.dll'
TpTrace Information: 0 : 2640, 1, 2025/07/07, 00:10:19.358, 114861718051, vstest.console.dll, AssemblyResolver.OnResolve: Microsoft.TestPlatform.TestHostRuntimeProvider: Resolving assembly.
TpTrace Information: 0 : 2640, 1, 2025/07/07, 00:10:19.358, 114861719736, vstest.console.dll, AssemblyResolver.OnResolve: Microsoft.TestPlatform.TestHostRuntimeProvider: Searching in: 'C:\Program Files\dotnet\sdk\9.0.100\Extensions'.
TpTrace Information: 0 : 2640, 1, 2025/07/07, 00:10:19.359, 114861729989, vstest.console.dll, AssemblyResolver.OnResolve: Microsoft.TestPlatform.TestHostRuntimeProvider: Loading assembly 'C:\Program Files\dotnet\sdk\9.0.100\Extensions\Microsoft.TestPlatform.TestHostRuntimeProvider.dll'.
TpTrace Information: 0 : 2640, 1, 2025/07/07, 00:10:19.361, 114861750872, vstest.console.dll, AssemblyResolver.OnResolve: Resolved assembly: Microsoft.TestPlatform.TestHostRuntimeProvider, from path: C:\Program Files\dotnet\sdk\9.0.100\Extensions\Microsoft.TestPlatform.TestHostRuntimeProvider.dll
TpTrace Verbose: 0 : 2640, 1, 2025/07/07, 00:10:19.362, 114861755530, vstest.console.dll, MetadataReaderExtensionsHelper: Discovering extensions inside assembly 'Microsoft.TestPlatform.TestHostRuntimeProvider, Version=15.0.0.0, Culture=neutral, PublicKeyToken=b03f5f7f11d50a3a' file path 'C:\Program Files\dotnet\sdk\9.0.100\Extensions\Microsoft.TestPlatform.TestHostRuntimeProvider.dll'
TpTrace Information: 0 : 2640, 1, 2025/07/07, 00:10:19.367, 114861807871, vstest.console.dll, GetTestExtensionFromType: Register extension with identifier data 'HostProvider://DefaultTestHost' and type 'Microsoft.VisualStudio.TestPlatform.CrossPlatEngine.Hosting.DefaultTestHostManager, Microsoft.TestPlatform.TestHostRuntimeProvider, Version=15.0.0.0, Culture=neutral, PublicKeyToken=b03f5f7f11d50a3a' inside file 'C:\Program Files\dotnet\sdk\9.0.100\Extensions\Microsoft.TestPlatform.TestHostRuntimeProvider.dll'
TpTrace Information: 0 : 2640, 1, 2025/07/07, 00:10:19.367, 114861812650, vstest.console.dll, GetTestExtensionFromType: Register extension with identifier data 'HostProvider://DotnetTestHost' and type 'Microsoft.VisualStudio.TestPlatform.CrossPlatEngine.Hosting.DotnetTestHostManager, Microsoft.TestPlatform.TestHostRuntimeProvider, Version=15.0.0.0, Culture=neutral, PublicKeyToken=b03f5f7f11d50a3a' inside file 'C:\Program Files\dotnet\sdk\9.0.100\Extensions\Microsoft.TestPlatform.TestHostRuntimeProvider.dll'
TpTrace Information: 0 : 2640, 1, 2025/07/07, 00:10:19.368, 114861814223, vstest.console.dll, AssemblyResolver.OnResolve: Microsoft.VisualStudio.TestPlatform.Extensions.Html.TestLogger: Resolving assembly.
TpTrace Information: 0 : 2640, 1, 2025/07/07, 00:10:19.368, 114861815083, vstest.console.dll, AssemblyResolver.OnResolve: Microsoft.VisualStudio.TestPlatform.Extensions.Html.TestLogger: Searching in: 'C:\Program Files\dotnet\sdk\9.0.100\Extensions'.
TpTrace Information: 0 : 2640, 1, 2025/07/07, 00:10:19.369, 114861825564, vstest.console.dll, AssemblyResolver.OnResolve: Microsoft.VisualStudio.TestPlatform.Extensions.Html.TestLogger: Loading assembly 'C:\Program Files\dotnet\sdk\9.0.100\Extensions\Microsoft.VisualStudio.TestPlatform.Extensions.Html.TestLogger.dll'.
TpTrace Information: 0 : 2640, 1, 2025/07/07, 00:10:19.370, 114861843188, vstest.console.dll, AssemblyResolver.OnResolve: Resolved assembly: Microsoft.VisualStudio.TestPlatform.Extensions.Html.TestLogger, from path: C:\Program Files\dotnet\sdk\9.0.100\Extensions\Microsoft.VisualStudio.TestPlatform.Extensions.Html.TestLogger.dll
TpTrace Verbose: 0 : 2640, 1, 2025/07/07, 00:10:19.371, 114861845000, vstest.console.dll, MetadataReaderExtensionsHelper: Discovering extensions inside assembly 'Microsoft.VisualStudio.TestPlatform.Extensions.Html.TestLogger, Version=15.0.0.0, Culture=neutral, PublicKeyToken=b03f5f7f11d50a3a' file path 'C:\Program Files\dotnet\sdk\9.0.100\Extensions\Microsoft.VisualStudio.TestPlatform.Extensions.Html.TestLogger.dll'
TpTrace Information: 0 : 2640, 1, 2025/07/07, 00:10:19.372, 114861863421, vstest.console.dll, AssemblyResolver.OnResolve: Microsoft.VisualStudio.TestPlatform.Extensions.Trx.TestLogger: Resolving assembly.
TpTrace Information: 0 : 2640, 1, 2025/07/07, 00:10:19.373, 114861864748, vstest.console.dll, AssemblyResolver.OnResolve: Microsoft.VisualStudio.TestPlatform.Extensions.Trx.TestLogger: Searching in: 'C:\Program Files\dotnet\sdk\9.0.100\Extensions'.
TpTrace Information: 0 : 2640, 1, 2025/07/07, 00:10:19.375, 114861884037, vstest.console.dll, AssemblyResolver.OnResolve: Microsoft.VisualStudio.TestPlatform.Extensions.Trx.TestLogger: Loading assembly 'C:\Program Files\dotnet\sdk\9.0.100\Extensions\Microsoft.VisualStudio.TestPlatform.Extensions.Trx.TestLogger.dll'.
TpTrace Information: 0 : 2640, 1, 2025/07/07, 00:10:19.376, 114861903415, vstest.console.dll, AssemblyResolver.OnResolve: Resolved assembly: Microsoft.VisualStudio.TestPlatform.Extensions.Trx.TestLogger, from path: C:\Program Files\dotnet\sdk\9.0.100\Extensions\Microsoft.VisualStudio.TestPlatform.Extensions.Trx.TestLogger.dll
TpTrace Verbose: 0 : 2640, 1, 2025/07/07, 00:10:19.377, 114861905238, vstest.console.dll, MetadataReaderExtensionsHelper: Discovering extensions inside assembly 'Microsoft.VisualStudio.TestPlatform.Extensions.Trx.TestLogger, Version=15.0.0.0, Culture=neutral, PublicKeyToken=b03f5f7f11d50a3a' file path 'C:\Program Files\dotnet\sdk\9.0.100\Extensions\Microsoft.VisualStudio.TestPlatform.Extensions.Trx.TestLogger.dll'
TpTrace Verbose: 0 : 2640, 1, 2025/07/07, 00:10:19.379, 114861931515, vstest.console.dll, TestPluginCache: Discovered the extensions using extension path ''.
TpTrace Verbose: 0 : 2640, 1, 2025/07/07, 00:10:19.379, 114861932708, vstest.console.dll, TestPluginCache: Discoverers are ''.
TpTrace Verbose: 0 : 2640, 1, 2025/07/07, 00:10:19.379, 114861933133, vstest.console.dll, TestPluginCache: Executors are ''.
TpTrace Verbose: 0 : 2640, 1, 2025/07/07, 00:10:19.379, 114861933791, vstest.console.dll, TestPluginCache: Executors2 are ''.
TpTrace Verbose: 0 : 2640, 1, 2025/07/07, 00:10:19.380, 114861934306, vstest.console.dll, TestPluginCache: Setting providers are ''.
TpTrace Verbose: 0 : 2640, 1, 2025/07/07, 00:10:19.380, 114861934615, vstest.console.dll, TestPluginCache: Loggers are ''.
TpTrace Verbose: 0 : 2640, 1, 2025/07/07, 00:10:19.380, 114861936674, vstest.console.dll, TestPluginCache: TestHosts are 'HostProvider://DefaultTestHost,HostProvider://DotnetTestHost'.
TpTrace Verbose: 0 : 2640, 1, 2025/07/07, 00:10:19.380, 114861937285, vstest.console.dll, TestPluginCache: DataCollectors are ''.
TpTrace Information: 0 : 2640, 1, 2025/07/07, 00:10:19.427, 114862408450, vstest.console.dll, RunTestsArgumentProcessor:Execute: Test run is starting.
TpTrace Verbose: 0 : 2640, 1, 2025/07/07, 00:10:19.427, 114862409776, vstest.console.dll, RunTestsArgumentProcessor:Execute: Queuing Test run.
TpTrace Information: 0 : 2640, 1, 2025/07/07, 00:10:19.427, 114862413130, vstest.console.dll, TestRequestManager.RunTests: run tests started.
TpTrace Information: 0 : 2640, 1, 2025/07/07, 00:10:19.429, 114862431613, vstest.console.dll, AssemblyMetadataProvider.GetFrameworkName: Determined framework:'.NETCoreApp,Version=v6.0' for source: 'C:\Users\TOSHIBA\Downloads\QA path\Programming for QA\Programming Advanced for QA\09-Resources-Unit-Testing-Exercise-Classes\TestApp.UnitTests\bin\Debug\net6.0\fine-code-coverage\build-output\TestApp.UnitTests.dll'
TpTrace Information: 0 : 2640, 1, 2025/07/07, 00:10:19.430, 114862437980, vstest.console.dll, Determined framework for all sources: .NETCoreApp,Version=v6.0
TpTrace Verbose: 0 : 2640, 1, 2025/07/07, 00:10:19.431, 114862448693, vstest.console.dll, TestRequestManager.UpdateRunSettingsIfRequired: Default architecture: X64 IsDefaultTargetArchitecture: True, Current process architecture: X64 OperatingSystem: Windows.
TpTrace Information: 0 : 2640, 1, 2025/07/07, 00:10:19.434, 114862476775, vstest.console.dll, AssemblyMetadataProvider.GetArchitecture: Determined architecture:AnyCPU info for assembly: C:\Users\TOSHIBA\Downloads\QA path\Programming for QA\Programming Advanced for QA\09-Resources-Unit-Testing-Exercise-Classes\TestApp.UnitTests\bin\Debug\net6.0\fine-code-coverage\build-output\TestApp.UnitTests.dll
TpTrace Information: 0 : 2640, 1, 2025/07/07, 00:10:19.434, 114862478460, vstest.console.dll, Determined platform for source 'C:\Users\TOSHIBA\Downloads\QA path\Programming for QA\Programming Advanced for QA\09-Resources-Unit-Testing-Exercise-Classes\TestApp.UnitTests\bin\Debug\net6.0\fine-code-coverage\build-output\TestApp.UnitTests.dll' was AnyCPU and it will use the default plaform X64.
TpTrace Information: 0 : 2640, 1, 2025/07/07, 00:10:19.434, 114862479402, vstest.console.dll, None of the sources provided any runnable platform, using the default platform: X64
TpTrace Information: 0 : 2640, 1, 2025/07/07, 00:10:19.434, 114862481413, vstest.console.dll, Platform was updated to 'X64'.
TpTrace Information: 0 : 2640, 1, 2025/07/07, 00:10:19.443, 114862569556, vstest.console.dll, InferRunSettingsHelper.IsTestSettingsEnabled: Unable to navigate to RunSettings/MSTest. Current node: RunSettings
TpTrace Information: 0 : 2640, 1, 2025/07/07, 00:10:19.444, 114862582309, vstest.console.dll, AssemblyResolver.OnResolve: Microsoft.VisualStudio.TestPlatform.Fakes: Resolving assembly.
TpTrace Information: 0 : 2640, 1, 2025/07/07, 00:10:19.445, 114862584278, vstest.console.dll, AssemblyResolver.OnResolve: Microsoft.VisualStudio.TestPlatform.Fakes: Searching in: 'C:\Program Files\dotnet\sdk\9.0.100\Extensions'.
TpTrace Information: 0 : 2640, 1, 2025/07/07, 00:10:19.445, 114862587924, vstest.console.dll, AssemblyResolver.OnResolve: Microsoft.VisualStudio.TestPlatform.Fakes: Assembly path does not exist: 'C:\Program Files\dotnet\sdk\9.0.100\Extensions\Microsoft.VisualStudio.TestPlatform.Fakes.dll', returning.
TpTrace Information: 0 : 2640, 1, 2025/07/07, 00:10:19.445, 114862589718, vstest.console.dll, AssemblyResolver.OnResolve: Microsoft.VisualStudio.TestPlatform.Fakes: Assembly path does not exist: 'C:\Program Files\dotnet\sdk\9.0.100\Extensions\Microsoft.VisualStudio.TestPlatform.Fakes.exe', returning.
TpTrace Information: 0 : 2640, 1, 2025/07/07, 00:10:19.445, 114862590324, vstest.console.dll, AssemblyResolver.OnResolve: Microsoft.VisualStudio.TestPlatform.Fakes: Searching in: 'C:\Program Files\dotnet\sdk\9.0.100'.
TpTrace Information: 0 : 2640, 1, 2025/07/07, 00:10:19.445, 114862591433, vstest.console.dll, AssemblyResolver.OnResolve: Microsoft.VisualStudio.TestPlatform.Fakes: Assembly path does not exist: 'C:\Program Files\dotnet\sdk\9.0.100\Microsoft.VisualStudio.TestPlatform.Fakes.dll', returning.
TpTrace Information: 0 : 2640, 1, 2025/07/07, 00:10:19.445, 114862592489, vstest.console.dll, AssemblyResolver.OnResolve: Microsoft.VisualStudio.TestPlatform.Fakes: Assembly path does not exist: 'C:\Program Files\dotnet\sdk\9.0.100\Microsoft.VisualStudio.TestPlatform.Fakes.exe', returning.
TpTrace Information: 0 : 2640, 1, 2025/07/07, 00:10:19.445, 114862593122, vstest.console.dll, AssemblyResolver.OnResolve: Microsoft.VisualStudio.TestPlatform.Fakes: Failed to load assembly.
TpTrace Information: 0 : 2640, 1, 2025/07/07, 00:10:19.446, 114862602921, vstest.console.dll, Failed to load assembly Microsoft.VisualStudio.TestPlatform.Fakes, Version=17.0.0.0, Culture=neutral. Reason:System.IO.FileNotFoundException: Could not load file or assembly 'Microsoft.VisualStudio.TestPlatform.Fakes, Version=17.0.0.0, Culture=neutral, PublicKeyToken=null'. The system cannot find the file specified.
File name: 'Microsoft.VisualStudio.TestPlatform.Fakes, Version=17.0.0.0, Culture=neutral, PublicKeyToken=null'
   at System.Reflection.RuntimeAssembly.InternalLoad(AssemblyName assemblyName, StackCrawlMark& stackMark, AssemblyLoadContext assemblyLoadContext, RuntimeAssembly requestingAssembly, Boolean throwOnFileNotFound)
   at System.Reflection.Assembly.Load(AssemblyName assemblyRef)
   at Microsoft.VisualStudio.TestPlatform.Common.Utilities.FakesUtilities.LoadTestPlatformAssembly() in /_/src/Microsoft.TestPlatform.Common/Utilities/FakesUtilities.cs:line 273
TpTrace Verbose: 0 : 2640, 1, 2025/07/07, 00:10:19.457, 114862706144, vstest.console.dll, TestPluginCache.DiscoverTestExtensions: finding test extensions in assemblies ends with: TestLogger.dll TPluginInfo: Microsoft.VisualStudio.TestPlatform.Common.ExtensionFramework.Utilities.TestLoggerPluginInformation TExtension: Microsoft.VisualStudio.TestPlatform.ObjectModel.Client.ITestLogger
TpTrace Verbose: 0 : 2640, 1, 2025/07/07, 00:10:19.457, 114862708800, vstest.console.dll, TestPluginCache.GetExtensionPaths: Filtered extension paths: 
TpTrace Verbose: 0 : 2640, 1, 2025/07/07, 00:10:19.457, 114862710181, vstest.console.dll, TestPluginCache.GetExtensionPaths: Added default extension paths: C:\Program Files\dotnet\sdk\9.0.100\Extensions\Microsoft.Diagnostics.NETCore.Client.dll
C:\Program Files\dotnet\sdk\9.0.100\Extensions\Microsoft.TestPlatform.Extensions.BlameDataCollector.dll
C:\Program Files\dotnet\sdk\9.0.100\Extensions\Microsoft.TestPlatform.Extensions.EventLogCollector.dll
C:\Program Files\dotnet\sdk\9.0.100\Extensions\Microsoft.TestPlatform.TestHostRuntimeProvider.dll
C:\Program Files\dotnet\sdk\9.0.100\Extensions\Microsoft.VisualStudio.TestPlatform.Extensions.Html.TestLogger.dll
C:\Program Files\dotnet\sdk\9.0.100\Extensions\Microsoft.VisualStudio.TestPlatform.Extensions.Trx.TestLogger.dll
TpTrace Verbose: 0 : 2640, 1, 2025/07/07, 00:10:19.457, 114862710933, vstest.console.dll, TestPluginCache.GetExtensionPaths: Added unfilterableExtensionPaths: 
TpTrace Information: 0 : 2640, 1, 2025/07/07, 00:10:19.457, 114862713402, vstest.console.dll, AssemblyResolver.AddSearchDirectories: Adding more searchDirectories C:\Program Files\dotnet\sdk\9.0.100\Extensions,C:\Program Files\dotnet\sdk\9.0.100
TpTrace Verbose: 0 : 2640, 1, 2025/07/07, 00:10:19.458, 114862714550, vstest.console.dll, TestPluginCache.DiscoverTestExtensions: Discovering the extensions using extension path.
TpTrace Verbose: 0 : 2640, 1, 2025/07/07, 00:10:19.458, 114862715610, vstest.console.dll, TestPluginCache.GetExtensionPaths: Filtered extension paths: 
TpTrace Verbose: 0 : 2640, 1, 2025/07/07, 00:10:19.458, 114862716216, vstest.console.dll, TestPluginCache.GetExtensionPaths: Added default extension paths: C:\Program Files\dotnet\sdk\9.0.100\Extensions\Microsoft.Diagnostics.NETCore.Client.dll
C:\Program Files\dotnet\sdk\9.0.100\Extensions\Microsoft.TestPlatform.Extensions.BlameDataCollector.dll
C:\Program Files\dotnet\sdk\9.0.100\Extensions\Microsoft.TestPlatform.Extensions.EventLogCollector.dll
C:\Program Files\dotnet\sdk\9.0.100\Extensions\Microsoft.TestPlatform.TestHostRuntimeProvider.dll
C:\Program Files\dotnet\sdk\9.0.100\Extensions\Microsoft.VisualStudio.TestPlatform.Extensions.Html.TestLogger.dll
C:\Program Files\dotnet\sdk\9.0.100\Extensions\Microsoft.VisualStudio.TestPlatform.Extensions.Trx.TestLogger.dll
TpTrace Verbose: 0 : 2640, 1, 2025/07/07, 00:10:19.466, 114862796775, vstest.console.dll, TestPluginCache.GetExtensionPaths: Added unfilterableExtensionPaths: 
TpTrace Verbose: 0 : 2640, 1, 2025/07/07, 00:10:19.466, 114862797661, vstest.console.dll, TestPluginCache.DiscoverTestExtensions: Discovering the extensions using allExtensionPaths: C:\Program Files\dotnet\sdk\9.0.100\Extensions\Microsoft.Diagnostics.NETCore.Client.dll
C:\Program Files\dotnet\sdk\9.0.100\Extensions\Microsoft.TestPlatform.Extensions.BlameDataCollector.dll
C:\Program Files\dotnet\sdk\9.0.100\Extensions\Microsoft.TestPlatform.Extensions.EventLogCollector.dll
C:\Program Files\dotnet\sdk\9.0.100\Extensions\Microsoft.TestPlatform.TestHostRuntimeProvider.dll
C:\Program Files\dotnet\sdk\9.0.100\Extensions\Microsoft.VisualStudio.TestPlatform.Extensions.Html.TestLogger.dll
C:\Program Files\dotnet\sdk\9.0.100\Extensions\Microsoft.VisualStudio.TestPlatform.Extensions.Trx.TestLogger.dll
TpTrace Information: 0 : 2640, 1, 2025/07/07, 00:10:19.466, 114862799487, vstest.console.dll, AssemblyResolver.AddSearchDirectories: Adding more searchDirectories C:\Program Files\dotnet\sdk\9.0.100\Extensions,C:\Program Files\dotnet\sdk\9.0.100
TpTrace Information: 0 : 2640, 1, 2025/07/07, 00:10:19.466, 114862800483, vstest.console.dll, AssemblyResolver.AddSearchDirectories: Adding more searchDirectories C:\Program Files\dotnet\sdk\9.0.100\Extensions,C:\Program Files\dotnet\sdk\9.0.100
TpTrace Information: 0 : 2640, 1, 2025/07/07, 00:10:19.466, 114862801206, vstest.console.dll, AssemblyResolver.AddSearchDirectories: Adding more searchDirectories C:\Program Files\dotnet\sdk\9.0.100\Extensions,C:\Program Files\dotnet\sdk\9.0.100
TpTrace Information: 0 : 2640, 1, 2025/07/07, 00:10:19.466, 114862801842, vstest.console.dll, AssemblyResolver.AddSearchDirectories: Adding more searchDirectories C:\Program Files\dotnet\sdk\9.0.100\Extensions,C:\Program Files\dotnet\sdk\9.0.100
TpTrace Information: 0 : 2640, 1, 2025/07/07, 00:10:19.466, 114862802465, vstest.console.dll, AssemblyResolver.AddSearchDirectories: Adding more searchDirectories C:\Program Files\dotnet\sdk\9.0.100\Extensions,C:\Program Files\dotnet\sdk\9.0.100
TpTrace Information: 0 : 2640, 1, 2025/07/07, 00:10:19.466, 114862803113, vstest.console.dll, AssemblyResolver.AddSearchDirectories: Adding more searchDirectories C:\Program Files\dotnet\sdk\9.0.100\Extensions,C:\Program Files\dotnet\sdk\9.0.100
TpTrace Verbose: 0 : 2640, 1, 2025/07/07, 00:10:19.467, 114862804817, vstest.console.dll, MetadataReaderExtensionsHelper: Discovering extensions inside assembly 'Microsoft.Diagnostics.NETCore.Client, Version=0.2.10.41601, Culture=neutral, PublicKeyToken=31bf3856ad364e35' file path 'C:\Program Files\dotnet\sdk\9.0.100\Extensions\Microsoft.Diagnostics.NETCore.Client.dll'
TpTrace Information: 0 : 2640, 1, 2025/07/07, 00:10:19.468, 114862814585, vstest.console.dll, AssemblyResolver.OnResolve: Microsoft.Bcl.AsyncInterfaces: Resolving assembly.
TpTrace Information: 0 : 2640, 1, 2025/07/07, 00:10:19.468, 114862815526, vstest.console.dll, AssemblyResolver.OnResolve: Microsoft.Bcl.AsyncInterfaces: Resolved from cache.
TpTrace Verbose: 0 : 2640, 1, 2025/07/07, 00:10:19.468, 114862815940, vstest.console.dll, CurrentDomainAssemblyResolve: Resolving assembly 'Microsoft.Bcl.AsyncInterfaces'.
TpTrace Information: 0 : 2640, 1, 2025/07/07, 00:10:19.468, 114862816550, vstest.console.dll, AssemblyResolver.OnResolve: Microsoft.Bcl.AsyncInterfaces: Resolving assembly.
TpTrace Information: 0 : 2640, 1, 2025/07/07, 00:10:19.468, 114862816929, vstest.console.dll, AssemblyResolver.OnResolve: Microsoft.Bcl.AsyncInterfaces: Resolved from cache.
TpTrace Verbose: 0 : 2640, 1, 2025/07/07, 00:10:19.468, 114862817214, vstest.console.dll, CurrentDomainAssemblyResolve: Resolving assembly 'Microsoft.Bcl.AsyncInterfaces'.
TpTrace Verbose: 0 : 2640, 1, 2025/07/07, 00:10:19.468, 114862817493, vstest.console.dll, CurrentDomainAssemblyResolve: Failed to resolve assembly 'Microsoft.Bcl.AsyncInterfaces'.
TpTrace Verbose: 0 : 2640, 1, 2025/07/07, 00:10:19.468, 114862819110, vstest.console.dll, CurrentDomainAssemblyResolve: Failed to resolve assembly 'Microsoft.Bcl.AsyncInterfaces'.
TpTrace Warning: 0 : 2640, 1, 2025/07/07, 00:10:19.468, 114862823847, vstest.console.dll, TestPluginDiscoverer: Failed to get types from assembly 'Microsoft.Diagnostics.NETCore.Client, Version=0.2.10.41601, Culture=neutral, PublicKeyToken=31bf3856ad364e35'. Error: System.Reflection.ReflectionTypeLoadException: Unable to load one or more of the requested types.
Could not load file or assembly 'Microsoft.Bcl.AsyncInterfaces, Version=6.0.0.0, Culture=neutral, PublicKeyToken=cc7b13ffcd2ddd51'. The system cannot find the file specified.
   at System.Reflection.RuntimeModule.GetDefinedTypes()
   at System.Reflection.RuntimeModule.GetTypes()
   at Microsoft.VisualStudio.TestPlatform.Common.ExtensionFramework.TestPluginDiscoverer.GetTestExtensionsFromAssembly[TPluginInfo,TExtension](Assembly assembly, Dictionary`2 pluginInfos, String filePath) in /_/src/Microsoft.TestPlatform.Common/ExtensionFramework/TestPluginDiscoverer.cs:line 159
System.IO.FileNotFoundException: Could not load file or assembly 'Microsoft.Bcl.AsyncInterfaces, Version=6.0.0.0, Culture=neutral, PublicKeyToken=cc7b13ffcd2ddd51'. The system cannot find the file specified.
File name: 'Microsoft.Bcl.AsyncInterfaces, Version=6.0.0.0, Culture=neutral, PublicKeyToken=cc7b13ffcd2ddd51'
 ---> System.IO.FileNotFoundException: Could not load file or assembly 'Microsoft.Bcl.AsyncInterfaces, Culture=neutral, PublicKeyToken=null'. The system cannot find the file specified.
File name: 'Microsoft.Bcl.AsyncInterfaces, Culture=neutral, PublicKeyToken=null'
   at System.Reflection.RuntimeAssembly.InternalLoad(AssemblyName assemblyName, StackCrawlMark& stackMark, AssemblyLoadContext assemblyLoadContext, RuntimeAssembly requestingAssembly, Boolean throwOnFileNotFound)
   at System.Reflection.Assembly.Load(AssemblyName assemblyRef)
   at Microsoft.VisualStudio.TestPlatform.Common.ExtensionFramework.TestPluginCache.CurrentDomainAssemblyResolve(Object sender, AssemblyResolveEventArgs args) in /_/src/Microsoft.TestPlatform.Common/ExtensionFramework/TestPluginCache.cs:line 514
   at System.Runtime.Loader.AssemblyLoadContext.GetFirstResolvedAssemblyFromResolvingEvent(AssemblyName assemblyName)
   at System.Runtime.Loader.AssemblyLoadContext.ResolveUsingEvent(AssemblyName assemblyName)
   at System.Runtime.Loader.AssemblyLoadContext.ResolveUsingResolvingEvent(IntPtr gchManagedAssemblyLoadContext, AssemblyName assemblyName)
TpTrace Warning: 0 : 2640, 1, 2025/07/07, 00:10:19.469, 114862825911, vstest.console.dll, LoaderExceptions: System.IO.FileNotFoundException: Could not load file or assembly 'Microsoft.Bcl.AsyncInterfaces, Version=6.0.0.0, Culture=neutral, PublicKeyToken=cc7b13ffcd2ddd51'. The system cannot find the file specified.
File name: 'Microsoft.Bcl.AsyncInterfaces, Version=6.0.0.0, Culture=neutral, PublicKeyToken=cc7b13ffcd2ddd51'
 ---> System.IO.FileNotFoundException: Could not load file or assembly 'Microsoft.Bcl.AsyncInterfaces, Culture=neutral, PublicKeyToken=null'. The system cannot find the file specified.
File name: 'Microsoft.Bcl.AsyncInterfaces, Culture=neutral, PublicKeyToken=null'
   at System.Reflection.RuntimeAssembly.InternalLoad(AssemblyName assemblyName, StackCrawlMark& stackMark, AssemblyLoadContext assemblyLoadContext, RuntimeAssembly requestingAssembly, Boolean throwOnFileNotFound)
   at System.Reflection.Assembly.Load(AssemblyName assemblyRef)
   at Microsoft.VisualStudio.TestPlatform.Common.ExtensionFramework.TestPluginCache.CurrentDomainAssemblyResolve(Object sender, AssemblyResolveEventArgs args) in /_/src/Microsoft.TestPlatform.Common/ExtensionFramework/TestPluginCache.cs:line 514
   at System.Runtime.Loader.AssemblyLoadContext.GetFirstResolvedAssemblyFromResolvingEvent(AssemblyName assemblyName)
   at System.Runtime.Loader.AssemblyLoadContext.ResolveUsingEvent(AssemblyName assemblyName)
   at System.Runtime.Loader.AssemblyLoadContext.ResolveUsingResolvingEvent(IntPtr gchManagedAssemblyLoadContext, AssemblyName assemblyName)
TpTrace Verbose: 0 : 2640, 1, 2025/07/07, 00:10:19.469, 114862827015, vstest.console.dll, MetadataReaderExtensionsHelper: Discovering extensions inside assembly 'Microsoft.TestPlatform.Extensions.BlameDataCollector, Version=15.0.0.0, Culture=neutral, PublicKeyToken=b03f5f7f11d50a3a' file path 'C:\Program Files\dotnet\sdk\9.0.100\Extensions\Microsoft.TestPlatform.Extensions.BlameDataCollector.dll'
TpTrace Information: 0 : 2640, 1, 2025/07/07, 00:10:19.470, 114862837582, vstest.console.dll, GetTestExtensionFromType: Register extension with identifier data 'logger://Microsoft/TestPlatform/Extensions/Blame/v1' and type 'Microsoft.TestPlatform.Extensions.BlameDataCollector.BlameLogger, Microsoft.TestPlatform.Extensions.BlameDataCollector, Version=15.0.0.0, Culture=neutral, PublicKeyToken=b03f5f7f11d50a3a' inside file 'C:\Program Files\dotnet\sdk\9.0.100\Extensions\Microsoft.TestPlatform.Extensions.BlameDataCollector.dll'
TpTrace Verbose: 0 : 2640, 1, 2025/07/07, 00:10:19.470, 114862838701, vstest.console.dll, MetadataReaderExtensionsHelper: Discovering extensions inside assembly 'Microsoft.TestPlatform.Extensions.EventLogCollector, Version=15.0.0.0, Culture=neutral, PublicKeyToken=b03f5f7f11d50a3a' file path 'C:\Program Files\dotnet\sdk\9.0.100\Extensions\Microsoft.TestPlatform.Extensions.EventLogCollector.dll'
TpTrace Verbose: 0 : 2640, 1, 2025/07/07, 00:10:19.471, 114862847321, vstest.console.dll, MetadataReaderExtensionsHelper: Discovering extensions inside assembly 'Microsoft.TestPlatform.TestHostRuntimeProvider, Version=15.0.0.0, Culture=neutral, PublicKeyToken=b03f5f7f11d50a3a' file path 'C:\Program Files\dotnet\sdk\9.0.100\Extensions\Microsoft.TestPlatform.TestHostRuntimeProvider.dll'
TpTrace Verbose: 0 : 2640, 1, 2025/07/07, 00:10:19.472, 114862855075, vstest.console.dll, MetadataReaderExtensionsHelper: Discovering extensions inside assembly 'Microsoft.VisualStudio.TestPlatform.Extensions.Html.TestLogger, Version=15.0.0.0, Culture=neutral, PublicKeyToken=b03f5f7f11d50a3a' file path 'C:\Program Files\dotnet\sdk\9.0.100\Extensions\Microsoft.VisualStudio.TestPlatform.Extensions.Html.TestLogger.dll'
TpTrace Information: 0 : 2640, 1, 2025/07/07, 00:10:19.473, 114862869550, vstest.console.dll, GetTestExtensionFromType: Register extension with identifier data 'logger://Microsoft/TestPlatform/HtmlLogger/v1' and type 'Microsoft.VisualStudio.TestPlatform.Extensions.HtmlLogger.HtmlLogger, Microsoft.VisualStudio.TestPlatform.Extensions.Html.TestLogger, Version=15.0.0.0, Culture=neutral, PublicKeyToken=b03f5f7f11d50a3a' inside file 'C:\Program Files\dotnet\sdk\9.0.100\Extensions\Microsoft.VisualStudio.TestPlatform.Extensions.Html.TestLogger.dll'
TpTrace Verbose: 0 : 2640, 1, 2025/07/07, 00:10:19.473, 114862872250, vstest.console.dll, MetadataReaderExtensionsHelper: Discovering extensions inside assembly 'Microsoft.VisualStudio.TestPlatform.Extensions.Trx.TestLogger, Version=15.0.0.0, Culture=neutral, PublicKeyToken=b03f5f7f11d50a3a' file path 'C:\Program Files\dotnet\sdk\9.0.100\Extensions\Microsoft.VisualStudio.TestPlatform.Extensions.Trx.TestLogger.dll'
TpTrace Information: 0 : 2640, 1, 2025/07/07, 00:10:19.475, 114862886920, vstest.console.dll, GetTestExtensionFromType: Register extension with identifier data 'logger://Microsoft/TestPlatform/TrxLogger/v1' and type 'Microsoft.VisualStudio.TestPlatform.Extensions.TrxLogger.TrxLogger, Microsoft.VisualStudio.TestPlatform.Extensions.Trx.TestLogger, Version=15.0.0.0, Culture=neutral, PublicKeyToken=b03f5f7f11d50a3a' inside file 'C:\Program Files\dotnet\sdk\9.0.100\Extensions\Microsoft.VisualStudio.TestPlatform.Extensions.Trx.TestLogger.dll'
TpTrace Verbose: 0 : 2640, 1, 2025/07/07, 00:10:19.475, 114862889054, vstest.console.dll, TestPluginCache: Discovered the extensions using extension path ''.
TpTrace Verbose: 0 : 2640, 1, 2025/07/07, 00:10:19.475, 114862890437, vstest.console.dll, TestPluginCache: Discoverers are ''.
TpTrace Verbose: 0 : 2640, 1, 2025/07/07, 00:10:19.475, 114862891429, vstest.console.dll, TestPluginCache: Executors are ''.
TpTrace Verbose: 0 : 2640, 1, 2025/07/07, 00:10:19.475, 114862891985, vstest.console.dll, TestPluginCache: Executors2 are ''.
TpTrace Verbose: 0 : 2640, 1, 2025/07/07, 00:10:19.475, 114862892449, vstest.console.dll, TestPluginCache: Setting providers are ''.
TpTrace Verbose: 0 : 2640, 1, 2025/07/07, 00:10:19.476, 114862903632, vstest.console.dll, TestPluginCache: Loggers are 'logger://Microsoft/TestPlatform/Extensions/Blame/v1,logger://Microsoft/TestPlatform/HtmlLogger/v1,logger://Microsoft/TestPlatform/TrxLogger/v1'.
TpTrace Verbose: 0 : 2640, 1, 2025/07/07, 00:10:19.477, 114862906209, vstest.console.dll, TestPluginCache: TestHosts are 'HostProvider://DefaultTestHost,HostProvider://DotnetTestHost'.
TpTrace Verbose: 0 : 2640, 1, 2025/07/07, 00:10:19.477, 114862907219, vstest.console.dll, TestPluginCache: DataCollectors are ''.
TpTrace Information: 0 : 2640, 1, 2025/07/07, 00:10:19.479, 114862927482, vstest.console.dll, TestPluginManager.CreateTestExtension: Attempting to load test extension: Microsoft.TestPlatform.Extensions.BlameDataCollector.BlameLogger
TpTrace Verbose: 0 : 2640, 1, 2025/07/07, 00:10:19.500, 114863136155, vstest.console.dll, TestEngine: Initializing Parallel Execution as MaxCpuCount is set to: 1
TpTrace Information: 0 : 2640, 1, 2025/07/07, 00:10:19.501, 114863152878, vstest.console.dll, TestPluginManager.CreateTestExtension: Attempting to load test extension: Microsoft.VisualStudio.TestPlatform.CrossPlatEngine.Hosting.DefaultTestHostManager
TpTrace Information: 0 : 2640, 1, 2025/07/07, 00:10:19.503, 114863169748, vstest.console.dll, TestPluginManager.CreateTestExtension: Attempting to load test extension: Microsoft.VisualStudio.TestPlatform.CrossPlatEngine.Hosting.DotnetTestHostManager
TpTrace Verbose: 0 : 2640, 1, 2025/07/07, 00:10:19.504, 114863174081, vstest.console.dll, TestHostManagerCallbacks.ctor: Forwarding output is enabled.
TpTrace Information: 0 : 2640, 1, 2025/07/07, 00:10:19.504, 114863180781, vstest.console.dll, InferRunSettingsHelper.IsTestSettingsEnabled: Unable to navigate to RunSettings/MSTest. Current node: RunSettings
TpTrace Verbose: 0 : 2640, 1, 2025/07/07, 00:10:19.506, 114863199621, vstest.console.dll, ParallelOperationManager.ClearSlots: Clearing all slots. Slots should accept more work: True
TpTrace Verbose: 0 : 2640, 1, 2025/07/07, 00:10:19.507, 114863211052, vstest.console.dll, ParallelOperationManager.SetOccupiedSlotCount: Setting slot counts AvailableSlotCount = 1, OccupiedSlotCount = 0.
TpTrace Verbose: 0 : 2640, 1, 2025/07/07, 00:10:19.508, 114863220124, vstest.console.dll, Occupied slots:

TpTrace Verbose: 0 : 2640, 1, 2025/07/07, 00:10:19.514, 114863277910, vstest.console.dll, TestEngine.GetExecutionManager: Chosen execution manager 'Microsoft.VisualStudio.TestPlatform.CrossPlatEngine.Client.Parallel.ParallelProxyExecutionManager, Microsoft.TestPlatform.CrossPlatEngine, Version=15.0.0.0, Culture=neutral, PublicKeyToken=b03f5f7f11d50a3a' ParallelLevel '1'.
TpTrace Verbose: 0 : 2640, 1, 2025/07/07, 00:10:19.514, 114863282577, vstest.console.dll, TestPlatform.GetSkipDefaultAdapters: Not skipping default adapters SkipDefaultAdapters was false.
TpTrace Verbose: 0 : 2640, 1, 2025/07/07, 00:10:19.515, 114863284881, vstest.console.dll, TestRunRequest.ExecuteAsync: Creating test run request.
TpTrace Verbose: 0 : 2640, 1, 2025/07/07, 00:10:19.516, 114863298620, vstest.console.dll, TestRunRequest.ExecuteAsync: Starting.
TpTrace Information: 0 : 2640, 1, 2025/07/07, 00:10:19.518, 114863319855, vstest.console.dll, TestRunRequest.ExecuteAsync: Starting run with settings:TestRunCriteria:
   KeepAlive=False,FrequencyOfRunStatsChangeEvent=10,RunStatsChangeEventTimeout=00:00:01.5000000,TestCaseFilter=,TestExecutorLauncher=
   Settingsxml=<RunSettings>
  <RunConfiguration>
    <ResultsDirectory>C:\Users\TOSHIBA\Downloads\QA path\Programming for QA\Programming Advanced for QA\09-Resources-Unit-Testing-Exercise-Classes\TestApp.UnitTests\bin\Debug\net6.0\fine-code-coverage\coverage-tool-output</ResultsDirectory>
    <TargetPlatform>X64</TargetPlatform>
    <TargetFrameworkVersion>.NETCoreApp,Version=v6.0</TargetFrameworkVersion>
    <DesignMode>False</DesignMode>
    <CollectSourceInformation>False</CollectSourceInformation>
  </RunConfiguration>
  <LoggerRunSettings>
    <Loggers>
      <Logger friendlyName="blame" enabled="True" />
      <Logger friendlyName="Console" uri="logger://microsoft/TestPlatform/ConsoleLogger/v1" assemblyQualifiedName="Microsoft.VisualStudio.TestPlatform.CommandLine.Internal.ConsoleLogger, vstest.console, Version=15.0.0.0, Culture=neutral, PublicKeyToken=b03f5f7f11d50a3a" codeBase="C:\Program Files\dotnet\sdk\9.0.100\vstest.console.dll" enabled="True" />
    </Loggers>
  </LoggerRunSettings>
  <DataCollectionRunSettings>
    <DataCollectors>
      <DataCollector friendlyName="blame" enabled="True">
        <Configuration>
          <ResultsDirectory>C:\Users\TOSHIBA\Downloads\QA path\Programming for QA\Programming Advanced for QA\09-Resources-Unit-Testing-Exercise-Classes\TestApp.UnitTests\bin\Debug\net6.0\fine-code-coverage\coverage-tool-output</ResultsDirectory>
        </Configuration>
      </DataCollector>
    </DataCollectors>
  </DataCollectionRunSettings>
</RunSettings>

TpTrace Verbose: 0 : 2640, 1, 2025/07/07, 00:10:19.518, 114863321456, vstest.console.dll, TestRunRequest.ExecuteAsync: Wait for the first run request is over.
TpTrace Verbose: 0 : 2640, 1, 2025/07/07, 00:10:19.519, 114863326495, vstest.console.dll, MulticastDelegateUtilities.SafeInvoke: TestRun.TestRunStart: Invoking callbacks was skipped because there are no subscribers.
TpTrace Verbose: 0 : 2640, 4, 2025/07/07, 00:10:19.519, 114863332342, vstest.console.dll, MulticastDelegateUtilities.SafeInvoke: InternalTestLoggerEvents.SendTestRunStart: Invoking callback 1/1 for Microsoft.VisualStudio.TestPlatform.CommandLine.Internal.ConsoleLogger., took 0 ms.
TpTrace Verbose: 0 : 2640, 1, 2025/07/07, 00:10:19.521, 114863352880, vstest.console.dll, ParallelProxyExecutionManager: Start execution. Total sources: 1
TpTrace Verbose: 0 : 2640, 1, 2025/07/07, 00:10:19.522, 114863359490, vstest.console.dll, ParallelOperationManager.StartWork: Starting adding 1 workloads.
TpTrace Verbose: 0 : 2640, 1, 2025/07/07, 00:10:19.522, 114863361157, vstest.console.dll, ParallelOperationManager.ClearSlots: Clearing all slots. Slots should accept more work: True
TpTrace Verbose: 0 : 2640, 1, 2025/07/07, 00:10:19.522, 114863362713, vstest.console.dll, ParallelOperationManager.SetOccupiedSlotCount: Setting slot counts AvailableSlotCount = 1, OccupiedSlotCount = 0.
TpTrace Verbose: 0 : 2640, 1, 2025/07/07, 00:10:19.522, 114863363555, vstest.console.dll, Occupied slots:

TpTrace Verbose: 0 : 2640, 1, 2025/07/07, 00:10:19.525, 114863387269, vstest.console.dll, TestHostManagerCallbacks.ctor: Forwarding output is enabled.
TpTrace Verbose: 0 : 2640, 1, 2025/07/07, 00:10:19.525, 114863392481, vstest.console.dll, TestRequestSender is acting as server.
TpTrace Verbose: 0 : 2640, 1, 2025/07/07, 00:10:19.528, 114863416831, vstest.console.dll, ParallelOperationManager.RunWorkInParallel: Adding 1 workload to slot, remaining workloads 0.
TpTrace Verbose: 0 : 2640, 1, 2025/07/07, 00:10:19.528, 114863418523, vstest.console.dll, ParallelOperationManager.SetOccupiedSlotCount: Setting slot counts AvailableSlotCount = 0, OccupiedSlotCount = 1.
TpTrace Verbose: 0 : 2640, 1, 2025/07/07, 00:10:19.528, 114863420538, vstest.console.dll, Occupied slots:
0: C:\Users\TOSHIBA\Downloads\QA path\Programming for QA\Programming Advanced for QA\09-Resources-Unit-Testing-Exercise-Classes\TestApp.UnitTests\bin\Debug\net6.0\fine-code-coverage\build-output\TestApp.UnitTests.dll
TpTrace Verbose: 0 : 2640, 1, 2025/07/07, 00:10:19.531, 114863445520, vstest.console.dll, ParallelOperationManager.RunWorkInParallel: Started host in slot number 0 for work (source): C:\Users\TOSHIBA\Downloads\QA path\Programming for QA\Programming Advanced for QA\09-Resources-Unit-Testing-Exercise-Classes\TestApp.UnitTests\bin\Debug\net6.0\fine-code-coverage\build-output\TestApp.UnitTests.dll.
TpTrace Verbose: 0 : 2640, 5, 2025/07/07, 00:10:19.532, 114863458593, vstest.console.dll, ParallelProxyExecutionManager.StartTestRunOnConcurrentManager: Initializing uninitialized client. Started clients: 0
TpTrace Verbose: 0 : 2640, 1, 2025/07/07, 00:10:19.532, 114863460387, vstest.console.dll, ParallelOperationManager.RunWorkInParallel: We started 1 work items, which is the max parallel level. Won't start more work.
TpTrace Verbose: 0 : 2640, 5, 2025/07/07, 00:10:19.532, 114863461139, vstest.console.dll, DataCollectionRequestSender.InitializeCommunication : Initialize communication. 
TpTrace Verbose: 0 : 2640, 1, 2025/07/07, 00:10:19.532, 114863461292, vstest.console.dll, ParallelOperationManager.RunWorkInParallel: We started 1 work items in here, returning True.
TpTrace Information: 0 : 2640, 1, 2025/07/07, 00:10:19.532, 114863463408, vstest.console.dll, TestRunRequest.ExecuteAsync: Started.
TpTrace Verbose: 0 : 2640, 1, 2025/07/07, 00:10:19.534, 114863474803, vstest.console.dll, TestRunRequest.WaitForCompletion: Waiting with timeout -1.
TpTrace Information: 0 : 2640, 5, 2025/07/07, 00:10:19.549, 114863625237, vstest.console.dll, Listening on Endpoint : 127.0.0.1:50501
TpTrace Verbose: 0 : 2640, 5, 2025/07/07, 00:10:19.565, 114863791091, vstest.console.dll, DotnetDataCollectionLauncher: Adding  --runtimeconfig "C:\Program Files\dotnet\sdk\9.0.100\datacollector.runtimeconfig.json" in args
TpTrace Verbose: 0 : 2640, 5, 2025/07/07, 00:10:19.565, 114863792427, vstest.console.dll, DotnetDataCollectionLauncher: Adding  --depsfile "C:\Program Files\dotnet\sdk\9.0.100\datacollector.deps.json" in args
TpTrace Verbose: 0 : 2640, 5, 2025/07/07, 00:10:19.566, 114863794885, vstest.console.dll, DotnetDataCollectionLauncher: Full path of dotnet.exe is C:\Program Files\dotnet\dotnet.exe
TpTrace Information: 0 : 2640, 5, 2025/07/07, 00:10:19.579, 114863928568, vstest.console.dll, ProxyDataCollectionManager.Initialize: Launched datacollector processId: 404 port: 50501
TpTrace Information: 0 : 2640, 5, 2025/07/07, 00:10:19.579, 114863930814, vstest.console.dll, ProxyDataCollectionManager.Initialize: waiting for connection with timeout: 90 seconds
TpTrace Verbose: 0 : 2640, 5, 2025/07/07, 00:10:19.579, 114863931835, vstest.console.dll, DataCollectionRequestSender.WaitForRequestHandlerConnection : Waiting for connection with timeout: 90000
TpTrace Verbose: 0 : 2640, 5, 2025/07/07, 00:10:19.815, 114866291670, vstest.console.dll, SocketCommunicationManager.WaitForClientConnection took: 235 ms, with 90000 ms timeout, and finished with True.
TpTrace Information: 0 : 2640, 9, 2025/07/07, 00:10:19.815, 114866291627, vstest.console.dll, Using the buffer size of 16384 bytes
TpTrace Verbose: 0 : 2640, 5, 2025/07/07, 00:10:19.815, 114866293920, vstest.console.dll, ProxyDataCollectionManager.InvokeDataCollectionServiceAction: Starting.
TpTrace Information: 0 : 2640, 9, 2025/07/07, 00:10:19.816, 114866294281, vstest.console.dll, Accepted Client request and set the flag
TpTrace Information: 0 : 2640, 5, 2025/07/07, 00:10:19.816, 114866295300, vstest.console.dll, ProxyDataCollectionManager.BeforeTestRunStart: Get environment variable and port for datacollector processId: 404 port: 50501
TpTrace Verbose: 0 : 2640, 5, 2025/07/07, 00:10:19.816, 114866297008, vstest.console.dll, DataCollectionRequestSender.SendBeforeTestRunStartAndGetResult: Send BeforeTestRunStart message with settingsXml <RunSettings><RunConfiguration><ResultsDirectory>C:\Users\TOSHIBA\Downloads\QA path\Programming for QA\Programming Advanced for QA\09-Resources-Unit-Testing-Exercise-Classes\TestApp.UnitTests\bin\Debug\net6.0\fine-code-coverage\coverage-tool-output</ResultsDirectory><TargetPlatform>X64</TargetPlatform><TargetFrameworkVersion>.NETCoreApp,Version=v6.0</TargetFrameworkVersion><DesignMode>False</DesignMode><CollectSourceInformation>False</CollectSourceInformation><TestAdaptersPaths>C:\Program Files\dotnet\sdk\9.0.100\Extensions</TestAdaptersPaths></RunConfiguration><LoggerRunSettings><Loggers><Logger friendlyName="blame" enabled="True" /><Logger friendlyName="Console" uri="logger://microsoft/TestPlatform/ConsoleLogger/v1" assemblyQualifiedName="Microsoft.VisualStudio.TestPlatform.CommandLine.Internal.ConsoleLogger, vstest.console, Version=15.0.0.0, Culture=neutral, PublicKeyToken=b03f5f7f11d50a3a" codeBase="C:\Program Files\dotnet\sdk\9.0.100\vstest.console.dll" enabled="True" /></Loggers></LoggerRunSettings><DataCollectionRunSettings><DataCollectors><DataCollector friendlyName="blame" enabled="True"><Configuration><ResultsDirectory>C:\Users\TOSHIBA\Downloads\QA path\Programming for QA\Programming Advanced for QA\09-Resources-Unit-Testing-Exercise-Classes\TestApp.UnitTests\bin\Debug\net6.0\fine-code-coverage\coverage-tool-output</ResultsDirectory></Configuration></DataCollector></DataCollectors></DataCollectionRunSettings></RunSettings> and sources System.Collections.Generic.List`1[System.String]: 
TpTrace Verbose: 0 : 2640, 5, 2025/07/07, 00:10:19.961, 114867749016, vstest.console.dll, DataCollectionRequestSender.SendBeforeTestRunStartAndGetResult: Received message: (DataCollection.SendMessage) -> {"MessageType":"DataCollection.SendMessage","Payload":{"FriendlyName":null,"Uri":null,"TestCaseId":"00000000-0000-0000-0000-000000000000","Message":"Logging DataCollector Diagnostics in file: C:\\Users\\TOSHIBA\\Downloads\\QA path\\Programming for QA\\Programming Advanced for QA\\09-Resources-Unit-Testing-Exercise-Classes\\TestApp.UnitTests\\bin\\Debug\\net6.0\\fine-code-coverage\\coverage-tool-output\\diagnostics.datacollector.25-07-07_00-10-19_56537_5.log","Level":0}}
TpTrace Verbose: 0 : 2640, 5, 2025/07/07, 00:10:20.203, 114870165787, vstest.console.dll, DataCollectionRequestSender.SendBeforeTestRunStartAndGetResult: Received message: (DataCollection.BeforeTestRunStartResult) -> {"MessageType":"DataCollection.BeforeTestRunStartResult","Payload":{"EnvironmentVariables":{},"DataCollectionEventsPort":50503}}
TpTrace Information: 0 : 2640, 5, 2025/07/07, 00:10:20.215, 114870291173, vstest.console.dll, ProxyDataCollectionManager.BeforeTestRunStart: SendBeforeTestRunStartAndGetResult successful, env variable from datacollector:   and testhost port: 50503
TpTrace Information: 0 : 2640, 5, 2025/07/07, 00:10:20.215, 114870292807, vstest.console.dll, ProxyDataCollectionManager.InvokeDataCollectionServiceAction: Completed.
TpTrace Verbose: 0 : 2640, 5, 2025/07/07, 00:10:20.215, 114870293645, vstest.console.dll, ParallelProxyExecutionManager.StartTestRunOnConcurrentManager: Initializing test run. Started clients: 0
TpTrace Verbose: 0 : 2640, 5, 2025/07/07, 00:10:20.216, 114870295527, vstest.console.dll, ProxyExecutionManager: Test host is always Lazy initialize.
TpTrace Verbose: 0 : 2640, 5, 2025/07/07, 00:10:20.216, 114870300373, vstest.console.dll, TestRequestSender.InitializeCommunication: initialize communication. 
TpTrace Information: 0 : 2640, 5, 2025/07/07, 00:10:20.218, 114870316877, vstest.console.dll, SocketServer.Start: Listening on endpoint : 127.0.0.1:50504
TpTrace Verbose: 0 : 2640, 5, 2025/07/07, 00:10:20.219, 114870330782, vstest.console.dll, DotnetTestHostmanager.GetTestHostProcessStartInfo: Platform environment 'X64' target architecture 'X64' framework '.NETCoreApp,Version=v6.0' OS 'Windows'
TpTrace Verbose: 0 : 2640, 5, 2025/07/07, 00:10:20.220, 114870335007, vstest.console.dll, DotnetTestHostmanager: Adding  --runtimeconfig "C:\Users\TOSHIBA\Downloads\QA path\Programming for QA\Programming Advanced for QA\09-Resources-Unit-Testing-Exercise-Classes\TestApp.UnitTests\bin\Debug\net6.0\fine-code-coverage\build-output\TestApp.UnitTests.runtimeconfig.json" in args
TpTrace Verbose: 0 : 2640, 5, 2025/07/07, 00:10:20.220, 114870336947, vstest.console.dll, DotnetTestHostmanager: Adding  --depsfile "C:\Users\TOSHIBA\Downloads\QA path\Programming for QA\Programming Advanced for QA\09-Resources-Unit-Testing-Exercise-Classes\TestApp.UnitTests\bin\Debug\net6.0\fine-code-coverage\build-output\TestApp.UnitTests.deps.json" in args
TpTrace Verbose: 0 : 2640, 5, 2025/07/07, 00:10:20.220, 114870340423, vstest.console.dll, DotnetTestHostmanager.IsWinOnArm: Current PROCESSOR_ARCHITECTURE from environment variable 'AMD64'
TpTrace Verbose: 0 : 2640, 5, 2025/07/07, 00:10:20.220, 114870341866, vstest.console.dll, DotnetTestHostmanager.IsWinOnArm: Is Windows on ARM 'False'
TpTrace Verbose: 0 : 2640, 5, 2025/07/07, 00:10:20.220, 114870343665, vstest.console.dll, DotnetTestHostManager: testhost.exe found at path: C:\Users\TOSHIBA\Downloads\QA path\Programming for QA\Programming Advanced for QA\09-Resources-Unit-Testing-Exercise-Classes\TestApp.UnitTests\bin\Debug\net6.0\fine-code-coverage\build-output\testhost.exe
TpTrace Verbose: 0 : 2640, 5, 2025/07/07, 00:10:20.221, 114870345904, vstest.console.dll, DotnetTestHostmanager: Full path of host exe is C:\Users\TOSHIBA\Downloads\QA path\Programming for QA\Programming Advanced for QA\09-Resources-Unit-Testing-Exercise-Classes\TestApp.UnitTests\bin\Debug\net6.0\fine-code-coverage\build-output\testhost.exe
TpTrace Verbose: 0 : 2640, 5, 2025/07/07, 00:10:20.221, 114870349161, vstest.console.dll, DotnetTestHostmanager.LaunchTestHostAsync: Found 'VSTEST_WINAPPHOST_DOTNET_ROOT' in env variables, value 'C:\Program Files\dotnet', forwarding to 'DOTNET_ROOT'
TpTrace Verbose: 0 : 2640, 5, 2025/07/07, 00:10:20.221, 114870353619, vstest.console.dll, DotnetTestHostManager: Starting process 'C:\Users\TOSHIBA\Downloads\QA path\Programming for QA\Programming Advanced for QA\09-Resources-Unit-Testing-Exercise-Classes\TestApp.UnitTests\bin\Debug\net6.0\fine-code-coverage\build-output\testhost.exe' with command line ' --runtimeconfig "C:\Users\TOSHIBA\Downloads\QA path\Programming for QA\Programming Advanced for QA\09-Resources-Unit-Testing-Exercise-Classes\TestApp.UnitTests\bin\Debug\net6.0\fine-code-coverage\build-output\TestApp.UnitTests.runtimeconfig.json" --depsfile "C:\Users\TOSHIBA\Downloads\QA path\Programming for QA\Programming Advanced for QA\09-Resources-Unit-Testing-Exercise-Classes\TestApp.UnitTests\bin\Debug\net6.0\fine-code-coverage\build-output\TestApp.UnitTests.deps.json" --port 50504 --endpoint 127.0.0.1:050504 --role client --parentprocessid 2640 --diag "C:\Users\TOSHIBA\Downloads\QA path\Programming for QA\Programming Advanced for QA\09-Resources-Unit-Testing-Exercise-Classes\TestApp.UnitTests\bin\Debug\net6.0\fine-code-coverage\coverage-tool-output\diagnostics.host.25-07-07_00-10-20_21902_5.log" --tracelevel 4 --datacollectionport 50503 --telemetryoptedin false'
TpTrace Verbose: 0 : 2640, 5, 2025/07/07, 00:10:20.236, 114870497665, vstest.console.dll, MulticastDelegateUtilities.SafeInvoke: HostProviderEvents.OnHostLaunched: Invoking callback 1/2 for Microsoft.VisualStudio.TestPlatform.CrossPlatEngine.Client.ProxyExecutionManagerWithDataCollection., took 1 ms.
TpTrace Verbose: 0 : 2640, 5, 2025/07/07, 00:10:20.236, 114870502543, vstest.console.dll, Test Runtime launched
TpTrace Verbose: 0 : 2640, 5, 2025/07/07, 00:10:20.236, 114870503545, vstest.console.dll, MulticastDelegateUtilities.SafeInvoke: HostProviderEvents.OnHostLaunched: Invoking callback 2/2 for Microsoft.VisualStudio.TestPlatform.CrossPlatEngine.Client.ProxyOperationManager., took 0 ms.
TpTrace Verbose: 0 : 2640, 5, 2025/07/07, 00:10:20.237, 114870505501, vstest.console.dll, TestRequestSender.WaitForRequestHandlerConnection: waiting for connection with timeout: 90000.
TpTrace Verbose: 0 : 2640, 5, 2025/07/07, 00:10:20.580, 114873940423, vstest.console.dll, TestRequestSender.WaitForRequestHandlerConnection: waiting took 343 ms, with timeout 90000 ms, and result 0, which is success.
TpTrace Verbose: 0 : 2640, 13, 2025/07/07, 00:10:20.580, 114873940445, vstest.console.dll, MulticastDelegateUtilities.SafeInvoke: SocketServer: ClientConnected: Invoking callback 1/1 for Microsoft.VisualStudio.TestPlatform.CommunicationUtilities.TestRequestSender., took 0 ms.
TpTrace Verbose: 0 : 2640, 13, 2025/07/07, 00:10:20.580, 114873942643, vstest.console.dll, SocketServer.OnClientConnected: Client connected for endPoint: 127.0.0.1:50504, starting MessageLoopAsync:
TpTrace Verbose: 0 : 2640, 5, 2025/07/07, 00:10:20.582, 114873957167, vstest.console.dll, TestRequestSender.CheckVersionWithTestHost: Sending check version message: {"MessageType":"ProtocolVersion","Payload":7}
TpTrace Verbose: 0 : 2640, 11, 2025/07/07, 00:10:20.582, 114873963840, vstest.console.dll, TcpClientExtensions.MessageLoopAsync: Polling on remoteEndPoint: 127.0.0.1:50505 localEndPoint: 127.0.0.1:50504 after 0 ms
TpTrace Verbose: 0 : 2640, 11, 2025/07/07, 00:10:20.770, 114875841843, vstest.console.dll, TcpClientExtensions.MessageLoopAsync: NotifyDataAvailable remoteEndPoint: 127.0.0.1:50505 localEndPoint: 127.0.0.1:50504
TpTrace Verbose: 0 : 2640, 11, 2025/07/07, 00:10:20.771, 114875844424, vstest.console.dll, TestRequestSender.CheckVersionWithTestHost: onMessageReceived received message: (ProtocolVersion) -> {"MessageType":"ProtocolVersion","Payload":7}
TpTrace Verbose: 0 : 2640, 11, 2025/07/07, 00:10:20.772, 114875856972, vstest.console.dll, MulticastDelegateUtilities.SafeInvoke: LengthPrefixCommunicationChannel: MessageReceived: Invoking callback 1/1 for Microsoft.VisualStudio.TestPlatform.CommunicationUtilities.TestRequestSender+<>c__DisplayClass29_0., took 1 ms.
TpTrace Verbose: 0 : 2640, 5, 2025/07/07, 00:10:20.772, 114875858590, vstest.console.dll, TestPluginCache.GetExtensionPaths: Filtered extension paths: 
TpTrace Verbose: 0 : 2640, 11, 2025/07/07, 00:10:20.772, 114875858622, vstest.console.dll, TcpClientExtensions.MessageLoopAsync: Polling on remoteEndPoint: 127.0.0.1:50505 localEndPoint: 127.0.0.1:50504 after 189 ms
TpTrace Verbose: 0 : 2640, 5, 2025/07/07, 00:10:20.772, 114875859536, vstest.console.dll, TestPluginCache.GetExtensionPaths: Added default extension paths: C:\Program Files\dotnet\sdk\9.0.100\Extensions\Microsoft.Diagnostics.NETCore.Client.dll
C:\Program Files\dotnet\sdk\9.0.100\Extensions\Microsoft.TestPlatform.Extensions.BlameDataCollector.dll
C:\Program Files\dotnet\sdk\9.0.100\Extensions\Microsoft.TestPlatform.Extensions.EventLogCollector.dll
C:\Program Files\dotnet\sdk\9.0.100\Extensions\Microsoft.TestPlatform.TestHostRuntimeProvider.dll
C:\Program Files\dotnet\sdk\9.0.100\Extensions\Microsoft.VisualStudio.TestPlatform.Extensions.Html.TestLogger.dll
C:\Program Files\dotnet\sdk\9.0.100\Extensions\Microsoft.VisualStudio.TestPlatform.Extensions.Trx.TestLogger.dll
TpTrace Verbose: 0 : 2640, 5, 2025/07/07, 00:10:20.772, 114875860760, vstest.console.dll, TestPluginCache.GetExtensionPaths: Added unfilterableExtensionPaths: 
TpTrace Verbose: 0 : 2640, 5, 2025/07/07, 00:10:20.776, 114875894494, vstest.console.dll, TestRequestSender.InitializeExecution: Sending initialize execution with message: {"Version":7,"MessageType":"TestExecution.Initialize","Payload":["C:\\Users\\TOSHIBA\\Downloads\\QA path\\Programming for QA\\Programming Advanced for QA\\09-Resources-Unit-Testing-Exercise-Classes\\TestApp.UnitTests\\bin\\Debug\\net6.0\\fine-code-coverage\\build-output\\NUnit3.TestAdapter.dll"]}
TpTrace Verbose: 0 : 2640, 5, 2025/07/07, 00:10:20.776, 114875896732, vstest.console.dll, ParallelProxyExecutionManager.StartTestRunOnConcurrentManager: Execution starting. Started clients: 1
TpTrace Verbose: 0 : 2640, 5, 2025/07/07, 00:10:20.777, 114875904873, vstest.console.dll, TestRunRequest:SendTestRunMessage: Starting.
TpTrace Verbose: 0 : 2640, 5, 2025/07/07, 00:10:20.777, 114875907300, vstest.console.dll, MulticastDelegateUtilities.SafeInvoke: TestRun.LogMessages: Invoking callback 1/1 for Microsoft.VisualStudio.TestPlatform.CommandLine.TestRunResultAggregator., took 0 ms.
TpTrace Information: 0 : 2640, 5, 2025/07/07, 00:10:20.777, 114875907927, vstest.console.dll, TestRunRequest:SendTestRunMessage: Completed.
TpTrace Verbose: 0 : 2640, 4, 2025/07/07, 00:10:20.777, 114875911140, vstest.console.dll, MulticastDelegateUtilities.SafeInvoke: InternalTestLoggerEvents.SendTestRunMessage: Invoking callback 1/1 for Microsoft.VisualStudio.TestPlatform.CommandLine.Internal.ConsoleLogger., took 0 ms.
TpTrace Warning: 0 : 2640, 5, 2025/07/07, 00:10:20.777, 114875911965, vstest.console.dll, InferRunSettingsHelper.MakeRunsettingsCompatible: Removing the following settings: TargetPlatform from RunSettings file. To use those settings please move to latest version of Microsoft.NET.Test.Sdk
TpTrace Verbose: 0 : 2640, 11, 2025/07/07, 00:10:20.778, 114875919856, vstest.console.dll, TcpClientExtensions.MessageLoopAsync: NotifyDataAvailable remoteEndPoint: 127.0.0.1:50505 localEndPoint: 127.0.0.1:50504
TpTrace Verbose: 0 : 2640, 11, 2025/07/07, 00:10:20.779, 114875925479, vstest.console.dll, TestRequestSender.OnExecutionMessageReceived: Received message: {"Version":7,"MessageType":"TestSession.Message","Payload":{"MessageLevel":0,"Message":"Logging TestHost Diagnostics in file: C:\\Users\\TOSHIBA\\Downloads\\QA path\\Programming for QA\\Programming Advanced for QA\\09-Resources-Unit-Testing-Exercise-Classes\\TestApp.UnitTests\\bin\\Debug\\net6.0\\fine-code-coverage\\coverage-tool-output\\diagnostics.host.25-07-07_00-10-20_21902_5.log"}}
TpTrace Verbose: 0 : 2640, 11, 2025/07/07, 00:10:20.783, 114875970961, vstest.console.dll, TestRunRequest:SendTestRunMessage: Starting.
TpTrace Verbose: 0 : 2640, 4, 2025/07/07, 00:10:20.783, 114875973082, vstest.console.dll, MulticastDelegateUtilities.SafeInvoke: InternalTestLoggerEvents.SendTestRunMessage: Invoking callback 1/1 for Microsoft.VisualStudio.TestPlatform.CommandLine.Internal.ConsoleLogger., took 0 ms.
TpTrace Verbose: 0 : 2640, 11, 2025/07/07, 00:10:20.783, 114875972975, vstest.console.dll, MulticastDelegateUtilities.SafeInvoke: TestRun.LogMessages: Invoking callback 1/1 for Microsoft.VisualStudio.TestPlatform.CommandLine.TestRunResultAggregator., took 0 ms.
TpTrace Information: 0 : 2640, 11, 2025/07/07, 00:10:20.784, 114875974574, vstest.console.dll, TestRunRequest:SendTestRunMessage: Completed.
TpTrace Verbose: 0 : 2640, 11, 2025/07/07, 00:10:20.784, 114875975100, vstest.console.dll, MulticastDelegateUtilities.SafeInvoke: LengthPrefixCommunicationChannel: MessageReceived: Invoking callback 1/1 for Microsoft.VisualStudio.TestPlatform.CommunicationUtilities.TestRequestSender+<>c__DisplayClass34_0., took 5 ms.
TpTrace Verbose: 0 : 2640, 11, 2025/07/07, 00:10:20.784, 114875975504, vstest.console.dll, TcpClientExtensions.MessageLoopAsync: Polling on remoteEndPoint: 127.0.0.1:50505 localEndPoint: 127.0.0.1:50504 after 11 ms
TpTrace Verbose: 0 : 2640, 5, 2025/07/07, 00:10:20.791, 114876046447, vstest.console.dll, TestRequestSender.StartTestRun: Sending test run with message: {"Version":7,"MessageType":"TestExecution.StartWithSources","Payload":{"AdapterSourceMap":{"_none_":["C:\\Users\\TOSHIBA\\Downloads\\QA path\\Programming for QA\\Programming Advanced for QA\\09-Resources-Unit-Testing-Exercise-Classes\\TestApp.UnitTests\\bin\\Debug\\net6.0\\fine-code-coverage\\build-output\\TestApp.UnitTests.dll"]},"RunSettings":"<RunSettings>\r\n  <RunConfiguration>\r\n    <ResultsDirectory>C:\\Users\\TOSHIBA\\Downloads\\QA path\\Programming for QA\\Programming Advanced for QA\\09-Resources-Unit-Testing-Exercise-Classes\\TestApp.UnitTests\\bin\\Debug\\net6.0\\fine-code-coverage\\coverage-tool-output</ResultsDirectory>\r\n    <TargetFrameworkVersion>.NETCoreApp,Version=v6.0</TargetFrameworkVersion>\r\n    <DesignMode>False</DesignMode>\r\n    <CollectSourceInformation>False</CollectSourceInformation>\r\n  </RunConfiguration>\r\n  <LoggerRunSettings>\r\n    <Loggers>\r\n      <Logger friendlyName=\"blame\" enabled=\"True\" />\r\n      <Logger friendlyName=\"Console\" uri=\"logger://microsoft/TestPlatform/ConsoleLogger/v1\" assemblyQualifiedName=\"Microsoft.VisualStudio.TestPlatform.CommandLine.Internal.ConsoleLogger, vstest.console, Version=15.0.0.0, Culture=neutral, PublicKeyToken=b03f5f7f11d50a3a\" codeBase=\"C:\\Program Files\\dotnet\\sdk\\9.0.100\\vstest.console.dll\" enabled=\"True\" />\r\n    </Loggers>\r\n  </LoggerRunSettings>\r\n  <DataCollectionRunSettings>\r\n    <DataCollectors>\r\n      <DataCollector friendlyName=\"blame\" enabled=\"True\">\r\n        <Configuration>\r\n          <ResultsDirectory>C:\\Users\\TOSHIBA\\Downloads\\QA path\\Programming for QA\\Programming Advanced for QA\\09-Resources-Unit-Testing-Exercise-Classes\\TestApp.UnitTests\\bin\\Debug\\net6.0\\fine-code-coverage\\coverage-tool-output</ResultsDirectory>\r\n        </Configuration>\r\n      </DataCollector>\r\n    </DataCollectors>\r\n  </DataCollectionRunSettings>\r\n</RunSettings>","TestExecutionContext":{"FrequencyOfRunStatsChangeEvent":10,"RunStatsChangeEventTimeout":"00:00:01.5000000","InIsolation":false,"KeepAlive":false,"AreTestCaseLevelEventsRequired":false,"IsDebug":false,"TestCaseFilter":null,"FilterOptions":null},"Package":null}}
TpTrace Verbose: 0 : 2640, 5, 2025/07/07, 00:10:20.791, 114876049366, vstest.console.dll, ParallelProxyExecutionManager.StartTestRunOnConcurrentManager: Execution started. Started clients: 1
TpTrace Verbose: 0 : 2640, 11, 2025/07/07, 00:10:21.039, 114878524684, vstest.console.dll, TcpClientExtensions.MessageLoopAsync: NotifyDataAvailable remoteEndPoint: 127.0.0.1:50505 localEndPoint: 127.0.0.1:50504
TpTrace Verbose: 0 : 2640, 11, 2025/07/07, 00:10:21.039, 114878527096, vstest.console.dll, TestRequestSender.OnExecutionMessageReceived: Received message: {"Version":7,"MessageType":"TestSession.Message","Payload":{"MessageLevel":0,"Message":"NUnit Adapter 4.4.0.0: Test execution started"}}
TpTrace Verbose: 0 : 2640, 11, 2025/07/07, 00:10:21.039, 114878530938, vstest.console.dll, TestRunRequest:SendTestRunMessage: Starting.
TpTrace Verbose: 0 : 2640, 11, 2025/07/07, 00:10:21.039, 114878532172, vstest.console.dll, MulticastDelegateUtilities.SafeInvoke: TestRun.LogMessages: Invoking callback 1/1 for Microsoft.VisualStudio.TestPlatform.CommandLine.TestRunResultAggregator., took 0 ms.
TpTrace Verbose: 0 : 2640, 4, 2025/07/07, 00:10:21.039, 114878532379, vstest.console.dll, MulticastDelegateUtilities.SafeInvoke: InternalTestLoggerEvents.SendTestRunMessage: Invoking callback 1/1 for Microsoft.VisualStudio.TestPlatform.CommandLine.Internal.ConsoleLogger., took 0 ms.
TpTrace Information: 0 : 2640, 11, 2025/07/07, 00:10:21.039, 114878533055, vstest.console.dll, TestRunRequest:SendTestRunMessage: Completed.
TpTrace Verbose: 0 : 2640, 11, 2025/07/07, 00:10:21.040, 114878534530, vstest.console.dll, MulticastDelegateUtilities.SafeInvoke: LengthPrefixCommunicationChannel: MessageReceived: Invoking callback 1/1 for Microsoft.VisualStudio.TestPlatform.CommunicationUtilities.TestRequestSender+<>c__DisplayClass34_0., took 0 ms.
TpTrace Verbose: 0 : 2640, 11, 2025/07/07, 00:10:21.040, 114878535200, vstest.console.dll, TcpClientExtensions.MessageLoopAsync: Polling on remoteEndPoint: 127.0.0.1:50505 localEndPoint: 127.0.0.1:50504 after 255 ms
TpTrace Verbose: 0 : 2640, 11, 2025/07/07, 00:10:21.074, 114878875228, vstest.console.dll, TcpClientExtensions.MessageLoopAsync: NotifyDataAvailable remoteEndPoint: 127.0.0.1:50505 localEndPoint: 127.0.0.1:50504
TpTrace Verbose: 0 : 2640, 11, 2025/07/07, 00:10:21.074, 114878877075, vstest.console.dll, TestRequestSender.OnExecutionMessageReceived: Received message: {"Version":7,"MessageType":"TestSession.Message","Payload":{"MessageLevel":0,"Message":"Running all tests in C:\\Users\\TOSHIBA\\Downloads\\QA path\\Programming for QA\\Programming Advanced for QA\\09-Resources-Unit-Testing-Exercise-Classes\\TestApp.UnitTests\\bin\\Debug\\net6.0\\fine-code-coverage\\build-output\\TestApp.UnitTests.dll"}}
TpTrace Verbose: 0 : 2640, 11, 2025/07/07, 00:10:21.074, 114878878652, vstest.console.dll, TestRunRequest:SendTestRunMessage: Starting.
TpTrace Verbose: 0 : 2640, 11, 2025/07/07, 00:10:21.074, 114878879663, vstest.console.dll, MulticastDelegateUtilities.SafeInvoke: TestRun.LogMessages: Invoking callback 1/1 for Microsoft.VisualStudio.TestPlatform.CommandLine.TestRunResultAggregator., took 0 ms.
TpTrace Verbose: 0 : 2640, 4, 2025/07/07, 00:10:21.074, 114878879890, vstest.console.dll, MulticastDelegateUtilities.SafeInvoke: InternalTestLoggerEvents.SendTestRunMessage: Invoking callback 1/1 for Microsoft.VisualStudio.TestPlatform.CommandLine.Internal.ConsoleLogger., took 0 ms.
TpTrace Information: 0 : 2640, 11, 2025/07/07, 00:10:21.074, 114878880565, vstest.console.dll, TestRunRequest:SendTestRunMessage: Completed.
TpTrace Verbose: 0 : 2640, 11, 2025/07/07, 00:10:21.074, 114878882022, vstest.console.dll, MulticastDelegateUtilities.SafeInvoke: LengthPrefixCommunicationChannel: MessageReceived: Invoking callback 1/1 for Microsoft.VisualStudio.TestPlatform.CommunicationUtilities.TestRequestSender+<>c__DisplayClass34_0., took 0 ms.
TpTrace Verbose: 0 : 2640, 11, 2025/07/07, 00:10:21.074, 114878882749, vstest.console.dll, TcpClientExtensions.MessageLoopAsync: Polling on remoteEndPoint: 127.0.0.1:50505 localEndPoint: 127.0.0.1:50504 after 34 ms
TpTrace Verbose: 0 : 2640, 11, 2025/07/07, 00:10:21.332, 114881463445, vstest.console.dll, TcpClientExtensions.MessageLoopAsync: NotifyDataAvailable remoteEndPoint: 127.0.0.1:50505 localEndPoint: 127.0.0.1:50504
TpTrace Verbose: 0 : 2640, 11, 2025/07/07, 00:10:21.333, 114881466503, vstest.console.dll, TestRequestSender.OnExecutionMessageReceived: Received message: {"Version":7,"MessageType":"TestSession.Message","Payload":{"MessageLevel":0,"Message":"   NUnit3TestExecutor discovered 17 of 17 NUnit test cases using Current Discovery mode, Non-Explicit run"}}
TpTrace Verbose: 0 : 2640, 11, 2025/07/07, 00:10:21.333, 114881468835, vstest.console.dll, TestRunRequest:SendTestRunMessage: Starting.
TpTrace Verbose: 0 : 2640, 11, 2025/07/07, 00:10:21.333, 114881470020, vstest.console.dll, MulticastDelegateUtilities.SafeInvoke: TestRun.LogMessages: Invoking callback 1/1 for Microsoft.VisualStudio.TestPlatform.CommandLine.TestRunResultAggregator., took 0 ms.
TpTrace Verbose: 0 : 2640, 4, 2025/07/07, 00:10:21.333, 114881470470, vstest.console.dll, MulticastDelegateUtilities.SafeInvoke: InternalTestLoggerEvents.SendTestRunMessage: Invoking callback 1/1 for Microsoft.VisualStudio.TestPlatform.CommandLine.Internal.ConsoleLogger., took 0 ms.
TpTrace Information: 0 : 2640, 11, 2025/07/07, 00:10:21.333, 114881471538, vstest.console.dll, TestRunRequest:SendTestRunMessage: Completed.
TpTrace Verbose: 0 : 2640, 11, 2025/07/07, 00:10:21.333, 114881472249, vstest.console.dll, MulticastDelegateUtilities.SafeInvoke: LengthPrefixCommunicationChannel: MessageReceived: Invoking callback 1/1 for Microsoft.VisualStudio.TestPlatform.CommunicationUtilities.TestRequestSender+<>c__DisplayClass34_0., took 0 ms.
TpTrace Verbose: 0 : 2640, 11, 2025/07/07, 00:10:21.333, 114881472830, vstest.console.dll, TcpClientExtensions.MessageLoopAsync: Polling on remoteEndPoint: 127.0.0.1:50505 localEndPoint: 127.0.0.1:50504 after 258 ms
TpTrace Verbose: 0 : 2640, 11, 2025/07/07, 00:10:21.613, 114884268543, vstest.console.dll, TcpClientExtensions.MessageLoopAsync: NotifyDataAvailable remoteEndPoint: 127.0.0.1:50505 localEndPoint: 127.0.0.1:50504
TpTrace Verbose: 0 : 2640, 11, 2025/07/07, 00:10:21.613, 114884273340, vstest.console.dll, TestRequestSender.OnExecutionMessageReceived: Received message: {"Version":7,"MessageType":"TestExecution.StatsChange","Payload":{"NewTestResults":[{"TestCase":{"Id":"5180181b-ce85-b768-5471-7edc86cd4b8e","FullyQualifiedName":"TestApp.UnitTests.ArticleTests.Test_AddArticles_ReturnsArticleWithCorrectData","DisplayName":"Test_AddArticles_ReturnsArticleWithCorrectData","ExecutorUri":"executor://NUnit3TestExecutor","Source":"C:\\Users\\TOSHIBA\\Downloads\\QA path\\Programming for QA\\Programming Advanced for QA\\09-Resources-Unit-Testing-Exercise-Classes\\TestApp.UnitTests\\bin\\Debug\\net6.0\\fine-code-coverage\\build-output\\TestApp.UnitTests.dll","CodeFilePath":null,"LineNumber":0,"Properties":[{"Key":{"Id":"NUnit.Seed","Label":"Seed","Category":"","Description":"","Attributes":0,"ValueType":"System.String"},"Value":"1397036639"}]},"Attachments":[],"Outcome":1,"ErrorMessage":null,"ErrorStackTrace":null,"DisplayName":"Test_AddArticles_ReturnsArticleWithCorrectData","Messages":[],"ComputerName":"DESKTOP-D6DHFFL","Duration":"00:00:00.0469150","StartTime":"2025-07-06T21:10:21.3951111+00:00","EndTime":"2025-07-06T21:10:21.4418619+00:00","Properties":[{"Key":{"Id":"NUnit.Seed","Label":"Seed","Category":"","Description":"","Attributes":0,"ValueType":"System.String"},"Value":"1397036639"}]},{"TestCase":{"Id":"7939bdf1-39d5-7811-82f0-fe64d3ec593e","FullyQualifiedName":"TestApp.UnitTests.ArticleTests.Test_GetArticleList_ReturnsEmptyString_WhenInvalidPrintCriteria","DisplayName":"Test_GetArticleList_ReturnsEmptyString_WhenInvalidPrintCriteria","ExecutorUri":"executor://NUnit3TestExecutor","Source":"C:\\Users\\TOSHIBA\\Downloads\\QA path\\Programming for QA\\Programming Advanced for QA\\09-Resources-Unit-Testing-Exercise-Classes\\TestApp.UnitTests\\bin\\Debug\\net6.0\\fine-code-coverage\\build-output\\TestApp.UnitTests.dll","CodeFilePath":null,"LineNumber":0,"Properties":[{"Key":{"Id":"NUnit.Seed","Label":"Seed","Category":"","Description":"","Attributes":0,"ValueType":"System.String"},"Value":"1510284824"}]},"Attachments":[],"Outcome":1,"ErrorMessage":null,"ErrorStackTrace":null,"DisplayName":"Test_GetArticleList_ReturnsEmptyString_WhenInvalidPrintCriteria","Messages":[],"ComputerName":"DESKTOP-D6DHFFL","Duration":"00:00:00.0015880","StartTime":"2025-07-06T21:10:21.4498868+00:00","EndTime":"2025-07-06T21:10:21.4514745+00:00","Properties":[{"Key":{"Id":"NUnit.Seed","Label":"Seed","Category":"","Description":"","Attributes":0,"ValueType":"System.String"},"Value":"1510284824"}]},{"TestCase":{"Id":"fa556a2a-052f-5607-a039-d1c3f1bdb61e","FullyQualifiedName":"TestApp.UnitTests.ArticleTests.Test_GetArticleList_SortsArticlesByTitle","DisplayName":"Test_GetArticleList_SortsArticlesByTitle","ExecutorUri":"executor://NUnit3TestExecutor","Source":"C:\\Users\\TOSHIBA\\Downloads\\QA path\\Programming for QA\\Programming Advanced for QA\\09-Resources-Unit-Testing-Exercise-Classes\\TestApp.UnitTests\\bin\\Debug\\net6.0\\fine-code-coverage\\build-output\\TestApp.UnitTests.dll","CodeFilePath":null,"LineNumber":0,"Properties":[{"Key":{"Id":"NUnit.Seed","Label":"Seed","Category":"","Description":"","Attributes":0,"ValueType":"System.String"},"Value":"1637422758"}]},"Attachments":[],"Outcome":1,"ErrorMessage":null,"ErrorStackTrace":null,"DisplayName":"Test_GetArticleList_SortsArticlesByTitle","Messages":[],"ComputerName":"DESKTOP-D6DHFFL","Duration":"00:00:00.0014390","StartTime":"2025-07-06T21:10:21.4515556+00:00","EndTime":"2025-07-06T21:10:21.4529939+00:00","Properties":[{"Key":{"Id":"NUnit.Seed","Label":"Seed","Category":"","Description":"","Attributes":0,"ValueType":"System.String"},"Value":"1637422758"}]},{"TestCase":{"Id":"e31ed5f7-10b1-c126-051c-cae05bd7e3c7","FullyQualifiedName":"TestApp.UnitTests.PersonTests.Test_AddPeople_ReturnsListWithUniquePeople","DisplayName":"Test_AddPeople_ReturnsListWithUniquePeople","ExecutorUri":"executor://NUnit3TestExecutor","Source":"C:\\Users\\TOSHIBA\\Downloads\\QA path\\Programming for QA\\Programming Advanced for QA\\09-Resources-Unit-Testing-Exercise-Classes\\TestApp.UnitTests\\bin\\Debug\\net6.0\\fine-code-coverage\\build-output\\TestApp.UnitTests.dll","CodeFilePath":null,"LineNumber":0,"Properties":[{"Key":{"Id":"NUnit.Seed","Label":"Seed","Category":"","Description":"","Attributes":0,"ValueType":"System.String"},"Value":"1028771684"}]},"Attachments":[],"Outcome":1,"ErrorMessage":null,"ErrorStackTrace":null,"DisplayName":"Test_AddPeople_ReturnsListWithUniquePeople","Messages":[],"ComputerName":"DESKTOP-D6DHFFL","Duration":"00:00:00.0061800","StartTime":"2025-07-06T21:10:21.4577848+00:00","EndTime":"2025-07-06T21:10:21.4639648+00:00","Properties":[{"Key":{"Id":"NUnit.Seed","Label":"Seed","Category":"","Description":"","Attributes":0,"ValueType":"System.String"},"Value":"1028771684"}]},{"TestCase":{"Id":"22b35c47-858a-7eea-09ad-f8cb87443060","FullyQualifiedName":"TestApp.UnitTests.PersonTests.Test_GetByAgeAscending_SortsPeopleByAge","DisplayName":"Test_GetByAgeAscending_SortsPeopleByAge","ExecutorUri":"executor://NUnit3TestExecutor","Source":"C:\\Users\\TOSHIBA\\Downloads\\QA path\\Programming for QA\\Programming Advanced for QA\\09-Resources-Unit-Testing-Exercise-Classes\\TestApp.UnitTests\\bin\\Debug\\net6.0\\fine-code-coverage\\build-output\\TestApp.UnitTests.dll","CodeFilePath":null,"LineNumber":0,"Properties":[{"Key":{"Id":"NUnit.Seed","Label":"Seed","Category":"","Description":"","Attributes":0,"ValueType":"System.String"},"Value":"858345956"}]},"Attachments":[],"Outcome":1,"ErrorMessage":null,"ErrorStackTrace":null,"DisplayName":"Test_GetByAgeAscending_SortsPeopleByAge","Messages":[],"ComputerName":"DESKTOP-D6DHFFL","Duration":"00:00:00.0021050","StartTime":"2025-07-06T21:10:21.4641942+00:00","EndTime":"2025-07-06T21:10:21.466299+00:00","Properties":[{"Key":{"Id":"NUnit.Seed","Label":"Seed","Category":"","Description":"","Attributes":0,"ValueType":"System.String"},"Value":"858345956"}]},{"TestCase":{"Id":"aa9016e6-dbfe-77a2-6006-68a2db375c3c","FullyQualifiedName":"TestApp.UnitTests.PlanetTests.Test_CalculateGravity_ReturnsCorrectCalculation","DisplayName":"Test_CalculateGravity_ReturnsCorrectCalculation","ExecutorUri":"executor://NUnit3TestExecutor","Source":"C:\\Users\\TOSHIBA\\Downloads\\QA path\\Programming for QA\\Programming Advanced for QA\\09-Resources-Unit-Testing-Exercise-Classes\\TestApp.UnitTests\\bin\\Debug\\net6.0\\fine-code-coverage\\build-output\\TestApp.UnitTests.dll","CodeFilePath":null,"LineNumber":0,"Properties":[{"Key":{"Id":"NUnit.Seed","Label":"Seed","Category":"","Description":"","Attributes":0,"ValueType":"System.String"},"Value":"1860414950"}]},"Attachments":[],"Outcome":1,"ErrorMessage":null,"ErrorStackTrace":null,"DisplayName":"Test_CalculateGravity_ReturnsCorrectCalculation","Messages":[],"ComputerName":"DESKTOP-D6DHFFL","Duration":"00:00:00.0036340","StartTime":"2025-07-06T21:10:21.4667891+00:00","EndTime":"2025-07-06T21:10:21.4704225+00:00","Properties":[{"Key":{"Id":"NUnit.Seed","Label":"Seed","Category":"","Description":"","Attributes":0,"ValueType":"System.String"},"Value":"1860414950"}]},{"TestCase":{"Id":"7ec11c83-ec30-eac9-71ee-1fd0ad6c9a33","FullyQualifiedName":"TestApp.UnitTests.PlanetTests.Test_GetPlanetInfo_ReturnsCorrectInfo","DisplayName":"Test_GetPlanetInfo_ReturnsCorrectInfo","ExecutorUri":"executor://NUnit3TestExecutor","Source":"C:\\Users\\TOSHIBA\\Downloads\\QA path\\Programming for QA\\Programming Advanced for QA\\09-Resources-Unit-Testing-Exercise-Classes\\TestApp.UnitTests\\bin\\Debug\\net6.0\\fine-code-coverage\\build-output\\TestApp.UnitTests.dll","CodeFilePath":null,"LineNumber":0,"Properties":[{"Key":{"Id":"NUnit.Seed","Label":"Seed","Category":"","Description":"","Attributes":0,"ValueType":"System.String"},"Value":"1643475792"}]},"Attachments":[],"Outcome":1,"ErrorMessage":null,"ErrorStackTrace":null,"DisplayName":"Test_GetPlanetInfo_ReturnsCorrectInfo","Messages":[],"ComputerName":"DESKTOP-D6DHFFL","Duration":"00:00:00.0028350","StartTime":"2025-07-06T21:10:21.4704599+00:00","EndTime":"2025-07-06T21:10:21.473294+00:00","Properties":[{"Key":{"Id":"NUnit.Seed","Label":"Seed","Category":"","Description":"","Attributes":0,"ValueType":"System.String"},"Value":"1643475792"}]},{"TestCase":{"Id":"a2d26456-090f-191d-e241-128bf16c60db","FullyQualifiedName":"TestApp.UnitTests.ShopTests.Test_AddAndGetBoxes_ReturnsEmptyString_WhenNoProductsGiven","DisplayName":"Test_AddAndGetBoxes_ReturnsEmptyString_WhenNoProductsGiven","ExecutorUri":"executor://NUnit3TestExecutor","Source":"C:\\Users\\TOSHIBA\\Downloads\\QA path\\Programming for QA\\Programming Advanced for QA\\09-Resources-Unit-Testing-Exercise-Classes\\TestApp.UnitTests\\bin\\Debug\\net6.0\\fine-code-coverage\\build-output\\TestApp.UnitTests.dll","CodeFilePath":null,"LineNumber":0,"Properties":[{"Key":{"Id":"NUnit.Seed","Label":"Seed","Category":"","Description":"","Attributes":0,"ValueType":"System.String"},"Value":"814678559"}]},"Attachments":[],"Outcome":1,"ErrorMessage":null,"ErrorStackTrace":null,"DisplayName":"Test_AddAndGetBoxes_ReturnsEmptyString_WhenNoProductsGiven","Messages":[],"ComputerName":"DESKTOP-D6DHFFL","Duration":"00:00:00.0050760","StartTime":"2025-07-06T21:10:21.4735157+00:00","EndTime":"2025-07-06T21:10:21.478591+00:00","Properties":[{"Key":{"Id":"NUnit.Seed","Label":"Seed","Category":"","Description":"","Attributes":0,"ValueType":"System.String"},"Value":"814678559"}]},{"TestCase":{"Id":"10e8021e-9667-8ae6-3b1b-fac0e895e86d","FullyQualifiedName":"TestApp.UnitTests.ShopTests.Test_AddAndGetBoxes_ReturnsSortedBoxes","DisplayName":"Test_AddAndGetBoxes_ReturnsSortedBoxes","ExecutorUri":"executor://NUnit3TestExecutor","Source":"C:\\Users\\TOSHIBA\\Downloads\\QA path\\Programming for QA\\Programming Advanced for QA\\09-Resources-Unit-Testing-Exercise-Classes\\TestApp.UnitTests\\bin\\Debug\\net6.0\\fine-code-coverage\\build-output\\TestApp.UnitTests.dll","CodeFilePath":null,"LineNumber":0,"Properties":[{"Key":{"Id":"NUnit.Seed","Label":"Seed","Category":"","Description":"","Attributes":0,"ValueType":"System.String"},"Value":"996428341"}]},"Attachments":[],"Outcome":1,"ErrorMessage":null,"ErrorStackTrace":null,"DisplayName":"Test_AddAndGetBoxes_ReturnsSortedBoxes","Messages":[],"ComputerName":"DESKTOP-D6DHFFL","Duration":"00:00:00.0065140","StartTime":"2025-07-06T21:10:21.4802799+00:00","EndTime":"2025-07-06T21:10:21.4867936+00:00","Properties":[{"Key":{"Id":"NUnit.Seed","Label":"Seed","Category":"","Description":"","Attributes":0,"ValueType":"System.String"},"Value":"996428341"}]}],"TestRunStatistics":{"ExecutedTests":9,"Stats":{"Passed":9}},"ActiveTests":[{"Id":"37788f2d-7bb0-b1b4-daa7-2e1f79640235","FullyQualifiedName":"TestApp.UnitTests.SongTests.Test_AddAndListSongs_ReturnsAllSongs_WhenWantedListIsAll","DisplayName":"Test_AddAndListSongs_ReturnsAllSongs_WhenWantedListIsAll","ExecutorUri":"executor://NUnit3TestExecutor","Source":"C:\\Users\\TOSHIBA\\Downloads\\QA path\\Programming for QA\\Programming Advanced for QA\\09-Resources-Unit-Testing-Exercise-Classes\\TestApp.UnitTests\\bin\\Debug\\net6.0\\fine-code-coverage\\build-output\\TestApp.UnitTests.dll","CodeFilePath":null,"LineNumber":0,"Properties":[{"Key":{"Id":"NUnit.Seed","Label":"Seed","Category":"","Description":"","Attributes":0,"ValueType":"System.String"},"Value":"1397346928"}]}]}}
TpTrace Verbose: 0 : 2640, 11, 2025/07/07, 00:10:21.662, 114884756907, vstest.console.dll, TestRunRequest:SendTestRunStatsChange: Starting.
TpTrace Verbose: 0 : 2640, 11, 2025/07/07, 00:10:21.662, 114884759481, vstest.console.dll, InProgress is Test_AddAndListSongs_ReturnsAllSongs_WhenWantedListIsAll
TpTrace Verbose: 0 : 2640, 11, 2025/07/07, 00:10:21.662, 114884763212, vstest.console.dll, MulticastDelegateUtilities.SafeInvoke: TestRun.RunStatsChanged: Invoking callbacks was skipped because there are no subscribers.
TpTrace Information: 0 : 2640, 11, 2025/07/07, 00:10:21.663, 114884764006, vstest.console.dll, TestRunRequest:SendTestRunStatsChange: Completed.
TpTrace Verbose: 0 : 2640, 11, 2025/07/07, 00:10:21.663, 114884764784, vstest.console.dll, MulticastDelegateUtilities.SafeInvoke: LengthPrefixCommunicationChannel: MessageReceived: Invoking callback 1/1 for Microsoft.VisualStudio.TestPlatform.CommunicationUtilities.TestRequestSender+<>c__DisplayClass34_0., took 49 ms.
TpTrace Verbose: 0 : 2640, 11, 2025/07/07, 00:10:21.663, 114884765520, vstest.console.dll, TcpClientExtensions.MessageLoopAsync: Polling on remoteEndPoint: 127.0.0.1:50505 localEndPoint: 127.0.0.1:50504 after 329 ms
TpTrace Verbose: 0 : 2640, 11, 2025/07/07, 00:10:21.663, 114884766383, vstest.console.dll, TcpClientExtensions.MessageLoopAsync: NotifyDataAvailable remoteEndPoint: 127.0.0.1:50505 localEndPoint: 127.0.0.1:50504
TpTrace Verbose: 0 : 2640, 11, 2025/07/07, 00:10:21.663, 114884767533, vstest.console.dll, TestRequestSender.OnExecutionMessageReceived: Received message: {"Version":7,"MessageType":"TestSession.Message","Payload":{"MessageLevel":0,"Message":"NUnit Adapter 4.4.0.0: Test execution complete"}}
TpTrace Verbose: 0 : 2640, 11, 2025/07/07, 00:10:21.663, 114884769031, vstest.console.dll, TestRunRequest:SendTestRunMessage: Starting.
TpTrace Verbose: 0 : 2640, 11, 2025/07/07, 00:10:21.663, 114884769917, vstest.console.dll, MulticastDelegateUtilities.SafeInvoke: TestRun.LogMessages: Invoking callback 1/1 for Microsoft.VisualStudio.TestPlatform.CommandLine.TestRunResultAggregator., took 0 ms.
TpTrace Information: 0 : 2640, 11, 2025/07/07, 00:10:21.663, 114884770512, vstest.console.dll, TestRunRequest:SendTestRunMessage: Completed.
TpTrace Verbose: 0 : 2640, 11, 2025/07/07, 00:10:21.663, 114884773423, vstest.console.dll, MulticastDelegateUtilities.SafeInvoke: LengthPrefixCommunicationChannel: MessageReceived: Invoking callback 1/1 for Microsoft.VisualStudio.TestPlatform.CommunicationUtilities.TestRequestSender+<>c__DisplayClass34_0., took 0 ms.
TpTrace Verbose: 0 : 2640, 11, 2025/07/07, 00:10:21.664, 114884773984, vstest.console.dll, TcpClientExtensions.MessageLoopAsync: Polling on remoteEndPoint: 127.0.0.1:50505 localEndPoint: 127.0.0.1:50504 after 0 ms
TpTrace Verbose: 0 : 2640, 4, 2025/07/07, 00:10:21.665, 114884790751, vstest.console.dll, MulticastDelegateUtilities.SafeInvoke: InternalTestLoggerEvents.SendTestResult: Invoking callback 1/1 for Microsoft.VisualStudio.TestPlatform.CommandLine.Internal.ConsoleLogger., took 2 ms.
TpTrace Verbose: 0 : 2640, 4, 2025/07/07, 00:10:21.666, 114884795373, vstest.console.dll, MulticastDelegateUtilities.SafeInvoke: InternalTestLoggerEvents.SendTestResult: Invoking callback 1/1 for Microsoft.VisualStudio.TestPlatform.CommandLine.Internal.ConsoleLogger., took 0 ms.
TpTrace Verbose: 0 : 2640, 4, 2025/07/07, 00:10:21.666, 114884796849, vstest.console.dll, MulticastDelegateUtilities.SafeInvoke: InternalTestLoggerEvents.SendTestResult: Invoking callback 1/1 for Microsoft.VisualStudio.TestPlatform.CommandLine.Internal.ConsoleLogger., took 0 ms.
TpTrace Verbose: 0 : 2640, 4, 2025/07/07, 00:10:21.666, 114884797603, vstest.console.dll, MulticastDelegateUtilities.SafeInvoke: InternalTestLoggerEvents.SendTestResult: Invoking callback 1/1 for Microsoft.VisualStudio.TestPlatform.CommandLine.Internal.ConsoleLogger., took 0 ms.
TpTrace Verbose: 0 : 2640, 4, 2025/07/07, 00:10:21.666, 114884798275, vstest.console.dll, MulticastDelegateUtilities.SafeInvoke: InternalTestLoggerEvents.SendTestResult: Invoking callback 1/1 for Microsoft.VisualStudio.TestPlatform.CommandLine.Internal.ConsoleLogger., took 0 ms.
TpTrace Verbose: 0 : 2640, 4, 2025/07/07, 00:10:21.666, 114884798970, vstest.console.dll, MulticastDelegateUtilities.SafeInvoke: InternalTestLoggerEvents.SendTestResult: Invoking callback 1/1 for Microsoft.VisualStudio.TestPlatform.CommandLine.Internal.ConsoleLogger., took 0 ms.
TpTrace Verbose: 0 : 2640, 4, 2025/07/07, 00:10:21.666, 114884799538, vstest.console.dll, MulticastDelegateUtilities.SafeInvoke: InternalTestLoggerEvents.SendTestResult: Invoking callback 1/1 for Microsoft.VisualStudio.TestPlatform.CommandLine.Internal.ConsoleLogger., took 0 ms.
TpTrace Verbose: 0 : 2640, 4, 2025/07/07, 00:10:21.666, 114884800090, vstest.console.dll, MulticastDelegateUtilities.SafeInvoke: InternalTestLoggerEvents.SendTestResult: Invoking callback 1/1 for Microsoft.VisualStudio.TestPlatform.CommandLine.Internal.ConsoleLogger., took 0 ms.
TpTrace Verbose: 0 : 2640, 4, 2025/07/07, 00:10:21.666, 114884800670, vstest.console.dll, MulticastDelegateUtilities.SafeInvoke: InternalTestLoggerEvents.SendTestResult: Invoking callback 1/1 for Microsoft.VisualStudio.TestPlatform.CommandLine.Internal.ConsoleLogger., took 0 ms.
TpTrace Verbose: 0 : 2640, 4, 2025/07/07, 00:10:21.666, 114884801110, vstest.console.dll, MulticastDelegateUtilities.SafeInvoke: InternalTestLoggerEvents.SendTestRunMessage: Invoking callback 1/1 for Microsoft.VisualStudio.TestPlatform.CommandLine.Internal.ConsoleLogger., took 0 ms.
TpTrace Verbose: 0 : 2640, 11, 2025/07/07, 00:10:21.686, 114884997745, vstest.console.dll, TcpClientExtensions.MessageLoopAsync: NotifyDataAvailable remoteEndPoint: 127.0.0.1:50505 localEndPoint: 127.0.0.1:50504
TpTrace Verbose: 0 : 2640, 11, 2025/07/07, 00:10:21.686, 114885000517, vstest.console.dll, TestRequestSender.OnExecutionMessageReceived: Received message: {"Version":7,"MessageType":"TestExecution.Completed","Payload":{"TestRunCompleteArgs":{"TestRunStatistics":{"ExecutedTests":17,"Stats":{"Passed":17}},"IsCanceled":false,"IsAborted":false,"Error":null,"AttachmentSets":[],"InvokedDataCollectors":[],"ElapsedTimeInRunningTests":"00:00:00.6681961","Metrics":{},"DiscoveredExtensions":{"TestDiscoverers":["NUnit.VisualStudio.TestAdapter.NUnit3TestDiscoverer, NUnit3.TestAdapter, Version=4.4.0.0, Culture=neutral, PublicKeyToken=4cb40d35494691ac"],"TestExecutors":["executor://NUnit3TestExecutor"],"TestExecutors2":[],"TestSettingsProviders":[]}},"LastRunTests":{"NewTestResults":[{"TestCase":{"Id":"37788f2d-7bb0-b1b4-daa7-2e1f79640235","FullyQualifiedName":"TestApp.UnitTests.SongTests.Test_AddAndListSongs_ReturnsAllSongs_WhenWantedListIsAll","DisplayName":"Test_AddAndListSongs_ReturnsAllSongs_WhenWantedListIsAll","ExecutorUri":"executor://NUnit3TestExecutor","Source":"C:\\Users\\TOSHIBA\\Downloads\\QA path\\Programming for QA\\Programming Advanced for QA\\09-Resources-Unit-Testing-Exercise-Classes\\TestApp.UnitTests\\bin\\Debug\\net6.0\\fine-code-coverage\\build-output\\TestApp.UnitTests.dll","CodeFilePath":null,"LineNumber":0,"Properties":[{"Key":{"Id":"NUnit.Seed","Label":"Seed","Category":"","Description":"","Attributes":0,"ValueType":"System.String"},"Value":"1397346928"}]},"Attachments":[],"Outcome":1,"ErrorMessage":null,"ErrorStackTrace":null,"DisplayName":"Test_AddAndListSongs_ReturnsAllSongs_WhenWantedListIsAll","Messages":[],"ComputerName":"DESKTOP-D6DHFFL","Duration":"00:00:00.0019830","StartTime":"2025-07-06T21:10:21.4870474+00:00","EndTime":"2025-07-06T21:10:21.4890297+00:00","Properties":[{"Key":{"Id":"NUnit.Seed","Label":"Seed","Category":"","Description":"","Attributes":0,"ValueType":"System.String"},"Value":"1397346928"}]},{"TestCase":{"Id":"c4691c67-d7f2-e081-9b92-28c6f07e4374","FullyQualifiedName":"TestApp.UnitTests.SongTests.Test_AddAndListSongs_ReturnsEmptyString_WhenNoSongsMatchWantedList","DisplayName":"Test_AddAndListSongs_ReturnsEmptyString_WhenNoSongsMatchWantedList","ExecutorUri":"executor://NUnit3TestExecutor","Source":"C:\\Users\\TOSHIBA\\Downloads\\QA path\\Programming for QA\\Programming Advanced for QA\\09-Resources-Unit-Testing-Exercise-Classes\\TestApp.UnitTests\\bin\\Debug\\net6.0\\fine-code-coverage\\build-output\\TestApp.UnitTests.dll","CodeFilePath":null,"LineNumber":0,"Properties":[{"Key":{"Id":"NUnit.Seed","Label":"Seed","Category":"","Description":"","Attributes":0,"ValueType":"System.String"},"Value":"125320273"}]},"Attachments":[],"Outcome":1,"ErrorMessage":null,"ErrorStackTrace":null,"DisplayName":"Test_AddAndListSongs_ReturnsEmptyString_WhenNoSongsMatchWantedList","Messages":[],"ComputerName":"DESKTOP-D6DHFFL","Duration":"00:00:00.0005480","StartTime":"2025-07-06T21:10:21.4890559+00:00","EndTime":"2025-07-06T21:10:21.4896036+00:00","Properties":[{"Key":{"Id":"NUnit.Seed","Label":"Seed","Category":"","Description":"","Attributes":0,"ValueType":"System.String"},"Value":"125320273"}]},{"TestCase":{"Id":"4e3930c1-b747-647e-fad1-41b7ab922276","FullyQualifiedName":"TestApp.UnitTests.SongTests.Test_AddAndListSongs_ReturnsFilteredSongs_WhenWantedListIsSpecific","DisplayName":"Test_AddAndListSongs_ReturnsFilteredSongs_WhenWantedListIsSpecific","ExecutorUri":"executor://NUnit3TestExecutor","Source":"C:\\Users\\TOSHIBA\\Downloads\\QA path\\Programming for QA\\Programming Advanced for QA\\09-Resources-Unit-Testing-Exercise-Classes\\TestApp.UnitTests\\bin\\Debug\\net6.0\\fine-code-coverage\\build-output\\TestApp.UnitTests.dll","CodeFilePath":null,"LineNumber":0,"Properties":[{"Key":{"Id":"NUnit.Seed","Label":"Seed","Category":"","Description":"","Attributes":0,"ValueType":"System.String"},"Value":"568141614"}]},"Attachments":[],"Outcome":1,"ErrorMessage":null,"ErrorStackTrace":null,"DisplayName":"Test_AddAndListSongs_ReturnsFilteredSongs_WhenWantedListIsSpecific","Messages":[],"ComputerName":"DESKTOP-D6DHFFL","Duration":"00:00:00.0003030","StartTime":"2025-07-06T21:10:21.489621+00:00","EndTime":"2025-07-06T21:10:21.4899239+00:00","Properties":[{"Key":{"Id":"NUnit.Seed","Label":"Seed","Category":"","Description":"","Attributes":0,"ValueType":"System.String"},"Value":"568141614"}]},{"TestCase":{"Id":"d1929f95-964f-9038-85ff-99afe3c68376","FullyQualifiedName":"TestApp.UnitTests.StudentTests.Test_AddAndGetByCity_ReturnsEmptyString_WhenCityDoesNotExist","DisplayName":"Test_AddAndGetByCity_ReturnsEmptyString_WhenCityDoesNotExist","ExecutorUri":"executor://NUnit3TestExecutor","Source":"C:\\Users\\TOSHIBA\\Downloads\\QA path\\Programming for QA\\Programming Advanced for QA\\09-Resources-Unit-Testing-Exercise-Classes\\TestApp.UnitTests\\bin\\Debug\\net6.0\\fine-code-coverage\\build-output\\TestApp.UnitTests.dll","CodeFilePath":null,"LineNumber":0,"Properties":[{"Key":{"Id":"NUnit.Seed","Label":"Seed","Category":"","Description":"","Attributes":0,"ValueType":"System.String"},"Value":"1533899654"}]},"Attachments":[],"Outcome":1,"ErrorMessage":null,"ErrorStackTrace":null,"DisplayName":"Test_AddAndGetByCity_ReturnsEmptyString_WhenCityDoesNotExist","Messages":[],"ComputerName":"DESKTOP-D6DHFFL","Duration":"00:00:00.0033500","StartTime":"2025-07-06T21:10:21.4901232+00:00","EndTime":"2025-07-06T21:10:21.4934726+00:00","Properties":[{"Key":{"Id":"NUnit.Seed","Label":"Seed","Category":"","Description":"","Attributes":0,"ValueType":"System.String"},"Value":"1533899654"}]},{"TestCase":{"Id":"c6759252-3a72-717f-347f-3308107407a5","FullyQualifiedName":"TestApp.UnitTests.StudentTests.Test_AddAndGetByCity_ReturnsEmptyString_WhenNoStudentsGiven","DisplayName":"Test_AddAndGetByCity_ReturnsEmptyString_WhenNoStudentsGiven","ExecutorUri":"executor://NUnit3TestExecutor","Source":"C:\\Users\\TOSHIBA\\Downloads\\QA path\\Programming for QA\\Programming Advanced for QA\\09-Resources-Unit-Testing-Exercise-Classes\\TestApp.UnitTests\\bin\\Debug\\net6.0\\fine-code-coverage\\build-output\\TestApp.UnitTests.dll","CodeFilePath":null,"LineNumber":0,"Properties":[{"Key":{"Id":"NUnit.Seed","Label":"Seed","Category":"","Description":"","Attributes":0,"ValueType":"System.String"},"Value":"848664067"}]},"Attachments":[],"Outcome":1,"ErrorMessage":null,"ErrorStackTrace":null,"DisplayName":"Test_AddAndGetByCity_ReturnsEmptyString_WhenNoStudentsGiven","Messages":[],"ComputerName":"DESKTOP-D6DHFFL","Duration":"00:00:00.0003669","StartTime":"2025-07-06T21:10:21.4940854+00:00","EndTime":"2025-07-06T21:10:21.4944533+00:00","Properties":[{"Key":{"Id":"NUnit.Seed","Label":"Seed","Category":"","Description":"","Attributes":0,"ValueType":"System.String"},"Value":"848664067"}]},{"TestCase":{"Id":"17be48bd-11f4-0415-28ee-c4c12db720ec","FullyQualifiedName":"TestApp.UnitTests.StudentTests.Test_AddAndGetByCity_ReturnsStudentsInCity_WhenCityExists","DisplayName":"Test_AddAndGetByCity_ReturnsStudentsInCity_WhenCityExists","ExecutorUri":"executor://NUnit3TestExecutor","Source":"C:\\Users\\TOSHIBA\\Downloads\\QA path\\Programming for QA\\Programming Advanced for QA\\09-Resources-Unit-Testing-Exercise-Classes\\TestApp.UnitTests\\bin\\Debug\\net6.0\\fine-code-coverage\\build-output\\TestApp.UnitTests.dll","CodeFilePath":null,"LineNumber":0,"Properties":[{"Key":{"Id":"NUnit.Seed","Label":"Seed","Category":"","Description":"","Attributes":0,"ValueType":"System.String"},"Value":"1420542366"}]},"Attachments":[],"Outcome":1,"ErrorMessage":null,"ErrorStackTrace":null,"DisplayName":"Test_AddAndGetByCity_ReturnsStudentsInCity_WhenCityExists","Messages":[],"ComputerName":"DESKTOP-D6DHFFL","Duration":"00:00:00.0005190","StartTime":"2025-07-06T21:10:21.4945559+00:00","EndTime":"2025-07-06T21:10:21.4950744+00:00","Properties":[{"Key":{"Id":"NUnit.Seed","Label":"Seed","Category":"","Description":"","Attributes":0,"ValueType":"System.String"},"Value":"1420542366"}]},{"TestCase":{"Id":"bee3a956-fb77-8dce-99cc-162256282ad2","FullyQualifiedName":"TestApp.UnitTests.VehicleTests.Test_AddAndGetCatalogue_ReturnsEmptyCatalogue_WhenNoDataGiven","DisplayName":"Test_AddAndGetCatalogue_ReturnsEmptyCatalogue_WhenNoDataGiven","ExecutorUri":"executor://NUnit3TestExecutor","Source":"C:\\Users\\TOSHIBA\\Downloads\\QA path\\Programming for QA\\Programming Advanced for QA\\09-Resources-Unit-Testing-Exercise-Classes\\TestApp.UnitTests\\bin\\Debug\\net6.0\\fine-code-coverage\\build-output\\TestApp.UnitTests.dll","CodeFilePath":null,"LineNumber":0,"Properties":[{"Key":{"Id":"NUnit.Seed","Label":"Seed","Category":"","Description":"","Attributes":0,"ValueType":"System.String"},"Value":"205294206"}]},"Attachments":[],"Outcome":1,"ErrorMessage":null,"ErrorStackTrace":null,"DisplayName":"Test_AddAndGetCatalogue_ReturnsEmptyCatalogue_WhenNoDataGiven","Messages":[],"ComputerName":"DESKTOP-D6DHFFL","Duration":"00:00:00.0044950","StartTime":"2025-07-06T21:10:21.4955228+00:00","EndTime":"2025-07-06T21:10:21.500017+00:00","Properties":[{"Key":{"Id":"NUnit.Seed","Label":"Seed","Category":"","Description":"","Attributes":0,"ValueType":"System.String"},"Value":"205294206"}]},{"TestCase":{"Id":"7512676e-95ae-6397-a4da-142d2181a8bc","FullyQualifiedName":"TestApp.UnitTests.VehicleTests.Test_AddAndGetCatalogue_ReturnsSortedCatalogue","DisplayName":"Test_AddAndGetCatalogue_ReturnsSortedCatalogue","ExecutorUri":"executor://NUnit3TestExecutor","Source":"C:\\Users\\TOSHIBA\\Downloads\\QA path\\Programming for QA\\Programming Advanced for QA\\09-Resources-Unit-Testing-Exercise-Classes\\TestApp.UnitTests\\bin\\Debug\\net6.0\\fine-code-coverage\\build-output\\TestApp.UnitTests.dll","CodeFilePath":null,"LineNumber":0,"Properties":[{"Key":{"Id":"NUnit.Seed","Label":"Seed","Category":"","Description":"","Attributes":0,"ValueType":"System.String"},"Value":"1487793516"}]},"Attachments":[],"Outcome":1,"ErrorMessage":null,"ErrorStackTrace":null,"DisplayName":"Test_AddAndGetCatalogue_ReturnsSortedCatalogue","Messages":[],"ComputerName":"DESKTOP-D6DHFFL","Duration":"00:00:00.0018160","StartTime":"2025-07-06T21:10:21.5002727+00:00","EndTime":"2025-07-06T21:10:21.5020884+00:00","Properties":[{"Key":{"Id":"NUnit.Seed","Label":"Seed","Category":"","Description":"","Attributes":0,"ValueType":"System.String"},"Value":"1487793516"}]}],"TestRunStatistics":{"ExecutedTests":17,"Stats":{"Passed":17}},"ActiveTests":[]},"RunAttachments":[],"ExecutorUris":["executor://nunit3testexecutor/"]}}
TpTrace Verbose: 0 : 2640, 11, 2025/07/07, 00:10:21.686, 114885002645, vstest.console.dll, TestRequestSender.EndSession: Sending end session.
TpTrace Verbose: 0 : 2640, 11, 2025/07/07, 00:10:21.687, 114885004547, vstest.console.dll, ProxyOperationManager.Close: waiting for test host to exit for 100 ms
TpTrace Warning: 0 : 2640, 11, 2025/07/07, 00:10:21.788, 114886021385, vstest.console.dll, ProxyOperationManager: Timed out waiting for test host to exit. Will terminate process.
TpTrace Information: 0 : 2640, 11, 2025/07/07, 00:10:21.789, 114886024168, vstest.console.dll, SocketServer.Stop: Stop server endPoint: 127.0.0.1:50504
TpTrace Information: 0 : 2640, 11, 2025/07/07, 00:10:21.789, 114886025037, vstest.console.dll, SocketServer.Stop: Cancellation requested. Stopping message loop.
TpTrace Information: 0 : 2640, 11, 2025/07/07, 00:10:21.789, 114886027135, vstest.console.dll, Closing the connection
TpTrace Warning: 0 : 2640, 9, 2025/07/07, 00:10:21.902, 114887155778, vstest.console.dll, TestHostManagerCallbacks.ErrorReceivedCallback Test host standard error line: 
TpTrace Verbose: 0 : 2640, 12, 2025/07/07, 00:10:21.902, 114887155778, vstest.console.dll, TestHostManagerCallbacks.StandardOutputReceivedCallback Test host standard output line: 
TpTrace Verbose: 0 : 2640, 11, 2025/07/07, 00:10:21.911, 114887245431, vstest.console.dll, TestHostProvider.ExitCallBack: Host exited starting callback.
TpTrace Information: 0 : 2640, 11, 2025/07/07, 00:10:21.911, 114887247343, vstest.console.dll, TestHostManagerCallbacks.ExitCallBack: Testhost processId: 4900 exited with exitcode: 0 error: ''
TpTrace Verbose: 0 : 2640, 11, 2025/07/07, 00:10:21.911, 114887248067, vstest.console.dll, DotnetTestHostManager.OnHostExited: invoking OnHostExited callback
TpTrace Verbose: 0 : 2640, 11, 2025/07/07, 00:10:21.911, 114887248894, vstest.console.dll, CrossPlatEngine.TestHostManagerHostExited: calling on client process exit callback.
TpTrace Information: 0 : 2640, 11, 2025/07/07, 00:10:21.911, 114887249711, vstest.console.dll, TestRequestSender.OnClientProcessExit: Test host process exited. Standard error: 
TpTrace Information: 0 : 2640, 11, 2025/07/07, 00:10:21.911, 114887250436, vstest.console.dll, SocketServer.Stop: Stop server endPoint: 127.0.0.1:50504
TpTrace Information: 0 : 2640, 11, 2025/07/07, 00:10:21.911, 114887250953, vstest.console.dll, SocketServer.Stop: Cancellation requested. Stopping message loop.
TpTrace Verbose: 0 : 2640, 11, 2025/07/07, 00:10:21.911, 114887251621, vstest.console.dll, MulticastDelegateUtilities.SafeInvoke: HostProviderEvents.OnHostExited: Invoking callback 1/1 for Microsoft.VisualStudio.TestPlatform.CrossPlatEngine.Client.ProxyOperationManager., took 0 ms.
TpTrace Verbose: 0 : 2640, 11, 2025/07/07, 00:10:21.912, 114887254680, vstest.console.dll, ProxyDataCollectionManager.InvokeDataCollectionServiceAction: Starting.
TpTrace Information: 0 : 2640, 11, 2025/07/07, 00:10:21.912, 114887255414, vstest.console.dll, ProxyDataCollectionManager.AfterTestRunEnd: Get attachment set and invoked data collectors processId: 404 port: 50501
TpTrace Verbose: 0 : 2640, 11, 2025/07/07, 00:10:21.912, 114887256110, vstest.console.dll, DataCollectionRequestSender.SendAfterTestRunStartAndGetResult: Send AfterTestRunEnd message with isCancelled: False
TpTrace Verbose: 0 : 2640, 11, 2025/07/07, 00:10:21.919, 114887331378, vstest.console.dll, DataCollectionRequestSender.SendAfterTestRunStartAndGetResult: Received message: (DataCollection.AfterTestRunEndResult) -> {"MessageType":"DataCollection.AfterTestRunEndResult","Payload":{"AttachmentSets":[],"InvokedDataCollectors":[{"Uri":"datacollector://Microsoft/TestPlatform/Extensions/Blame/v1","FriendlyName":"Blame","AssemblyQualifiedName":"Microsoft.TestPlatform.Extensions.BlameDataCollector.BlameCollector, Microsoft.TestPlatform.Extensions.BlameDataCollector, Version=15.0.0.0, Culture=neutral, PublicKeyToken=b03f5f7f11d50a3a","FilePath":"C:\\Program Files\\dotnet\\sdk\\9.0.100\\Extensions\\Microsoft.TestPlatform.Extensions.BlameDataCollector.dll","HasAttachmentProcessor":false}],"Metrics":{}}}
TpTrace Information: 0 : 2640, 11, 2025/07/07, 00:10:21.925, 114887389299, vstest.console.dll, ProxyDataCollectionManager.InvokeDataCollectionServiceAction: Completed.
TpTrace Warning: 0 : 2640, 10, 2025/07/07, 00:10:21.926, 114887403688, vstest.console.dll, DataCollectionLauncher.ErrorReceivedCallback datacollector standard error line: 
TpTrace Information: 0 : 2640, 10, 2025/07/07, 00:10:21.941, 114887548189, vstest.console.dll, DataCollectionLauncher.ExitCallBack: Data collector exited with exitcode: 0 error: ''
TpTrace Verbose: 0 : 2640, 11, 2025/07/07, 00:10:21.976, 114887895364, vstest.console.dll, TestRunRequest:SendTestRunStatsChange: Starting.
TpTrace Verbose: 0 : 2640, 11, 2025/07/07, 00:10:21.976, 114887898915, vstest.console.dll, MulticastDelegateUtilities.SafeInvoke: TestRun.RunStatsChanged: Invoking callbacks was skipped because there are no subscribers.
TpTrace Information: 0 : 2640, 11, 2025/07/07, 00:10:21.976, 114887899681, vstest.console.dll, TestRunRequest:SendTestRunStatsChange: Completed.
TpTrace Verbose: 0 : 2640, 4, 2025/07/07, 00:10:21.976, 114887901631, vstest.console.dll, MulticastDelegateUtilities.SafeInvoke: InternalTestLoggerEvents.SendTestResult: Invoking callback 1/1 for Microsoft.VisualStudio.TestPlatform.CommandLine.Internal.ConsoleLogger., took 0 ms.
TpTrace Verbose: 0 : 2640, 4, 2025/07/07, 00:10:21.976, 114887902640, vstest.console.dll, MulticastDelegateUtilities.SafeInvoke: InternalTestLoggerEvents.SendTestResult: Invoking callback 1/1 for Microsoft.VisualStudio.TestPlatform.CommandLine.Internal.ConsoleLogger., took 0 ms.
TpTrace Verbose: 0 : 2640, 4, 2025/07/07, 00:10:21.976, 114887903505, vstest.console.dll, MulticastDelegateUtilities.SafeInvoke: InternalTestLoggerEvents.SendTestResult: Invoking callback 1/1 for Microsoft.VisualStudio.TestPlatform.CommandLine.Internal.ConsoleLogger., took 0 ms.
TpTrace Verbose: 0 : 2640, 11, 2025/07/07, 00:10:21.977, 114887905995, vstest.console.dll, ParallelProxyExecutionManager: HandlePartialRunComplete: Total workloads = 1, Total started clients = 1 Total completed clients = 1, Run complete = True, Run canceled: False.
TpTrace Verbose: 0 : 2640, 4, 2025/07/07, 00:10:21.977, 114887907415, vstest.console.dll, MulticastDelegateUtilities.SafeInvoke: InternalTestLoggerEvents.SendTestResult: Invoking callback 1/1 for Microsoft.VisualStudio.TestPlatform.CommandLine.Internal.ConsoleLogger., took 0 ms.
TpTrace Verbose: 0 : 2640, 11, 2025/07/07, 00:10:21.977, 114887907760, vstest.console.dll, ParallelProxyExecutionManager: HandlePartialRunComplete: All runs completed stopping all managers.
TpTrace Verbose: 0 : 2640, 4, 2025/07/07, 00:10:21.977, 114887908739, vstest.console.dll, MulticastDelegateUtilities.SafeInvoke: InternalTestLoggerEvents.SendTestResult: Invoking callback 1/1 for Microsoft.VisualStudio.TestPlatform.CommandLine.Internal.ConsoleLogger., took 0 ms.
TpTrace Verbose: 0 : 2640, 11, 2025/07/07, 00:10:21.977, 114887909364, vstest.console.dll, ParallelOperationManager.StopAllManagers: Stopping all managers.
TpTrace Verbose: 0 : 2640, 4, 2025/07/07, 00:10:21.977, 114887910233, vstest.console.dll, MulticastDelegateUtilities.SafeInvoke: InternalTestLoggerEvents.SendTestResult: Invoking callback 1/1 for Microsoft.VisualStudio.TestPlatform.CommandLine.Internal.ConsoleLogger., took 0 ms.
TpTrace Verbose: 0 : 2640, 11, 2025/07/07, 00:10:21.977, 114887910543, vstest.console.dll, ParallelOperationManager.ClearSlots: Clearing all slots. Slots should accept more work: False
TpTrace Verbose: 0 : 2640, 4, 2025/07/07, 00:10:21.977, 114887911350, vstest.console.dll, MulticastDelegateUtilities.SafeInvoke: InternalTestLoggerEvents.SendTestResult: Invoking callback 1/1 for Microsoft.VisualStudio.TestPlatform.CommandLine.Internal.ConsoleLogger., took 0 ms.
TpTrace Verbose: 0 : 2640, 11, 2025/07/07, 00:10:21.977, 114887911849, vstest.console.dll, ParallelOperationManager.SetOccupiedSlotCount: Setting slot counts AvailableSlotCount = 1, OccupiedSlotCount = 0.
TpTrace Verbose: 0 : 2640, 4, 2025/07/07, 00:10:21.977, 114887912344, vstest.console.dll, MulticastDelegateUtilities.SafeInvoke: InternalTestLoggerEvents.SendTestResult: Invoking callback 1/1 for Microsoft.VisualStudio.TestPlatform.CommandLine.Internal.ConsoleLogger., took 0 ms.
TpTrace Verbose: 0 : 2640, 11, 2025/07/07, 00:10:21.977, 114887912697, vstest.console.dll, Occupied slots:

TpTrace Verbose: 0 : 2640, 4, 2025/07/07, 00:10:21.986, 114887995945, vstest.console.dll, MulticastDelegateUtilities.SafeInvoke: InternalTestLoggerEvents.SendTestRunComplete: Invoking callback 1/2 for Microsoft.TestPlatform.Extensions.BlameDataCollector.BlameLogger., took 0 ms.
TpTrace Verbose: 0 : 2640, 4, 2025/07/07, 00:10:21.992, 114888054032, vstest.console.dll, MulticastDelegateUtilities.SafeInvoke: InternalTestLoggerEvents.SendTestRunComplete: Invoking callback 2/2 for Microsoft.VisualStudio.TestPlatform.CommandLine.Internal.ConsoleLogger., took 5 ms.
TpTrace Verbose: 0 : 2640, 11, 2025/07/07, 00:10:21.992, 114888058858, vstest.console.dll, TestRunRequest:TestRunComplete: Starting. IsAborted:False IsCanceled:False.
TpTrace Verbose: 0 : 2640, 11, 2025/07/07, 00:10:21.992, 114888061740, vstest.console.dll, ParallelOperationManager.DoActionOnAllManagers: Calling an action on all managers.
TpTrace Verbose: 0 : 2640, 11, 2025/07/07, 00:10:21.994, 114888079900, vstest.console.dll, TestLoggerManager.HandleTestRunComplete: Ignoring as the object is disposed.
TpTrace Verbose: 0 : 2640, 11, 2025/07/07, 00:10:21.994, 114888082972, vstest.console.dll, MulticastDelegateUtilities.SafeInvoke: TestRun.TestRunComplete: Invoking callback 1/2 for Microsoft.VisualStudio.TestPlatform.CommandLine.TestRunResultAggregator., took 0 ms.
TpTrace Verbose: 0 : 2640, 11, 2025/07/07, 00:10:21.995, 114888084514, vstest.console.dll, MulticastDelegateUtilities.SafeInvoke: TestRun.TestRunComplete: Invoking callback 2/2 for Microsoft.VisualStudio.TestPlatform.CommandLine.Processors.RunTestsArgumentExecutor+TestRunRequestEventsRegistrar., took 0 ms.
TpTrace Information: 0 : 2640, 11, 2025/07/07, 00:10:21.995, 114888085662, vstest.console.dll, TestRunRequest:TestRunComplete: Completed.
TpTrace Verbose: 0 : 2640, 11, 2025/07/07, 00:10:21.995, 114888086141, vstest.console.dll, TestRequestSender.SetOperationComplete: Setting operation complete.
TpTrace Verbose: 0 : 2640, 1, 2025/07/07, 00:10:21.995, 114888086014, vstest.console.dll, TestRunRequest.Dispose: Starting.
TpTrace Information: 0 : 2640, 11, 2025/07/07, 00:10:21.995, 114888086500, vstest.console.dll, SocketServer.Stop: Stop server endPoint: 127.0.0.1:50504
TpTrace Information: 0 : 2640, 1, 2025/07/07, 00:10:21.995, 114888087207, vstest.console.dll, TestRunRequest.Dispose: Completed.
TpTrace Information: 0 : 2640, 11, 2025/07/07, 00:10:21.995, 114888087503, vstest.console.dll, SocketServer.Stop: Cancellation requested. Stopping message loop.
TpTrace Information: 0 : 2640, 1, 2025/07/07, 00:10:21.995, 114888088049, vstest.console.dll, TestRequestManager.RunTests: run tests completed.
TpTrace Verbose: 0 : 2640, 11, 2025/07/07, 00:10:21.995, 114888088392, vstest.console.dll, MulticastDelegateUtilities.SafeInvoke: LengthPrefixCommunicationChannel: MessageReceived: Invoking callback 1/1 for Microsoft.VisualStudio.TestPlatform.CommunicationUtilities.TestRequestSender+<>c__DisplayClass34_0., took 308 ms.
TpTrace Information: 0 : 2640, 11, 2025/07/07, 00:10:21.995, 114888089389, vstest.console.dll, SocketServer.PrivateStop: Stopping server endPoint: 127.0.0.1:50504 error: 
TpTrace Information: 0 : 2640, 1, 2025/07/07, 00:10:21.995, 114888089605, vstest.console.dll, RunTestsArgumentProcessor:Execute: Test run is completed.
TpTrace Verbose: 0 : 2640, 1, 2025/07/07, 00:10:21.995, 114888092845, vstest.console.dll, Executor.Execute: Exiting with exit code of 0
TpTrace Verbose: 0 : 2640, 11, 2025/07/07, 00:10:21.995, 114888093042, vstest.console.dll, LengthPrefixCommunicationChannel.Dispose: Dispose reader and writer.
TpTrace Information: 0 : 2640, 11, 2025/07/07, 00:10:21.996, 114888094018, vstest.console.dll, SocketServer.Stop: Raise disconnected event endPoint: 127.0.0.1:50504 error: 
TpTrace Verbose: 0 : 2640, 11, 2025/07/07, 00:10:21.996, 114888094812, vstest.console.dll, TestRequestSender: OnTestRunAbort: Operation is already complete. Skip error message.
TpTrace Verbose: 0 : 2640, 11, 2025/07/07, 00:10:21.996, 114888095480, vstest.console.dll, MulticastDelegateUtilities.SafeInvoke: SocketServer: ClientDisconnected: Invoking callback 1/1 for Microsoft.VisualStudio.TestPlatform.CommunicationUtilities.TestRequestSender., took 0 ms.
TpTrace Verbose: 0 : 2640, 11, 2025/07/07, 00:10:21.996, 114888096037, vstest.console.dll, TcpClientExtensions.MessageLoopAsync: exiting MessageLoopAsync remoteEndPoint: 127.0.0.1:50505 localEndPoint: 127.0.0.1:50504
