TpTrace Verbose: 0 : 11744, 1, 2025/03/02, 13:38:19.008, 136698211893, vstest.console.dll, Version: 17.12.0-release-24508-01 Current process architecture: X64
TpTrace Verbose: 0 : 11744, 1, 2025/03/02, 13:38:19.014, 136698266132, vstest.console.dll, Runtime location: C:\Program Files\dotnet\shared\Microsoft.NETCore.App\9.0.0
TpTrace Verbose: 0 : 11744, 1, 2025/03/02, 13:38:19.020, 136698326632, vstest.console.dll, ArtifactProcessingPostProcessModeProcessorExecutor.Initialize: ArtifactProcessingMode.Collect
TpTrace Verbose: 0 : 11744, 1, 2025/03/02, 13:38:19.020, 136698328373, vstest.console.dll, TestSessionCorrelationIdProcessorModeProcessorExecutor.Initialize: TestSessionCorrelationId '13280_d9b38164-2ecd-499b-bed9-3fb45bc9fbd0'
TpTrace Information: 0 : 11744, 1, 2025/03/02, 13:38:19.032, 136698447555, vstest.console.dll, FilePatternParser: The given file C:\Users\TOSHIBA\Downloads\QA path\Programming for QA\Programming Fundamentals and Unit Testing\07.1.Resources-Unit-Testing-Methods\TestApp.UnitTests\bin\Debug\net6.0\fine-code-coverage\build-output\TestApp.UnitTests.dll is a full path.
TpTrace Verbose: 0 : 11744, 1, 2025/03/02, 13:38:19.045, 136698575160, vstest.console.dll, TestPluginCache.DiscoverTestExtensions: finding test extensions in assemblies ends with: RuntimeProvider.dll TPluginInfo: Microsoft.VisualStudio.TestPlatform.Common.ExtensionFramework.Utilities.TestRuntimePluginInformation TExtension: Microsoft.VisualStudio.TestPlatform.ObjectModel.Host.ITestRuntimeProvider
TpTrace Verbose: 0 : 11744, 1, 2025/03/02, 13:38:19.045, 136698579600, vstest.console.dll, TestPluginCache.GetExtensionPaths: Filtered extension paths: 
TpTrace Verbose: 0 : 11744, 1, 2025/03/02, 13:38:19.045, 136698580548, vstest.console.dll, TestPluginCache.GetExtensionPaths: Added default extension paths: C:\Program Files\dotnet\sdk\9.0.100\Extensions\Microsoft.Diagnostics.NETCore.Client.dll
C:\Program Files\dotnet\sdk\9.0.100\Extensions\Microsoft.TestPlatform.Extensions.BlameDataCollector.dll
C:\Program Files\dotnet\sdk\9.0.100\Extensions\Microsoft.TestPlatform.Extensions.EventLogCollector.dll
C:\Program Files\dotnet\sdk\9.0.100\Extensions\Microsoft.TestPlatform.TestHostRuntimeProvider.dll
C:\Program Files\dotnet\sdk\9.0.100\Extensions\Microsoft.VisualStudio.TestPlatform.Extensions.Html.TestLogger.dll
C:\Program Files\dotnet\sdk\9.0.100\Extensions\Microsoft.VisualStudio.TestPlatform.Extensions.Trx.TestLogger.dll
TpTrace Verbose: 0 : 11744, 1, 2025/03/02, 13:38:19.045, 136698581162, vstest.console.dll, TestPluginCache.GetExtensionPaths: Added unfilterableExtensionPaths: 
TpTrace Information: 0 : 11744, 1, 2025/03/02, 13:38:19.046, 136698590534, vstest.console.dll, AssemblyResolver.ctor: Creating AssemblyResolver with searchDirectories C:\Program Files\dotnet\sdk\9.0.100\Extensions,C:\Program Files\dotnet\sdk\9.0.100
TpTrace Verbose: 0 : 11744, 1, 2025/03/02, 13:38:19.049, 136698620728, vstest.console.dll, TestPluginCache.DiscoverTestExtensions: Discovering the extensions using extension path.
TpTrace Verbose: 0 : 11744, 1, 2025/03/02, 13:38:19.050, 136698622652, vstest.console.dll, TestPluginCache.GetExtensionPaths: Filtered extension paths: 
TpTrace Verbose: 0 : 11744, 1, 2025/03/02, 13:38:19.050, 136698623230, vstest.console.dll, TestPluginCache.GetExtensionPaths: Added default extension paths: C:\Program Files\dotnet\sdk\9.0.100\Extensions\Microsoft.Diagnostics.NETCore.Client.dll
C:\Program Files\dotnet\sdk\9.0.100\Extensions\Microsoft.TestPlatform.Extensions.BlameDataCollector.dll
C:\Program Files\dotnet\sdk\9.0.100\Extensions\Microsoft.TestPlatform.Extensions.EventLogCollector.dll
C:\Program Files\dotnet\sdk\9.0.100\Extensions\Microsoft.TestPlatform.TestHostRuntimeProvider.dll
C:\Program Files\dotnet\sdk\9.0.100\Extensions\Microsoft.VisualStudio.TestPlatform.Extensions.Html.TestLogger.dll
C:\Program Files\dotnet\sdk\9.0.100\Extensions\Microsoft.VisualStudio.TestPlatform.Extensions.Trx.TestLogger.dll
TpTrace Verbose: 0 : 11744, 1, 2025/03/02, 13:38:19.050, 136698623807, vstest.console.dll, TestPluginCache.GetExtensionPaths: Added unfilterableExtensionPaths: 
TpTrace Verbose: 0 : 11744, 1, 2025/03/02, 13:38:19.050, 136698625314, vstest.console.dll, TestPluginCache.DiscoverTestExtensions: Discovering the extensions using allExtensionPaths: C:\Program Files\dotnet\sdk\9.0.100\Extensions\Microsoft.Diagnostics.NETCore.Client.dll
C:\Program Files\dotnet\sdk\9.0.100\Extensions\Microsoft.TestPlatform.Extensions.BlameDataCollector.dll
C:\Program Files\dotnet\sdk\9.0.100\Extensions\Microsoft.TestPlatform.Extensions.EventLogCollector.dll
C:\Program Files\dotnet\sdk\9.0.100\Extensions\Microsoft.TestPlatform.TestHostRuntimeProvider.dll
C:\Program Files\dotnet\sdk\9.0.100\Extensions\Microsoft.VisualStudio.TestPlatform.Extensions.Html.TestLogger.dll
C:\Program Files\dotnet\sdk\9.0.100\Extensions\Microsoft.VisualStudio.TestPlatform.Extensions.Trx.TestLogger.dll
TpTrace Information: 0 : 11744, 1, 2025/03/02, 13:38:19.050, 136698626752, vstest.console.dll, AssemblyResolver.AddSearchDirectories: Adding more searchDirectories C:\Program Files\dotnet\sdk\9.0.100\Extensions,C:\Program Files\dotnet\sdk\9.0.100
TpTrace Information: 0 : 11744, 1, 2025/03/02, 13:38:19.050, 136698627560, vstest.console.dll, AssemblyResolver.AddSearchDirectories: Adding more searchDirectories C:\Program Files\dotnet\sdk\9.0.100\Extensions,C:\Program Files\dotnet\sdk\9.0.100
TpTrace Information: 0 : 11744, 1, 2025/03/02, 13:38:19.050, 136698627954, vstest.console.dll, AssemblyResolver.AddSearchDirectories: Adding more searchDirectories C:\Program Files\dotnet\sdk\9.0.100\Extensions,C:\Program Files\dotnet\sdk\9.0.100
TpTrace Information: 0 : 11744, 1, 2025/03/02, 13:38:19.050, 136698628442, vstest.console.dll, AssemblyResolver.AddSearchDirectories: Adding more searchDirectories C:\Program Files\dotnet\sdk\9.0.100\Extensions,C:\Program Files\dotnet\sdk\9.0.100
TpTrace Information: 0 : 11744, 1, 2025/03/02, 13:38:19.050, 136698628820, vstest.console.dll, AssemblyResolver.AddSearchDirectories: Adding more searchDirectories C:\Program Files\dotnet\sdk\9.0.100\Extensions,C:\Program Files\dotnet\sdk\9.0.100
TpTrace Information: 0 : 11744, 1, 2025/03/02, 13:38:19.050, 136698629166, vstest.console.dll, AssemblyResolver.AddSearchDirectories: Adding more searchDirectories C:\Program Files\dotnet\sdk\9.0.100\Extensions,C:\Program Files\dotnet\sdk\9.0.100
TpTrace Information: 0 : 11744, 1, 2025/03/02, 13:38:19.051, 136698635412, vstest.console.dll, AssemblyResolver.OnResolve: Microsoft.Diagnostics.NETCore.Client: Resolving assembly.
TpTrace Information: 0 : 11744, 1, 2025/03/02, 13:38:19.051, 136698636477, vstest.console.dll, AssemblyResolver.OnResolve: Microsoft.Diagnostics.NETCore.Client: Searching in: 'C:\Program Files\dotnet\sdk\9.0.100\Extensions'.
TpTrace Information: 0 : 11744, 1, 2025/03/02, 13:38:19.076, 136698889197, vstest.console.dll, AssemblyResolver.OnResolve: Microsoft.Diagnostics.NETCore.Client: Loading assembly 'C:\Program Files\dotnet\sdk\9.0.100\Extensions\Microsoft.Diagnostics.NETCore.Client.dll'.
TpTrace Information: 0 : 11744, 1, 2025/03/02, 13:38:19.080, 136698931259, vstest.console.dll, AssemblyResolver.OnResolve: Resolved assembly: Microsoft.Diagnostics.NETCore.Client, from path: C:\Program Files\dotnet\sdk\9.0.100\Extensions\Microsoft.Diagnostics.NETCore.Client.dll
TpTrace Verbose: 0 : 11744, 1, 2025/03/02, 13:38:19.082, 136698948560, vstest.console.dll, MetadataReaderExtensionsHelper: Discovering extensions inside assembly 'Microsoft.Diagnostics.NETCore.Client, Version=0.2.10.41601, Culture=neutral, PublicKeyToken=31bf3856ad364e35' file path 'C:\Program Files\dotnet\sdk\9.0.100\Extensions\Microsoft.Diagnostics.NETCore.Client.dll'
TpTrace Information: 0 : 11744, 1, 2025/03/02, 13:38:19.092, 136699047675, vstest.console.dll, AssemblyResolver.OnResolve: Microsoft.Bcl.AsyncInterfaces: Resolving assembly.
TpTrace Information: 0 : 11744, 1, 2025/03/02, 13:38:19.092, 136699049119, vstest.console.dll, AssemblyResolver.OnResolve: Microsoft.Bcl.AsyncInterfaces: Searching in: 'C:\Program Files\dotnet\sdk\9.0.100\Extensions'.
TpTrace Information: 0 : 11744, 1, 2025/03/02, 13:38:19.092, 136699050532, vstest.console.dll, AssemblyResolver.OnResolve: Microsoft.Bcl.AsyncInterfaces: Assembly path does not exist: 'C:\Program Files\dotnet\sdk\9.0.100\Extensions\Microsoft.Bcl.AsyncInterfaces.dll', returning.
TpTrace Information: 0 : 11744, 1, 2025/03/02, 13:38:19.092, 136699052122, vstest.console.dll, AssemblyResolver.OnResolve: Microsoft.Bcl.AsyncInterfaces: Assembly path does not exist: 'C:\Program Files\dotnet\sdk\9.0.100\Extensions\Microsoft.Bcl.AsyncInterfaces.exe', returning.
TpTrace Information: 0 : 11744, 1, 2025/03/02, 13:38:19.093, 136699052660, vstest.console.dll, AssemblyResolver.OnResolve: Microsoft.Bcl.AsyncInterfaces: Searching in: 'C:\Program Files\dotnet\sdk\9.0.100'.
TpTrace Information: 0 : 11744, 1, 2025/03/02, 13:38:19.093, 136699053582, vstest.console.dll, AssemblyResolver.OnResolve: Microsoft.Bcl.AsyncInterfaces: Assembly path does not exist: 'C:\Program Files\dotnet\sdk\9.0.100\Microsoft.Bcl.AsyncInterfaces.dll', returning.
TpTrace Information: 0 : 11744, 1, 2025/03/02, 13:38:19.093, 136699054461, vstest.console.dll, AssemblyResolver.OnResolve: Microsoft.Bcl.AsyncInterfaces: Assembly path does not exist: 'C:\Program Files\dotnet\sdk\9.0.100\Microsoft.Bcl.AsyncInterfaces.exe', returning.
TpTrace Information: 0 : 11744, 1, 2025/03/02, 13:38:19.093, 136699054888, vstest.console.dll, AssemblyResolver.OnResolve: Microsoft.Bcl.AsyncInterfaces: Failed to load assembly.
TpTrace Verbose: 0 : 11744, 1, 2025/03/02, 13:38:19.093, 136699055384, vstest.console.dll, CurrentDomainAssemblyResolve: Resolving assembly 'Microsoft.Bcl.AsyncInterfaces'.
TpTrace Information: 0 : 11744, 1, 2025/03/02, 13:38:19.093, 136699056260, vstest.console.dll, AssemblyResolver.OnResolve: Microsoft.Bcl.AsyncInterfaces: Resolving assembly.
TpTrace Information: 0 : 11744, 1, 2025/03/02, 13:38:19.093, 136699056733, vstest.console.dll, AssemblyResolver.OnResolve: Microsoft.Bcl.AsyncInterfaces: Resolved from cache.
TpTrace Verbose: 0 : 11744, 1, 2025/03/02, 13:38:19.093, 136699057071, vstest.console.dll, CurrentDomainAssemblyResolve: Resolving assembly 'Microsoft.Bcl.AsyncInterfaces'.
TpTrace Verbose: 0 : 11744, 1, 2025/03/02, 13:38:19.093, 136699057589, vstest.console.dll, CurrentDomainAssemblyResolve: Failed to resolve assembly 'Microsoft.Bcl.AsyncInterfaces'.
TpTrace Verbose: 0 : 11744, 1, 2025/03/02, 13:38:19.100, 136699129399, vstest.console.dll, CurrentDomainAssemblyResolve: Failed to resolve assembly 'Microsoft.Bcl.AsyncInterfaces'.
TpTrace Warning: 0 : 11744, 1, 2025/03/02, 13:38:19.128, 136699403131, vstest.console.dll, TestPluginDiscoverer: Failed to get types from assembly 'Microsoft.Diagnostics.NETCore.Client, Version=0.2.10.41601, Culture=neutral, PublicKeyToken=31bf3856ad364e35'. Error: System.Reflection.ReflectionTypeLoadException: Unable to load one or more of the requested types.
Could not load file or assembly 'Microsoft.Bcl.AsyncInterfaces, Version=6.0.0.0, Culture=neutral, PublicKeyToken=cc7b13ffcd2ddd51'. The system cannot find the file specified.
   at System.Reflection.RuntimeModule.GetDefinedTypes()
   at System.Reflection.RuntimeModule.GetTypes()
   at Microsoft.VisualStudio.TestPlatform.Common.ExtensionFramework.TestPluginDiscoverer.GetTestExtensionsFromAssembly[TPluginInfo,TExtension](Assembly assembly, Dictionary`2 pluginInfos, String filePath) in /_/src/Microsoft.TestPlatform.Common/ExtensionFramework/TestPluginDiscoverer.cs:line 159
System.IO.FileNotFoundException: Could not load file or assembly 'Microsoft.Bcl.AsyncInterfaces, Version=6.0.0.0, Culture=neutral, PublicKeyToken=cc7b13ffcd2ddd51'. The system cannot find the file specified.
File name: 'Microsoft.Bcl.AsyncInterfaces, Version=6.0.0.0, Culture=neutral, PublicKeyToken=cc7b13ffcd2ddd51'
 ---> System.IO.FileNotFoundException: Could not load file or assembly 'Microsoft.Bcl.AsyncInterfaces, Culture=neutral, PublicKeyToken=null'. The system cannot find the file specified.
File name: 'Microsoft.Bcl.AsyncInterfaces, Culture=neutral, PublicKeyToken=null'
   at System.Reflection.RuntimeAssembly.InternalLoad(AssemblyName assemblyName, StackCrawlMark& stackMark, AssemblyLoadContext assemblyLoadContext, RuntimeAssembly requestingAssembly, Boolean throwOnFileNotFound)
   at System.Reflection.Assembly.Load(AssemblyName assemblyRef)
   at Microsoft.VisualStudio.TestPlatform.Common.ExtensionFramework.TestPluginCache.CurrentDomainAssemblyResolve(Object sender, AssemblyResolveEventArgs args) in /_/src/Microsoft.TestPlatform.Common/ExtensionFramework/TestPluginCache.cs:line 514
   at System.Runtime.Loader.AssemblyLoadContext.GetFirstResolvedAssemblyFromResolvingEvent(AssemblyName assemblyName)
   at System.Runtime.Loader.AssemblyLoadContext.ResolveUsingEvent(AssemblyName assemblyName)
   at System.Runtime.Loader.AssemblyLoadContext.ResolveUsingResolvingEvent(IntPtr gchManagedAssemblyLoadContext, AssemblyName assemblyName)
TpTrace Warning: 0 : 11744, 1, 2025/03/02, 13:38:19.128, 136699408567, vstest.console.dll, LoaderExceptions: System.IO.FileNotFoundException: Could not load file or assembly 'Microsoft.Bcl.AsyncInterfaces, Version=6.0.0.0, Culture=neutral, PublicKeyToken=cc7b13ffcd2ddd51'. The system cannot find the file specified.
File name: 'Microsoft.Bcl.AsyncInterfaces, Version=6.0.0.0, Culture=neutral, PublicKeyToken=cc7b13ffcd2ddd51'
 ---> System.IO.FileNotFoundException: Could not load file or assembly 'Microsoft.Bcl.AsyncInterfaces, Culture=neutral, PublicKeyToken=null'. The system cannot find the file specified.
File name: 'Microsoft.Bcl.AsyncInterfaces, Culture=neutral, PublicKeyToken=null'
   at System.Reflection.RuntimeAssembly.InternalLoad(AssemblyName assemblyName, StackCrawlMark& stackMark, AssemblyLoadContext assemblyLoadContext, RuntimeAssembly requestingAssembly, Boolean throwOnFileNotFound)
   at System.Reflection.Assembly.Load(AssemblyName assemblyRef)
   at Microsoft.VisualStudio.TestPlatform.Common.ExtensionFramework.TestPluginCache.CurrentDomainAssemblyResolve(Object sender, AssemblyResolveEventArgs args) in /_/src/Microsoft.TestPlatform.Common/ExtensionFramework/TestPluginCache.cs:line 514
   at System.Runtime.Loader.AssemblyLoadContext.GetFirstResolvedAssemblyFromResolvingEvent(AssemblyName assemblyName)
   at System.Runtime.Loader.AssemblyLoadContext.ResolveUsingEvent(AssemblyName assemblyName)
   at System.Runtime.Loader.AssemblyLoadContext.ResolveUsingResolvingEvent(IntPtr gchManagedAssemblyLoadContext, AssemblyName assemblyName)
TpTrace Information: 0 : 11744, 1, 2025/03/02, 13:38:19.128, 136699410888, vstest.console.dll, AssemblyResolver.OnResolve: Microsoft.TestPlatform.Extensions.BlameDataCollector: Resolving assembly.
TpTrace Information: 0 : 11744, 1, 2025/03/02, 13:38:19.128, 136699411593, vstest.console.dll, AssemblyResolver.OnResolve: Microsoft.TestPlatform.Extensions.BlameDataCollector: Searching in: 'C:\Program Files\dotnet\sdk\9.0.100\Extensions'.
TpTrace Information: 0 : 11744, 1, 2025/03/02, 13:38:19.130, 136699427702, vstest.console.dll, AssemblyResolver.OnResolve: Microsoft.TestPlatform.Extensions.BlameDataCollector: Loading assembly 'C:\Program Files\dotnet\sdk\9.0.100\Extensions\Microsoft.TestPlatform.Extensions.BlameDataCollector.dll'.
TpTrace Information: 0 : 11744, 1, 2025/03/02, 13:38:19.132, 136699442751, vstest.console.dll, AssemblyResolver.OnResolve: Resolved assembly: Microsoft.TestPlatform.Extensions.BlameDataCollector, from path: C:\Program Files\dotnet\sdk\9.0.100\Extensions\Microsoft.TestPlatform.Extensions.BlameDataCollector.dll
TpTrace Verbose: 0 : 11744, 1, 2025/03/02, 13:38:19.132, 136699448052, vstest.console.dll, MetadataReaderExtensionsHelper: Discovering extensions inside assembly 'Microsoft.TestPlatform.Extensions.BlameDataCollector, Version=15.0.0.0, Culture=neutral, PublicKeyToken=b03f5f7f11d50a3a' file path 'C:\Program Files\dotnet\sdk\9.0.100\Extensions\Microsoft.TestPlatform.Extensions.BlameDataCollector.dll'
TpTrace Information: 0 : 11744, 1, 2025/03/02, 13:38:19.135, 136699480759, vstest.console.dll, AssemblyResolver.OnResolve: Microsoft.TestPlatform.Extensions.EventLogCollector: Resolving assembly.
TpTrace Information: 0 : 11744, 1, 2025/03/02, 13:38:19.135, 136699482184, vstest.console.dll, AssemblyResolver.OnResolve: Microsoft.TestPlatform.Extensions.EventLogCollector: Searching in: 'C:\Program Files\dotnet\sdk\9.0.100\Extensions'.
TpTrace Information: 0 : 11744, 1, 2025/03/02, 13:38:19.137, 136699495565, vstest.console.dll, AssemblyResolver.OnResolve: Microsoft.TestPlatform.Extensions.EventLogCollector: Loading assembly 'C:\Program Files\dotnet\sdk\9.0.100\Extensions\Microsoft.TestPlatform.Extensions.EventLogCollector.dll'.
TpTrace Information: 0 : 11744, 1, 2025/03/02, 13:38:19.138, 136699503376, vstest.console.dll, AssemblyResolver.OnResolve: Resolved assembly: Microsoft.TestPlatform.Extensions.EventLogCollector, from path: C:\Program Files\dotnet\sdk\9.0.100\Extensions\Microsoft.TestPlatform.Extensions.EventLogCollector.dll
TpTrace Verbose: 0 : 11744, 1, 2025/03/02, 13:38:19.138, 136699504862, vstest.console.dll, MetadataReaderExtensionsHelper: Discovering extensions inside assembly 'Microsoft.TestPlatform.Extensions.EventLogCollector, Version=15.0.0.0, Culture=neutral, PublicKeyToken=b03f5f7f11d50a3a' file path 'C:\Program Files\dotnet\sdk\9.0.100\Extensions\Microsoft.TestPlatform.Extensions.EventLogCollector.dll'
TpTrace Information: 0 : 11744, 1, 2025/03/02, 13:38:19.143, 136699554029, vstest.console.dll, AssemblyResolver.OnResolve: Microsoft.TestPlatform.TestHostRuntimeProvider: Resolving assembly.
TpTrace Information: 0 : 11744, 1, 2025/03/02, 13:38:19.143, 136699555620, vstest.console.dll, AssemblyResolver.OnResolve: Microsoft.TestPlatform.TestHostRuntimeProvider: Searching in: 'C:\Program Files\dotnet\sdk\9.0.100\Extensions'.
TpTrace Information: 0 : 11744, 1, 2025/03/02, 13:38:19.144, 136699568454, vstest.console.dll, AssemblyResolver.OnResolve: Microsoft.TestPlatform.TestHostRuntimeProvider: Loading assembly 'C:\Program Files\dotnet\sdk\9.0.100\Extensions\Microsoft.TestPlatform.TestHostRuntimeProvider.dll'.
TpTrace Information: 0 : 11744, 1, 2025/03/02, 13:38:19.146, 136699584647, vstest.console.dll, AssemblyResolver.OnResolve: Resolved assembly: Microsoft.TestPlatform.TestHostRuntimeProvider, from path: C:\Program Files\dotnet\sdk\9.0.100\Extensions\Microsoft.TestPlatform.TestHostRuntimeProvider.dll
TpTrace Verbose: 0 : 11744, 1, 2025/03/02, 13:38:19.146, 136699586291, vstest.console.dll, MetadataReaderExtensionsHelper: Discovering extensions inside assembly 'Microsoft.TestPlatform.TestHostRuntimeProvider, Version=15.0.0.0, Culture=neutral, PublicKeyToken=b03f5f7f11d50a3a' file path 'C:\Program Files\dotnet\sdk\9.0.100\Extensions\Microsoft.TestPlatform.TestHostRuntimeProvider.dll'
TpTrace Information: 0 : 11744, 1, 2025/03/02, 13:38:19.149, 136699613600, vstest.console.dll, GetTestExtensionFromType: Register extension with identifier data 'HostProvider://DefaultTestHost' and type 'Microsoft.VisualStudio.TestPlatform.CrossPlatEngine.Hosting.DefaultTestHostManager, Microsoft.TestPlatform.TestHostRuntimeProvider, Version=15.0.0.0, Culture=neutral, PublicKeyToken=b03f5f7f11d50a3a' inside file 'C:\Program Files\dotnet\sdk\9.0.100\Extensions\Microsoft.TestPlatform.TestHostRuntimeProvider.dll'
TpTrace Information: 0 : 11744, 1, 2025/03/02, 13:38:19.149, 136699617762, vstest.console.dll, GetTestExtensionFromType: Register extension with identifier data 'HostProvider://DotnetTestHost' and type 'Microsoft.VisualStudio.TestPlatform.CrossPlatEngine.Hosting.DotnetTestHostManager, Microsoft.TestPlatform.TestHostRuntimeProvider, Version=15.0.0.0, Culture=neutral, PublicKeyToken=b03f5f7f11d50a3a' inside file 'C:\Program Files\dotnet\sdk\9.0.100\Extensions\Microsoft.TestPlatform.TestHostRuntimeProvider.dll'
TpTrace Information: 0 : 11744, 1, 2025/03/02, 13:38:19.149, 136699619204, vstest.console.dll, AssemblyResolver.OnResolve: Microsoft.VisualStudio.TestPlatform.Extensions.Html.TestLogger: Resolving assembly.
TpTrace Information: 0 : 11744, 1, 2025/03/02, 13:38:19.149, 136699619839, vstest.console.dll, AssemblyResolver.OnResolve: Microsoft.VisualStudio.TestPlatform.Extensions.Html.TestLogger: Searching in: 'C:\Program Files\dotnet\sdk\9.0.100\Extensions'.
TpTrace Information: 0 : 11744, 1, 2025/03/02, 13:38:19.151, 136699633996, vstest.console.dll, AssemblyResolver.OnResolve: Microsoft.VisualStudio.TestPlatform.Extensions.Html.TestLogger: Loading assembly 'C:\Program Files\dotnet\sdk\9.0.100\Extensions\Microsoft.VisualStudio.TestPlatform.Extensions.Html.TestLogger.dll'.
TpTrace Information: 0 : 11744, 1, 2025/03/02, 13:38:19.153, 136699657163, vstest.console.dll, AssemblyResolver.OnResolve: Resolved assembly: Microsoft.VisualStudio.TestPlatform.Extensions.Html.TestLogger, from path: C:\Program Files\dotnet\sdk\9.0.100\Extensions\Microsoft.VisualStudio.TestPlatform.Extensions.Html.TestLogger.dll
TpTrace Verbose: 0 : 11744, 1, 2025/03/02, 13:38:19.153, 136699659303, vstest.console.dll, MetadataReaderExtensionsHelper: Discovering extensions inside assembly 'Microsoft.VisualStudio.TestPlatform.Extensions.Html.TestLogger, Version=15.0.0.0, Culture=neutral, PublicKeyToken=b03f5f7f11d50a3a' file path 'C:\Program Files\dotnet\sdk\9.0.100\Extensions\Microsoft.VisualStudio.TestPlatform.Extensions.Html.TestLogger.dll'
TpTrace Information: 0 : 11744, 1, 2025/03/02, 13:38:19.155, 136699675074, vstest.console.dll, AssemblyResolver.OnResolve: Microsoft.VisualStudio.TestPlatform.Extensions.Trx.TestLogger: Resolving assembly.
TpTrace Information: 0 : 11744, 1, 2025/03/02, 13:38:19.155, 136699676385, vstest.console.dll, AssemblyResolver.OnResolve: Microsoft.VisualStudio.TestPlatform.Extensions.Trx.TestLogger: Searching in: 'C:\Program Files\dotnet\sdk\9.0.100\Extensions'.
TpTrace Information: 0 : 11744, 1, 2025/03/02, 13:38:19.157, 136699692975, vstest.console.dll, AssemblyResolver.OnResolve: Microsoft.VisualStudio.TestPlatform.Extensions.Trx.TestLogger: Loading assembly 'C:\Program Files\dotnet\sdk\9.0.100\Extensions\Microsoft.VisualStudio.TestPlatform.Extensions.Trx.TestLogger.dll'.
TpTrace Information: 0 : 11744, 1, 2025/03/02, 13:38:19.158, 136699711392, vstest.console.dll, AssemblyResolver.OnResolve: Resolved assembly: Microsoft.VisualStudio.TestPlatform.Extensions.Trx.TestLogger, from path: C:\Program Files\dotnet\sdk\9.0.100\Extensions\Microsoft.VisualStudio.TestPlatform.Extensions.Trx.TestLogger.dll
TpTrace Verbose: 0 : 11744, 1, 2025/03/02, 13:38:19.159, 136699713050, vstest.console.dll, MetadataReaderExtensionsHelper: Discovering extensions inside assembly 'Microsoft.VisualStudio.TestPlatform.Extensions.Trx.TestLogger, Version=15.0.0.0, Culture=neutral, PublicKeyToken=b03f5f7f11d50a3a' file path 'C:\Program Files\dotnet\sdk\9.0.100\Extensions\Microsoft.VisualStudio.TestPlatform.Extensions.Trx.TestLogger.dll'
TpTrace Verbose: 0 : 11744, 1, 2025/03/02, 13:38:19.162, 136699742642, vstest.console.dll, TestPluginCache: Discovered the extensions using extension path ''.
TpTrace Verbose: 0 : 11744, 1, 2025/03/02, 13:38:19.162, 136699743885, vstest.console.dll, TestPluginCache: Discoverers are ''.
TpTrace Verbose: 0 : 11744, 1, 2025/03/02, 13:38:19.162, 136699744257, vstest.console.dll, TestPluginCache: Executors are ''.
TpTrace Verbose: 0 : 11744, 1, 2025/03/02, 13:38:19.162, 136699744564, vstest.console.dll, TestPluginCache: Executors2 are ''.
TpTrace Verbose: 0 : 11744, 1, 2025/03/02, 13:38:19.162, 136699744860, vstest.console.dll, TestPluginCache: Setting providers are ''.
TpTrace Verbose: 0 : 11744, 1, 2025/03/02, 13:38:19.162, 136699745148, vstest.console.dll, TestPluginCache: Loggers are ''.
TpTrace Verbose: 0 : 11744, 1, 2025/03/02, 13:38:19.162, 136699747180, vstest.console.dll, TestPluginCache: TestHosts are 'HostProvider://DefaultTestHost,HostProvider://DotnetTestHost'.
TpTrace Verbose: 0 : 11744, 1, 2025/03/02, 13:38:19.162, 136699747632, vstest.console.dll, TestPluginCache: DataCollectors are ''.
TpTrace Information: 0 : 11744, 1, 2025/03/02, 13:38:19.204, 136700168600, vstest.console.dll, RunTestsArgumentProcessor:Execute: Test run is starting.
TpTrace Verbose: 0 : 11744, 1, 2025/03/02, 13:38:19.204, 136700170003, vstest.console.dll, RunTestsArgumentProcessor:Execute: Queuing Test run.
TpTrace Information: 0 : 11744, 1, 2025/03/02, 13:38:19.205, 136700178369, vstest.console.dll, TestRequestManager.RunTests: run tests started.
TpTrace Information: 0 : 11744, 1, 2025/03/02, 13:38:19.207, 136700199489, vstest.console.dll, AssemblyMetadataProvider.GetFrameworkName: Determined framework:'.NETCoreApp,Version=v6.0' for source: 'C:\Users\TOSHIBA\Downloads\QA path\Programming for QA\Programming Fundamentals and Unit Testing\07.1.Resources-Unit-Testing-Methods\TestApp.UnitTests\bin\Debug\net6.0\fine-code-coverage\build-output\TestApp.UnitTests.dll'
TpTrace Information: 0 : 11744, 1, 2025/03/02, 13:38:19.208, 136700202765, vstest.console.dll, Determined framework for all sources: .NETCoreApp,Version=v6.0
TpTrace Verbose: 0 : 11744, 1, 2025/03/02, 13:38:19.208, 136700210417, vstest.console.dll, TestRequestManager.UpdateRunSettingsIfRequired: Default architecture: X64 IsDefaultTargetArchitecture: True, Current process architecture: X64 OperatingSystem: Windows.
TpTrace Information: 0 : 11744, 1, 2025/03/02, 13:38:19.211, 136700241421, vstest.console.dll, AssemblyMetadataProvider.GetArchitecture: Determined architecture:AnyCPU info for assembly: C:\Users\TOSHIBA\Downloads\QA path\Programming for QA\Programming Fundamentals and Unit Testing\07.1.Resources-Unit-Testing-Methods\TestApp.UnitTests\bin\Debug\net6.0\fine-code-coverage\build-output\TestApp.UnitTests.dll
TpTrace Information: 0 : 11744, 1, 2025/03/02, 13:38:19.212, 136700242833, vstest.console.dll, Determined platform for source 'C:\Users\TOSHIBA\Downloads\QA path\Programming for QA\Programming Fundamentals and Unit Testing\07.1.Resources-Unit-Testing-Methods\TestApp.UnitTests\bin\Debug\net6.0\fine-code-coverage\build-output\TestApp.UnitTests.dll' was AnyCPU and it will use the default plaform X64.
TpTrace Information: 0 : 11744, 1, 2025/03/02, 13:38:19.212, 136700243795, vstest.console.dll, None of the sources provided any runnable platform, using the default platform: X64
TpTrace Information: 0 : 11744, 1, 2025/03/02, 13:38:19.212, 136700246949, vstest.console.dll, Platform was updated to 'X64'.
TpTrace Information: 0 : 11744, 1, 2025/03/02, 13:38:19.221, 136700335662, vstest.console.dll, InferRunSettingsHelper.IsTestSettingsEnabled: Unable to navigate to RunSettings/MSTest. Current node: RunSettings
TpTrace Information: 0 : 11744, 1, 2025/03/02, 13:38:19.222, 136700343145, vstest.console.dll, AssemblyResolver.OnResolve: Microsoft.VisualStudio.TestPlatform.Fakes: Resolving assembly.
TpTrace Information: 0 : 11744, 1, 2025/03/02, 13:38:19.222, 136700344142, vstest.console.dll, AssemblyResolver.OnResolve: Microsoft.VisualStudio.TestPlatform.Fakes: Searching in: 'C:\Program Files\dotnet\sdk\9.0.100\Extensions'.
TpTrace Information: 0 : 11744, 1, 2025/03/02, 13:38:19.222, 136700345351, vstest.console.dll, AssemblyResolver.OnResolve: Microsoft.VisualStudio.TestPlatform.Fakes: Assembly path does not exist: 'C:\Program Files\dotnet\sdk\9.0.100\Extensions\Microsoft.VisualStudio.TestPlatform.Fakes.dll', returning.
TpTrace Information: 0 : 11744, 1, 2025/03/02, 13:38:19.222, 136700346210, vstest.console.dll, AssemblyResolver.OnResolve: Microsoft.VisualStudio.TestPlatform.Fakes: Assembly path does not exist: 'C:\Program Files\dotnet\sdk\9.0.100\Extensions\Microsoft.VisualStudio.TestPlatform.Fakes.exe', returning.
TpTrace Information: 0 : 11744, 1, 2025/03/02, 13:38:19.222, 136700346609, vstest.console.dll, AssemblyResolver.OnResolve: Microsoft.VisualStudio.TestPlatform.Fakes: Searching in: 'C:\Program Files\dotnet\sdk\9.0.100'.
TpTrace Information: 0 : 11744, 1, 2025/03/02, 13:38:19.222, 136700347356, vstest.console.dll, AssemblyResolver.OnResolve: Microsoft.VisualStudio.TestPlatform.Fakes: Assembly path does not exist: 'C:\Program Files\dotnet\sdk\9.0.100\Microsoft.VisualStudio.TestPlatform.Fakes.dll', returning.
TpTrace Information: 0 : 11744, 1, 2025/03/02, 13:38:19.222, 136700348147, vstest.console.dll, AssemblyResolver.OnResolve: Microsoft.VisualStudio.TestPlatform.Fakes: Assembly path does not exist: 'C:\Program Files\dotnet\sdk\9.0.100\Microsoft.VisualStudio.TestPlatform.Fakes.exe', returning.
TpTrace Information: 0 : 11744, 1, 2025/03/02, 13:38:19.222, 136700349182, vstest.console.dll, AssemblyResolver.OnResolve: Microsoft.VisualStudio.TestPlatform.Fakes: Failed to load assembly.
TpTrace Information: 0 : 11744, 1, 2025/03/02, 13:38:19.222, 136700352188, vstest.console.dll, Failed to load assembly Microsoft.VisualStudio.TestPlatform.Fakes, Version=17.0.0.0, Culture=neutral. Reason:System.IO.FileNotFoundException: Could not load file or assembly 'Microsoft.VisualStudio.TestPlatform.Fakes, Version=17.0.0.0, Culture=neutral, PublicKeyToken=null'. The system cannot find the file specified.
File name: 'Microsoft.VisualStudio.TestPlatform.Fakes, Version=17.0.0.0, Culture=neutral, PublicKeyToken=null'
   at System.Reflection.RuntimeAssembly.InternalLoad(AssemblyName assemblyName, StackCrawlMark& stackMark, AssemblyLoadContext assemblyLoadContext, RuntimeAssembly requestingAssembly, Boolean throwOnFileNotFound)
   at System.Reflection.Assembly.Load(AssemblyName assemblyRef)
   at Microsoft.VisualStudio.TestPlatform.Common.Utilities.FakesUtilities.LoadTestPlatformAssembly() in /_/src/Microsoft.TestPlatform.Common/Utilities/FakesUtilities.cs:line 273
TpTrace Verbose: 0 : 11744, 1, 2025/03/02, 13:38:19.227, 136700392521, vstest.console.dll, TestPluginCache.DiscoverTestExtensions: finding test extensions in assemblies ends with: TestLogger.dll TPluginInfo: Microsoft.VisualStudio.TestPlatform.Common.ExtensionFramework.Utilities.TestLoggerPluginInformation TExtension: Microsoft.VisualStudio.TestPlatform.ObjectModel.Client.ITestLogger
TpTrace Verbose: 0 : 11744, 1, 2025/03/02, 13:38:19.229, 136700416762, vstest.console.dll, TestPluginCache.GetExtensionPaths: Filtered extension paths: 
TpTrace Verbose: 0 : 11744, 1, 2025/03/02, 13:38:19.229, 136700417993, vstest.console.dll, TestPluginCache.GetExtensionPaths: Added default extension paths: C:\Program Files\dotnet\sdk\9.0.100\Extensions\Microsoft.Diagnostics.NETCore.Client.dll
C:\Program Files\dotnet\sdk\9.0.100\Extensions\Microsoft.TestPlatform.Extensions.BlameDataCollector.dll
C:\Program Files\dotnet\sdk\9.0.100\Extensions\Microsoft.TestPlatform.Extensions.EventLogCollector.dll
C:\Program Files\dotnet\sdk\9.0.100\Extensions\Microsoft.TestPlatform.TestHostRuntimeProvider.dll
C:\Program Files\dotnet\sdk\9.0.100\Extensions\Microsoft.VisualStudio.TestPlatform.Extensions.Html.TestLogger.dll
C:\Program Files\dotnet\sdk\9.0.100\Extensions\Microsoft.VisualStudio.TestPlatform.Extensions.Trx.TestLogger.dll
TpTrace Verbose: 0 : 11744, 1, 2025/03/02, 13:38:19.229, 136700418485, vstest.console.dll, TestPluginCache.GetExtensionPaths: Added unfilterableExtensionPaths: 
TpTrace Information: 0 : 11744, 1, 2025/03/02, 13:38:19.229, 136700420256, vstest.console.dll, AssemblyResolver.AddSearchDirectories: Adding more searchDirectories C:\Program Files\dotnet\sdk\9.0.100\Extensions,C:\Program Files\dotnet\sdk\9.0.100
TpTrace Verbose: 0 : 11744, 1, 2025/03/02, 13:38:19.229, 136700420871, vstest.console.dll, TestPluginCache.DiscoverTestExtensions: Discovering the extensions using extension path.
TpTrace Verbose: 0 : 11744, 1, 2025/03/02, 13:38:19.229, 136700421552, vstest.console.dll, TestPluginCache.GetExtensionPaths: Filtered extension paths: 
TpTrace Verbose: 0 : 11744, 1, 2025/03/02, 13:38:19.229, 136700422016, vstest.console.dll, TestPluginCache.GetExtensionPaths: Added default extension paths: C:\Program Files\dotnet\sdk\9.0.100\Extensions\Microsoft.Diagnostics.NETCore.Client.dll
C:\Program Files\dotnet\sdk\9.0.100\Extensions\Microsoft.TestPlatform.Extensions.BlameDataCollector.dll
C:\Program Files\dotnet\sdk\9.0.100\Extensions\Microsoft.TestPlatform.Extensions.EventLogCollector.dll
C:\Program Files\dotnet\sdk\9.0.100\Extensions\Microsoft.TestPlatform.TestHostRuntimeProvider.dll
C:\Program Files\dotnet\sdk\9.0.100\Extensions\Microsoft.VisualStudio.TestPlatform.Extensions.Html.TestLogger.dll
C:\Program Files\dotnet\sdk\9.0.100\Extensions\Microsoft.VisualStudio.TestPlatform.Extensions.Trx.TestLogger.dll
TpTrace Verbose: 0 : 11744, 1, 2025/03/02, 13:38:19.230, 136700422429, vstest.console.dll, TestPluginCache.GetExtensionPaths: Added unfilterableExtensionPaths: 
TpTrace Verbose: 0 : 11744, 1, 2025/03/02, 13:38:19.230, 136700422912, vstest.console.dll, TestPluginCache.DiscoverTestExtensions: Discovering the extensions using allExtensionPaths: C:\Program Files\dotnet\sdk\9.0.100\Extensions\Microsoft.Diagnostics.NETCore.Client.dll
C:\Program Files\dotnet\sdk\9.0.100\Extensions\Microsoft.TestPlatform.Extensions.BlameDataCollector.dll
C:\Program Files\dotnet\sdk\9.0.100\Extensions\Microsoft.TestPlatform.Extensions.EventLogCollector.dll
C:\Program Files\dotnet\sdk\9.0.100\Extensions\Microsoft.TestPlatform.TestHostRuntimeProvider.dll
C:\Program Files\dotnet\sdk\9.0.100\Extensions\Microsoft.VisualStudio.TestPlatform.Extensions.Html.TestLogger.dll
C:\Program Files\dotnet\sdk\9.0.100\Extensions\Microsoft.VisualStudio.TestPlatform.Extensions.Trx.TestLogger.dll
TpTrace Information: 0 : 11744, 1, 2025/03/02, 13:38:19.230, 136700423578, vstest.console.dll, AssemblyResolver.AddSearchDirectories: Adding more searchDirectories C:\Program Files\dotnet\sdk\9.0.100\Extensions,C:\Program Files\dotnet\sdk\9.0.100
TpTrace Information: 0 : 11744, 1, 2025/03/02, 13:38:19.230, 136700424081, vstest.console.dll, AssemblyResolver.AddSearchDirectories: Adding more searchDirectories C:\Program Files\dotnet\sdk\9.0.100\Extensions,C:\Program Files\dotnet\sdk\9.0.100
TpTrace Information: 0 : 11744, 1, 2025/03/02, 13:38:19.230, 136700424535, vstest.console.dll, AssemblyResolver.AddSearchDirectories: Adding more searchDirectories C:\Program Files\dotnet\sdk\9.0.100\Extensions,C:\Program Files\dotnet\sdk\9.0.100
TpTrace Information: 0 : 11744, 1, 2025/03/02, 13:38:19.230, 136700425028, vstest.console.dll, AssemblyResolver.AddSearchDirectories: Adding more searchDirectories C:\Program Files\dotnet\sdk\9.0.100\Extensions,C:\Program Files\dotnet\sdk\9.0.100
TpTrace Information: 0 : 11744, 1, 2025/03/02, 13:38:19.230, 136700425382, vstest.console.dll, AssemblyResolver.AddSearchDirectories: Adding more searchDirectories C:\Program Files\dotnet\sdk\9.0.100\Extensions,C:\Program Files\dotnet\sdk\9.0.100
TpTrace Information: 0 : 11744, 1, 2025/03/02, 13:38:19.230, 136700425744, vstest.console.dll, AssemblyResolver.AddSearchDirectories: Adding more searchDirectories C:\Program Files\dotnet\sdk\9.0.100\Extensions,C:\Program Files\dotnet\sdk\9.0.100
TpTrace Verbose: 0 : 11744, 1, 2025/03/02, 13:38:19.230, 136700426926, vstest.console.dll, MetadataReaderExtensionsHelper: Discovering extensions inside assembly 'Microsoft.Diagnostics.NETCore.Client, Version=0.2.10.41601, Culture=neutral, PublicKeyToken=31bf3856ad364e35' file path 'C:\Program Files\dotnet\sdk\9.0.100\Extensions\Microsoft.Diagnostics.NETCore.Client.dll'
TpTrace Information: 0 : 11744, 1, 2025/03/02, 13:38:19.231, 136700434706, vstest.console.dll, AssemblyResolver.OnResolve: Microsoft.Bcl.AsyncInterfaces: Resolving assembly.
TpTrace Information: 0 : 11744, 1, 2025/03/02, 13:38:19.231, 136700435427, vstest.console.dll, AssemblyResolver.OnResolve: Microsoft.Bcl.AsyncInterfaces: Resolved from cache.
TpTrace Verbose: 0 : 11744, 1, 2025/03/02, 13:38:19.231, 136700435793, vstest.console.dll, CurrentDomainAssemblyResolve: Resolving assembly 'Microsoft.Bcl.AsyncInterfaces'.
TpTrace Information: 0 : 11744, 1, 2025/03/02, 13:38:19.231, 136700436369, vstest.console.dll, AssemblyResolver.OnResolve: Microsoft.Bcl.AsyncInterfaces: Resolving assembly.
TpTrace Information: 0 : 11744, 1, 2025/03/02, 13:38:19.231, 136700436755, vstest.console.dll, AssemblyResolver.OnResolve: Microsoft.Bcl.AsyncInterfaces: Resolved from cache.
TpTrace Verbose: 0 : 11744, 1, 2025/03/02, 13:38:19.231, 136700437079, vstest.console.dll, CurrentDomainAssemblyResolve: Resolving assembly 'Microsoft.Bcl.AsyncInterfaces'.
TpTrace Verbose: 0 : 11744, 1, 2025/03/02, 13:38:19.231, 136700437388, vstest.console.dll, CurrentDomainAssemblyResolve: Failed to resolve assembly 'Microsoft.Bcl.AsyncInterfaces'.
TpTrace Verbose: 0 : 11744, 1, 2025/03/02, 13:38:19.231, 136700438802, vstest.console.dll, CurrentDomainAssemblyResolve: Failed to resolve assembly 'Microsoft.Bcl.AsyncInterfaces'.
TpTrace Warning: 0 : 11744, 1, 2025/03/02, 13:38:19.232, 136700443253, vstest.console.dll, TestPluginDiscoverer: Failed to get types from assembly 'Microsoft.Diagnostics.NETCore.Client, Version=0.2.10.41601, Culture=neutral, PublicKeyToken=31bf3856ad364e35'. Error: System.Reflection.ReflectionTypeLoadException: Unable to load one or more of the requested types.
Could not load file or assembly 'Microsoft.Bcl.AsyncInterfaces, Version=6.0.0.0, Culture=neutral, PublicKeyToken=cc7b13ffcd2ddd51'. The system cannot find the file specified.
   at System.Reflection.RuntimeModule.GetDefinedTypes()
   at System.Reflection.RuntimeModule.GetTypes()
   at Microsoft.VisualStudio.TestPlatform.Common.ExtensionFramework.TestPluginDiscoverer.GetTestExtensionsFromAssembly[TPluginInfo,TExtension](Assembly assembly, Dictionary`2 pluginInfos, String filePath) in /_/src/Microsoft.TestPlatform.Common/ExtensionFramework/TestPluginDiscoverer.cs:line 159
System.IO.FileNotFoundException: Could not load file or assembly 'Microsoft.Bcl.AsyncInterfaces, Version=6.0.0.0, Culture=neutral, PublicKeyToken=cc7b13ffcd2ddd51'. The system cannot find the file specified.
File name: 'Microsoft.Bcl.AsyncInterfaces, Version=6.0.0.0, Culture=neutral, PublicKeyToken=cc7b13ffcd2ddd51'
 ---> System.IO.FileNotFoundException: Could not load file or assembly 'Microsoft.Bcl.AsyncInterfaces, Culture=neutral, PublicKeyToken=null'. The system cannot find the file specified.
File name: 'Microsoft.Bcl.AsyncInterfaces, Culture=neutral, PublicKeyToken=null'
   at System.Reflection.RuntimeAssembly.InternalLoad(AssemblyName assemblyName, StackCrawlMark& stackMark, AssemblyLoadContext assemblyLoadContext, RuntimeAssembly requestingAssembly, Boolean throwOnFileNotFound)
   at System.Reflection.Assembly.Load(AssemblyName assemblyRef)
   at Microsoft.VisualStudio.TestPlatform.Common.ExtensionFramework.TestPluginCache.CurrentDomainAssemblyResolve(Object sender, AssemblyResolveEventArgs args) in /_/src/Microsoft.TestPlatform.Common/ExtensionFramework/TestPluginCache.cs:line 514
   at System.Runtime.Loader.AssemblyLoadContext.GetFirstResolvedAssemblyFromResolvingEvent(AssemblyName assemblyName)
   at System.Runtime.Loader.AssemblyLoadContext.ResolveUsingEvent(AssemblyName assemblyName)
   at System.Runtime.Loader.AssemblyLoadContext.ResolveUsingResolvingEvent(IntPtr gchManagedAssemblyLoadContext, AssemblyName assemblyName)
TpTrace Warning: 0 : 11744, 1, 2025/03/02, 13:38:19.232, 136700447866, vstest.console.dll, LoaderExceptions: System.IO.FileNotFoundException: Could not load file or assembly 'Microsoft.Bcl.AsyncInterfaces, Version=6.0.0.0, Culture=neutral, PublicKeyToken=cc7b13ffcd2ddd51'. The system cannot find the file specified.
File name: 'Microsoft.Bcl.AsyncInterfaces, Version=6.0.0.0, Culture=neutral, PublicKeyToken=cc7b13ffcd2ddd51'
 ---> System.IO.FileNotFoundException: Could not load file or assembly 'Microsoft.Bcl.AsyncInterfaces, Culture=neutral, PublicKeyToken=null'. The system cannot find the file specified.
File name: 'Microsoft.Bcl.AsyncInterfaces, Culture=neutral, PublicKeyToken=null'
   at System.Reflection.RuntimeAssembly.InternalLoad(AssemblyName assemblyName, StackCrawlMark& stackMark, AssemblyLoadContext assemblyLoadContext, RuntimeAssembly requestingAssembly, Boolean throwOnFileNotFound)
   at System.Reflection.Assembly.Load(AssemblyName assemblyRef)
   at Microsoft.VisualStudio.TestPlatform.Common.ExtensionFramework.TestPluginCache.CurrentDomainAssemblyResolve(Object sender, AssemblyResolveEventArgs args) in /_/src/Microsoft.TestPlatform.Common/ExtensionFramework/TestPluginCache.cs:line 514
   at System.Runtime.Loader.AssemblyLoadContext.GetFirstResolvedAssemblyFromResolvingEvent(AssemblyName assemblyName)
   at System.Runtime.Loader.AssemblyLoadContext.ResolveUsingEvent(AssemblyName assemblyName)
   at System.Runtime.Loader.AssemblyLoadContext.ResolveUsingResolvingEvent(IntPtr gchManagedAssemblyLoadContext, AssemblyName assemblyName)
TpTrace Verbose: 0 : 11744, 1, 2025/03/02, 13:38:19.232, 136700449386, vstest.console.dll, MetadataReaderExtensionsHelper: Discovering extensions inside assembly 'Microsoft.TestPlatform.Extensions.BlameDataCollector, Version=15.0.0.0, Culture=neutral, PublicKeyToken=b03f5f7f11d50a3a' file path 'C:\Program Files\dotnet\sdk\9.0.100\Extensions\Microsoft.TestPlatform.Extensions.BlameDataCollector.dll'
TpTrace Information: 0 : 11744, 1, 2025/03/02, 13:38:19.233, 136700459568, vstest.console.dll, GetTestExtensionFromType: Register extension with identifier data 'logger://Microsoft/TestPlatform/Extensions/Blame/v1' and type 'Microsoft.TestPlatform.Extensions.BlameDataCollector.BlameLogger, Microsoft.TestPlatform.Extensions.BlameDataCollector, Version=15.0.0.0, Culture=neutral, PublicKeyToken=b03f5f7f11d50a3a' inside file 'C:\Program Files\dotnet\sdk\9.0.100\Extensions\Microsoft.TestPlatform.Extensions.BlameDataCollector.dll'
TpTrace Verbose: 0 : 11744, 1, 2025/03/02, 13:38:19.233, 136700460863, vstest.console.dll, MetadataReaderExtensionsHelper: Discovering extensions inside assembly 'Microsoft.TestPlatform.Extensions.EventLogCollector, Version=15.0.0.0, Culture=neutral, PublicKeyToken=b03f5f7f11d50a3a' file path 'C:\Program Files\dotnet\sdk\9.0.100\Extensions\Microsoft.TestPlatform.Extensions.EventLogCollector.dll'
TpTrace Verbose: 0 : 11744, 1, 2025/03/02, 13:38:19.234, 136700467467, vstest.console.dll, MetadataReaderExtensionsHelper: Discovering extensions inside assembly 'Microsoft.TestPlatform.TestHostRuntimeProvider, Version=15.0.0.0, Culture=neutral, PublicKeyToken=b03f5f7f11d50a3a' file path 'C:\Program Files\dotnet\sdk\9.0.100\Extensions\Microsoft.TestPlatform.TestHostRuntimeProvider.dll'
TpTrace Verbose: 0 : 11744, 1, 2025/03/02, 13:38:19.235, 136700473096, vstest.console.dll, MetadataReaderExtensionsHelper: Discovering extensions inside assembly 'Microsoft.VisualStudio.TestPlatform.Extensions.Html.TestLogger, Version=15.0.0.0, Culture=neutral, PublicKeyToken=b03f5f7f11d50a3a' file path 'C:\Program Files\dotnet\sdk\9.0.100\Extensions\Microsoft.VisualStudio.TestPlatform.Extensions.Html.TestLogger.dll'
TpTrace Information: 0 : 11744, 1, 2025/03/02, 13:38:19.236, 136700482545, vstest.console.dll, GetTestExtensionFromType: Register extension with identifier data 'logger://Microsoft/TestPlatform/HtmlLogger/v1' and type 'Microsoft.VisualStudio.TestPlatform.Extensions.HtmlLogger.HtmlLogger, Microsoft.VisualStudio.TestPlatform.Extensions.Html.TestLogger, Version=15.0.0.0, Culture=neutral, PublicKeyToken=b03f5f7f11d50a3a' inside file 'C:\Program Files\dotnet\sdk\9.0.100\Extensions\Microsoft.VisualStudio.TestPlatform.Extensions.Html.TestLogger.dll'
TpTrace Verbose: 0 : 11744, 1, 2025/03/02, 13:38:19.236, 136700483787, vstest.console.dll, MetadataReaderExtensionsHelper: Discovering extensions inside assembly 'Microsoft.VisualStudio.TestPlatform.Extensions.Trx.TestLogger, Version=15.0.0.0, Culture=neutral, PublicKeyToken=b03f5f7f11d50a3a' file path 'C:\Program Files\dotnet\sdk\9.0.100\Extensions\Microsoft.VisualStudio.TestPlatform.Extensions.Trx.TestLogger.dll'
TpTrace Information: 0 : 11744, 1, 2025/03/02, 13:38:19.236, 136700491013, vstest.console.dll, GetTestExtensionFromType: Register extension with identifier data 'logger://Microsoft/TestPlatform/TrxLogger/v1' and type 'Microsoft.VisualStudio.TestPlatform.Extensions.TrxLogger.TrxLogger, Microsoft.VisualStudio.TestPlatform.Extensions.Trx.TestLogger, Version=15.0.0.0, Culture=neutral, PublicKeyToken=b03f5f7f11d50a3a' inside file 'C:\Program Files\dotnet\sdk\9.0.100\Extensions\Microsoft.VisualStudio.TestPlatform.Extensions.Trx.TestLogger.dll'
TpTrace Verbose: 0 : 11744, 1, 2025/03/02, 13:38:19.236, 136700492126, vstest.console.dll, TestPluginCache: Discovered the extensions using extension path ''.
TpTrace Verbose: 0 : 11744, 1, 2025/03/02, 13:38:19.237, 136700493182, vstest.console.dll, TestPluginCache: Discoverers are ''.
TpTrace Verbose: 0 : 11744, 1, 2025/03/02, 13:38:19.237, 136700493751, vstest.console.dll, TestPluginCache: Executors are ''.
TpTrace Verbose: 0 : 11744, 1, 2025/03/02, 13:38:19.237, 136700494073, vstest.console.dll, TestPluginCache: Executors2 are ''.
TpTrace Verbose: 0 : 11744, 1, 2025/03/02, 13:38:19.237, 136700494424, vstest.console.dll, TestPluginCache: Setting providers are ''.
TpTrace Verbose: 0 : 11744, 1, 2025/03/02, 13:38:19.238, 136700502322, vstest.console.dll, TestPluginCache: Loggers are 'logger://Microsoft/TestPlatform/Extensions/Blame/v1,logger://Microsoft/TestPlatform/HtmlLogger/v1,logger://Microsoft/TestPlatform/TrxLogger/v1'.
TpTrace Verbose: 0 : 11744, 1, 2025/03/02, 13:38:19.238, 136700503075, vstest.console.dll, TestPluginCache: TestHosts are 'HostProvider://DefaultTestHost,HostProvider://DotnetTestHost'.
TpTrace Verbose: 0 : 11744, 1, 2025/03/02, 13:38:19.238, 136700503439, vstest.console.dll, TestPluginCache: DataCollectors are ''.
TpTrace Information: 0 : 11744, 1, 2025/03/02, 13:38:19.239, 136700514695, vstest.console.dll, TestPluginManager.CreateTestExtension: Attempting to load test extension: Microsoft.TestPlatform.Extensions.BlameDataCollector.BlameLogger
TpTrace Verbose: 0 : 11744, 1, 2025/03/02, 13:38:19.254, 136700671951, vstest.console.dll, TestEngine: Initializing Parallel Execution as MaxCpuCount is set to: 1
TpTrace Information: 0 : 11744, 1, 2025/03/02, 13:38:19.256, 136700688580, vstest.console.dll, TestPluginManager.CreateTestExtension: Attempting to load test extension: Microsoft.VisualStudio.TestPlatform.CrossPlatEngine.Hosting.DefaultTestHostManager
TpTrace Information: 0 : 11744, 1, 2025/03/02, 13:38:19.257, 136700700787, vstest.console.dll, TestPluginManager.CreateTestExtension: Attempting to load test extension: Microsoft.VisualStudio.TestPlatform.CrossPlatEngine.Hosting.DotnetTestHostManager
TpTrace Verbose: 0 : 11744, 1, 2025/03/02, 13:38:19.258, 136700704026, vstest.console.dll, TestHostManagerCallbacks.ctor: Forwarding output is enabled.
TpTrace Information: 0 : 11744, 1, 2025/03/02, 13:38:19.258, 136700708797, vstest.console.dll, InferRunSettingsHelper.IsTestSettingsEnabled: Unable to navigate to RunSettings/MSTest. Current node: RunSettings
TpTrace Verbose: 0 : 11744, 1, 2025/03/02, 13:38:19.259, 136700717362, vstest.console.dll, ParallelOperationManager.ClearSlots: Clearing all slots. Slots should accept more work: True
TpTrace Verbose: 0 : 11744, 1, 2025/03/02, 13:38:19.260, 136700723175, vstest.console.dll, ParallelOperationManager.SetOccupiedSlotCount: Setting slot counts AvailableSlotCount = 1, OccupiedSlotCount = 0.
TpTrace Verbose: 0 : 11744, 1, 2025/03/02, 13:38:19.260, 136700727760, vstest.console.dll, Occupied slots:

TpTrace Verbose: 0 : 11744, 1, 2025/03/02, 13:38:19.264, 136700767757, vstest.console.dll, TestEngine.GetExecutionManager: Chosen execution manager 'Microsoft.VisualStudio.TestPlatform.CrossPlatEngine.Client.Parallel.ParallelProxyExecutionManager, Microsoft.TestPlatform.CrossPlatEngine, Version=15.0.0.0, Culture=neutral, PublicKeyToken=b03f5f7f11d50a3a' ParallelLevel '1'.
TpTrace Verbose: 0 : 11744, 1, 2025/03/02, 13:38:19.264, 136700770345, vstest.console.dll, TestPlatform.GetSkipDefaultAdapters: Not skipping default adapters SkipDefaultAdapters was false.
TpTrace Verbose: 0 : 11744, 1, 2025/03/02, 13:38:19.264, 136700771454, vstest.console.dll, TestRunRequest.ExecuteAsync: Creating test run request.
TpTrace Verbose: 0 : 11744, 1, 2025/03/02, 13:38:19.265, 136700774520, vstest.console.dll, TestRunRequest.ExecuteAsync: Starting.
TpTrace Information: 0 : 11744, 1, 2025/03/02, 13:38:19.266, 136700790931, vstest.console.dll, TestRunRequest.ExecuteAsync: Starting run with settings:TestRunCriteria:
   KeepAlive=False,FrequencyOfRunStatsChangeEvent=10,RunStatsChangeEventTimeout=00:00:01.5000000,TestCaseFilter=,TestExecutorLauncher=
   Settingsxml=<RunSettings>
  <RunConfiguration>
    <ResultsDirectory>C:\Users\TOSHIBA\Downloads\QA path\Programming for QA\Programming Fundamentals and Unit Testing\07.1.Resources-Unit-Testing-Methods\TestApp.UnitTests\bin\Debug\net6.0\fine-code-coverage\coverage-tool-output</ResultsDirectory>
    <TargetPlatform>X64</TargetPlatform>
    <TargetFrameworkVersion>.NETCoreApp,Version=v6.0</TargetFrameworkVersion>
    <DesignMode>False</DesignMode>
    <CollectSourceInformation>False</CollectSourceInformation>
  </RunConfiguration>
  <LoggerRunSettings>
    <Loggers>
      <Logger friendlyName="blame" enabled="True" />
      <Logger friendlyName="Console" uri="logger://microsoft/TestPlatform/ConsoleLogger/v1" assemblyQualifiedName="Microsoft.VisualStudio.TestPlatform.CommandLine.Internal.ConsoleLogger, vstest.console, Version=15.0.0.0, Culture=neutral, PublicKeyToken=b03f5f7f11d50a3a" codeBase="C:\Program Files\dotnet\sdk\9.0.100\vstest.console.dll" enabled="True" />
    </Loggers>
  </LoggerRunSettings>
  <DataCollectionRunSettings>
    <DataCollectors>
      <DataCollector friendlyName="blame" enabled="True">
        <Configuration>
          <ResultsDirectory>C:\Users\TOSHIBA\Downloads\QA path\Programming for QA\Programming Fundamentals and Unit Testing\07.1.Resources-Unit-Testing-Methods\TestApp.UnitTests\bin\Debug\net6.0\fine-code-coverage\coverage-tool-output</ResultsDirectory>
        </Configuration>
      </DataCollector>
    </DataCollectors>
  </DataCollectionRunSettings>
</RunSettings>

TpTrace Verbose: 0 : 11744, 1, 2025/03/02, 13:38:19.266, 136700791925, vstest.console.dll, TestRunRequest.ExecuteAsync: Wait for the first run request is over.
TpTrace Verbose: 0 : 11744, 1, 2025/03/02, 13:38:19.267, 136700795945, vstest.console.dll, MulticastDelegateUtilities.SafeInvoke: TestRun.TestRunStart: Invoking callbacks was skipped because there are no subscribers.
TpTrace Verbose: 0 : 11744, 4, 2025/03/02, 13:38:19.267, 136700798048, vstest.console.dll, MulticastDelegateUtilities.SafeInvoke: InternalTestLoggerEvents.SendTestRunStart: Invoking callback 1/1 for Microsoft.VisualStudio.TestPlatform.CommandLine.Internal.ConsoleLogger., took 0 ms.
TpTrace Verbose: 0 : 11744, 1, 2025/03/02, 13:38:19.269, 136700816851, vstest.console.dll, ParallelProxyExecutionManager: Start execution. Total sources: 1
TpTrace Verbose: 0 : 11744, 1, 2025/03/02, 13:38:19.269, 136700821345, vstest.console.dll, ParallelOperationManager.StartWork: Starting adding 1 workloads.
TpTrace Verbose: 0 : 11744, 1, 2025/03/02, 13:38:19.269, 136700822223, vstest.console.dll, ParallelOperationManager.ClearSlots: Clearing all slots. Slots should accept more work: True
TpTrace Verbose: 0 : 11744, 1, 2025/03/02, 13:38:19.270, 136700823051, vstest.console.dll, ParallelOperationManager.SetOccupiedSlotCount: Setting slot counts AvailableSlotCount = 1, OccupiedSlotCount = 0.
TpTrace Verbose: 0 : 11744, 1, 2025/03/02, 13:38:19.270, 136700823512, vstest.console.dll, Occupied slots:

TpTrace Verbose: 0 : 11744, 1, 2025/03/02, 13:38:19.271, 136700837087, vstest.console.dll, TestHostManagerCallbacks.ctor: Forwarding output is enabled.
TpTrace Verbose: 0 : 11744, 1, 2025/03/02, 13:38:19.271, 136700840340, vstest.console.dll, TestRequestSender is acting as server.
TpTrace Verbose: 0 : 11744, 1, 2025/03/02, 13:38:19.274, 136700867368, vstest.console.dll, ParallelOperationManager.RunWorkInParallel: Adding 1 workload to slot, remaining workloads 0.
TpTrace Verbose: 0 : 11744, 1, 2025/03/02, 13:38:19.274, 136700868460, vstest.console.dll, ParallelOperationManager.SetOccupiedSlotCount: Setting slot counts AvailableSlotCount = 0, OccupiedSlotCount = 1.
TpTrace Verbose: 0 : 11744, 1, 2025/03/02, 13:38:19.274, 136700869827, vstest.console.dll, Occupied slots:
0: C:\Users\TOSHIBA\Downloads\QA path\Programming for QA\Programming Fundamentals and Unit Testing\07.1.Resources-Unit-Testing-Methods\TestApp.UnitTests\bin\Debug\net6.0\fine-code-coverage\build-output\TestApp.UnitTests.dll
TpTrace Verbose: 0 : 11744, 1, 2025/03/02, 13:38:19.276, 136700884807, vstest.console.dll, ParallelOperationManager.RunWorkInParallel: Started host in slot number 0 for work (source): C:\Users\TOSHIBA\Downloads\QA path\Programming for QA\Programming Fundamentals and Unit Testing\07.1.Resources-Unit-Testing-Methods\TestApp.UnitTests\bin\Debug\net6.0\fine-code-coverage\build-output\TestApp.UnitTests.dll.
TpTrace Verbose: 0 : 11744, 1, 2025/03/02, 13:38:19.277, 136700894715, vstest.console.dll, ParallelOperationManager.RunWorkInParallel: We started 1 work items, which is the max parallel level. Won't start more work.
TpTrace Verbose: 0 : 11744, 5, 2025/03/02, 13:38:19.277, 136700894659, vstest.console.dll, ParallelProxyExecutionManager.StartTestRunOnConcurrentManager: Initializing uninitialized client. Started clients: 0
TpTrace Verbose: 0 : 11744, 1, 2025/03/02, 13:38:19.277, 136700896161, vstest.console.dll, ParallelOperationManager.RunWorkInParallel: We started 1 work items in here, returning True.
TpTrace Information: 0 : 11744, 1, 2025/03/02, 13:38:19.277, 136700897392, vstest.console.dll, TestRunRequest.ExecuteAsync: Started.
TpTrace Verbose: 0 : 11744, 5, 2025/03/02, 13:38:19.277, 136700898456, vstest.console.dll, DataCollectionRequestSender.InitializeCommunication : Initialize communication. 
TpTrace Verbose: 0 : 11744, 1, 2025/03/02, 13:38:19.278, 136700903355, vstest.console.dll, TestRunRequest.WaitForCompletion: Waiting with timeout -1.
TpTrace Information: 0 : 11744, 5, 2025/03/02, 13:38:19.291, 136701032548, vstest.console.dll, Listening on Endpoint : 127.0.0.1:51818
TpTrace Verbose: 0 : 11744, 5, 2025/03/02, 13:38:19.305, 136701175006, vstest.console.dll, DotnetDataCollectionLauncher: Adding  --runtimeconfig "C:\Program Files\dotnet\sdk\9.0.100\datacollector.runtimeconfig.json" in args
TpTrace Verbose: 0 : 11744, 5, 2025/03/02, 13:38:19.305, 136701178903, vstest.console.dll, DotnetDataCollectionLauncher: Adding  --depsfile "C:\Program Files\dotnet\sdk\9.0.100\datacollector.deps.json" in args
TpTrace Verbose: 0 : 11744, 5, 2025/03/02, 13:38:19.305, 136701181619, vstest.console.dll, DotnetDataCollectionLauncher: Full path of dotnet.exe is C:\Program Files\dotnet\dotnet.exe
TpTrace Information: 0 : 11744, 5, 2025/03/02, 13:38:19.318, 136701310827, vstest.console.dll, ProxyDataCollectionManager.Initialize: Launched datacollector processId: 12320 port: 51818
TpTrace Information: 0 : 11744, 5, 2025/03/02, 13:38:19.319, 136701312717, vstest.console.dll, ProxyDataCollectionManager.Initialize: waiting for connection with timeout: 90 seconds
TpTrace Verbose: 0 : 11744, 5, 2025/03/02, 13:38:19.319, 136701313814, vstest.console.dll, DataCollectionRequestSender.WaitForRequestHandlerConnection : Waiting for connection with timeout: 90000
TpTrace Verbose: 0 : 11744, 5, 2025/03/02, 13:38:19.510, 136703227078, vstest.console.dll, SocketCommunicationManager.WaitForClientConnection took: 191 ms, with 90000 ms timeout, and finished with True.
TpTrace Verbose: 0 : 11744, 5, 2025/03/02, 13:38:19.510, 136703228992, vstest.console.dll, ProxyDataCollectionManager.InvokeDataCollectionServiceAction: Starting.
TpTrace Information: 0 : 11744, 5, 2025/03/02, 13:38:19.510, 136703230046, vstest.console.dll, ProxyDataCollectionManager.BeforeTestRunStart: Get environment variable and port for datacollector processId: 12320 port: 51818
TpTrace Verbose: 0 : 11744, 5, 2025/03/02, 13:38:19.510, 136703231642, vstest.console.dll, DataCollectionRequestSender.SendBeforeTestRunStartAndGetResult: Send BeforeTestRunStart message with settingsXml <RunSettings><RunConfiguration><ResultsDirectory>C:\Users\TOSHIBA\Downloads\QA path\Programming for QA\Programming Fundamentals and Unit Testing\07.1.Resources-Unit-Testing-Methods\TestApp.UnitTests\bin\Debug\net6.0\fine-code-coverage\coverage-tool-output</ResultsDirectory><TargetPlatform>X64</TargetPlatform><TargetFrameworkVersion>.NETCoreApp,Version=v6.0</TargetFrameworkVersion><DesignMode>False</DesignMode><CollectSourceInformation>False</CollectSourceInformation><TestAdaptersPaths>C:\Program Files\dotnet\sdk\9.0.100\Extensions</TestAdaptersPaths></RunConfiguration><LoggerRunSettings><Loggers><Logger friendlyName="blame" enabled="True" /><Logger friendlyName="Console" uri="logger://microsoft/TestPlatform/ConsoleLogger/v1" assemblyQualifiedName="Microsoft.VisualStudio.TestPlatform.CommandLine.Internal.ConsoleLogger, vstest.console, Version=15.0.0.0, Culture=neutral, PublicKeyToken=b03f5f7f11d50a3a" codeBase="C:\Program Files\dotnet\sdk\9.0.100\vstest.console.dll" enabled="True" /></Loggers></LoggerRunSettings><DataCollectionRunSettings><DataCollectors><DataCollector friendlyName="blame" enabled="True"><Configuration><ResultsDirectory>C:\Users\TOSHIBA\Downloads\QA path\Programming for QA\Programming Fundamentals and Unit Testing\07.1.Resources-Unit-Testing-Methods\TestApp.UnitTests\bin\Debug\net6.0\fine-code-coverage\coverage-tool-output</ResultsDirectory></Configuration></DataCollector></DataCollectors></DataCollectionRunSettings></RunSettings> and sources System.Collections.Generic.List`1[System.String]: 
TpTrace Information: 0 : 11744, 9, 2025/03/02, 13:38:19.511, 136703234096, vstest.console.dll, Using the buffer size of 16384 bytes
TpTrace Information: 0 : 11744, 9, 2025/03/02, 13:38:19.511, 136703235102, vstest.console.dll, Accepted Client request and set the flag
TpTrace Verbose: 0 : 11744, 5, 2025/03/02, 13:38:19.681, 136704942022, vstest.console.dll, DataCollectionRequestSender.SendBeforeTestRunStartAndGetResult: Received message: (DataCollection.SendMessage) -> {"MessageType":"DataCollection.SendMessage","Payload":{"FriendlyName":null,"Uri":null,"TestCaseId":"00000000-0000-0000-0000-000000000000","Message":"Logging DataCollector Diagnostics in file: C:\\Users\\TOSHIBA\\Downloads\\QA path\\Programming for QA\\Programming Fundamentals and Unit Testing\\07.1.Resources-Unit-Testing-Methods\\TestApp.UnitTests\\bin\\Debug\\net6.0\\fine-code-coverage\\coverage-tool-output\\diagnostics.datacollector.25-03-02_13-38-19_30476_5.log","Level":0}}
TpTrace Verbose: 0 : 11744, 5, 2025/03/02, 13:38:19.882, 136706942992, vstest.console.dll, DataCollectionRequestSender.SendBeforeTestRunStartAndGetResult: Received message: (DataCollection.BeforeTestRunStartResult) -> {"MessageType":"DataCollection.BeforeTestRunStartResult","Payload":{"EnvironmentVariables":{},"DataCollectionEventsPort":51820}}
TpTrace Information: 0 : 11744, 5, 2025/03/02, 13:38:19.891, 136707039938, vstest.console.dll, ProxyDataCollectionManager.BeforeTestRunStart: SendBeforeTestRunStartAndGetResult successful, env variable from datacollector:   and testhost port: 51820
TpTrace Information: 0 : 11744, 5, 2025/03/02, 13:38:19.891, 136707042244, vstest.console.dll, ProxyDataCollectionManager.InvokeDataCollectionServiceAction: Completed.
TpTrace Verbose: 0 : 11744, 5, 2025/03/02, 13:38:19.892, 136707043722, vstest.console.dll, ParallelProxyExecutionManager.StartTestRunOnConcurrentManager: Initializing test run. Started clients: 0
TpTrace Verbose: 0 : 11744, 5, 2025/03/02, 13:38:19.892, 136707045896, vstest.console.dll, ProxyExecutionManager: Test host is always Lazy initialize.
TpTrace Verbose: 0 : 11744, 5, 2025/03/02, 13:38:19.892, 136707051325, vstest.console.dll, TestRequestSender.InitializeCommunication: initialize communication. 
TpTrace Information: 0 : 11744, 5, 2025/03/02, 13:38:19.894, 136707063259, vstest.console.dll, SocketServer.Start: Listening on endpoint : 127.0.0.1:51821
TpTrace Verbose: 0 : 11744, 5, 2025/03/02, 13:38:19.895, 136707074475, vstest.console.dll, DotnetTestHostmanager.GetTestHostProcessStartInfo: Platform environment 'X64' target architecture 'X64' framework '.NETCoreApp,Version=v6.0' OS 'Windows'
TpTrace Verbose: 0 : 11744, 5, 2025/03/02, 13:38:19.895, 136707079015, vstest.console.dll, DotnetTestHostmanager: Adding  --runtimeconfig "C:\Users\TOSHIBA\Downloads\QA path\Programming for QA\Programming Fundamentals and Unit Testing\07.1.Resources-Unit-Testing-Methods\TestApp.UnitTests\bin\Debug\net6.0\fine-code-coverage\build-output\TestApp.UnitTests.runtimeconfig.json" in args
TpTrace Verbose: 0 : 11744, 5, 2025/03/02, 13:38:19.895, 136707080655, vstest.console.dll, DotnetTestHostmanager: Adding  --depsfile "C:\Users\TOSHIBA\Downloads\QA path\Programming for QA\Programming Fundamentals and Unit Testing\07.1.Resources-Unit-Testing-Methods\TestApp.UnitTests\bin\Debug\net6.0\fine-code-coverage\build-output\TestApp.UnitTests.deps.json" in args
TpTrace Verbose: 0 : 11744, 5, 2025/03/02, 13:38:19.896, 136707083573, vstest.console.dll, DotnetTestHostmanager.IsWinOnArm: Current PROCESSOR_ARCHITECTURE from environment variable 'AMD64'
TpTrace Verbose: 0 : 11744, 5, 2025/03/02, 13:38:19.896, 136707084712, vstest.console.dll, DotnetTestHostmanager.IsWinOnArm: Is Windows on ARM 'False'
TpTrace Verbose: 0 : 11744, 5, 2025/03/02, 13:38:19.896, 136707085973, vstest.console.dll, DotnetTestHostManager: testhost.exe found at path: C:\Users\TOSHIBA\Downloads\QA path\Programming for QA\Programming Fundamentals and Unit Testing\07.1.Resources-Unit-Testing-Methods\TestApp.UnitTests\bin\Debug\net6.0\fine-code-coverage\build-output\testhost.exe
TpTrace Verbose: 0 : 11744, 5, 2025/03/02, 13:38:19.896, 136707086989, vstest.console.dll, DotnetTestHostmanager: Full path of host exe is C:\Users\TOSHIBA\Downloads\QA path\Programming for QA\Programming Fundamentals and Unit Testing\07.1.Resources-Unit-Testing-Methods\TestApp.UnitTests\bin\Debug\net6.0\fine-code-coverage\build-output\testhost.exe
TpTrace Verbose: 0 : 11744, 5, 2025/03/02, 13:38:19.896, 136707089448, vstest.console.dll, DotnetTestHostmanager.LaunchTestHostAsync: Found 'VSTEST_WINAPPHOST_DOTNET_ROOT' in env variables, value 'C:\Program Files\dotnet', forwarding to 'DOTNET_ROOT'
TpTrace Verbose: 0 : 11744, 5, 2025/03/02, 13:38:19.896, 136707091615, vstest.console.dll, DotnetTestHostManager: Starting process 'C:\Users\TOSHIBA\Downloads\QA path\Programming for QA\Programming Fundamentals and Unit Testing\07.1.Resources-Unit-Testing-Methods\TestApp.UnitTests\bin\Debug\net6.0\fine-code-coverage\build-output\testhost.exe' with command line ' --runtimeconfig "C:\Users\TOSHIBA\Downloads\QA path\Programming for QA\Programming Fundamentals and Unit Testing\07.1.Resources-Unit-Testing-Methods\TestApp.UnitTests\bin\Debug\net6.0\fine-code-coverage\build-output\TestApp.UnitTests.runtimeconfig.json" --depsfile "C:\Users\TOSHIBA\Downloads\QA path\Programming for QA\Programming Fundamentals and Unit Testing\07.1.Resources-Unit-Testing-Methods\TestApp.UnitTests\bin\Debug\net6.0\fine-code-coverage\build-output\TestApp.UnitTests.deps.json" --port 51821 --endpoint 127.0.0.1:051821 --role client --parentprocessid 11744 --diag "C:\Users\TOSHIBA\Downloads\QA path\Programming for QA\Programming Fundamentals and Unit Testing\07.1.Resources-Unit-Testing-Methods\TestApp.UnitTests\bin\Debug\net6.0\fine-code-coverage\coverage-tool-output\diagnostics.host.25-03-02_13-38-19_89470_5.log" --tracelevel 4 --datacollectionport 51820 --telemetryoptedin false'
TpTrace Verbose: 0 : 11744, 5, 2025/03/02, 13:38:19.914, 136707271552, vstest.console.dll, MulticastDelegateUtilities.SafeInvoke: HostProviderEvents.OnHostLaunched: Invoking callback 1/2 for Microsoft.VisualStudio.TestPlatform.CrossPlatEngine.Client.ProxyExecutionManagerWithDataCollection., took 1 ms.
TpTrace Verbose: 0 : 11744, 5, 2025/03/02, 13:38:19.915, 136707276681, vstest.console.dll, Test Runtime launched
TpTrace Verbose: 0 : 11744, 5, 2025/03/02, 13:38:19.915, 136707277756, vstest.console.dll, MulticastDelegateUtilities.SafeInvoke: HostProviderEvents.OnHostLaunched: Invoking callback 2/2 for Microsoft.VisualStudio.TestPlatform.CrossPlatEngine.Client.ProxyOperationManager., took 0 ms.
TpTrace Verbose: 0 : 11744, 5, 2025/03/02, 13:38:19.915, 136707280028, vstest.console.dll, TestRequestSender.WaitForRequestHandlerConnection: waiting for connection with timeout: 90000.
TpTrace Verbose: 0 : 11744, 13, 2025/03/02, 13:38:20.264, 136710763454, vstest.console.dll, MulticastDelegateUtilities.SafeInvoke: SocketServer: ClientConnected: Invoking callback 1/1 for Microsoft.VisualStudio.TestPlatform.CommunicationUtilities.TestRequestSender., took 0 ms.
TpTrace Verbose: 0 : 11744, 5, 2025/03/02, 13:38:20.264, 136710764407, vstest.console.dll, TestRequestSender.WaitForRequestHandlerConnection: waiting took 348 ms, with timeout 90000 ms, and result 0, which is success.
TpTrace Verbose: 0 : 11744, 13, 2025/03/02, 13:38:20.265, 136710776444, vstest.console.dll, SocketServer.OnClientConnected: Client connected for endPoint: 127.0.0.1:51821, starting MessageLoopAsync:
TpTrace Verbose: 0 : 11744, 5, 2025/03/02, 13:38:20.266, 136710783892, vstest.console.dll, TestRequestSender.CheckVersionWithTestHost: Sending check version message: {"MessageType":"ProtocolVersion","Payload":7}
TpTrace Verbose: 0 : 11744, 11, 2025/03/02, 13:38:20.266, 136710787189, vstest.console.dll, TcpClientExtensions.MessageLoopAsync: Polling on remoteEndPoint: 127.0.0.1:51822 localEndPoint: 127.0.0.1:51821 after 0 ms
TpTrace Verbose: 0 : 11744, 11, 2025/03/02, 13:38:20.588, 136714011683, vstest.console.dll, TcpClientExtensions.MessageLoopAsync: NotifyDataAvailable remoteEndPoint: 127.0.0.1:51822 localEndPoint: 127.0.0.1:51821
TpTrace Verbose: 0 : 11744, 11, 2025/03/02, 13:38:20.589, 136714014831, vstest.console.dll, TestRequestSender.CheckVersionWithTestHost: onMessageReceived received message: (ProtocolVersion) -> {"MessageType":"ProtocolVersion","Payload":5}
TpTrace Verbose: 0 : 11744, 11, 2025/03/02, 13:38:20.590, 136714030828, vstest.console.dll, MulticastDelegateUtilities.SafeInvoke: LengthPrefixCommunicationChannel: MessageReceived: Invoking callback 1/1 for Microsoft.VisualStudio.TestPlatform.CommunicationUtilities.TestRequestSender+<>c__DisplayClass29_0., took 1 ms.
TpTrace Verbose: 0 : 11744, 11, 2025/03/02, 13:38:20.591, 136714033053, vstest.console.dll, TcpClientExtensions.MessageLoopAsync: Polling on remoteEndPoint: 127.0.0.1:51822 localEndPoint: 127.0.0.1:51821 after 324 ms
TpTrace Verbose: 0 : 11744, 5, 2025/03/02, 13:38:20.591, 136714036788, vstest.console.dll, TestPluginCache.GetExtensionPaths: Filtered extension paths: 
TpTrace Verbose: 0 : 11744, 5, 2025/03/02, 13:38:20.591, 136714038148, vstest.console.dll, TestPluginCache.GetExtensionPaths: Added default extension paths: C:\Program Files\dotnet\sdk\9.0.100\Extensions\Microsoft.Diagnostics.NETCore.Client.dll
C:\Program Files\dotnet\sdk\9.0.100\Extensions\Microsoft.TestPlatform.Extensions.BlameDataCollector.dll
C:\Program Files\dotnet\sdk\9.0.100\Extensions\Microsoft.TestPlatform.Extensions.EventLogCollector.dll
C:\Program Files\dotnet\sdk\9.0.100\Extensions\Microsoft.TestPlatform.TestHostRuntimeProvider.dll
C:\Program Files\dotnet\sdk\9.0.100\Extensions\Microsoft.VisualStudio.TestPlatform.Extensions.Html.TestLogger.dll
C:\Program Files\dotnet\sdk\9.0.100\Extensions\Microsoft.VisualStudio.TestPlatform.Extensions.Trx.TestLogger.dll
TpTrace Verbose: 0 : 11744, 5, 2025/03/02, 13:38:20.591, 136714041533, vstest.console.dll, TestPluginCache.GetExtensionPaths: Added unfilterableExtensionPaths: 
TpTrace Verbose: 0 : 11744, 5, 2025/03/02, 13:38:20.598, 136714105493, vstest.console.dll, TestRequestSender.InitializeExecution: Sending initialize execution with message: {"Version":5,"MessageType":"TestExecution.Initialize","Payload":["C:\\Users\\TOSHIBA\\Downloads\\QA path\\Programming for QA\\Programming Fundamentals and Unit Testing\\07.1.Resources-Unit-Testing-Methods\\TestApp.UnitTests\\bin\\Debug\\net6.0\\fine-code-coverage\\build-output\\NUnit3.TestAdapter.dll"]}
TpTrace Verbose: 0 : 11744, 5, 2025/03/02, 13:38:20.598, 136714108518, vstest.console.dll, ParallelProxyExecutionManager.StartTestRunOnConcurrentManager: Execution starting. Started clients: 1
TpTrace Verbose: 0 : 11744, 5, 2025/03/02, 13:38:20.601, 136714134870, vstest.console.dll, TestRunRequest:SendTestRunMessage: Starting.
TpTrace Verbose: 0 : 11744, 5, 2025/03/02, 13:38:20.601, 136714139044, vstest.console.dll, MulticastDelegateUtilities.SafeInvoke: TestRun.LogMessages: Invoking callback 1/1 for Microsoft.VisualStudio.TestPlatform.CommandLine.TestRunResultAggregator., took 0 ms.
TpTrace Information: 0 : 11744, 5, 2025/03/02, 13:38:20.603, 136714154261, vstest.console.dll, TestRunRequest:SendTestRunMessage: Completed.
TpTrace Verbose: 0 : 11744, 4, 2025/03/02, 13:38:20.604, 136714164173, vstest.console.dll, MulticastDelegateUtilities.SafeInvoke: InternalTestLoggerEvents.SendTestRunMessage: Invoking callback 1/1 for Microsoft.VisualStudio.TestPlatform.CommandLine.Internal.ConsoleLogger., took 0 ms.
TpTrace Warning: 0 : 11744, 5, 2025/03/02, 13:38:20.604, 136714171943, vstest.console.dll, InferRunSettingsHelper.MakeRunsettingsCompatible: Removing the following settings: TargetPlatform from RunSettings file. To use those settings please move to latest version of Microsoft.NET.Test.Sdk
TpTrace Verbose: 0 : 11744, 5, 2025/03/02, 13:38:20.629, 136714416599, vstest.console.dll, TestRequestSender.StartTestRun: Sending test run with message: {"Version":5,"MessageType":"TestExecution.StartWithSources","Payload":{"AdapterSourceMap":{"_none_":["C:\\Users\\TOSHIBA\\Downloads\\QA path\\Programming for QA\\Programming Fundamentals and Unit Testing\\07.1.Resources-Unit-Testing-Methods\\TestApp.UnitTests\\bin\\Debug\\net6.0\\fine-code-coverage\\build-output\\TestApp.UnitTests.dll"]},"RunSettings":"<RunSettings>\r\n  <RunConfiguration>\r\n    <ResultsDirectory>C:\\Users\\TOSHIBA\\Downloads\\QA path\\Programming for QA\\Programming Fundamentals and Unit Testing\\07.1.Resources-Unit-Testing-Methods\\TestApp.UnitTests\\bin\\Debug\\net6.0\\fine-code-coverage\\coverage-tool-output</ResultsDirectory>\r\n    <TargetFrameworkVersion>.NETCoreApp,Version=v6.0</TargetFrameworkVersion>\r\n    <DesignMode>False</DesignMode>\r\n    <CollectSourceInformation>False</CollectSourceInformation>\r\n  </RunConfiguration>\r\n  <LoggerRunSettings>\r\n    <Loggers>\r\n      <Logger friendlyName=\"blame\" enabled=\"True\" />\r\n      <Logger friendlyName=\"Console\" uri=\"logger://microsoft/TestPlatform/ConsoleLogger/v1\" assemblyQualifiedName=\"Microsoft.VisualStudio.TestPlatform.CommandLine.Internal.ConsoleLogger, vstest.console, Version=15.0.0.0, Culture=neutral, PublicKeyToken=b03f5f7f11d50a3a\" codeBase=\"C:\\Program Files\\dotnet\\sdk\\9.0.100\\vstest.console.dll\" enabled=\"True\" />\r\n    </Loggers>\r\n  </LoggerRunSettings>\r\n  <DataCollectionRunSettings>\r\n    <DataCollectors>\r\n      <DataCollector friendlyName=\"blame\" enabled=\"True\">\r\n        <Configuration>\r\n          <ResultsDirectory>C:\\Users\\TOSHIBA\\Downloads\\QA path\\Programming for QA\\Programming Fundamentals and Unit Testing\\07.1.Resources-Unit-Testing-Methods\\TestApp.UnitTests\\bin\\Debug\\net6.0\\fine-code-coverage\\coverage-tool-output</ResultsDirectory>\r\n        </Configuration>\r\n      </DataCollector>\r\n    </DataCollectors>\r\n  </DataCollectionRunSettings>\r\n</RunSettings>","TestExecutionContext":{"FrequencyOfRunStatsChangeEvent":10,"RunStatsChangeEventTimeout":"00:00:01.5000000","InIsolation":false,"KeepAlive":false,"AreTestCaseLevelEventsRequired":false,"IsDebug":false,"TestCaseFilter":null,"FilterOptions":null},"Package":null}}
TpTrace Verbose: 0 : 11744, 5, 2025/03/02, 13:38:20.629, 136714421190, vstest.console.dll, ParallelProxyExecutionManager.StartTestRunOnConcurrentManager: Execution started. Started clients: 1
TpTrace Verbose: 0 : 11744, 11, 2025/03/02, 13:38:20.640, 136714528180, vstest.console.dll, TcpClientExtensions.MessageLoopAsync: NotifyDataAvailable remoteEndPoint: 127.0.0.1:51822 localEndPoint: 127.0.0.1:51821
TpTrace Verbose: 0 : 11744, 11, 2025/03/02, 13:38:20.641, 136714535831, vstest.console.dll, TestRequestSender.OnExecutionMessageReceived: Received message: {"Version":5,"MessageType":"TestSession.Message","Payload":{"MessageLevel":0,"Message":"Logging TestHost Diagnostics in file: C:\\Users\\TOSHIBA\\Downloads\\QA path\\Programming for QA\\Programming Fundamentals and Unit Testing\\07.1.Resources-Unit-Testing-Methods\\TestApp.UnitTests\\bin\\Debug\\net6.0\\fine-code-coverage\\coverage-tool-output\\diagnostics.host.25-03-02_13-38-19_89470_5.log"}}
TpTrace Verbose: 0 : 11744, 11, 2025/03/02, 13:38:20.647, 136714593183, vstest.console.dll, TestRunRequest:SendTestRunMessage: Starting.
TpTrace Verbose: 0 : 11744, 11, 2025/03/02, 13:38:20.647, 136714595515, vstest.console.dll, MulticastDelegateUtilities.SafeInvoke: TestRun.LogMessages: Invoking callback 1/1 for Microsoft.VisualStudio.TestPlatform.CommandLine.TestRunResultAggregator., took 0 ms.
TpTrace Information: 0 : 11744, 11, 2025/03/02, 13:38:20.647, 136714596154, vstest.console.dll, TestRunRequest:SendTestRunMessage: Completed.
TpTrace Verbose: 0 : 11744, 11, 2025/03/02, 13:38:20.647, 136714596878, vstest.console.dll, MulticastDelegateUtilities.SafeInvoke: LengthPrefixCommunicationChannel: MessageReceived: Invoking callback 1/1 for Microsoft.VisualStudio.TestPlatform.CommunicationUtilities.TestRequestSender+<>c__DisplayClass34_0., took 6 ms.
TpTrace Verbose: 0 : 11744, 4, 2025/03/02, 13:38:20.647, 136714597477, vstest.console.dll, MulticastDelegateUtilities.SafeInvoke: InternalTestLoggerEvents.SendTestRunMessage: Invoking callback 1/1 for Microsoft.VisualStudio.TestPlatform.CommandLine.Internal.ConsoleLogger., took 0 ms.
TpTrace Verbose: 0 : 11744, 11, 2025/03/02, 13:38:20.647, 136714597663, vstest.console.dll, TcpClientExtensions.MessageLoopAsync: Polling on remoteEndPoint: 127.0.0.1:51822 localEndPoint: 127.0.0.1:51821 after 56 ms
TpTrace Verbose: 0 : 11744, 11, 2025/03/02, 13:38:21.281, 136720941774, vstest.console.dll, TcpClientExtensions.MessageLoopAsync: NotifyDataAvailable remoteEndPoint: 127.0.0.1:51822 localEndPoint: 127.0.0.1:51821
TpTrace Verbose: 0 : 11744, 11, 2025/03/02, 13:38:21.282, 136720945227, vstest.console.dll, TestRequestSender.OnExecutionMessageReceived: Received message: {"Version":5,"MessageType":"TestSession.Message","Payload":{"MessageLevel":0,"Message":"NUnit Adapter 4.0.0.0: Test execution started"}}
TpTrace Verbose: 0 : 11744, 11, 2025/03/02, 13:38:21.282, 136720950209, vstest.console.dll, TestRunRequest:SendTestRunMessage: Starting.
TpTrace Verbose: 0 : 11744, 11, 2025/03/02, 13:38:21.282, 136720951695, vstest.console.dll, MulticastDelegateUtilities.SafeInvoke: TestRun.LogMessages: Invoking callback 1/1 for Microsoft.VisualStudio.TestPlatform.CommandLine.TestRunResultAggregator., took 0 ms.
TpTrace Information: 0 : 11744, 11, 2025/03/02, 13:38:21.283, 136720952584, vstest.console.dll, TestRunRequest:SendTestRunMessage: Completed.
TpTrace Verbose: 0 : 11744, 11, 2025/03/02, 13:38:21.283, 136720953357, vstest.console.dll, MulticastDelegateUtilities.SafeInvoke: LengthPrefixCommunicationChannel: MessageReceived: Invoking callback 1/1 for Microsoft.VisualStudio.TestPlatform.CommunicationUtilities.TestRequestSender+<>c__DisplayClass34_0., took 0 ms.
TpTrace Verbose: 0 : 11744, 11, 2025/03/02, 13:38:21.283, 136720954025, vstest.console.dll, TcpClientExtensions.MessageLoopAsync: Polling on remoteEndPoint: 127.0.0.1:51822 localEndPoint: 127.0.0.1:51821 after 635 ms
TpTrace Verbose: 0 : 11744, 4, 2025/03/02, 13:38:21.283, 136720955374, vstest.console.dll, MulticastDelegateUtilities.SafeInvoke: InternalTestLoggerEvents.SendTestRunMessage: Invoking callback 1/1 for Microsoft.VisualStudio.TestPlatform.CommandLine.Internal.ConsoleLogger., took 0 ms.
TpTrace Verbose: 0 : 11744, 11, 2025/03/02, 13:38:21.336, 136721483793, vstest.console.dll, TcpClientExtensions.MessageLoopAsync: NotifyDataAvailable remoteEndPoint: 127.0.0.1:51822 localEndPoint: 127.0.0.1:51821
TpTrace Verbose: 0 : 11744, 11, 2025/03/02, 13:38:21.336, 136721485864, vstest.console.dll, TestRequestSender.OnExecutionMessageReceived: Received message: {"Version":5,"MessageType":"TestSession.Message","Payload":{"MessageLevel":0,"Message":"Running all tests in C:\\Users\\TOSHIBA\\Downloads\\QA path\\Programming for QA\\Programming Fundamentals and Unit Testing\\07.1.Resources-Unit-Testing-Methods\\TestApp.UnitTests\\bin\\Debug\\net6.0\\fine-code-coverage\\build-output\\TestApp.UnitTests.dll"}}
TpTrace Verbose: 0 : 11744, 11, 2025/03/02, 13:38:21.336, 136721487488, vstest.console.dll, TestRunRequest:SendTestRunMessage: Starting.
TpTrace Verbose: 0 : 11744, 11, 2025/03/02, 13:38:21.336, 136721488667, vstest.console.dll, MulticastDelegateUtilities.SafeInvoke: TestRun.LogMessages: Invoking callback 1/1 for Microsoft.VisualStudio.TestPlatform.CommandLine.TestRunResultAggregator., took 0 ms.
TpTrace Verbose: 0 : 11744, 4, 2025/03/02, 13:38:21.336, 136721488716, vstest.console.dll, MulticastDelegateUtilities.SafeInvoke: InternalTestLoggerEvents.SendTestRunMessage: Invoking callback 1/1 for Microsoft.VisualStudio.TestPlatform.CommandLine.Internal.ConsoleLogger., took 0 ms.
TpTrace Information: 0 : 11744, 11, 2025/03/02, 13:38:21.336, 136721489611, vstest.console.dll, TestRunRequest:SendTestRunMessage: Completed.
TpTrace Verbose: 0 : 11744, 11, 2025/03/02, 13:38:21.336, 136721490963, vstest.console.dll, MulticastDelegateUtilities.SafeInvoke: LengthPrefixCommunicationChannel: MessageReceived: Invoking callback 1/1 for Microsoft.VisualStudio.TestPlatform.CommunicationUtilities.TestRequestSender+<>c__DisplayClass34_0., took 0 ms.
TpTrace Verbose: 0 : 11744, 11, 2025/03/02, 13:38:21.336, 136721491441, vstest.console.dll, TcpClientExtensions.MessageLoopAsync: Polling on remoteEndPoint: 127.0.0.1:51822 localEndPoint: 127.0.0.1:51821 after 53 ms
TpTrace Verbose: 0 : 11744, 11, 2025/03/02, 13:38:21.640, 136724523316, vstest.console.dll, TcpClientExtensions.MessageLoopAsync: NotifyDataAvailable remoteEndPoint: 127.0.0.1:51822 localEndPoint: 127.0.0.1:51821
TpTrace Verbose: 0 : 11744, 11, 2025/03/02, 13:38:21.640, 136724525618, vstest.console.dll, TestRequestSender.OnExecutionMessageReceived: Received message: {"Version":5,"MessageType":"TestSession.Message","Payload":{"MessageLevel":0,"Message":"   NUnit3TestExecutor discovered 19 of 19 NUnit test cases using Current Discovery mode, Non-Explicit run"}}
TpTrace Verbose: 0 : 11744, 11, 2025/03/02, 13:38:21.640, 136724527445, vstest.console.dll, TestRunRequest:SendTestRunMessage: Starting.
TpTrace Verbose: 0 : 11744, 11, 2025/03/02, 13:38:21.640, 136724528508, vstest.console.dll, MulticastDelegateUtilities.SafeInvoke: TestRun.LogMessages: Invoking callback 1/1 for Microsoft.VisualStudio.TestPlatform.CommandLine.TestRunResultAggregator., took 0 ms.
TpTrace Information: 0 : 11744, 11, 2025/03/02, 13:38:21.640, 136724529096, vstest.console.dll, TestRunRequest:SendTestRunMessage: Completed.
TpTrace Verbose: 0 : 11744, 11, 2025/03/02, 13:38:21.640, 136724529672, vstest.console.dll, MulticastDelegateUtilities.SafeInvoke: LengthPrefixCommunicationChannel: MessageReceived: Invoking callback 1/1 for Microsoft.VisualStudio.TestPlatform.CommunicationUtilities.TestRequestSender+<>c__DisplayClass34_0., took 0 ms.
TpTrace Verbose: 0 : 11744, 11, 2025/03/02, 13:38:21.640, 136724530459, vstest.console.dll, TcpClientExtensions.MessageLoopAsync: Polling on remoteEndPoint: 127.0.0.1:51822 localEndPoint: 127.0.0.1:51821 after 303 ms
TpTrace Verbose: 0 : 11744, 4, 2025/03/02, 13:38:21.641, 136724533588, vstest.console.dll, MulticastDelegateUtilities.SafeInvoke: InternalTestLoggerEvents.SendTestRunMessage: Invoking callback 1/1 for Microsoft.VisualStudio.TestPlatform.CommandLine.Internal.ConsoleLogger., took 0 ms.
TpTrace Verbose: 0 : 11744, 11, 2025/03/02, 13:38:22.039, 136728521288, vstest.console.dll, TcpClientExtensions.MessageLoopAsync: NotifyDataAvailable remoteEndPoint: 127.0.0.1:51822 localEndPoint: 127.0.0.1:51821
TpTrace Verbose: 0 : 11744, 11, 2025/03/02, 13:38:22.040, 136728526707, vstest.console.dll, TestRequestSender.OnExecutionMessageReceived: Received message: {"Version":5,"MessageType":"TestExecution.StatsChange","Payload":{"NewTestResults":[{"TestCase":{"Id":"8538c5d3-abba-eec2-5e68-a35541ac99e6","FullyQualifiedName":"TestApp.UnitTests.CalculateTests.Test_Addition","DisplayName":"Test_Addition","ExecutorUri":"executor://NUnit3TestExecutor","Source":"C:\\Users\\TOSHIBA\\Downloads\\QA path\\Programming for QA\\Programming Fundamentals and Unit Testing\\07.1.Resources-Unit-Testing-Methods\\TestApp.UnitTests\\bin\\Debug\\net6.0\\fine-code-coverage\\build-output\\TestApp.UnitTests.dll","CodeFilePath":null,"LineNumber":0,"Properties":[{"Key":{"Id":"NUnit.Seed","Label":"Seed","Category":"","Description":"","Attributes":0,"ValueType":"System.String"},"Value":"253105163"}]},"Attachments":[],"Outcome":1,"ErrorMessage":null,"ErrorStackTrace":null,"DisplayName":"Test_Addition","Messages":[],"ComputerName":"DESKTOP-D6DHFFL","Duration":"00:00:00.0457090","StartTime":"2025-03-02T11:38:21.7313851+00:00","EndTime":"2025-03-02T11:38:21.7760271+00:00","Properties":[{"Key":{"Id":"NUnit.Seed","Label":"Seed","Category":"","Description":"","Attributes":0,"ValueType":"System.String"},"Value":"253105163"}]},{"TestCase":{"Id":"996f43b9-783b-c5c4-e916-3c167b12f3e0","FullyQualifiedName":"TestApp.UnitTests.CalculateTests.Test_Subtraction","DisplayName":"Test_Subtraction","ExecutorUri":"executor://NUnit3TestExecutor","Source":"C:\\Users\\TOSHIBA\\Downloads\\QA path\\Programming for QA\\Programming Fundamentals and Unit Testing\\07.1.Resources-Unit-Testing-Methods\\TestApp.UnitTests\\bin\\Debug\\net6.0\\fine-code-coverage\\build-output\\TestApp.UnitTests.dll","CodeFilePath":null,"LineNumber":0,"Properties":[{"Key":{"Id":"NUnit.Seed","Label":"Seed","Category":"","Description":"","Attributes":0,"ValueType":"System.String"},"Value":"61707019"}]},"Attachments":[],"Outcome":1,"ErrorMessage":null,"ErrorStackTrace":null,"DisplayName":"Test_Subtraction","Messages":[],"ComputerName":"DESKTOP-D6DHFFL","Duration":"00:00:00.0025230","StartTime":"2025-03-02T11:38:21.8048361+00:00","EndTime":"2025-03-02T11:38:21.8073602+00:00","Properties":[{"Key":{"Id":"NUnit.Seed","Label":"Seed","Category":"","Description":"","Attributes":0,"ValueType":"System.String"},"Value":"61707019"}]},{"TestCase":{"Id":"c13d5171-66c9-a7d1-cdc3-198635b55a93","FullyQualifiedName":"TestApp.UnitTests.FactorialTests.Test_CalculateFactorial_InputPositiveNumber_ReturnsCorrectFactorial","DisplayName":"Test_CalculateFactorial_InputPositiveNumber_ReturnsCorrectFactorial","ExecutorUri":"executor://NUnit3TestExecutor","Source":"C:\\Users\\TOSHIBA\\Downloads\\QA path\\Programming for QA\\Programming Fundamentals and Unit Testing\\07.1.Resources-Unit-Testing-Methods\\TestApp.UnitTests\\bin\\Debug\\net6.0\\fine-code-coverage\\build-output\\TestApp.UnitTests.dll","CodeFilePath":null,"LineNumber":0,"Properties":[{"Key":{"Id":"NUnit.Seed","Label":"Seed","Category":"","Description":"","Attributes":0,"ValueType":"System.String"},"Value":"153665007"}]},"Attachments":[],"Outcome":1,"ErrorMessage":null,"ErrorStackTrace":null,"DisplayName":"Test_CalculateFactorial_InputPositiveNumber_ReturnsCorrectFactorial","Messages":[],"ComputerName":"DESKTOP-D6DHFFL","Duration":"00:00:00.0068100","StartTime":"2025-03-02T11:38:21.8595704+00:00","EndTime":"2025-03-02T11:38:21.8663802+00:00","Properties":[{"Key":{"Id":"NUnit.Seed","Label":"Seed","Category":"","Description":"","Attributes":0,"ValueType":"System.String"},"Value":"153665007"}]},{"TestCase":{"Id":"a7decc46-62d1-61e4-e519-023890674586","FullyQualifiedName":"TestApp.UnitTests.FactorialTests.Test_CalculateFactorial_InputZero_ReturnsOne","DisplayName":"Test_CalculateFactorial_InputZero_ReturnsOne","ExecutorUri":"executor://NUnit3TestExecutor","Source":"C:\\Users\\TOSHIBA\\Downloads\\QA path\\Programming for QA\\Programming Fundamentals and Unit Testing\\07.1.Resources-Unit-Testing-Methods\\TestApp.UnitTests\\bin\\Debug\\net6.0\\fine-code-coverage\\build-output\\TestApp.UnitTests.dll","CodeFilePath":null,"LineNumber":0,"Properties":[{"Key":{"Id":"NUnit.Seed","Label":"Seed","Category":"","Description":"","Attributes":0,"ValueType":"System.String"},"Value":"2142404971"}]},"Attachments":[],"Outcome":1,"ErrorMessage":null,"ErrorStackTrace":null,"DisplayName":"Test_CalculateFactorial_InputZero_ReturnsOne","Messages":[],"ComputerName":"DESKTOP-D6DHFFL","Duration":"00:00:00.0008310","StartTime":"2025-03-02T11:38:21.9063546+00:00","EndTime":"2025-03-02T11:38:21.9071861+00:00","Properties":[{"Key":{"Id":"NUnit.Seed","Label":"Seed","Category":"","Description":"","Attributes":0,"ValueType":"System.String"},"Value":"2142404971"}]},{"TestCase":{"Id":"08b9107e-6679-4661-ac58-a243769712b4","FullyQualifiedName":"TestApp.UnitTests.GradesTests.Test_GradeAsWords_ReturnsCorrectString(2.0d,\"Fail\")","DisplayName":"Test_GradeAsWords_ReturnsCorrectString(2.0d,\"Fail\")","ExecutorUri":"executor://NUnit3TestExecutor","Source":"C:\\Users\\TOSHIBA\\Downloads\\QA path\\Programming for QA\\Programming Fundamentals and Unit Testing\\07.1.Resources-Unit-Testing-Methods\\TestApp.UnitTests\\bin\\Debug\\net6.0\\fine-code-coverage\\build-output\\TestApp.UnitTests.dll","CodeFilePath":null,"LineNumber":0,"Properties":[{"Key":{"Id":"NUnit.Seed","Label":"Seed","Category":"","Description":"","Attributes":0,"ValueType":"System.String"},"Value":"1913925863"}]},"Attachments":[],"Outcome":1,"ErrorMessage":null,"ErrorStackTrace":null,"DisplayName":"Test_GradeAsWords_ReturnsCorrectString(2.0d,\"Fail\")","Messages":[],"ComputerName":"DESKTOP-D6DHFFL","Duration":"00:00:00.0013730","StartTime":"2025-03-02T11:38:21.9239495+00:00","EndTime":"2025-03-02T11:38:21.9253236+00:00","Properties":[{"Key":{"Id":"NUnit.Seed","Label":"Seed","Category":"","Description":"","Attributes":0,"ValueType":"System.String"},"Value":"1913925863"}]},{"TestCase":{"Id":"2e2428ba-7002-03e9-fa83-29a64ded3233","FullyQualifiedName":"TestApp.UnitTests.GradesTests.Test_GradeAsWords_ReturnsCorrectString(3.2d,\"Average\")","DisplayName":"Test_GradeAsWords_ReturnsCorrectString(3.2d,\"Average\")","ExecutorUri":"executor://NUnit3TestExecutor","Source":"C:\\Users\\TOSHIBA\\Downloads\\QA path\\Programming for QA\\Programming Fundamentals and Unit Testing\\07.1.Resources-Unit-Testing-Methods\\TestApp.UnitTests\\bin\\Debug\\net6.0\\fine-code-coverage\\build-output\\TestApp.UnitTests.dll","CodeFilePath":null,"LineNumber":0,"Properties":[{"Key":{"Id":"NUnit.Seed","Label":"Seed","Category":"","Description":"","Attributes":0,"ValueType":"System.String"},"Value":"1755680786"}]},"Attachments":[],"Outcome":1,"ErrorMessage":null,"ErrorStackTrace":null,"DisplayName":"Test_GradeAsWords_ReturnsCorrectString(3.2d,\"Average\")","Messages":[],"ComputerName":"DESKTOP-D6DHFFL","Duration":"00:00:00.0002110","StartTime":"2025-03-02T11:38:21.926227+00:00","EndTime":"2025-03-02T11:38:21.9264379+00:00","Properties":[{"Key":{"Id":"NUnit.Seed","Label":"Seed","Category":"","Description":"","Attributes":0,"ValueType":"System.String"},"Value":"1755680786"}]},{"TestCase":{"Id":"0676dbfd-3b60-1f93-f2c5-6e1c65e432c8","FullyQualifiedName":"TestApp.UnitTests.GradesTests.Test_GradeAsWords_ReturnsCorrectString(3.8d,\"Good\")","DisplayName":"Test_GradeAsWords_ReturnsCorrectString(3.8d,\"Good\")","ExecutorUri":"executor://NUnit3TestExecutor","Source":"C:\\Users\\TOSHIBA\\Downloads\\QA path\\Programming for QA\\Programming Fundamentals and Unit Testing\\07.1.Resources-Unit-Testing-Methods\\TestApp.UnitTests\\bin\\Debug\\net6.0\\fine-code-coverage\\build-output\\TestApp.UnitTests.dll","CodeFilePath":null,"LineNumber":0,"Properties":[{"Key":{"Id":"NUnit.Seed","Label":"Seed","Category":"","Description":"","Attributes":0,"ValueType":"System.String"},"Value":"2018980300"}]},"Attachments":[],"Outcome":1,"ErrorMessage":null,"ErrorStackTrace":null,"DisplayName":"Test_GradeAsWords_ReturnsCorrectString(3.8d,\"Good\")","Messages":[],"ComputerName":"DESKTOP-D6DHFFL","Duration":"00:00:00.0001140","StartTime":"2025-03-02T11:38:21.9268509+00:00","EndTime":"2025-03-02T11:38:21.9269645+00:00","Properties":[{"Key":{"Id":"NUnit.Seed","Label":"Seed","Category":"","Description":"","Attributes":0,"ValueType":"System.String"},"Value":"2018980300"}]},{"TestCase":{"Id":"d03e9279-1545-b76f-ea68-214c86b41612","FullyQualifiedName":"TestApp.UnitTests.GradesTests.Test_GradeAsWords_ReturnsCorrectString(4.8d,\"Very Good\")","DisplayName":"Test_GradeAsWords_ReturnsCorrectString(4.8d,\"Very Good\")","ExecutorUri":"executor://NUnit3TestExecutor","Source":"C:\\Users\\TOSHIBA\\Downloads\\QA path\\Programming for QA\\Programming Fundamentals and Unit Testing\\07.1.Resources-Unit-Testing-Methods\\TestApp.UnitTests\\bin\\Debug\\net6.0\\fine-code-coverage\\build-output\\TestApp.UnitTests.dll","CodeFilePath":null,"LineNumber":0,"Properties":[{"Key":{"Id":"NUnit.Seed","Label":"Seed","Category":"","Description":"","Attributes":0,"ValueType":"System.String"},"Value":"75061390"}]},"Attachments":[],"Outcome":1,"ErrorMessage":null,"ErrorStackTrace":null,"DisplayName":"Test_GradeAsWords_ReturnsCorrectString(4.8d,\"Very Good\")","Messages":[],"ComputerName":"DESKTOP-D6DHFFL","Duration":"00:00:00.0001200","StartTime":"2025-03-02T11:38:21.9275238+00:00","EndTime":"2025-03-02T11:38:21.9276441+00:00","Properties":[{"Key":{"Id":"NUnit.Seed","Label":"Seed","Category":"","Description":"","Attributes":0,"ValueType":"System.String"},"Value":"75061390"}]},{"TestCase":{"Id":"54e2704e-d19d-c230-082a-ec8e3115ab3c","FullyQualifiedName":"TestApp.UnitTests.GradesTests.Test_GradeAsWords_ReturnsCorrectString(5.6d,\"Excellent\")","DisplayName":"Test_GradeAsWords_ReturnsCorrectString(5.6d,\"Excellent\")","ExecutorUri":"executor://NUnit3TestExecutor","Source":"C:\\Users\\TOSHIBA\\Downloads\\QA path\\Programming for QA\\Programming Fundamentals and Unit Testing\\07.1.Resources-Unit-Testing-Methods\\TestApp.UnitTests\\bin\\Debug\\net6.0\\fine-code-coverage\\build-output\\TestApp.UnitTests.dll","CodeFilePath":null,"LineNumber":0,"Properties":[{"Key":{"Id":"NUnit.Seed","Label":"Seed","Category":"","Description":"","Attributes":0,"ValueType":"System.String"},"Value":"2390464"}]},"Attachments":[],"Outcome":1,"ErrorMessage":null,"ErrorStackTrace":null,"DisplayName":"Test_GradeAsWords_ReturnsCorrectString(5.6d,\"Excellent\")","Messages":[],"ComputerName":"DESKTOP-D6DHFFL","Duration":"00:00:00.0000770","StartTime":"2025-03-02T11:38:21.9277858+00:00","EndTime":"2025-03-02T11:38:21.9278625+00:00","Properties":[{"Key":{"Id":"NUnit.Seed","Label":"Seed","Category":"","Description":"","Attributes":0,"ValueType":"System.String"},"Value":"2390464"}]}],"TestRunStatistics":{"ExecutedTests":9,"Stats":{"Passed":9}},"ActiveTests":[{"Id":"ddf96729-981b-4ae1-1e9e-250a9c4c2cc3","FullyQualifiedName":"TestApp.UnitTests.GradesTests.Test_GradeAsWords_ReturnsCorrectString_EdgeCases(1.0d,\"Invalid\")","DisplayName":"Test_GradeAsWords_ReturnsCorrectString_EdgeCases(1.0d,\"Invalid\")","ExecutorUri":"executor://NUnit3TestExecutor","Source":"C:\\Users\\TOSHIBA\\Downloads\\QA path\\Programming for QA\\Programming Fundamentals and Unit Testing\\07.1.Resources-Unit-Testing-Methods\\TestApp.UnitTests\\bin\\Debug\\net6.0\\fine-code-coverage\\build-output\\TestApp.UnitTests.dll","CodeFilePath":null,"LineNumber":0,"Properties":[{"Key":{"Id":"NUnit.Seed","Label":"Seed","Category":"","Description":"","Attributes":0,"ValueType":"System.String"},"Value":"300798806"}]}]}}
TpTrace Verbose: 0 : 11744, 11, 2025/03/02, 13:38:22.145, 136729580709, vstest.console.dll, TestRunRequest:SendTestRunStatsChange: Starting.
TpTrace Verbose: 0 : 11744, 11, 2025/03/02, 13:38:22.146, 136729584332, vstest.console.dll, InProgress is Test_GradeAsWords_ReturnsCorrectString_EdgeCases(1.0d,"Invalid")
TpTrace Verbose: 0 : 11744, 11, 2025/03/02, 13:38:22.146, 136729590168, vstest.console.dll, MulticastDelegateUtilities.SafeInvoke: TestRun.RunStatsChanged: Invoking callbacks was skipped because there are no subscribers.
TpTrace Information: 0 : 11744, 11, 2025/03/02, 13:38:22.146, 136729591292, vstest.console.dll, TestRunRequest:SendTestRunStatsChange: Completed.
TpTrace Verbose: 0 : 11744, 11, 2025/03/02, 13:38:22.146, 136729592051, vstest.console.dll, MulticastDelegateUtilities.SafeInvoke: LengthPrefixCommunicationChannel: MessageReceived: Invoking callback 1/1 for Microsoft.VisualStudio.TestPlatform.CommunicationUtilities.TestRequestSender+<>c__DisplayClass34_0., took 106 ms.
TpTrace Verbose: 0 : 11744, 11, 2025/03/02, 13:38:22.147, 136729595940, vstest.console.dll, TcpClientExtensions.MessageLoopAsync: Polling on remoteEndPoint: 127.0.0.1:51822 localEndPoint: 127.0.0.1:51821 after 506 ms
TpTrace Verbose: 0 : 11744, 4, 2025/03/02, 13:38:22.151, 136729639952, vstest.console.dll, MulticastDelegateUtilities.SafeInvoke: InternalTestLoggerEvents.SendTestResult: Invoking callback 1/1 for Microsoft.VisualStudio.TestPlatform.CommandLine.Internal.ConsoleLogger., took 4 ms.
TpTrace Verbose: 0 : 11744, 4, 2025/03/02, 13:38:22.152, 136729650825, vstest.console.dll, MulticastDelegateUtilities.SafeInvoke: InternalTestLoggerEvents.SendTestResult: Invoking callback 1/1 for Microsoft.VisualStudio.TestPlatform.CommandLine.Internal.ConsoleLogger., took 0 ms.
TpTrace Verbose: 0 : 11744, 4, 2025/03/02, 13:38:22.153, 136729652627, vstest.console.dll, MulticastDelegateUtilities.SafeInvoke: InternalTestLoggerEvents.SendTestResult: Invoking callback 1/1 for Microsoft.VisualStudio.TestPlatform.CommandLine.Internal.ConsoleLogger., took 0 ms.
TpTrace Verbose: 0 : 11744, 4, 2025/03/02, 13:38:22.153, 136729653478, vstest.console.dll, MulticastDelegateUtilities.SafeInvoke: InternalTestLoggerEvents.SendTestResult: Invoking callback 1/1 for Microsoft.VisualStudio.TestPlatform.CommandLine.Internal.ConsoleLogger., took 0 ms.
TpTrace Verbose: 0 : 11744, 4, 2025/03/02, 13:38:22.153, 136729654258, vstest.console.dll, MulticastDelegateUtilities.SafeInvoke: InternalTestLoggerEvents.SendTestResult: Invoking callback 1/1 for Microsoft.VisualStudio.TestPlatform.CommandLine.Internal.ConsoleLogger., took 0 ms.
TpTrace Verbose: 0 : 11744, 4, 2025/03/02, 13:38:22.153, 136729654919, vstest.console.dll, MulticastDelegateUtilities.SafeInvoke: InternalTestLoggerEvents.SendTestResult: Invoking callback 1/1 for Microsoft.VisualStudio.TestPlatform.CommandLine.Internal.ConsoleLogger., took 0 ms.
TpTrace Verbose: 0 : 11744, 4, 2025/03/02, 13:38:22.153, 136729655521, vstest.console.dll, MulticastDelegateUtilities.SafeInvoke: InternalTestLoggerEvents.SendTestResult: Invoking callback 1/1 for Microsoft.VisualStudio.TestPlatform.CommandLine.Internal.ConsoleLogger., took 0 ms.
TpTrace Verbose: 0 : 11744, 4, 2025/03/02, 13:38:22.153, 136729656213, vstest.console.dll, MulticastDelegateUtilities.SafeInvoke: InternalTestLoggerEvents.SendTestResult: Invoking callback 1/1 for Microsoft.VisualStudio.TestPlatform.CommandLine.Internal.ConsoleLogger., took 0 ms.
TpTrace Verbose: 0 : 11744, 4, 2025/03/02, 13:38:22.153, 136729656767, vstest.console.dll, MulticastDelegateUtilities.SafeInvoke: InternalTestLoggerEvents.SendTestResult: Invoking callback 1/1 for Microsoft.VisualStudio.TestPlatform.CommandLine.Internal.ConsoleLogger., took 0 ms.
TpTrace Verbose: 0 : 11744, 11, 2025/03/02, 13:38:22.490, 136733025286, vstest.console.dll, TcpClientExtensions.MessageLoopAsync: NotifyDataAvailable remoteEndPoint: 127.0.0.1:51822 localEndPoint: 127.0.0.1:51821
TpTrace Verbose: 0 : 11744, 11, 2025/03/02, 13:38:22.490, 136733029696, vstest.console.dll, TestRequestSender.OnExecutionMessageReceived: Received message: {"Version":5,"MessageType":"TestExecution.StatsChange","Payload":{"NewTestResults":[{"TestCase":{"Id":"ddf96729-981b-4ae1-1e9e-250a9c4c2cc3","FullyQualifiedName":"TestApp.UnitTests.GradesTests.Test_GradeAsWords_ReturnsCorrectString_EdgeCases(1.0d,\"Invalid\")","DisplayName":"Test_GradeAsWords_ReturnsCorrectString_EdgeCases(1.0d,\"Invalid\")","ExecutorUri":"executor://NUnit3TestExecutor","Source":"C:\\Users\\TOSHIBA\\Downloads\\QA path\\Programming for QA\\Programming Fundamentals and Unit Testing\\07.1.Resources-Unit-Testing-Methods\\TestApp.UnitTests\\bin\\Debug\\net6.0\\fine-code-coverage\\build-output\\TestApp.UnitTests.dll","CodeFilePath":null,"LineNumber":0,"Properties":[{"Key":{"Id":"NUnit.Seed","Label":"Seed","Category":"","Description":"","Attributes":0,"ValueType":"System.String"},"Value":"300798806"}]},"Attachments":[],"Outcome":2,"ErrorMessage":"  Expected string length 7 but was 8. Strings differ at index 7.\r\n  Expected: \"Invalid\"\r\n  But was:  \"Invalid!\"\r\n  ------------------^\r\n","ErrorStackTrace":"   at TestApp.UnitTests.GradesTests.Test_GradeAsWords_ReturnsCorrectString_EdgeCases(Double grade, String expected) in C:\\Users\\TOSHIBA\\Downloads\\QA path\\Programming for QA\\Programming Fundamentals and Unit Testing\\07.1.Resources-Unit-Testing-Methods\\TestApp.UnitTests\\GradesTests.cs:line 34\r\n","DisplayName":"Test_GradeAsWords_ReturnsCorrectString_EdgeCases(1.0d,\"Invalid\")","Messages":[],"ComputerName":"DESKTOP-D6DHFFL","Duration":"00:00:00.3867140","StartTime":"2025-03-02T11:38:21.9286858+00:00","EndTime":"2025-03-02T11:38:22.3153993+00:00","Properties":[{"Key":{"Id":"NUnit.Seed","Label":"Seed","Category":"","Description":"","Attributes":0,"ValueType":"System.String"},"Value":"300798806"}]},{"TestCase":{"Id":"2ebecaff-64ef-bbc9-85ef-4c2464b64075","FullyQualifiedName":"TestApp.UnitTests.GradesTests.Test_GradeAsWords_ReturnsCorrectString_EdgeCases(1.99d,\"Invalid\")","DisplayName":"Test_GradeAsWords_ReturnsCorrectString_EdgeCases(1.99d,\"Invalid\")","ExecutorUri":"executor://NUnit3TestExecutor","Source":"C:\\Users\\TOSHIBA\\Downloads\\QA path\\Programming for QA\\Programming Fundamentals and Unit Testing\\07.1.Resources-Unit-Testing-Methods\\TestApp.UnitTests\\bin\\Debug\\net6.0\\fine-code-coverage\\build-output\\TestApp.UnitTests.dll","CodeFilePath":null,"LineNumber":0,"Properties":[{"Key":{"Id":"NUnit.Seed","Label":"Seed","Category":"","Description":"","Attributes":0,"ValueType":"System.String"},"Value":"944639029"}]},"Attachments":[],"Outcome":2,"ErrorMessage":"  Expected string length 7 but was 8. Strings differ at index 7.\r\n  Expected: \"Invalid\"\r\n  But was:  \"Invalid!\"\r\n  ------------------^\r\n","ErrorStackTrace":"   at TestApp.UnitTests.GradesTests.Test_GradeAsWords_ReturnsCorrectString_EdgeCases(Double grade, String expected) in C:\\Users\\TOSHIBA\\Downloads\\QA path\\Programming for QA\\Programming Fundamentals and Unit Testing\\07.1.Resources-Unit-Testing-Methods\\TestApp.UnitTests\\GradesTests.cs:line 34\r\n","DisplayName":"Test_GradeAsWords_ReturnsCorrectString_EdgeCases(1.99d,\"Invalid\")","Messages":[],"ComputerName":"DESKTOP-D6DHFFL","Duration":"00:00:00.0018290","StartTime":"2025-03-02T11:38:22.3286415+00:00","EndTime":"2025-03-02T11:38:22.330471+00:00","Properties":[{"Key":{"Id":"NUnit.Seed","Label":"Seed","Category":"","Description":"","Attributes":0,"ValueType":"System.String"},"Value":"944639029"}]},{"TestCase":{"Id":"d736b666-3acf-4471-6d20-1ca8dc0bd985","FullyQualifiedName":"TestApp.UnitTests.GradesTests.Test_GradeAsWords_ReturnsCorrectString_EdgeCases(15.0d,\"Invalid\")","DisplayName":"Test_GradeAsWords_ReturnsCorrectString_EdgeCases(15.0d,\"Invalid\")","ExecutorUri":"executor://NUnit3TestExecutor","Source":"C:\\Users\\TOSHIBA\\Downloads\\QA path\\Programming for QA\\Programming Fundamentals and Unit Testing\\07.1.Resources-Unit-Testing-Methods\\TestApp.UnitTests\\bin\\Debug\\net6.0\\fine-code-coverage\\build-output\\TestApp.UnitTests.dll","CodeFilePath":null,"LineNumber":0,"Properties":[{"Key":{"Id":"NUnit.Seed","Label":"Seed","Category":"","Description":"","Attributes":0,"ValueType":"System.String"},"Value":"1920619569"}]},"Attachments":[],"Outcome":2,"ErrorMessage":"  Expected string length 7 but was 8. Strings differ at index 7.\r\n  Expected: \"Invalid\"\r\n  But was:  \"Invalid!\"\r\n  ------------------^\r\n","ErrorStackTrace":"   at TestApp.UnitTests.GradesTests.Test_GradeAsWords_ReturnsCorrectString_EdgeCases(Double grade, String expected) in C:\\Users\\TOSHIBA\\Downloads\\QA path\\Programming for QA\\Programming Fundamentals and Unit Testing\\07.1.Resources-Unit-Testing-Methods\\TestApp.UnitTests\\GradesTests.cs:line 34\r\n","DisplayName":"Test_GradeAsWords_ReturnsCorrectString_EdgeCases(15.0d,\"Invalid\")","Messages":[],"ComputerName":"DESKTOP-D6DHFFL","Duration":"00:00:00.0024830","StartTime":"2025-03-02T11:38:22.3494008+00:00","EndTime":"2025-03-02T11:38:22.351885+00:00","Properties":[{"Key":{"Id":"NUnit.Seed","Label":"Seed","Category":"","Description":"","Attributes":0,"ValueType":"System.String"},"Value":"1920619569"}]},{"TestCase":{"Id":"c9db2693-705e-fadb-fa1f-9e7d110613b5","FullyQualifiedName":"TestApp.UnitTests.GradesTests.Test_GradeAsWords_ReturnsCorrectString_EdgeCases(6.01d,\"Invalid\")","DisplayName":"Test_GradeAsWords_ReturnsCorrectString_EdgeCases(6.01d,\"Invalid\")","ExecutorUri":"executor://NUnit3TestExecutor","Source":"C:\\Users\\TOSHIBA\\Downloads\\QA path\\Programming for QA\\Programming Fundamentals and Unit Testing\\07.1.Resources-Unit-Testing-Methods\\TestApp.UnitTests\\bin\\Debug\\net6.0\\fine-code-coverage\\build-output\\TestApp.UnitTests.dll","CodeFilePath":null,"LineNumber":0,"Properties":[{"Key":{"Id":"NUnit.Seed","Label":"Seed","Category":"","Description":"","Attributes":0,"ValueType":"System.String"},"Value":"171414452"}]},"Attachments":[],"Outcome":2,"ErrorMessage":"  Expected string length 7 but was 8. Strings differ at index 7.\r\n  Expected: \"Invalid\"\r\n  But was:  \"Invalid!\"\r\n  ------------------^\r\n","ErrorStackTrace":"   at TestApp.UnitTests.GradesTests.Test_GradeAsWords_ReturnsCorrectString_EdgeCases(Double grade, String expected) in C:\\Users\\TOSHIBA\\Downloads\\QA path\\Programming for QA\\Programming Fundamentals and Unit Testing\\07.1.Resources-Unit-Testing-Methods\\TestApp.UnitTests\\GradesTests.cs:line 34\r\n","DisplayName":"Test_GradeAsWords_ReturnsCorrectString_EdgeCases(6.01d,\"Invalid\")","Messages":[],"ComputerName":"DESKTOP-D6DHFFL","Duration":"00:00:00.0015510","StartTime":"2025-03-02T11:38:22.3841238+00:00","EndTime":"2025-03-02T11:38:22.3856758+00:00","Properties":[{"Key":{"Id":"NUnit.Seed","Label":"Seed","Category":"","Description":"","Attributes":0,"ValueType":"System.String"},"Value":"171414452"}]},{"TestCase":{"Id":"888f8da4-6f9e-05b4-5fb7-b7ea9e922da6","FullyQualifiedName":"TestApp.UnitTests.StringReverseTests.Test_Reverse_WhenGivenEmptyString_ReturnsEmptyString","DisplayName":"Test_Reverse_WhenGivenEmptyString_ReturnsEmptyString","ExecutorUri":"executor://NUnit3TestExecutor","Source":"C:\\Users\\TOSHIBA\\Downloads\\QA path\\Programming for QA\\Programming Fundamentals and Unit Testing\\07.1.Resources-Unit-Testing-Methods\\TestApp.UnitTests\\bin\\Debug\\net6.0\\fine-code-coverage\\build-output\\TestApp.UnitTests.dll","CodeFilePath":null,"LineNumber":0,"Properties":[{"Key":{"Id":"NUnit.Seed","Label":"Seed","Category":"","Description":"","Attributes":0,"ValueType":"System.String"},"Value":"968807093"}]},"Attachments":[],"Outcome":1,"ErrorMessage":null,"ErrorStackTrace":null,"DisplayName":"Test_Reverse_WhenGivenEmptyString_ReturnsEmptyString","Messages":[],"ComputerName":"DESKTOP-D6DHFFL","Duration":"00:00:00.0008640","StartTime":"2025-03-02T11:38:22.4257245+00:00","EndTime":"2025-03-02T11:38:22.4265888+00:00","Properties":[{"Key":{"Id":"NUnit.Seed","Label":"Seed","Category":"","Description":"","Attributes":0,"ValueType":"System.String"},"Value":"968807093"}]},{"TestCase":{"Id":"30dbfe01-4533-8c05-f5b9-b98e04c1560e","FullyQualifiedName":"TestApp.UnitTests.StringReverseTests.Test_Reverse_WhenGivenNormalString_ReturnsReversedString","DisplayName":"Test_Reverse_WhenGivenNormalString_ReturnsReversedString","ExecutorUri":"executor://NUnit3TestExecutor","Source":"C:\\Users\\TOSHIBA\\Downloads\\QA path\\Programming for QA\\Programming Fundamentals and Unit Testing\\07.1.Resources-Unit-Testing-Methods\\TestApp.UnitTests\\bin\\Debug\\net6.0\\fine-code-coverage\\build-output\\TestApp.UnitTests.dll","CodeFilePath":null,"LineNumber":0,"Properties":[{"Key":{"Id":"NUnit.Seed","Label":"Seed","Category":"","Description":"","Attributes":0,"ValueType":"System.String"},"Value":"1449700788"}]},"Attachments":[],"Outcome":1,"ErrorMessage":null,"ErrorStackTrace":null,"DisplayName":"Test_Reverse_WhenGivenNormalString_ReturnsReversedString","Messages":[],"ComputerName":"DESKTOP-D6DHFFL","Duration":"00:00:00.0014780","StartTime":"2025-03-02T11:38:22.4310226+00:00","EndTime":"2025-03-02T11:38:22.4325006+00:00","Properties":[{"Key":{"Id":"NUnit.Seed","Label":"Seed","Category":"","Description":"","Attributes":0,"ValueType":"System.String"},"Value":"1449700788"}]},{"TestCase":{"Id":"570a66d4-1ddc-50be-b2ae-014621be771b","FullyQualifiedName":"TestApp.UnitTests.StringReverseTests.Test_Reverse_WhenGivenSingleCharacterString_ReturnsSameCharacter","DisplayName":"Test_Reverse_WhenGivenSingleCharacterString_ReturnsSameCharacter","ExecutorUri":"executor://NUnit3TestExecutor","Source":"C:\\Users\\TOSHIBA\\Downloads\\QA path\\Programming for QA\\Programming Fundamentals and Unit Testing\\07.1.Resources-Unit-Testing-Methods\\TestApp.UnitTests\\bin\\Debug\\net6.0\\fine-code-coverage\\build-output\\TestApp.UnitTests.dll","CodeFilePath":null,"LineNumber":0,"Properties":[{"Key":{"Id":"NUnit.Seed","Label":"Seed","Category":"","Description":"","Attributes":0,"ValueType":"System.String"},"Value":"1389760412"}]},"Attachments":[],"Outcome":1,"ErrorMessage":null,"ErrorStackTrace":null,"DisplayName":"Test_Reverse_WhenGivenSingleCharacterString_ReturnsSameCharacter","Messages":[],"ComputerName":"DESKTOP-D6DHFFL","Duration":"00:00:00.0003760","StartTime":"2025-03-02T11:38:22.4374611+00:00","EndTime":"2025-03-02T11:38:22.4378375+00:00","Properties":[{"Key":{"Id":"NUnit.Seed","Label":"Seed","Category":"","Description":"","Attributes":0,"ValueType":"System.String"},"Value":"1389760412"}]},{"TestCase":{"Id":"35095a00-40e0-2003-4e36-4a3cfd8376df","FullyQualifiedName":"TestApp.UnitTests.TriangleTests.Test_Triangle_OutputMatchesExpected_Size0","DisplayName":"Test_Triangle_OutputMatchesExpected_Size0","ExecutorUri":"executor://NUnit3TestExecutor","Source":"C:\\Users\\TOSHIBA\\Downloads\\QA path\\Programming for QA\\Programming Fundamentals and Unit Testing\\07.1.Resources-Unit-Testing-Methods\\TestApp.UnitTests\\bin\\Debug\\net6.0\\fine-code-coverage\\build-output\\TestApp.UnitTests.dll","CodeFilePath":null,"LineNumber":0,"Properties":[{"Key":{"Id":"NUnit.Seed","Label":"Seed","Category":"","Description":"","Attributes":0,"ValueType":"System.String"},"Value":"327956620"}]},"Attachments":[],"Outcome":1,"ErrorMessage":null,"ErrorStackTrace":null,"DisplayName":"Test_Triangle_OutputMatchesExpected_Size0","Messages":[],"ComputerName":"DESKTOP-D6DHFFL","Duration":"00:00:00.0016500","StartTime":"2025-03-02T11:38:22.4651248+00:00","EndTime":"2025-03-02T11:38:22.4667761+00:00","Properties":[{"Key":{"Id":"NUnit.Seed","Label":"Seed","Category":"","Description":"","Attributes":0,"ValueType":"System.String"},"Value":"327956620"}]},{"TestCase":{"Id":"5aad73a0-3697-0d64-4354-02ed0c605f62","FullyQualifiedName":"TestApp.UnitTests.TriangleTests.Test_Triangle_OutputMatchesExpected_Size3","DisplayName":"Test_Triangle_OutputMatchesExpected_Size3","ExecutorUri":"executor://NUnit3TestExecutor","Source":"C:\\Users\\TOSHIBA\\Downloads\\QA path\\Programming for QA\\Programming Fundamentals and Unit Testing\\07.1.Resources-Unit-Testing-Methods\\TestApp.UnitTests\\bin\\Debug\\net6.0\\fine-code-coverage\\build-output\\TestApp.UnitTests.dll","CodeFilePath":null,"LineNumber":0,"Properties":[{"Key":{"Id":"NUnit.Seed","Label":"Seed","Category":"","Description":"","Attributes":0,"ValueType":"System.String"},"Value":"1154979135"}]},"Attachments":[],"Outcome":1,"ErrorMessage":null,"ErrorStackTrace":null,"DisplayName":"Test_Triangle_OutputMatchesExpected_Size3","Messages":[],"ComputerName":"DESKTOP-D6DHFFL","Duration":"00:00:00.0006990","StartTime":"2025-03-02T11:38:22.4824526+00:00","EndTime":"2025-03-02T11:38:22.4831521+00:00","Properties":[{"Key":{"Id":"NUnit.Seed","Label":"Seed","Category":"","Description":"","Attributes":0,"ValueType":"System.String"},"Value":"1154979135"}]}],"TestRunStatistics":{"ExecutedTests":18,"Stats":{"Passed":14,"Failed":4}},"ActiveTests":[{"Id":"b22adef4-a965-c104-36d4-602fb95b2afb","FullyQualifiedName":"TestApp.UnitTests.TriangleTests.Test_Triangle_OutputMatchesExpected_Size5","DisplayName":"Test_Triangle_OutputMatchesExpected_Size5","ExecutorUri":"executor://NUnit3TestExecutor","Source":"C:\\Users\\TOSHIBA\\Downloads\\QA path\\Programming for QA\\Programming Fundamentals and Unit Testing\\07.1.Resources-Unit-Testing-Methods\\TestApp.UnitTests\\bin\\Debug\\net6.0\\fine-code-coverage\\build-output\\TestApp.UnitTests.dll","CodeFilePath":null,"LineNumber":0,"Properties":[{"Key":{"Id":"NUnit.Seed","Label":"Seed","Category":"","Description":"","Attributes":0,"ValueType":"System.String"},"Value":"622036355"}]}]}}
TpTrace Verbose: 0 : 11744, 11, 2025/03/02, 13:38:22.498, 136733103994, vstest.console.dll, TestRunRequest:SendTestRunStatsChange: Starting.
TpTrace Verbose: 0 : 11744, 11, 2025/03/02, 13:38:22.498, 136733105627, vstest.console.dll, InProgress is Test_Triangle_OutputMatchesExpected_Size5
TpTrace Verbose: 0 : 11744, 11, 2025/03/02, 13:38:22.498, 136733106484, vstest.console.dll, MulticastDelegateUtilities.SafeInvoke: TestRun.RunStatsChanged: Invoking callbacks was skipped because there are no subscribers.
TpTrace Information: 0 : 11744, 11, 2025/03/02, 13:38:22.498, 136733106986, vstest.console.dll, TestRunRequest:SendTestRunStatsChange: Completed.
TpTrace Verbose: 0 : 11744, 11, 2025/03/02, 13:38:22.498, 136733107595, vstest.console.dll, MulticastDelegateUtilities.SafeInvoke: LengthPrefixCommunicationChannel: MessageReceived: Invoking callback 1/1 for Microsoft.VisualStudio.TestPlatform.CommunicationUtilities.TestRequestSender+<>c__DisplayClass34_0., took 7 ms.
TpTrace Verbose: 0 : 11744, 11, 2025/03/02, 13:38:22.498, 136733108261, vstest.console.dll, TcpClientExtensions.MessageLoopAsync: Polling on remoteEndPoint: 127.0.0.1:51822 localEndPoint: 127.0.0.1:51821 after 351 ms
TpTrace Verbose: 0 : 11744, 4, 2025/03/02, 13:38:22.500, 136733123471, vstest.console.dll, MulticastDelegateUtilities.SafeInvoke: InternalTestLoggerEvents.SendTestResult: Invoking callback 1/1 for Microsoft.VisualStudio.TestPlatform.CommandLine.Internal.ConsoleLogger., took 1 ms.
TpTrace Verbose: 0 : 11744, 4, 2025/03/02, 13:38:22.501, 136733133525, vstest.console.dll, MulticastDelegateUtilities.SafeInvoke: InternalTestLoggerEvents.SendTestResult: Invoking callback 1/1 for Microsoft.VisualStudio.TestPlatform.CommandLine.Internal.ConsoleLogger., took 0 ms.
TpTrace Verbose: 0 : 11744, 4, 2025/03/02, 13:38:22.501, 136733142029, vstest.console.dll, MulticastDelegateUtilities.SafeInvoke: InternalTestLoggerEvents.SendTestResult: Invoking callback 1/1 for Microsoft.VisualStudio.TestPlatform.CommandLine.Internal.ConsoleLogger., took 0 ms.
TpTrace Verbose: 0 : 11744, 4, 2025/03/02, 13:38:22.503, 136733152998, vstest.console.dll, MulticastDelegateUtilities.SafeInvoke: InternalTestLoggerEvents.SendTestResult: Invoking callback 1/1 for Microsoft.VisualStudio.TestPlatform.CommandLine.Internal.ConsoleLogger., took 0 ms.
TpTrace Verbose: 0 : 11744, 4, 2025/03/02, 13:38:22.503, 136733154717, vstest.console.dll, MulticastDelegateUtilities.SafeInvoke: InternalTestLoggerEvents.SendTestResult: Invoking callback 1/1 for Microsoft.VisualStudio.TestPlatform.CommandLine.Internal.ConsoleLogger., took 0 ms.
TpTrace Verbose: 0 : 11744, 4, 2025/03/02, 13:38:22.503, 136733155616, vstest.console.dll, MulticastDelegateUtilities.SafeInvoke: InternalTestLoggerEvents.SendTestResult: Invoking callback 1/1 for Microsoft.VisualStudio.TestPlatform.CommandLine.Internal.ConsoleLogger., took 0 ms.
TpTrace Verbose: 0 : 11744, 4, 2025/03/02, 13:38:22.503, 136733156410, vstest.console.dll, MulticastDelegateUtilities.SafeInvoke: InternalTestLoggerEvents.SendTestResult: Invoking callback 1/1 for Microsoft.VisualStudio.TestPlatform.CommandLine.Internal.ConsoleLogger., took 0 ms.
TpTrace Verbose: 0 : 11744, 4, 2025/03/02, 13:38:22.503, 136733157181, vstest.console.dll, MulticastDelegateUtilities.SafeInvoke: InternalTestLoggerEvents.SendTestResult: Invoking callback 1/1 for Microsoft.VisualStudio.TestPlatform.CommandLine.Internal.ConsoleLogger., took 0 ms.
TpTrace Verbose: 0 : 11744, 4, 2025/03/02, 13:38:22.503, 136733157932, vstest.console.dll, MulticastDelegateUtilities.SafeInvoke: InternalTestLoggerEvents.SendTestResult: Invoking callback 1/1 for Microsoft.VisualStudio.TestPlatform.CommandLine.Internal.ConsoleLogger., took 0 ms.
TpTrace Verbose: 0 : 11744, 11, 2025/03/02, 13:38:22.532, 136733446965, vstest.console.dll, TcpClientExtensions.MessageLoopAsync: NotifyDataAvailable remoteEndPoint: 127.0.0.1:51822 localEndPoint: 127.0.0.1:51821
TpTrace Verbose: 0 : 11744, 11, 2025/03/02, 13:38:22.532, 136733448870, vstest.console.dll, TestRequestSender.OnExecutionMessageReceived: Received message: {"Version":5,"MessageType":"TestSession.Message","Payload":{"MessageLevel":0,"Message":"NUnit Adapter 4.0.0.0: Test execution complete"}}
TpTrace Verbose: 0 : 11744, 11, 2025/03/02, 13:38:22.532, 136733450641, vstest.console.dll, TestRunRequest:SendTestRunMessage: Starting.
TpTrace Verbose: 0 : 11744, 11, 2025/03/02, 13:38:22.532, 136733451715, vstest.console.dll, MulticastDelegateUtilities.SafeInvoke: TestRun.LogMessages: Invoking callback 1/1 for Microsoft.VisualStudio.TestPlatform.CommandLine.TestRunResultAggregator., took 0 ms.
TpTrace Information: 0 : 11744, 11, 2025/03/02, 13:38:22.533, 136733452330, vstest.console.dll, TestRunRequest:SendTestRunMessage: Completed.
TpTrace Verbose: 0 : 11744, 11, 2025/03/02, 13:38:22.533, 136733452865, vstest.console.dll, MulticastDelegateUtilities.SafeInvoke: LengthPrefixCommunicationChannel: MessageReceived: Invoking callback 1/1 for Microsoft.VisualStudio.TestPlatform.CommunicationUtilities.TestRequestSender+<>c__DisplayClass34_0., took 0 ms.
TpTrace Verbose: 0 : 11744, 11, 2025/03/02, 13:38:22.533, 136733453560, vstest.console.dll, TcpClientExtensions.MessageLoopAsync: Polling on remoteEndPoint: 127.0.0.1:51822 localEndPoint: 127.0.0.1:51821 after 34 ms
TpTrace Verbose: 0 : 11744, 4, 2025/03/02, 13:38:22.533, 136733455760, vstest.console.dll, MulticastDelegateUtilities.SafeInvoke: InternalTestLoggerEvents.SendTestRunMessage: Invoking callback 1/1 for Microsoft.VisualStudio.TestPlatform.CommandLine.Internal.ConsoleLogger., took 0 ms.
TpTrace Verbose: 0 : 11744, 11, 2025/03/02, 13:38:22.572, 136733842858, vstest.console.dll, TcpClientExtensions.MessageLoopAsync: NotifyDataAvailable remoteEndPoint: 127.0.0.1:51822 localEndPoint: 127.0.0.1:51821
TpTrace Verbose: 0 : 11744, 11, 2025/03/02, 13:38:22.572, 136733845418, vstest.console.dll, TestRequestSender.OnExecutionMessageReceived: Received message: {"Version":5,"MessageType":"TestExecution.Completed","Payload":{"TestRunCompleteArgs":{"TestRunStatistics":{"ExecutedTests":19,"Stats":{"Passed":15,"Failed":4}},"IsCanceled":false,"IsAborted":false,"Error":null,"AttachmentSets":[],"ElapsedTimeInRunningTests":"00:00:01.3414509","Metrics":{}},"LastRunTests":{"NewTestResults":[{"TestCase":{"Id":"b22adef4-a965-c104-36d4-602fb95b2afb","FullyQualifiedName":"TestApp.UnitTests.TriangleTests.Test_Triangle_OutputMatchesExpected_Size5","DisplayName":"Test_Triangle_OutputMatchesExpected_Size5","ExecutorUri":"executor://NUnit3TestExecutor","Source":"C:\\Users\\TOSHIBA\\Downloads\\QA path\\Programming for QA\\Programming Fundamentals and Unit Testing\\07.1.Resources-Unit-Testing-Methods\\TestApp.UnitTests\\bin\\Debug\\net6.0\\fine-code-coverage\\build-output\\TestApp.UnitTests.dll","CodeFilePath":null,"LineNumber":0,"Properties":[{"Key":{"Id":"NUnit.Seed","Label":"Seed","Category":"","Description":"","Attributes":0,"ValueType":"System.String"},"Value":"622036355"}]},"Attachments":[],"Outcome":1,"ErrorMessage":null,"ErrorStackTrace":null,"DisplayName":"Test_Triangle_OutputMatchesExpected_Size5","Messages":[],"ComputerName":"DESKTOP-D6DHFFL","Duration":"00:00:00.0007310","StartTime":"2025-03-02T11:38:22.5059755+00:00","EndTime":"2025-03-02T11:38:22.5067075+00:00","Properties":[{"Key":{"Id":"NUnit.Seed","Label":"Seed","Category":"","Description":"","Attributes":0,"ValueType":"System.String"},"Value":"622036355"}]}],"TestRunStatistics":{"ExecutedTests":19,"Stats":{"Passed":15,"Failed":4}},"ActiveTests":[]},"RunAttachments":[],"ExecutorUris":["executor://nunit3testexecutor/"]}}
TpTrace Verbose: 0 : 11744, 11, 2025/03/02, 13:38:22.572, 136733846912, vstest.console.dll, TestRequestSender.EndSession: Sending end session.
TpTrace Verbose: 0 : 11744, 11, 2025/03/02, 13:38:22.572, 136733849255, vstest.console.dll, ProxyOperationManager.Close: waiting for test host to exit for 100 ms
TpTrace Warning: 0 : 11744, 11, 2025/03/02, 13:38:22.681, 136734940102, vstest.console.dll, ProxyOperationManager: Timed out waiting for test host to exit. Will terminate process.
TpTrace Information: 0 : 11744, 11, 2025/03/02, 13:38:22.682, 136734944245, vstest.console.dll, SocketServer.Stop: Stop server endPoint: 127.0.0.1:51821
TpTrace Information: 0 : 11744, 11, 2025/03/02, 13:38:22.682, 136734945116, vstest.console.dll, SocketServer.Stop: Cancellation requested. Stopping message loop.
TpTrace Information: 0 : 11744, 11, 2025/03/02, 13:38:22.682, 136734947610, vstest.console.dll, Closing the connection
TpTrace Verbose: 0 : 11744, 12, 2025/03/02, 13:38:22.707, 136735195619, vstest.console.dll, TestHostManagerCallbacks.StandardOutputReceivedCallback Test host standard output line: 
TpTrace Warning: 0 : 11744, 9, 2025/03/02, 13:38:22.707, 136735195702, vstest.console.dll, TestHostManagerCallbacks.ErrorReceivedCallback Test host standard error line: 
TpTrace Verbose: 0 : 11744, 11, 2025/03/02, 13:38:22.722, 136735352244, vstest.console.dll, TestHostProvider.ExitCallBack: Host exited starting callback.
TpTrace Information: 0 : 11744, 11, 2025/03/02, 13:38:22.723, 136735353832, vstest.console.dll, TestHostManagerCallbacks.ExitCallBack: Testhost processId: 12676 exited with exitcode: 0 error: ''
TpTrace Verbose: 0 : 11744, 11, 2025/03/02, 13:38:22.723, 136735354324, vstest.console.dll, DotnetTestHostManager.OnHostExited: invoking OnHostExited callback
TpTrace Verbose: 0 : 11744, 11, 2025/03/02, 13:38:22.723, 136735354917, vstest.console.dll, CrossPlatEngine.TestHostManagerHostExited: calling on client process exit callback.
TpTrace Information: 0 : 11744, 11, 2025/03/02, 13:38:22.723, 136735355475, vstest.console.dll, TestRequestSender.OnClientProcessExit: Test host process exited. Standard error: 
TpTrace Information: 0 : 11744, 11, 2025/03/02, 13:38:22.723, 136735355925, vstest.console.dll, SocketServer.Stop: Stop server endPoint: 127.0.0.1:51821
TpTrace Information: 0 : 11744, 11, 2025/03/02, 13:38:22.723, 136735356219, vstest.console.dll, SocketServer.Stop: Cancellation requested. Stopping message loop.
TpTrace Verbose: 0 : 11744, 11, 2025/03/02, 13:38:22.723, 136735356643, vstest.console.dll, MulticastDelegateUtilities.SafeInvoke: HostProviderEvents.OnHostExited: Invoking callback 1/1 for Microsoft.VisualStudio.TestPlatform.CrossPlatEngine.Client.ProxyOperationManager., took 0 ms.
TpTrace Verbose: 0 : 11744, 11, 2025/03/02, 13:38:22.724, 136735366787, vstest.console.dll, ProxyDataCollectionManager.InvokeDataCollectionServiceAction: Starting.
TpTrace Information: 0 : 11744, 11, 2025/03/02, 13:38:22.724, 136735367992, vstest.console.dll, ProxyDataCollectionManager.AfterTestRunEnd: Get attachment set and invoked data collectors processId: 12320 port: 51818
TpTrace Verbose: 0 : 11744, 11, 2025/03/02, 13:38:22.724, 136735369013, vstest.console.dll, DataCollectionRequestSender.SendAfterTestRunStartAndGetResult: Send AfterTestRunEnd message with isCancelled: False
TpTrace Verbose: 0 : 11744, 11, 2025/03/02, 13:38:22.733, 136735459898, vstest.console.dll, DataCollectionRequestSender.SendAfterTestRunStartAndGetResult: Received message: (DataCollection.AfterTestRunEndResult) -> {"MessageType":"DataCollection.AfterTestRunEndResult","Payload":{"AttachmentSets":[],"InvokedDataCollectors":[{"Uri":"datacollector://Microsoft/TestPlatform/Extensions/Blame/v1","FriendlyName":"Blame","AssemblyQualifiedName":"Microsoft.TestPlatform.Extensions.BlameDataCollector.BlameCollector, Microsoft.TestPlatform.Extensions.BlameDataCollector, Version=15.0.0.0, Culture=neutral, PublicKeyToken=b03f5f7f11d50a3a","FilePath":"C:\\Program Files\\dotnet\\sdk\\9.0.100\\Extensions\\Microsoft.TestPlatform.Extensions.BlameDataCollector.dll","HasAttachmentProcessor":false}],"Metrics":{}}}
TpTrace Information: 0 : 11744, 11, 2025/03/02, 13:38:22.738, 136735511795, vstest.console.dll, ProxyDataCollectionManager.InvokeDataCollectionServiceAction: Completed.
TpTrace Warning: 0 : 11744, 10, 2025/03/02, 13:38:22.742, 136735549611, vstest.console.dll, DataCollectionLauncher.ErrorReceivedCallback datacollector standard error line: 
TpTrace Information: 0 : 11744, 10, 2025/03/02, 13:38:22.759, 136735720826, vstest.console.dll, DataCollectionLauncher.ExitCallBack: Data collector exited with exitcode: 0 error: ''
TpTrace Verbose: 0 : 11744, 11, 2025/03/02, 13:38:22.801, 136736134749, vstest.console.dll, TestRunRequest:SendTestRunStatsChange: Starting.
TpTrace Verbose: 0 : 11744, 11, 2025/03/02, 13:38:22.801, 136736136224, vstest.console.dll, MulticastDelegateUtilities.SafeInvoke: TestRun.RunStatsChanged: Invoking callbacks was skipped because there are no subscribers.
TpTrace Information: 0 : 11744, 11, 2025/03/02, 13:38:22.801, 136736136813, vstest.console.dll, TestRunRequest:SendTestRunStatsChange: Completed.
TpTrace Verbose: 0 : 11744, 4, 2025/03/02, 13:38:22.801, 136736136925, vstest.console.dll, MulticastDelegateUtilities.SafeInvoke: InternalTestLoggerEvents.SendTestResult: Invoking callback 1/1 for Microsoft.VisualStudio.TestPlatform.CommandLine.Internal.ConsoleLogger., took 0 ms.
TpTrace Verbose: 0 : 11744, 11, 2025/03/02, 13:38:22.801, 136736141682, vstest.console.dll, ParallelProxyExecutionManager: HandlePartialRunComplete: Total workloads = 1, Total started clients = 1 Total completed clients = 1, Run complete = True, Run canceled: False.
TpTrace Verbose: 0 : 11744, 11, 2025/03/02, 13:38:22.802, 136736142324, vstest.console.dll, ParallelProxyExecutionManager: HandlePartialRunComplete: All runs completed stopping all managers.
TpTrace Verbose: 0 : 11744, 11, 2025/03/02, 13:38:22.802, 136736142884, vstest.console.dll, ParallelOperationManager.StopAllManagers: Stopping all managers.
TpTrace Verbose: 0 : 11744, 11, 2025/03/02, 13:38:22.802, 136736143284, vstest.console.dll, ParallelOperationManager.ClearSlots: Clearing all slots. Slots should accept more work: False
TpTrace Verbose: 0 : 11744, 11, 2025/03/02, 13:38:22.802, 136736143759, vstest.console.dll, ParallelOperationManager.SetOccupiedSlotCount: Setting slot counts AvailableSlotCount = 1, OccupiedSlotCount = 0.
TpTrace Verbose: 0 : 11744, 11, 2025/03/02, 13:38:22.802, 136736144247, vstest.console.dll, Occupied slots:

TpTrace Verbose: 0 : 11744, 4, 2025/03/02, 13:38:22.816, 136736283727, vstest.console.dll, MulticastDelegateUtilities.SafeInvoke: InternalTestLoggerEvents.SendTestRunComplete: Invoking callback 1/2 for Microsoft.TestPlatform.Extensions.BlameDataCollector.BlameLogger., took 0 ms.
TpTrace Verbose: 0 : 11744, 4, 2025/03/02, 13:38:22.827, 136736396390, vstest.console.dll, MulticastDelegateUtilities.SafeInvoke: InternalTestLoggerEvents.SendTestRunComplete: Invoking callback 2/2 for Microsoft.VisualStudio.TestPlatform.CommandLine.Internal.ConsoleLogger., took 11 ms.
TpTrace Verbose: 0 : 11744, 11, 2025/03/02, 13:38:22.827, 136736400235, vstest.console.dll, TestRunRequest:TestRunComplete: Starting. IsAborted:False IsCanceled:False.
TpTrace Verbose: 0 : 11744, 11, 2025/03/02, 13:38:22.827, 136736402196, vstest.console.dll, ParallelOperationManager.DoActionOnAllManagers: Calling an action on all managers.
TpTrace Verbose: 0 : 11744, 11, 2025/03/02, 13:38:22.829, 136736420357, vstest.console.dll, TestLoggerManager.HandleTestRunComplete: Ignoring as the object is disposed.
TpTrace Verbose: 0 : 11744, 11, 2025/03/02, 13:38:22.830, 136736424537, vstest.console.dll, MulticastDelegateUtilities.SafeInvoke: TestRun.TestRunComplete: Invoking callback 1/2 for Microsoft.VisualStudio.TestPlatform.CommandLine.TestRunResultAggregator., took 0 ms.
TpTrace Verbose: 0 : 11744, 11, 2025/03/02, 13:38:22.830, 136736426823, vstest.console.dll, MulticastDelegateUtilities.SafeInvoke: TestRun.TestRunComplete: Invoking callback 2/2 for Microsoft.VisualStudio.TestPlatform.CommandLine.Processors.RunTestsArgumentExecutor+TestRunRequestEventsRegistrar., took 0 ms.
TpTrace Information: 0 : 11744, 11, 2025/03/02, 13:38:22.830, 136736428335, vstest.console.dll, TestRunRequest:TestRunComplete: Completed.
TpTrace Verbose: 0 : 11744, 1, 2025/03/02, 13:38:22.830, 136736428397, vstest.console.dll, TestRunRequest.Dispose: Starting.
TpTrace Verbose: 0 : 11744, 11, 2025/03/02, 13:38:22.830, 136736429263, vstest.console.dll, TestRequestSender.SetOperationComplete: Setting operation complete.
TpTrace Information: 0 : 11744, 1, 2025/03/02, 13:38:22.830, 136736429932, vstest.console.dll, TestRunRequest.Dispose: Completed.
TpTrace Information: 0 : 11744, 11, 2025/03/02, 13:38:22.830, 136736430346, vstest.console.dll, SocketServer.Stop: Stop server endPoint: 127.0.0.1:51821
TpTrace Information: 0 : 11744, 1, 2025/03/02, 13:38:22.830, 136736430891, vstest.console.dll, TestRequestManager.RunTests: run tests completed.
TpTrace Information: 0 : 11744, 11, 2025/03/02, 13:38:22.830, 136736431315, vstest.console.dll, SocketServer.Stop: Cancellation requested. Stopping message loop.
TpTrace Information: 0 : 11744, 1, 2025/03/02, 13:38:22.830, 136736431785, vstest.console.dll, RunTestsArgumentProcessor:Execute: Test run is completed.
TpTrace Verbose: 0 : 11744, 11, 2025/03/02, 13:38:22.830, 136736431830, vstest.console.dll, MulticastDelegateUtilities.SafeInvoke: LengthPrefixCommunicationChannel: MessageReceived: Invoking callback 1/1 for Microsoft.VisualStudio.TestPlatform.CommunicationUtilities.TestRequestSender+<>c__DisplayClass34_0., took 258 ms.
TpTrace Information: 0 : 11744, 11, 2025/03/02, 13:38:22.831, 136736432740, vstest.console.dll, SocketServer.PrivateStop: Stopping server endPoint: 127.0.0.1:51821 error: 
TpTrace Verbose: 0 : 11744, 1, 2025/03/02, 13:38:22.831, 136736434359, vstest.console.dll, Executor.Execute: Exiting with exit code of 1
TpTrace Verbose: 0 : 11744, 11, 2025/03/02, 13:38:22.831, 136736436087, vstest.console.dll, LengthPrefixCommunicationChannel.Dispose: Dispose reader and writer.
TpTrace Information: 0 : 11744, 11, 2025/03/02, 13:38:22.831, 136736437160, vstest.console.dll, SocketServer.Stop: Raise disconnected event endPoint: 127.0.0.1:51821 error: 
TpTrace Verbose: 0 : 11744, 11, 2025/03/02, 13:38:22.831, 136736437969, vstest.console.dll, TestRequestSender: OnTestRunAbort: Operation is already complete. Skip error message.
TpTrace Verbose: 0 : 11744, 11, 2025/03/02, 13:38:22.831, 136736438405, vstest.console.dll, MulticastDelegateUtilities.SafeInvoke: SocketServer: ClientDisconnected: Invoking callback 1/1 for Microsoft.VisualStudio.TestPlatform.CommunicationUtilities.TestRequestSender., took 0 ms.
TpTrace Verbose: 0 : 11744, 11, 2025/03/02, 13:38:22.831, 136736438743, vstest.console.dll, TcpClientExtensions.MessageLoopAsync: exiting MessageLoopAsync remoteEndPoint: 127.0.0.1:51822 localEndPoint: 127.0.0.1:51821
