TpTrace Verbose: 0 : 1460, 1, 2025/03/01, 16:58:45.856, 273996677433, vstest.console.dll, Version: 17.12.0-release-24508-01 Current process architecture: X64
TpTrace Verbose: 0 : 1460, 1, 2025/03/01, 16:58:45.861, 273996727485, vstest.console.dll, Runtime location: C:\Program Files\dotnet\shared\Microsoft.NETCore.App\9.0.0
TpTrace Verbose: 0 : 1460, 1, 2025/03/01, 16:58:45.866, 273996785681, vstest.console.dll, ArtifactProcessingPostProcessModeProcessorExecutor.Initialize: ArtifactProcessingMode.Collect
TpTrace Verbose: 0 : 1460, 1, 2025/03/01, 16:58:45.867, 273996787395, vstest.console.dll, TestSessionCorrelationIdProcessorModeProcessorExecutor.Initialize: TestSessionCorrelationId '13300_9232339a-369c-4a63-960e-ab631ae6e391'
TpTrace Information: 0 : 1460, 1, 2025/03/01, 16:58:45.876, 273996886818, vstest.console.dll, FilePatternParser: The given file C:\Users\TOSHIBA\Downloads\QA path\Programming for QA\Programming Fundamentals and Unit Testing\18-Unit-Testing-Arrays-Resources\TestApp.UnitTests\bin\Debug\net6.0\fine-code-coverage\build-output\TestApp.UnitTests.dll is a full path.
TpTrace Verbose: 0 : 1460, 1, 2025/03/01, 16:58:45.889, 273997010693, vstest.console.dll, TestPluginCache.DiscoverTestExtensions: finding test extensions in assemblies ends with: RuntimeProvider.dll TPluginInfo: Microsoft.VisualStudio.TestPlatform.Common.ExtensionFramework.Utilities.TestRuntimePluginInformation TExtension: Microsoft.VisualStudio.TestPlatform.ObjectModel.Host.ITestRuntimeProvider
TpTrace Verbose: 0 : 1460, 1, 2025/03/01, 16:58:45.889, 273997015089, vstest.console.dll, TestPluginCache.GetExtensionPaths: Filtered extension paths: 
TpTrace Verbose: 0 : 1460, 1, 2025/03/01, 16:58:45.889, 273997016316, vstest.console.dll, TestPluginCache.GetExtensionPaths: Added default extension paths: C:\Program Files\dotnet\sdk\9.0.100\Extensions\Microsoft.Diagnostics.NETCore.Client.dll
C:\Program Files\dotnet\sdk\9.0.100\Extensions\Microsoft.TestPlatform.Extensions.BlameDataCollector.dll
C:\Program Files\dotnet\sdk\9.0.100\Extensions\Microsoft.TestPlatform.Extensions.EventLogCollector.dll
C:\Program Files\dotnet\sdk\9.0.100\Extensions\Microsoft.TestPlatform.TestHostRuntimeProvider.dll
C:\Program Files\dotnet\sdk\9.0.100\Extensions\Microsoft.VisualStudio.TestPlatform.Extensions.Html.TestLogger.dll
C:\Program Files\dotnet\sdk\9.0.100\Extensions\Microsoft.VisualStudio.TestPlatform.Extensions.Trx.TestLogger.dll
TpTrace Verbose: 0 : 1460, 1, 2025/03/01, 16:58:45.889, 273997016841, vstest.console.dll, TestPluginCache.GetExtensionPaths: Added unfilterableExtensionPaths: 
TpTrace Information: 0 : 1460, 1, 2025/03/01, 16:58:45.891, 273997028416, vstest.console.dll, AssemblyResolver.ctor: Creating AssemblyResolver with searchDirectories C:\Program Files\dotnet\sdk\9.0.100\Extensions,C:\Program Files\dotnet\sdk\9.0.100
TpTrace Verbose: 0 : 1460, 1, 2025/03/01, 16:58:45.894, 273997059435, vstest.console.dll, TestPluginCache.DiscoverTestExtensions: Discovering the extensions using extension path.
TpTrace Verbose: 0 : 1460, 1, 2025/03/01, 16:58:45.894, 273997061358, vstest.console.dll, TestPluginCache.GetExtensionPaths: Filtered extension paths: 
TpTrace Verbose: 0 : 1460, 1, 2025/03/01, 16:58:45.894, 273997062100, vstest.console.dll, TestPluginCache.GetExtensionPaths: Added default extension paths: C:\Program Files\dotnet\sdk\9.0.100\Extensions\Microsoft.Diagnostics.NETCore.Client.dll
C:\Program Files\dotnet\sdk\9.0.100\Extensions\Microsoft.TestPlatform.Extensions.BlameDataCollector.dll
C:\Program Files\dotnet\sdk\9.0.100\Extensions\Microsoft.TestPlatform.Extensions.EventLogCollector.dll
C:\Program Files\dotnet\sdk\9.0.100\Extensions\Microsoft.TestPlatform.TestHostRuntimeProvider.dll
C:\Program Files\dotnet\sdk\9.0.100\Extensions\Microsoft.VisualStudio.TestPlatform.Extensions.Html.TestLogger.dll
C:\Program Files\dotnet\sdk\9.0.100\Extensions\Microsoft.VisualStudio.TestPlatform.Extensions.Trx.TestLogger.dll
TpTrace Verbose: 0 : 1460, 1, 2025/03/01, 16:58:45.894, 273997062539, vstest.console.dll, TestPluginCache.GetExtensionPaths: Added unfilterableExtensionPaths: 
TpTrace Verbose: 0 : 1460, 1, 2025/03/01, 16:58:45.894, 273997066201, vstest.console.dll, TestPluginCache.DiscoverTestExtensions: Discovering the extensions using allExtensionPaths: C:\Program Files\dotnet\sdk\9.0.100\Extensions\Microsoft.Diagnostics.NETCore.Client.dll
C:\Program Files\dotnet\sdk\9.0.100\Extensions\Microsoft.TestPlatform.Extensions.BlameDataCollector.dll
C:\Program Files\dotnet\sdk\9.0.100\Extensions\Microsoft.TestPlatform.Extensions.EventLogCollector.dll
C:\Program Files\dotnet\sdk\9.0.100\Extensions\Microsoft.TestPlatform.TestHostRuntimeProvider.dll
C:\Program Files\dotnet\sdk\9.0.100\Extensions\Microsoft.VisualStudio.TestPlatform.Extensions.Html.TestLogger.dll
C:\Program Files\dotnet\sdk\9.0.100\Extensions\Microsoft.VisualStudio.TestPlatform.Extensions.Trx.TestLogger.dll
TpTrace Information: 0 : 1460, 1, 2025/03/01, 16:58:45.895, 273997067699, vstest.console.dll, AssemblyResolver.AddSearchDirectories: Adding more searchDirectories C:\Program Files\dotnet\sdk\9.0.100\Extensions,C:\Program Files\dotnet\sdk\9.0.100
TpTrace Information: 0 : 1460, 1, 2025/03/01, 16:58:45.895, 273997068442, vstest.console.dll, AssemblyResolver.AddSearchDirectories: Adding more searchDirectories C:\Program Files\dotnet\sdk\9.0.100\Extensions,C:\Program Files\dotnet\sdk\9.0.100
TpTrace Information: 0 : 1460, 1, 2025/03/01, 16:58:45.895, 273997069084, vstest.console.dll, AssemblyResolver.AddSearchDirectories: Adding more searchDirectories C:\Program Files\dotnet\sdk\9.0.100\Extensions,C:\Program Files\dotnet\sdk\9.0.100
TpTrace Information: 0 : 1460, 1, 2025/03/01, 16:58:45.895, 273997069476, vstest.console.dll, AssemblyResolver.AddSearchDirectories: Adding more searchDirectories C:\Program Files\dotnet\sdk\9.0.100\Extensions,C:\Program Files\dotnet\sdk\9.0.100
TpTrace Information: 0 : 1460, 1, 2025/03/01, 16:58:45.895, 273997069832, vstest.console.dll, AssemblyResolver.AddSearchDirectories: Adding more searchDirectories C:\Program Files\dotnet\sdk\9.0.100\Extensions,C:\Program Files\dotnet\sdk\9.0.100
TpTrace Information: 0 : 1460, 1, 2025/03/01, 16:58:45.895, 273997070240, vstest.console.dll, AssemblyResolver.AddSearchDirectories: Adding more searchDirectories C:\Program Files\dotnet\sdk\9.0.100\Extensions,C:\Program Files\dotnet\sdk\9.0.100
TpTrace Information: 0 : 1460, 1, 2025/03/01, 16:58:45.895, 273997076497, vstest.console.dll, AssemblyResolver.OnResolve: Microsoft.Diagnostics.NETCore.Client: Resolving assembly.
TpTrace Information: 0 : 1460, 1, 2025/03/01, 16:58:45.896, 273997077569, vstest.console.dll, AssemblyResolver.OnResolve: Microsoft.Diagnostics.NETCore.Client: Searching in: 'C:\Program Files\dotnet\sdk\9.0.100\Extensions'.
TpTrace Information: 0 : 1460, 1, 2025/03/01, 16:58:45.915, 273997269154, vstest.console.dll, AssemblyResolver.OnResolve: Microsoft.Diagnostics.NETCore.Client: Loading assembly 'C:\Program Files\dotnet\sdk\9.0.100\Extensions\Microsoft.Diagnostics.NETCore.Client.dll'.
TpTrace Information: 0 : 1460, 1, 2025/03/01, 16:58:45.918, 273997300984, vstest.console.dll, AssemblyResolver.OnResolve: Resolved assembly: Microsoft.Diagnostics.NETCore.Client, from path: C:\Program Files\dotnet\sdk\9.0.100\Extensions\Microsoft.Diagnostics.NETCore.Client.dll
TpTrace Verbose: 0 : 1460, 1, 2025/03/01, 16:58:45.919, 273997316899, vstest.console.dll, MetadataReaderExtensionsHelper: Discovering extensions inside assembly 'Microsoft.Diagnostics.NETCore.Client, Version=0.2.10.41601, Culture=neutral, PublicKeyToken=31bf3856ad364e35' file path 'C:\Program Files\dotnet\sdk\9.0.100\Extensions\Microsoft.Diagnostics.NETCore.Client.dll'
TpTrace Information: 0 : 1460, 1, 2025/03/01, 16:58:45.928, 273997403082, vstest.console.dll, AssemblyResolver.OnResolve: Microsoft.Bcl.AsyncInterfaces: Resolving assembly.
TpTrace Information: 0 : 1460, 1, 2025/03/01, 16:58:45.928, 273997404510, vstest.console.dll, AssemblyResolver.OnResolve: Microsoft.Bcl.AsyncInterfaces: Searching in: 'C:\Program Files\dotnet\sdk\9.0.100\Extensions'.
TpTrace Information: 0 : 1460, 1, 2025/03/01, 16:58:45.928, 273997405581, vstest.console.dll, AssemblyResolver.OnResolve: Microsoft.Bcl.AsyncInterfaces: Assembly path does not exist: 'C:\Program Files\dotnet\sdk\9.0.100\Extensions\Microsoft.Bcl.AsyncInterfaces.dll', returning.
TpTrace Information: 0 : 1460, 1, 2025/03/01, 16:58:45.928, 273997406914, vstest.console.dll, AssemblyResolver.OnResolve: Microsoft.Bcl.AsyncInterfaces: Assembly path does not exist: 'C:\Program Files\dotnet\sdk\9.0.100\Extensions\Microsoft.Bcl.AsyncInterfaces.exe', returning.
TpTrace Information: 0 : 1460, 1, 2025/03/01, 16:58:45.929, 273997407340, vstest.console.dll, AssemblyResolver.OnResolve: Microsoft.Bcl.AsyncInterfaces: Searching in: 'C:\Program Files\dotnet\sdk\9.0.100'.
TpTrace Information: 0 : 1460, 1, 2025/03/01, 16:58:45.929, 273997408011, vstest.console.dll, AssemblyResolver.OnResolve: Microsoft.Bcl.AsyncInterfaces: Assembly path does not exist: 'C:\Program Files\dotnet\sdk\9.0.100\Microsoft.Bcl.AsyncInterfaces.dll', returning.
TpTrace Information: 0 : 1460, 1, 2025/03/01, 16:58:45.929, 273997408657, vstest.console.dll, AssemblyResolver.OnResolve: Microsoft.Bcl.AsyncInterfaces: Assembly path does not exist: 'C:\Program Files\dotnet\sdk\9.0.100\Microsoft.Bcl.AsyncInterfaces.exe', returning.
TpTrace Information: 0 : 1460, 1, 2025/03/01, 16:58:45.929, 273997409066, vstest.console.dll, AssemblyResolver.OnResolve: Microsoft.Bcl.AsyncInterfaces: Failed to load assembly.
TpTrace Verbose: 0 : 1460, 1, 2025/03/01, 16:58:45.929, 273997409459, vstest.console.dll, CurrentDomainAssemblyResolve: Resolving assembly 'Microsoft.Bcl.AsyncInterfaces'.
TpTrace Information: 0 : 1460, 1, 2025/03/01, 16:58:45.929, 273997410090, vstest.console.dll, AssemblyResolver.OnResolve: Microsoft.Bcl.AsyncInterfaces: Resolving assembly.
TpTrace Information: 0 : 1460, 1, 2025/03/01, 16:58:45.929, 273997410494, vstest.console.dll, AssemblyResolver.OnResolve: Microsoft.Bcl.AsyncInterfaces: Resolved from cache.
TpTrace Verbose: 0 : 1460, 1, 2025/03/01, 16:58:45.929, 273997410784, vstest.console.dll, CurrentDomainAssemblyResolve: Resolving assembly 'Microsoft.Bcl.AsyncInterfaces'.
TpTrace Verbose: 0 : 1460, 1, 2025/03/01, 16:58:45.929, 273997411185, vstest.console.dll, CurrentDomainAssemblyResolve: Failed to resolve assembly 'Microsoft.Bcl.AsyncInterfaces'.
TpTrace Verbose: 0 : 1460, 1, 2025/03/01, 16:58:45.936, 273997483596, vstest.console.dll, CurrentDomainAssemblyResolve: Failed to resolve assembly 'Microsoft.Bcl.AsyncInterfaces'.
TpTrace Warning: 0 : 1460, 1, 2025/03/01, 16:58:45.961, 273997729580, vstest.console.dll, TestPluginDiscoverer: Failed to get types from assembly 'Microsoft.Diagnostics.NETCore.Client, Version=0.2.10.41601, Culture=neutral, PublicKeyToken=31bf3856ad364e35'. Error: System.Reflection.ReflectionTypeLoadException: Unable to load one or more of the requested types.
Could not load file or assembly 'Microsoft.Bcl.AsyncInterfaces, Version=6.0.0.0, Culture=neutral, PublicKeyToken=cc7b13ffcd2ddd51'. The system cannot find the file specified.
   at System.Reflection.RuntimeModule.GetDefinedTypes()
   at System.Reflection.RuntimeModule.GetTypes()
   at Microsoft.VisualStudio.TestPlatform.Common.ExtensionFramework.TestPluginDiscoverer.GetTestExtensionsFromAssembly[TPluginInfo,TExtension](Assembly assembly, Dictionary`2 pluginInfos, String filePath) in /_/src/Microsoft.TestPlatform.Common/ExtensionFramework/TestPluginDiscoverer.cs:line 159
System.IO.FileNotFoundException: Could not load file or assembly 'Microsoft.Bcl.AsyncInterfaces, Version=6.0.0.0, Culture=neutral, PublicKeyToken=cc7b13ffcd2ddd51'. The system cannot find the file specified.
File name: 'Microsoft.Bcl.AsyncInterfaces, Version=6.0.0.0, Culture=neutral, PublicKeyToken=cc7b13ffcd2ddd51'
 ---> System.IO.FileNotFoundException: Could not load file or assembly 'Microsoft.Bcl.AsyncInterfaces, Culture=neutral, PublicKeyToken=null'. The system cannot find the file specified.
File name: 'Microsoft.Bcl.AsyncInterfaces, Culture=neutral, PublicKeyToken=null'
   at System.Reflection.RuntimeAssembly.InternalLoad(AssemblyName assemblyName, StackCrawlMark& stackMark, AssemblyLoadContext assemblyLoadContext, RuntimeAssembly requestingAssembly, Boolean throwOnFileNotFound)
   at System.Reflection.Assembly.Load(AssemblyName assemblyRef)
   at Microsoft.VisualStudio.TestPlatform.Common.ExtensionFramework.TestPluginCache.CurrentDomainAssemblyResolve(Object sender, AssemblyResolveEventArgs args) in /_/src/Microsoft.TestPlatform.Common/ExtensionFramework/TestPluginCache.cs:line 514
   at System.Runtime.Loader.AssemblyLoadContext.GetFirstResolvedAssemblyFromResolvingEvent(AssemblyName assemblyName)
   at System.Runtime.Loader.AssemblyLoadContext.ResolveUsingEvent(AssemblyName assemblyName)
   at System.Runtime.Loader.AssemblyLoadContext.ResolveUsingResolvingEvent(IntPtr gchManagedAssemblyLoadContext, AssemblyName assemblyName)
TpTrace Warning: 0 : 1460, 1, 2025/03/01, 16:58:45.961, 273997734030, vstest.console.dll, LoaderExceptions: System.IO.FileNotFoundException: Could not load file or assembly 'Microsoft.Bcl.AsyncInterfaces, Version=6.0.0.0, Culture=neutral, PublicKeyToken=cc7b13ffcd2ddd51'. The system cannot find the file specified.
File name: 'Microsoft.Bcl.AsyncInterfaces, Version=6.0.0.0, Culture=neutral, PublicKeyToken=cc7b13ffcd2ddd51'
 ---> System.IO.FileNotFoundException: Could not load file or assembly 'Microsoft.Bcl.AsyncInterfaces, Culture=neutral, PublicKeyToken=null'. The system cannot find the file specified.
File name: 'Microsoft.Bcl.AsyncInterfaces, Culture=neutral, PublicKeyToken=null'
   at System.Reflection.RuntimeAssembly.InternalLoad(AssemblyName assemblyName, StackCrawlMark& stackMark, AssemblyLoadContext assemblyLoadContext, RuntimeAssembly requestingAssembly, Boolean throwOnFileNotFound)
   at System.Reflection.Assembly.Load(AssemblyName assemblyRef)
   at Microsoft.VisualStudio.TestPlatform.Common.ExtensionFramework.TestPluginCache.CurrentDomainAssemblyResolve(Object sender, AssemblyResolveEventArgs args) in /_/src/Microsoft.TestPlatform.Common/ExtensionFramework/TestPluginCache.cs:line 514
   at System.Runtime.Loader.AssemblyLoadContext.GetFirstResolvedAssemblyFromResolvingEvent(AssemblyName assemblyName)
   at System.Runtime.Loader.AssemblyLoadContext.ResolveUsingEvent(AssemblyName assemblyName)
   at System.Runtime.Loader.AssemblyLoadContext.ResolveUsingResolvingEvent(IntPtr gchManagedAssemblyLoadContext, AssemblyName assemblyName)
TpTrace Information: 0 : 1460, 1, 2025/03/01, 16:58:45.961, 273997736061, vstest.console.dll, AssemblyResolver.OnResolve: Microsoft.TestPlatform.Extensions.BlameDataCollector: Resolving assembly.
TpTrace Information: 0 : 1460, 1, 2025/03/01, 16:58:45.961, 273997736894, vstest.console.dll, AssemblyResolver.OnResolve: Microsoft.TestPlatform.Extensions.BlameDataCollector: Searching in: 'C:\Program Files\dotnet\sdk\9.0.100\Extensions'.
TpTrace Information: 0 : 1460, 1, 2025/03/01, 16:58:45.963, 273997751297, vstest.console.dll, AssemblyResolver.OnResolve: Microsoft.TestPlatform.Extensions.BlameDataCollector: Loading assembly 'C:\Program Files\dotnet\sdk\9.0.100\Extensions\Microsoft.TestPlatform.Extensions.BlameDataCollector.dll'.
TpTrace Information: 0 : 1460, 1, 2025/03/01, 16:58:45.964, 273997765405, vstest.console.dll, AssemblyResolver.OnResolve: Resolved assembly: Microsoft.TestPlatform.Extensions.BlameDataCollector, from path: C:\Program Files\dotnet\sdk\9.0.100\Extensions\Microsoft.TestPlatform.Extensions.BlameDataCollector.dll
TpTrace Verbose: 0 : 1460, 1, 2025/03/01, 16:58:45.964, 273997766606, vstest.console.dll, MetadataReaderExtensionsHelper: Discovering extensions inside assembly 'Microsoft.TestPlatform.Extensions.BlameDataCollector, Version=15.0.0.0, Culture=neutral, PublicKeyToken=b03f5f7f11d50a3a' file path 'C:\Program Files\dotnet\sdk\9.0.100\Extensions\Microsoft.TestPlatform.Extensions.BlameDataCollector.dll'
TpTrace Information: 0 : 1460, 1, 2025/03/01, 16:58:45.968, 273997797713, vstest.console.dll, AssemblyResolver.OnResolve: Microsoft.TestPlatform.Extensions.EventLogCollector: Resolving assembly.
TpTrace Information: 0 : 1460, 1, 2025/03/01, 16:58:45.968, 273997798910, vstest.console.dll, AssemblyResolver.OnResolve: Microsoft.TestPlatform.Extensions.EventLogCollector: Searching in: 'C:\Program Files\dotnet\sdk\9.0.100\Extensions'.
TpTrace Information: 0 : 1460, 1, 2025/03/01, 16:58:45.969, 273997812137, vstest.console.dll, AssemblyResolver.OnResolve: Microsoft.TestPlatform.Extensions.EventLogCollector: Loading assembly 'C:\Program Files\dotnet\sdk\9.0.100\Extensions\Microsoft.TestPlatform.Extensions.EventLogCollector.dll'.
TpTrace Information: 0 : 1460, 1, 2025/03/01, 16:58:45.970, 273997819026, vstest.console.dll, AssemblyResolver.OnResolve: Resolved assembly: Microsoft.TestPlatform.Extensions.EventLogCollector, from path: C:\Program Files\dotnet\sdk\9.0.100\Extensions\Microsoft.TestPlatform.Extensions.EventLogCollector.dll
TpTrace Verbose: 0 : 1460, 1, 2025/03/01, 16:58:45.970, 273997819955, vstest.console.dll, MetadataReaderExtensionsHelper: Discovering extensions inside assembly 'Microsoft.TestPlatform.Extensions.EventLogCollector, Version=15.0.0.0, Culture=neutral, PublicKeyToken=b03f5f7f11d50a3a' file path 'C:\Program Files\dotnet\sdk\9.0.100\Extensions\Microsoft.TestPlatform.Extensions.EventLogCollector.dll'
TpTrace Information: 0 : 1460, 1, 2025/03/01, 16:58:45.974, 273997867080, vstest.console.dll, AssemblyResolver.OnResolve: Microsoft.TestPlatform.TestHostRuntimeProvider: Resolving assembly.
TpTrace Information: 0 : 1460, 1, 2025/03/01, 16:58:45.975, 273997868410, vstest.console.dll, AssemblyResolver.OnResolve: Microsoft.TestPlatform.TestHostRuntimeProvider: Searching in: 'C:\Program Files\dotnet\sdk\9.0.100\Extensions'.
TpTrace Information: 0 : 1460, 1, 2025/03/01, 16:58:45.976, 273997877984, vstest.console.dll, AssemblyResolver.OnResolve: Microsoft.TestPlatform.TestHostRuntimeProvider: Loading assembly 'C:\Program Files\dotnet\sdk\9.0.100\Extensions\Microsoft.TestPlatform.TestHostRuntimeProvider.dll'.
TpTrace Information: 0 : 1460, 1, 2025/03/01, 16:58:45.977, 273997892353, vstest.console.dll, AssemblyResolver.OnResolve: Resolved assembly: Microsoft.TestPlatform.TestHostRuntimeProvider, from path: C:\Program Files\dotnet\sdk\9.0.100\Extensions\Microsoft.TestPlatform.TestHostRuntimeProvider.dll
TpTrace Verbose: 0 : 1460, 1, 2025/03/01, 16:58:45.977, 273997893427, vstest.console.dll, MetadataReaderExtensionsHelper: Discovering extensions inside assembly 'Microsoft.TestPlatform.TestHostRuntimeProvider, Version=15.0.0.0, Culture=neutral, PublicKeyToken=b03f5f7f11d50a3a' file path 'C:\Program Files\dotnet\sdk\9.0.100\Extensions\Microsoft.TestPlatform.TestHostRuntimeProvider.dll'
TpTrace Information: 0 : 1460, 1, 2025/03/01, 16:58:45.980, 273997919688, vstest.console.dll, GetTestExtensionFromType: Register extension with identifier data 'HostProvider://DefaultTestHost' and type 'Microsoft.VisualStudio.TestPlatform.CrossPlatEngine.Hosting.DefaultTestHostManager, Microsoft.TestPlatform.TestHostRuntimeProvider, Version=15.0.0.0, Culture=neutral, PublicKeyToken=b03f5f7f11d50a3a' inside file 'C:\Program Files\dotnet\sdk\9.0.100\Extensions\Microsoft.TestPlatform.TestHostRuntimeProvider.dll'
TpTrace Information: 0 : 1460, 1, 2025/03/01, 16:58:45.980, 273997922948, vstest.console.dll, GetTestExtensionFromType: Register extension with identifier data 'HostProvider://DotnetTestHost' and type 'Microsoft.VisualStudio.TestPlatform.CrossPlatEngine.Hosting.DotnetTestHostManager, Microsoft.TestPlatform.TestHostRuntimeProvider, Version=15.0.0.0, Culture=neutral, PublicKeyToken=b03f5f7f11d50a3a' inside file 'C:\Program Files\dotnet\sdk\9.0.100\Extensions\Microsoft.TestPlatform.TestHostRuntimeProvider.dll'
TpTrace Information: 0 : 1460, 1, 2025/03/01, 16:58:45.980, 273997924045, vstest.console.dll, AssemblyResolver.OnResolve: Microsoft.VisualStudio.TestPlatform.Extensions.Html.TestLogger: Resolving assembly.
TpTrace Information: 0 : 1460, 1, 2025/03/01, 16:58:45.980, 273997924657, vstest.console.dll, AssemblyResolver.OnResolve: Microsoft.VisualStudio.TestPlatform.Extensions.Html.TestLogger: Searching in: 'C:\Program Files\dotnet\sdk\9.0.100\Extensions'.
TpTrace Information: 0 : 1460, 1, 2025/03/01, 16:58:45.981, 273997936071, vstest.console.dll, AssemblyResolver.OnResolve: Microsoft.VisualStudio.TestPlatform.Extensions.Html.TestLogger: Loading assembly 'C:\Program Files\dotnet\sdk\9.0.100\Extensions\Microsoft.VisualStudio.TestPlatform.Extensions.Html.TestLogger.dll'.
TpTrace Information: 0 : 1460, 1, 2025/03/01, 16:58:45.983, 273997951614, vstest.console.dll, AssemblyResolver.OnResolve: Resolved assembly: Microsoft.VisualStudio.TestPlatform.Extensions.Html.TestLogger, from path: C:\Program Files\dotnet\sdk\9.0.100\Extensions\Microsoft.VisualStudio.TestPlatform.Extensions.Html.TestLogger.dll
TpTrace Verbose: 0 : 1460, 1, 2025/03/01, 16:58:45.983, 273997952853, vstest.console.dll, MetadataReaderExtensionsHelper: Discovering extensions inside assembly 'Microsoft.VisualStudio.TestPlatform.Extensions.Html.TestLogger, Version=15.0.0.0, Culture=neutral, PublicKeyToken=b03f5f7f11d50a3a' file path 'C:\Program Files\dotnet\sdk\9.0.100\Extensions\Microsoft.VisualStudio.TestPlatform.Extensions.Html.TestLogger.dll'
TpTrace Information: 0 : 1460, 1, 2025/03/01, 16:58:45.985, 273997967781, vstest.console.dll, AssemblyResolver.OnResolve: Microsoft.VisualStudio.TestPlatform.Extensions.Trx.TestLogger: Resolving assembly.
TpTrace Information: 0 : 1460, 1, 2025/03/01, 16:58:45.985, 273997968870, vstest.console.dll, AssemblyResolver.OnResolve: Microsoft.VisualStudio.TestPlatform.Extensions.Trx.TestLogger: Searching in: 'C:\Program Files\dotnet\sdk\9.0.100\Extensions'.
TpTrace Information: 0 : 1460, 1, 2025/03/01, 16:58:45.986, 273997984538, vstest.console.dll, AssemblyResolver.OnResolve: Microsoft.VisualStudio.TestPlatform.Extensions.Trx.TestLogger: Loading assembly 'C:\Program Files\dotnet\sdk\9.0.100\Extensions\Microsoft.VisualStudio.TestPlatform.Extensions.Trx.TestLogger.dll'.
TpTrace Information: 0 : 1460, 1, 2025/03/01, 16:58:45.988, 273998001476, vstest.console.dll, AssemblyResolver.OnResolve: Resolved assembly: Microsoft.VisualStudio.TestPlatform.Extensions.Trx.TestLogger, from path: C:\Program Files\dotnet\sdk\9.0.100\Extensions\Microsoft.VisualStudio.TestPlatform.Extensions.Trx.TestLogger.dll
TpTrace Verbose: 0 : 1460, 1, 2025/03/01, 16:58:45.988, 273998002939, vstest.console.dll, MetadataReaderExtensionsHelper: Discovering extensions inside assembly 'Microsoft.VisualStudio.TestPlatform.Extensions.Trx.TestLogger, Version=15.0.0.0, Culture=neutral, PublicKeyToken=b03f5f7f11d50a3a' file path 'C:\Program Files\dotnet\sdk\9.0.100\Extensions\Microsoft.VisualStudio.TestPlatform.Extensions.Trx.TestLogger.dll'
TpTrace Verbose: 0 : 1460, 1, 2025/03/01, 16:58:45.991, 273998030584, vstest.console.dll, TestPluginCache: Discovered the extensions using extension path ''.
TpTrace Verbose: 0 : 1460, 1, 2025/03/01, 16:58:45.991, 273998031603, vstest.console.dll, TestPluginCache: Discoverers are ''.
TpTrace Verbose: 0 : 1460, 1, 2025/03/01, 16:58:45.991, 273998032118, vstest.console.dll, TestPluginCache: Executors are ''.
TpTrace Verbose: 0 : 1460, 1, 2025/03/01, 16:58:45.991, 273998032480, vstest.console.dll, TestPluginCache: Executors2 are ''.
TpTrace Verbose: 0 : 1460, 1, 2025/03/01, 16:58:45.991, 273998032784, vstest.console.dll, TestPluginCache: Setting providers are ''.
TpTrace Verbose: 0 : 1460, 1, 2025/03/01, 16:58:45.991, 273998033079, vstest.console.dll, TestPluginCache: Loggers are ''.
TpTrace Verbose: 0 : 1460, 1, 2025/03/01, 16:58:45.991, 273998035281, vstest.console.dll, TestPluginCache: TestHosts are 'HostProvider://DefaultTestHost,HostProvider://DotnetTestHost'.
TpTrace Verbose: 0 : 1460, 1, 2025/03/01, 16:58:45.991, 273998035775, vstest.console.dll, TestPluginCache: DataCollectors are ''.
TpTrace Information: 0 : 1460, 1, 2025/03/01, 16:58:46.026, 273998386386, vstest.console.dll, RunTestsArgumentProcessor:Execute: Test run is starting.
TpTrace Verbose: 0 : 1460, 1, 2025/03/01, 16:58:46.027, 273998387392, vstest.console.dll, RunTestsArgumentProcessor:Execute: Queuing Test run.
TpTrace Information: 0 : 1460, 1, 2025/03/01, 16:58:46.027, 273998390059, vstest.console.dll, TestRequestManager.RunTests: run tests started.
TpTrace Information: 0 : 1460, 1, 2025/03/01, 16:58:46.028, 273998403886, vstest.console.dll, AssemblyMetadataProvider.GetFrameworkName: Determined framework:'.NETCoreApp,Version=v6.0' for source: 'C:\Users\TOSHIBA\Downloads\QA path\Programming for QA\Programming Fundamentals and Unit Testing\18-Unit-Testing-Arrays-Resources\TestApp.UnitTests\bin\Debug\net6.0\fine-code-coverage\build-output\TestApp.UnitTests.dll'
TpTrace Information: 0 : 1460, 1, 2025/03/01, 16:58:46.029, 273998407382, vstest.console.dll, Determined framework for all sources: .NETCoreApp,Version=v6.0
TpTrace Verbose: 0 : 1460, 1, 2025/03/01, 16:58:46.029, 273998413129, vstest.console.dll, TestRequestManager.UpdateRunSettingsIfRequired: Default architecture: X64 IsDefaultTargetArchitecture: True, Current process architecture: X64 OperatingSystem: Windows.
TpTrace Information: 0 : 1460, 1, 2025/03/01, 16:58:46.031, 273998430832, vstest.console.dll, AssemblyMetadataProvider.GetArchitecture: Determined architecture:AnyCPU info for assembly: C:\Users\TOSHIBA\Downloads\QA path\Programming for QA\Programming Fundamentals and Unit Testing\18-Unit-Testing-Arrays-Resources\TestApp.UnitTests\bin\Debug\net6.0\fine-code-coverage\build-output\TestApp.UnitTests.dll
TpTrace Information: 0 : 1460, 1, 2025/03/01, 16:58:46.031, 273998431629, vstest.console.dll, Determined platform for source 'C:\Users\TOSHIBA\Downloads\QA path\Programming for QA\Programming Fundamentals and Unit Testing\18-Unit-Testing-Arrays-Resources\TestApp.UnitTests\bin\Debug\net6.0\fine-code-coverage\build-output\TestApp.UnitTests.dll' was AnyCPU and it will use the default plaform X64.
TpTrace Information: 0 : 1460, 1, 2025/03/01, 16:58:46.031, 273998431984, vstest.console.dll, None of the sources provided any runnable platform, using the default platform: X64
TpTrace Information: 0 : 1460, 1, 2025/03/01, 16:58:46.031, 273998432998, vstest.console.dll, Platform was updated to 'X64'.
TpTrace Information: 0 : 1460, 1, 2025/03/01, 16:58:46.038, 273998498182, vstest.console.dll, InferRunSettingsHelper.IsTestSettingsEnabled: Unable to navigate to RunSettings/MSTest. Current node: RunSettings
TpTrace Information: 0 : 1460, 1, 2025/03/01, 16:58:46.038, 273998505782, vstest.console.dll, AssemblyResolver.OnResolve: Microsoft.VisualStudio.TestPlatform.Fakes: Resolving assembly.
TpTrace Information: 0 : 1460, 1, 2025/03/01, 16:58:46.038, 273998506700, vstest.console.dll, AssemblyResolver.OnResolve: Microsoft.VisualStudio.TestPlatform.Fakes: Searching in: 'C:\Program Files\dotnet\sdk\9.0.100\Extensions'.
TpTrace Information: 0 : 1460, 1, 2025/03/01, 16:58:46.039, 273998507906, vstest.console.dll, AssemblyResolver.OnResolve: Microsoft.VisualStudio.TestPlatform.Fakes: Assembly path does not exist: 'C:\Program Files\dotnet\sdk\9.0.100\Extensions\Microsoft.VisualStudio.TestPlatform.Fakes.dll', returning.
TpTrace Information: 0 : 1460, 1, 2025/03/01, 16:58:46.039, 273998508847, vstest.console.dll, AssemblyResolver.OnResolve: Microsoft.VisualStudio.TestPlatform.Fakes: Assembly path does not exist: 'C:\Program Files\dotnet\sdk\9.0.100\Extensions\Microsoft.VisualStudio.TestPlatform.Fakes.exe', returning.
TpTrace Information: 0 : 1460, 1, 2025/03/01, 16:58:46.039, 273998509223, vstest.console.dll, AssemblyResolver.OnResolve: Microsoft.VisualStudio.TestPlatform.Fakes: Searching in: 'C:\Program Files\dotnet\sdk\9.0.100'.
TpTrace Information: 0 : 1460, 1, 2025/03/01, 16:58:46.039, 273998509907, vstest.console.dll, AssemblyResolver.OnResolve: Microsoft.VisualStudio.TestPlatform.Fakes: Assembly path does not exist: 'C:\Program Files\dotnet\sdk\9.0.100\Microsoft.VisualStudio.TestPlatform.Fakes.dll', returning.
TpTrace Information: 0 : 1460, 1, 2025/03/01, 16:58:46.039, 273998510589, vstest.console.dll, AssemblyResolver.OnResolve: Microsoft.VisualStudio.TestPlatform.Fakes: Assembly path does not exist: 'C:\Program Files\dotnet\sdk\9.0.100\Microsoft.VisualStudio.TestPlatform.Fakes.exe', returning.
TpTrace Information: 0 : 1460, 1, 2025/03/01, 16:58:46.039, 273998511008, vstest.console.dll, AssemblyResolver.OnResolve: Microsoft.VisualStudio.TestPlatform.Fakes: Failed to load assembly.
TpTrace Information: 0 : 1460, 1, 2025/03/01, 16:58:46.039, 273998514310, vstest.console.dll, Failed to load assembly Microsoft.VisualStudio.TestPlatform.Fakes, Version=17.0.0.0, Culture=neutral. Reason:System.IO.FileNotFoundException: Could not load file or assembly 'Microsoft.VisualStudio.TestPlatform.Fakes, Version=17.0.0.0, Culture=neutral, PublicKeyToken=null'. The system cannot find the file specified.
File name: 'Microsoft.VisualStudio.TestPlatform.Fakes, Version=17.0.0.0, Culture=neutral, PublicKeyToken=null'
   at System.Reflection.RuntimeAssembly.InternalLoad(AssemblyName assemblyName, StackCrawlMark& stackMark, AssemblyLoadContext assemblyLoadContext, RuntimeAssembly requestingAssembly, Boolean throwOnFileNotFound)
   at System.Reflection.Assembly.Load(AssemblyName assemblyRef)
   at Microsoft.VisualStudio.TestPlatform.Common.Utilities.FakesUtilities.LoadTestPlatformAssembly() in /_/src/Microsoft.TestPlatform.Common/Utilities/FakesUtilities.cs:line 273
TpTrace Verbose: 0 : 1460, 1, 2025/03/01, 16:58:46.047, 273998597111, vstest.console.dll, TestPluginCache.DiscoverTestExtensions: finding test extensions in assemblies ends with: TestLogger.dll TPluginInfo: Microsoft.VisualStudio.TestPlatform.Common.ExtensionFramework.Utilities.TestLoggerPluginInformation TExtension: Microsoft.VisualStudio.TestPlatform.ObjectModel.Client.ITestLogger
TpTrace Verbose: 0 : 1460, 1, 2025/03/01, 16:58:46.048, 273998598553, vstest.console.dll, TestPluginCache.GetExtensionPaths: Filtered extension paths: 
TpTrace Verbose: 0 : 1460, 1, 2025/03/01, 16:58:46.048, 273998599108, vstest.console.dll, TestPluginCache.GetExtensionPaths: Added default extension paths: C:\Program Files\dotnet\sdk\9.0.100\Extensions\Microsoft.Diagnostics.NETCore.Client.dll
C:\Program Files\dotnet\sdk\9.0.100\Extensions\Microsoft.TestPlatform.Extensions.BlameDataCollector.dll
C:\Program Files\dotnet\sdk\9.0.100\Extensions\Microsoft.TestPlatform.Extensions.EventLogCollector.dll
C:\Program Files\dotnet\sdk\9.0.100\Extensions\Microsoft.TestPlatform.TestHostRuntimeProvider.dll
C:\Program Files\dotnet\sdk\9.0.100\Extensions\Microsoft.VisualStudio.TestPlatform.Extensions.Html.TestLogger.dll
C:\Program Files\dotnet\sdk\9.0.100\Extensions\Microsoft.VisualStudio.TestPlatform.Extensions.Trx.TestLogger.dll
TpTrace Verbose: 0 : 1460, 1, 2025/03/01, 16:58:46.048, 273998599527, vstest.console.dll, TestPluginCache.GetExtensionPaths: Added unfilterableExtensionPaths: 
TpTrace Information: 0 : 1460, 1, 2025/03/01, 16:58:46.048, 273998601245, vstest.console.dll, AssemblyResolver.AddSearchDirectories: Adding more searchDirectories C:\Program Files\dotnet\sdk\9.0.100\Extensions,C:\Program Files\dotnet\sdk\9.0.100
TpTrace Verbose: 0 : 1460, 1, 2025/03/01, 16:58:46.048, 273998601827, vstest.console.dll, TestPluginCache.DiscoverTestExtensions: Discovering the extensions using extension path.
TpTrace Verbose: 0 : 1460, 1, 2025/03/01, 16:58:46.048, 273998602314, vstest.console.dll, TestPluginCache.GetExtensionPaths: Filtered extension paths: 
TpTrace Verbose: 0 : 1460, 1, 2025/03/01, 16:58:46.048, 273998602714, vstest.console.dll, TestPluginCache.GetExtensionPaths: Added default extension paths: C:\Program Files\dotnet\sdk\9.0.100\Extensions\Microsoft.Diagnostics.NETCore.Client.dll
C:\Program Files\dotnet\sdk\9.0.100\Extensions\Microsoft.TestPlatform.Extensions.BlameDataCollector.dll
C:\Program Files\dotnet\sdk\9.0.100\Extensions\Microsoft.TestPlatform.Extensions.EventLogCollector.dll
C:\Program Files\dotnet\sdk\9.0.100\Extensions\Microsoft.TestPlatform.TestHostRuntimeProvider.dll
C:\Program Files\dotnet\sdk\9.0.100\Extensions\Microsoft.VisualStudio.TestPlatform.Extensions.Html.TestLogger.dll
C:\Program Files\dotnet\sdk\9.0.100\Extensions\Microsoft.VisualStudio.TestPlatform.Extensions.Trx.TestLogger.dll
TpTrace Verbose: 0 : 1460, 1, 2025/03/01, 16:58:46.048, 273998603070, vstest.console.dll, TestPluginCache.GetExtensionPaths: Added unfilterableExtensionPaths: 
TpTrace Verbose: 0 : 1460, 1, 2025/03/01, 16:58:46.048, 273998603440, vstest.console.dll, TestPluginCache.DiscoverTestExtensions: Discovering the extensions using allExtensionPaths: C:\Program Files\dotnet\sdk\9.0.100\Extensions\Microsoft.Diagnostics.NETCore.Client.dll
C:\Program Files\dotnet\sdk\9.0.100\Extensions\Microsoft.TestPlatform.Extensions.BlameDataCollector.dll
C:\Program Files\dotnet\sdk\9.0.100\Extensions\Microsoft.TestPlatform.Extensions.EventLogCollector.dll
C:\Program Files\dotnet\sdk\9.0.100\Extensions\Microsoft.TestPlatform.TestHostRuntimeProvider.dll
C:\Program Files\dotnet\sdk\9.0.100\Extensions\Microsoft.VisualStudio.TestPlatform.Extensions.Html.TestLogger.dll
C:\Program Files\dotnet\sdk\9.0.100\Extensions\Microsoft.VisualStudio.TestPlatform.Extensions.Trx.TestLogger.dll
TpTrace Information: 0 : 1460, 1, 2025/03/01, 16:58:46.048, 273998604052, vstest.console.dll, AssemblyResolver.AddSearchDirectories: Adding more searchDirectories C:\Program Files\dotnet\sdk\9.0.100\Extensions,C:\Program Files\dotnet\sdk\9.0.100
TpTrace Information: 0 : 1460, 1, 2025/03/01, 16:58:46.048, 273998604546, vstest.console.dll, AssemblyResolver.AddSearchDirectories: Adding more searchDirectories C:\Program Files\dotnet\sdk\9.0.100\Extensions,C:\Program Files\dotnet\sdk\9.0.100
TpTrace Information: 0 : 1460, 1, 2025/03/01, 16:58:46.048, 273998604948, vstest.console.dll, AssemblyResolver.AddSearchDirectories: Adding more searchDirectories C:\Program Files\dotnet\sdk\9.0.100\Extensions,C:\Program Files\dotnet\sdk\9.0.100
TpTrace Information: 0 : 1460, 1, 2025/03/01, 16:58:46.048, 273998605326, vstest.console.dll, AssemblyResolver.AddSearchDirectories: Adding more searchDirectories C:\Program Files\dotnet\sdk\9.0.100\Extensions,C:\Program Files\dotnet\sdk\9.0.100
TpTrace Information: 0 : 1460, 1, 2025/03/01, 16:58:46.048, 273998605704, vstest.console.dll, AssemblyResolver.AddSearchDirectories: Adding more searchDirectories C:\Program Files\dotnet\sdk\9.0.100\Extensions,C:\Program Files\dotnet\sdk\9.0.100
TpTrace Information: 0 : 1460, 1, 2025/03/01, 16:58:46.048, 273998606079, vstest.console.dll, AssemblyResolver.AddSearchDirectories: Adding more searchDirectories C:\Program Files\dotnet\sdk\9.0.100\Extensions,C:\Program Files\dotnet\sdk\9.0.100
TpTrace Verbose: 0 : 1460, 1, 2025/03/01, 16:58:46.049, 273998607345, vstest.console.dll, MetadataReaderExtensionsHelper: Discovering extensions inside assembly 'Microsoft.Diagnostics.NETCore.Client, Version=0.2.10.41601, Culture=neutral, PublicKeyToken=31bf3856ad364e35' file path 'C:\Program Files\dotnet\sdk\9.0.100\Extensions\Microsoft.Diagnostics.NETCore.Client.dll'
TpTrace Information: 0 : 1460, 1, 2025/03/01, 16:58:46.049, 273998616262, vstest.console.dll, AssemblyResolver.OnResolve: Microsoft.Bcl.AsyncInterfaces: Resolving assembly.
TpTrace Information: 0 : 1460, 1, 2025/03/01, 16:58:46.049, 273998616907, vstest.console.dll, AssemblyResolver.OnResolve: Microsoft.Bcl.AsyncInterfaces: Resolved from cache.
TpTrace Verbose: 0 : 1460, 1, 2025/03/01, 16:58:46.050, 273998617281, vstest.console.dll, CurrentDomainAssemblyResolve: Resolving assembly 'Microsoft.Bcl.AsyncInterfaces'.
TpTrace Information: 0 : 1460, 1, 2025/03/01, 16:58:46.050, 273998617866, vstest.console.dll, AssemblyResolver.OnResolve: Microsoft.Bcl.AsyncInterfaces: Resolving assembly.
TpTrace Information: 0 : 1460, 1, 2025/03/01, 16:58:46.050, 273998618254, vstest.console.dll, AssemblyResolver.OnResolve: Microsoft.Bcl.AsyncInterfaces: Resolved from cache.
TpTrace Verbose: 0 : 1460, 1, 2025/03/01, 16:58:46.050, 273998618589, vstest.console.dll, CurrentDomainAssemblyResolve: Resolving assembly 'Microsoft.Bcl.AsyncInterfaces'.
TpTrace Verbose: 0 : 1460, 1, 2025/03/01, 16:58:46.050, 273998618906, vstest.console.dll, CurrentDomainAssemblyResolve: Failed to resolve assembly 'Microsoft.Bcl.AsyncInterfaces'.
TpTrace Verbose: 0 : 1460, 1, 2025/03/01, 16:58:46.050, 273998620572, vstest.console.dll, CurrentDomainAssemblyResolve: Failed to resolve assembly 'Microsoft.Bcl.AsyncInterfaces'.
TpTrace Warning: 0 : 1460, 1, 2025/03/01, 16:58:46.050, 273998624740, vstest.console.dll, TestPluginDiscoverer: Failed to get types from assembly 'Microsoft.Diagnostics.NETCore.Client, Version=0.2.10.41601, Culture=neutral, PublicKeyToken=31bf3856ad364e35'. Error: System.Reflection.ReflectionTypeLoadException: Unable to load one or more of the requested types.
Could not load file or assembly 'Microsoft.Bcl.AsyncInterfaces, Version=6.0.0.0, Culture=neutral, PublicKeyToken=cc7b13ffcd2ddd51'. The system cannot find the file specified.
   at System.Reflection.RuntimeModule.GetDefinedTypes()
   at System.Reflection.RuntimeModule.GetTypes()
   at Microsoft.VisualStudio.TestPlatform.Common.ExtensionFramework.TestPluginDiscoverer.GetTestExtensionsFromAssembly[TPluginInfo,TExtension](Assembly assembly, Dictionary`2 pluginInfos, String filePath) in /_/src/Microsoft.TestPlatform.Common/ExtensionFramework/TestPluginDiscoverer.cs:line 159
System.IO.FileNotFoundException: Could not load file or assembly 'Microsoft.Bcl.AsyncInterfaces, Version=6.0.0.0, Culture=neutral, PublicKeyToken=cc7b13ffcd2ddd51'. The system cannot find the file specified.
File name: 'Microsoft.Bcl.AsyncInterfaces, Version=6.0.0.0, Culture=neutral, PublicKeyToken=cc7b13ffcd2ddd51'
 ---> System.IO.FileNotFoundException: Could not load file or assembly 'Microsoft.Bcl.AsyncInterfaces, Culture=neutral, PublicKeyToken=null'. The system cannot find the file specified.
File name: 'Microsoft.Bcl.AsyncInterfaces, Culture=neutral, PublicKeyToken=null'
   at System.Reflection.RuntimeAssembly.InternalLoad(AssemblyName assemblyName, StackCrawlMark& stackMark, AssemblyLoadContext assemblyLoadContext, RuntimeAssembly requestingAssembly, Boolean throwOnFileNotFound)
   at System.Reflection.Assembly.Load(AssemblyName assemblyRef)
   at Microsoft.VisualStudio.TestPlatform.Common.ExtensionFramework.TestPluginCache.CurrentDomainAssemblyResolve(Object sender, AssemblyResolveEventArgs args) in /_/src/Microsoft.TestPlatform.Common/ExtensionFramework/TestPluginCache.cs:line 514
   at System.Runtime.Loader.AssemblyLoadContext.GetFirstResolvedAssemblyFromResolvingEvent(AssemblyName assemblyName)
   at System.Runtime.Loader.AssemblyLoadContext.ResolveUsingEvent(AssemblyName assemblyName)
   at System.Runtime.Loader.AssemblyLoadContext.ResolveUsingResolvingEvent(IntPtr gchManagedAssemblyLoadContext, AssemblyName assemblyName)
TpTrace Warning: 0 : 1460, 1, 2025/03/01, 16:58:46.050, 273998626294, vstest.console.dll, LoaderExceptions: System.IO.FileNotFoundException: Could not load file or assembly 'Microsoft.Bcl.AsyncInterfaces, Version=6.0.0.0, Culture=neutral, PublicKeyToken=cc7b13ffcd2ddd51'. The system cannot find the file specified.
File name: 'Microsoft.Bcl.AsyncInterfaces, Version=6.0.0.0, Culture=neutral, PublicKeyToken=cc7b13ffcd2ddd51'
 ---> System.IO.FileNotFoundException: Could not load file or assembly 'Microsoft.Bcl.AsyncInterfaces, Culture=neutral, PublicKeyToken=null'. The system cannot find the file specified.
File name: 'Microsoft.Bcl.AsyncInterfaces, Culture=neutral, PublicKeyToken=null'
   at System.Reflection.RuntimeAssembly.InternalLoad(AssemblyName assemblyName, StackCrawlMark& stackMark, AssemblyLoadContext assemblyLoadContext, RuntimeAssembly requestingAssembly, Boolean throwOnFileNotFound)
   at System.Reflection.Assembly.Load(AssemblyName assemblyRef)
   at Microsoft.VisualStudio.TestPlatform.Common.ExtensionFramework.TestPluginCache.CurrentDomainAssemblyResolve(Object sender, AssemblyResolveEventArgs args) in /_/src/Microsoft.TestPlatform.Common/ExtensionFramework/TestPluginCache.cs:line 514
   at System.Runtime.Loader.AssemblyLoadContext.GetFirstResolvedAssemblyFromResolvingEvent(AssemblyName assemblyName)
   at System.Runtime.Loader.AssemblyLoadContext.ResolveUsingEvent(AssemblyName assemblyName)
   at System.Runtime.Loader.AssemblyLoadContext.ResolveUsingResolvingEvent(IntPtr gchManagedAssemblyLoadContext, AssemblyName assemblyName)
TpTrace Verbose: 0 : 1460, 1, 2025/03/01, 16:58:46.050, 273998627059, vstest.console.dll, MetadataReaderExtensionsHelper: Discovering extensions inside assembly 'Microsoft.TestPlatform.Extensions.BlameDataCollector, Version=15.0.0.0, Culture=neutral, PublicKeyToken=b03f5f7f11d50a3a' file path 'C:\Program Files\dotnet\sdk\9.0.100\Extensions\Microsoft.TestPlatform.Extensions.BlameDataCollector.dll'
TpTrace Information: 0 : 1460, 1, 2025/03/01, 16:58:46.051, 273998634415, vstest.console.dll, GetTestExtensionFromType: Register extension with identifier data 'logger://Microsoft/TestPlatform/Extensions/Blame/v1' and type 'Microsoft.TestPlatform.Extensions.BlameDataCollector.BlameLogger, Microsoft.TestPlatform.Extensions.BlameDataCollector, Version=15.0.0.0, Culture=neutral, PublicKeyToken=b03f5f7f11d50a3a' inside file 'C:\Program Files\dotnet\sdk\9.0.100\Extensions\Microsoft.TestPlatform.Extensions.BlameDataCollector.dll'
TpTrace Verbose: 0 : 1460, 1, 2025/03/01, 16:58:46.051, 273998635164, vstest.console.dll, MetadataReaderExtensionsHelper: Discovering extensions inside assembly 'Microsoft.TestPlatform.Extensions.EventLogCollector, Version=15.0.0.0, Culture=neutral, PublicKeyToken=b03f5f7f11d50a3a' file path 'C:\Program Files\dotnet\sdk\9.0.100\Extensions\Microsoft.TestPlatform.Extensions.EventLogCollector.dll'
TpTrace Verbose: 0 : 1460, 1, 2025/03/01, 16:58:46.052, 273998640403, vstest.console.dll, MetadataReaderExtensionsHelper: Discovering extensions inside assembly 'Microsoft.TestPlatform.TestHostRuntimeProvider, Version=15.0.0.0, Culture=neutral, PublicKeyToken=b03f5f7f11d50a3a' file path 'C:\Program Files\dotnet\sdk\9.0.100\Extensions\Microsoft.TestPlatform.TestHostRuntimeProvider.dll'
TpTrace Verbose: 0 : 1460, 1, 2025/03/01, 16:58:46.052, 273998645683, vstest.console.dll, MetadataReaderExtensionsHelper: Discovering extensions inside assembly 'Microsoft.VisualStudio.TestPlatform.Extensions.Html.TestLogger, Version=15.0.0.0, Culture=neutral, PublicKeyToken=b03f5f7f11d50a3a' file path 'C:\Program Files\dotnet\sdk\9.0.100\Extensions\Microsoft.VisualStudio.TestPlatform.Extensions.Html.TestLogger.dll'
TpTrace Information: 0 : 1460, 1, 2025/03/01, 16:58:46.053, 273998654328, vstest.console.dll, GetTestExtensionFromType: Register extension with identifier data 'logger://Microsoft/TestPlatform/HtmlLogger/v1' and type 'Microsoft.VisualStudio.TestPlatform.Extensions.HtmlLogger.HtmlLogger, Microsoft.VisualStudio.TestPlatform.Extensions.Html.TestLogger, Version=15.0.0.0, Culture=neutral, PublicKeyToken=b03f5f7f11d50a3a' inside file 'C:\Program Files\dotnet\sdk\9.0.100\Extensions\Microsoft.VisualStudio.TestPlatform.Extensions.Html.TestLogger.dll'
TpTrace Verbose: 0 : 1460, 1, 2025/03/01, 16:58:46.053, 273998655286, vstest.console.dll, MetadataReaderExtensionsHelper: Discovering extensions inside assembly 'Microsoft.VisualStudio.TestPlatform.Extensions.Trx.TestLogger, Version=15.0.0.0, Culture=neutral, PublicKeyToken=b03f5f7f11d50a3a' file path 'C:\Program Files\dotnet\sdk\9.0.100\Extensions\Microsoft.VisualStudio.TestPlatform.Extensions.Trx.TestLogger.dll'
TpTrace Information: 0 : 1460, 1, 2025/03/01, 16:58:46.054, 273998662304, vstest.console.dll, GetTestExtensionFromType: Register extension with identifier data 'logger://Microsoft/TestPlatform/TrxLogger/v1' and type 'Microsoft.VisualStudio.TestPlatform.Extensions.TrxLogger.TrxLogger, Microsoft.VisualStudio.TestPlatform.Extensions.Trx.TestLogger, Version=15.0.0.0, Culture=neutral, PublicKeyToken=b03f5f7f11d50a3a' inside file 'C:\Program Files\dotnet\sdk\9.0.100\Extensions\Microsoft.VisualStudio.TestPlatform.Extensions.Trx.TestLogger.dll'
TpTrace Verbose: 0 : 1460, 1, 2025/03/01, 16:58:46.054, 273998663245, vstest.console.dll, TestPluginCache: Discovered the extensions using extension path ''.
TpTrace Verbose: 0 : 1460, 1, 2025/03/01, 16:58:46.054, 273998663685, vstest.console.dll, TestPluginCache: Discoverers are ''.
TpTrace Verbose: 0 : 1460, 1, 2025/03/01, 16:58:46.054, 273998664022, vstest.console.dll, TestPluginCache: Executors are ''.
TpTrace Verbose: 0 : 1460, 1, 2025/03/01, 16:58:46.054, 273998664321, vstest.console.dll, TestPluginCache: Executors2 are ''.
TpTrace Verbose: 0 : 1460, 1, 2025/03/01, 16:58:46.054, 273998664615, vstest.console.dll, TestPluginCache: Setting providers are ''.
TpTrace Verbose: 0 : 1460, 1, 2025/03/01, 16:58:46.055, 273998667892, vstest.console.dll, TestPluginCache: Loggers are 'logger://Microsoft/TestPlatform/Extensions/Blame/v1,logger://Microsoft/TestPlatform/HtmlLogger/v1,logger://Microsoft/TestPlatform/TrxLogger/v1'.
TpTrace Verbose: 0 : 1460, 1, 2025/03/01, 16:58:46.055, 273998668988, vstest.console.dll, TestPluginCache: TestHosts are 'HostProvider://DefaultTestHost,HostProvider://DotnetTestHost'.
TpTrace Verbose: 0 : 1460, 1, 2025/03/01, 16:58:46.055, 273998669452, vstest.console.dll, TestPluginCache: DataCollectors are ''.
TpTrace Information: 0 : 1460, 1, 2025/03/01, 16:58:46.056, 273998680758, vstest.console.dll, TestPluginManager.CreateTestExtension: Attempting to load test extension: Microsoft.TestPlatform.Extensions.BlameDataCollector.BlameLogger
TpTrace Verbose: 0 : 1460, 1, 2025/03/01, 16:58:46.070, 273998819981, vstest.console.dll, TestEngine: Initializing Parallel Execution as MaxCpuCount is set to: 1
TpTrace Information: 0 : 1460, 1, 2025/03/01, 16:58:46.071, 273998837098, vstest.console.dll, TestPluginManager.CreateTestExtension: Attempting to load test extension: Microsoft.VisualStudio.TestPlatform.CrossPlatEngine.Hosting.DefaultTestHostManager
TpTrace Information: 0 : 1460, 1, 2025/03/01, 16:58:46.073, 273998851210, vstest.console.dll, TestPluginManager.CreateTestExtension: Attempting to load test extension: Microsoft.VisualStudio.TestPlatform.CrossPlatEngine.Hosting.DotnetTestHostManager
TpTrace Verbose: 0 : 1460, 1, 2025/03/01, 16:58:46.073, 273998854510, vstest.console.dll, TestHostManagerCallbacks.ctor: Forwarding output is enabled.
TpTrace Information: 0 : 1460, 1, 2025/03/01, 16:58:46.074, 273998859239, vstest.console.dll, InferRunSettingsHelper.IsTestSettingsEnabled: Unable to navigate to RunSettings/MSTest. Current node: RunSettings
TpTrace Verbose: 0 : 1460, 1, 2025/03/01, 16:58:46.075, 273998867934, vstest.console.dll, ParallelOperationManager.ClearSlots: Clearing all slots. Slots should accept more work: True
TpTrace Verbose: 0 : 1460, 1, 2025/03/01, 16:58:46.075, 273998874409, vstest.console.dll, ParallelOperationManager.SetOccupiedSlotCount: Setting slot counts AvailableSlotCount = 1, OccupiedSlotCount = 0.
TpTrace Verbose: 0 : 1460, 1, 2025/03/01, 16:58:46.076, 273998880315, vstest.console.dll, Occupied slots:

TpTrace Verbose: 0 : 1460, 1, 2025/03/01, 16:58:46.079, 273998914861, vstest.console.dll, TestEngine.GetExecutionManager: Chosen execution manager 'Microsoft.VisualStudio.TestPlatform.CrossPlatEngine.Client.Parallel.ParallelProxyExecutionManager, Microsoft.TestPlatform.CrossPlatEngine, Version=15.0.0.0, Culture=neutral, PublicKeyToken=b03f5f7f11d50a3a' ParallelLevel '1'.
TpTrace Verbose: 0 : 1460, 1, 2025/03/01, 16:58:46.079, 273998916757, vstest.console.dll, TestPlatform.GetSkipDefaultAdapters: Not skipping default adapters SkipDefaultAdapters was false.
TpTrace Verbose: 0 : 1460, 1, 2025/03/01, 16:58:46.080, 273998917867, vstest.console.dll, TestRunRequest.ExecuteAsync: Creating test run request.
TpTrace Verbose: 0 : 1460, 1, 2025/03/01, 16:58:46.080, 273998920776, vstest.console.dll, TestRunRequest.ExecuteAsync: Starting.
TpTrace Information: 0 : 1460, 1, 2025/03/01, 16:58:46.081, 273998932463, vstest.console.dll, TestRunRequest.ExecuteAsync: Starting run with settings:TestRunCriteria:
   KeepAlive=False,FrequencyOfRunStatsChangeEvent=10,RunStatsChangeEventTimeout=00:00:01.5000000,TestCaseFilter=,TestExecutorLauncher=
   Settingsxml=<RunSettings>
  <RunConfiguration>
    <ResultsDirectory>C:\Users\TOSHIBA\Downloads\QA path\Programming for QA\Programming Fundamentals and Unit Testing\18-Unit-Testing-Arrays-Resources\TestApp.UnitTests\bin\Debug\net6.0\fine-code-coverage\coverage-tool-output</ResultsDirectory>
    <TargetPlatform>X64</TargetPlatform>
    <TargetFrameworkVersion>.NETCoreApp,Version=v6.0</TargetFrameworkVersion>
    <DesignMode>False</DesignMode>
    <CollectSourceInformation>False</CollectSourceInformation>
  </RunConfiguration>
  <LoggerRunSettings>
    <Loggers>
      <Logger friendlyName="blame" enabled="True" />
      <Logger friendlyName="Console" uri="logger://microsoft/TestPlatform/ConsoleLogger/v1" assemblyQualifiedName="Microsoft.VisualStudio.TestPlatform.CommandLine.Internal.ConsoleLogger, vstest.console, Version=15.0.0.0, Culture=neutral, PublicKeyToken=b03f5f7f11d50a3a" codeBase="C:\Program Files\dotnet\sdk\9.0.100\vstest.console.dll" enabled="True" />
    </Loggers>
  </LoggerRunSettings>
  <DataCollectionRunSettings>
    <DataCollectors>
      <DataCollector friendlyName="blame" enabled="True">
        <Configuration>
          <ResultsDirectory>C:\Users\TOSHIBA\Downloads\QA path\Programming for QA\Programming Fundamentals and Unit Testing\18-Unit-Testing-Arrays-Resources\TestApp.UnitTests\bin\Debug\net6.0\fine-code-coverage\coverage-tool-output</ResultsDirectory>
        </Configuration>
      </DataCollector>
    </DataCollectors>
  </DataCollectionRunSettings>
</RunSettings>

TpTrace Verbose: 0 : 1460, 1, 2025/03/01, 16:58:46.081, 273998933109, vstest.console.dll, TestRunRequest.ExecuteAsync: Wait for the first run request is over.
TpTrace Verbose: 0 : 1460, 1, 2025/03/01, 16:58:46.081, 273998935862, vstest.console.dll, MulticastDelegateUtilities.SafeInvoke: TestRun.TestRunStart: Invoking callbacks was skipped because there are no subscribers.
TpTrace Verbose: 0 : 1460, 4, 2025/03/01, 16:58:46.082, 273998937986, vstest.console.dll, MulticastDelegateUtilities.SafeInvoke: InternalTestLoggerEvents.SendTestRunStart: Invoking callback 1/1 for Microsoft.VisualStudio.TestPlatform.CommandLine.Internal.ConsoleLogger., took 0 ms.
TpTrace Verbose: 0 : 1460, 1, 2025/03/01, 16:58:46.083, 273998949169, vstest.console.dll, ParallelProxyExecutionManager: Start execution. Total sources: 1
TpTrace Verbose: 0 : 1460, 1, 2025/03/01, 16:58:46.083, 273998952709, vstest.console.dll, ParallelOperationManager.StartWork: Starting adding 1 workloads.
TpTrace Verbose: 0 : 1460, 1, 2025/03/01, 16:58:46.083, 273998953432, vstest.console.dll, ParallelOperationManager.ClearSlots: Clearing all slots. Slots should accept more work: True
TpTrace Verbose: 0 : 1460, 1, 2025/03/01, 16:58:46.083, 273998954192, vstest.console.dll, ParallelOperationManager.SetOccupiedSlotCount: Setting slot counts AvailableSlotCount = 1, OccupiedSlotCount = 0.
TpTrace Verbose: 0 : 1460, 1, 2025/03/01, 16:58:46.083, 273998954611, vstest.console.dll, Occupied slots:

TpTrace Verbose: 0 : 1460, 1, 2025/03/01, 16:58:46.084, 273998966675, vstest.console.dll, TestHostManagerCallbacks.ctor: Forwarding output is enabled.
TpTrace Verbose: 0 : 1460, 1, 2025/03/01, 16:58:46.085, 273998968923, vstest.console.dll, TestRequestSender is acting as server.
TpTrace Verbose: 0 : 1460, 1, 2025/03/01, 16:58:46.086, 273998984481, vstest.console.dll, ParallelOperationManager.RunWorkInParallel: Adding 1 workload to slot, remaining workloads 0.
TpTrace Verbose: 0 : 1460, 1, 2025/03/01, 16:58:46.086, 273998985266, vstest.console.dll, ParallelOperationManager.SetOccupiedSlotCount: Setting slot counts AvailableSlotCount = 0, OccupiedSlotCount = 1.
TpTrace Verbose: 0 : 1460, 1, 2025/03/01, 16:58:46.086, 273998986554, vstest.console.dll, Occupied slots:
0: C:\Users\TOSHIBA\Downloads\QA path\Programming for QA\Programming Fundamentals and Unit Testing\18-Unit-Testing-Arrays-Resources\TestApp.UnitTests\bin\Debug\net6.0\fine-code-coverage\build-output\TestApp.UnitTests.dll
TpTrace Verbose: 0 : 1460, 1, 2025/03/01, 16:58:46.088, 273999000323, vstest.console.dll, ParallelOperationManager.RunWorkInParallel: Started host in slot number 0 for work (source): C:\Users\TOSHIBA\Downloads\QA path\Programming for QA\Programming Fundamentals and Unit Testing\18-Unit-Testing-Arrays-Resources\TestApp.UnitTests\bin\Debug\net6.0\fine-code-coverage\build-output\TestApp.UnitTests.dll.
TpTrace Verbose: 0 : 1460, 5, 2025/03/01, 16:58:46.089, 273999009292, vstest.console.dll, ParallelProxyExecutionManager.StartTestRunOnConcurrentManager: Initializing uninitialized client. Started clients: 0
TpTrace Verbose: 0 : 1460, 1, 2025/03/01, 16:58:46.089, 273999010233, vstest.console.dll, ParallelOperationManager.RunWorkInParallel: We started 1 work items, which is the max parallel level. Won't start more work.
TpTrace Verbose: 0 : 1460, 5, 2025/03/01, 16:58:46.089, 273999010985, vstest.console.dll, DataCollectionRequestSender.InitializeCommunication : Initialize communication. 
TpTrace Verbose: 0 : 1460, 1, 2025/03/01, 16:58:46.089, 273999011098, vstest.console.dll, ParallelOperationManager.RunWorkInParallel: We started 1 work items in here, returning True.
TpTrace Information: 0 : 1460, 1, 2025/03/01, 16:58:46.089, 273999012225, vstest.console.dll, TestRunRequest.ExecuteAsync: Started.
TpTrace Verbose: 0 : 1460, 1, 2025/03/01, 16:58:46.090, 273999018386, vstest.console.dll, TestRunRequest.WaitForCompletion: Waiting with timeout -1.
TpTrace Information: 0 : 1460, 5, 2025/03/01, 16:58:46.103, 273999150960, vstest.console.dll, Listening on Endpoint : 127.0.0.1:53921
TpTrace Verbose: 0 : 1460, 5, 2025/03/01, 16:58:46.115, 273999277122, vstest.console.dll, DotnetDataCollectionLauncher: Adding  --runtimeconfig "C:\Program Files\dotnet\sdk\9.0.100\datacollector.runtimeconfig.json" in args
TpTrace Verbose: 0 : 1460, 5, 2025/03/01, 16:58:46.116, 273999280675, vstest.console.dll, DotnetDataCollectionLauncher: Adding  --depsfile "C:\Program Files\dotnet\sdk\9.0.100\datacollector.deps.json" in args
TpTrace Verbose: 0 : 1460, 5, 2025/03/01, 16:58:46.116, 273999283277, vstest.console.dll, DotnetDataCollectionLauncher: Full path of dotnet.exe is C:\Program Files\dotnet\dotnet.exe
TpTrace Information: 0 : 1460, 5, 2025/03/01, 16:58:46.126, 273999385089, vstest.console.dll, ProxyDataCollectionManager.Initialize: Launched datacollector processId: 12360 port: 53921
TpTrace Information: 0 : 1460, 5, 2025/03/01, 16:58:46.127, 273999388730, vstest.console.dll, ProxyDataCollectionManager.Initialize: waiting for connection with timeout: 90 seconds
TpTrace Verbose: 0 : 1460, 5, 2025/03/01, 16:58:46.127, 273999389782, vstest.console.dll, DataCollectionRequestSender.WaitForRequestHandlerConnection : Waiting for connection with timeout: 90000
TpTrace Information: 0 : 1460, 9, 2025/03/01, 16:58:46.313, 274001249252, vstest.console.dll, Using the buffer size of 16384 bytes
TpTrace Verbose: 0 : 1460, 5, 2025/03/01, 16:58:46.313, 274001249294, vstest.console.dll, SocketCommunicationManager.WaitForClientConnection took: 185 ms, with 90000 ms timeout, and finished with True.
TpTrace Information: 0 : 1460, 9, 2025/03/01, 16:58:46.313, 274001250866, vstest.console.dll, Accepted Client request and set the flag
TpTrace Verbose: 0 : 1460, 5, 2025/03/01, 16:58:46.313, 274001252366, vstest.console.dll, ProxyDataCollectionManager.InvokeDataCollectionServiceAction: Starting.
TpTrace Information: 0 : 1460, 5, 2025/03/01, 16:58:46.313, 274001253552, vstest.console.dll, ProxyDataCollectionManager.BeforeTestRunStart: Get environment variable and port for datacollector processId: 12360 port: 53921
TpTrace Verbose: 0 : 1460, 5, 2025/03/01, 16:58:46.313, 274001255196, vstest.console.dll, DataCollectionRequestSender.SendBeforeTestRunStartAndGetResult: Send BeforeTestRunStart message with settingsXml <RunSettings><RunConfiguration><ResultsDirectory>C:\Users\TOSHIBA\Downloads\QA path\Programming for QA\Programming Fundamentals and Unit Testing\18-Unit-Testing-Arrays-Resources\TestApp.UnitTests\bin\Debug\net6.0\fine-code-coverage\coverage-tool-output</ResultsDirectory><TargetPlatform>X64</TargetPlatform><TargetFrameworkVersion>.NETCoreApp,Version=v6.0</TargetFrameworkVersion><DesignMode>False</DesignMode><CollectSourceInformation>False</CollectSourceInformation><TestAdaptersPaths>C:\Program Files\dotnet\sdk\9.0.100\Extensions</TestAdaptersPaths></RunConfiguration><LoggerRunSettings><Loggers><Logger friendlyName="blame" enabled="True" /><Logger friendlyName="Console" uri="logger://microsoft/TestPlatform/ConsoleLogger/v1" assemblyQualifiedName="Microsoft.VisualStudio.TestPlatform.CommandLine.Internal.ConsoleLogger, vstest.console, Version=15.0.0.0, Culture=neutral, PublicKeyToken=b03f5f7f11d50a3a" codeBase="C:\Program Files\dotnet\sdk\9.0.100\vstest.console.dll" enabled="True" /></Loggers></LoggerRunSettings><DataCollectionRunSettings><DataCollectors><DataCollector friendlyName="blame" enabled="True"><Configuration><ResultsDirectory>C:\Users\TOSHIBA\Downloads\QA path\Programming for QA\Programming Fundamentals and Unit Testing\18-Unit-Testing-Arrays-Resources\TestApp.UnitTests\bin\Debug\net6.0\fine-code-coverage\coverage-tool-output</ResultsDirectory></Configuration></DataCollector></DataCollectors></DataCollectionRunSettings></RunSettings> and sources System.Collections.Generic.List`1[System.String]: 
TpTrace Verbose: 0 : 1460, 5, 2025/03/01, 16:58:46.459, 274002711538, vstest.console.dll, DataCollectionRequestSender.SendBeforeTestRunStartAndGetResult: Received message: (DataCollection.SendMessage) -> {"MessageType":"DataCollection.SendMessage","Payload":{"FriendlyName":null,"Uri":null,"TestCaseId":"00000000-0000-0000-0000-000000000000","Message":"Logging DataCollector Diagnostics in file: C:\\Users\\TOSHIBA\\Downloads\\QA path\\Programming for QA\\Programming Fundamentals and Unit Testing\\18-Unit-Testing-Arrays-Resources\\TestApp.UnitTests\\bin\\Debug\\net6.0\\fine-code-coverage\\coverage-tool-output\\diagnostics.datacollector.25-03-01_16-58-46_11551_5.log","Level":0}}
TpTrace Verbose: 0 : 1460, 5, 2025/03/01, 16:58:46.614, 274004259880, vstest.console.dll, DataCollectionRequestSender.SendBeforeTestRunStartAndGetResult: Received message: (DataCollection.BeforeTestRunStartResult) -> {"MessageType":"DataCollection.BeforeTestRunStartResult","Payload":{"EnvironmentVariables":{},"DataCollectionEventsPort":53923}}
TpTrace Information: 0 : 1460, 5, 2025/03/01, 16:58:46.621, 274004327899, vstest.console.dll, ProxyDataCollectionManager.BeforeTestRunStart: SendBeforeTestRunStartAndGetResult successful, env variable from datacollector:   and testhost port: 53923
TpTrace Information: 0 : 1460, 5, 2025/03/01, 16:58:46.621, 274004329059, vstest.console.dll, ProxyDataCollectionManager.InvokeDataCollectionServiceAction: Completed.
TpTrace Verbose: 0 : 1460, 5, 2025/03/01, 16:58:46.621, 274004329682, vstest.console.dll, ParallelProxyExecutionManager.StartTestRunOnConcurrentManager: Initializing test run. Started clients: 0
TpTrace Verbose: 0 : 1460, 5, 2025/03/01, 16:58:46.621, 274004330738, vstest.console.dll, ProxyExecutionManager: Test host is always Lazy initialize.
TpTrace Verbose: 0 : 1460, 5, 2025/03/01, 16:58:46.621, 274004333304, vstest.console.dll, TestRequestSender.InitializeCommunication: initialize communication. 
TpTrace Information: 0 : 1460, 5, 2025/03/01, 16:58:46.622, 274004341641, vstest.console.dll, SocketServer.Start: Listening on endpoint : 127.0.0.1:53924
TpTrace Verbose: 0 : 1460, 5, 2025/03/01, 16:58:46.623, 274004352105, vstest.console.dll, DotnetTestHostmanager.GetTestHostProcessStartInfo: Platform environment 'X64' target architecture 'X64' framework '.NETCoreApp,Version=v6.0' OS 'Windows'
TpTrace Verbose: 0 : 1460, 5, 2025/03/01, 16:58:46.624, 274004357626, vstest.console.dll, DotnetTestHostmanager: Adding  --runtimeconfig "C:\Users\TOSHIBA\Downloads\QA path\Programming for QA\Programming Fundamentals and Unit Testing\18-Unit-Testing-Arrays-Resources\TestApp.UnitTests\bin\Debug\net6.0\fine-code-coverage\build-output\TestApp.UnitTests.runtimeconfig.json" in args
TpTrace Verbose: 0 : 1460, 5, 2025/03/01, 16:58:46.624, 274004361184, vstest.console.dll, DotnetTestHostmanager: Adding  --depsfile "C:\Users\TOSHIBA\Downloads\QA path\Programming for QA\Programming Fundamentals and Unit Testing\18-Unit-Testing-Arrays-Resources\TestApp.UnitTests\bin\Debug\net6.0\fine-code-coverage\build-output\TestApp.UnitTests.deps.json" in args
TpTrace Verbose: 0 : 1460, 5, 2025/03/01, 16:58:46.624, 274004363293, vstest.console.dll, DotnetTestHostmanager.IsWinOnArm: Current PROCESSOR_ARCHITECTURE from environment variable 'AMD64'
TpTrace Verbose: 0 : 1460, 5, 2025/03/01, 16:58:46.624, 274004364011, vstest.console.dll, DotnetTestHostmanager.IsWinOnArm: Is Windows on ARM 'False'
TpTrace Verbose: 0 : 1460, 5, 2025/03/01, 16:58:46.624, 274004365142, vstest.console.dll, DotnetTestHostManager: testhost.exe found at path: C:\Users\TOSHIBA\Downloads\QA path\Programming for QA\Programming Fundamentals and Unit Testing\18-Unit-Testing-Arrays-Resources\TestApp.UnitTests\bin\Debug\net6.0\fine-code-coverage\build-output\testhost.exe
TpTrace Verbose: 0 : 1460, 5, 2025/03/01, 16:58:46.624, 274004365716, vstest.console.dll, DotnetTestHostmanager: Full path of host exe is C:\Users\TOSHIBA\Downloads\QA path\Programming for QA\Programming Fundamentals and Unit Testing\18-Unit-Testing-Arrays-Resources\TestApp.UnitTests\bin\Debug\net6.0\fine-code-coverage\build-output\testhost.exe
TpTrace Verbose: 0 : 1460, 5, 2025/03/01, 16:58:46.624, 274004367153, vstest.console.dll, DotnetTestHostmanager.LaunchTestHostAsync: Found 'VSTEST_WINAPPHOST_DOTNET_ROOT' in env variables, value 'C:\Program Files\dotnet', forwarding to 'DOTNET_ROOT'
TpTrace Verbose: 0 : 1460, 5, 2025/03/01, 16:58:46.625, 274004369845, vstest.console.dll, DotnetTestHostManager: Starting process 'C:\Users\TOSHIBA\Downloads\QA path\Programming for QA\Programming Fundamentals and Unit Testing\18-Unit-Testing-Arrays-Resources\TestApp.UnitTests\bin\Debug\net6.0\fine-code-coverage\build-output\testhost.exe' with command line ' --runtimeconfig "C:\Users\TOSHIBA\Downloads\QA path\Programming for QA\Programming Fundamentals and Unit Testing\18-Unit-Testing-Arrays-Resources\TestApp.UnitTests\bin\Debug\net6.0\fine-code-coverage\build-output\TestApp.UnitTests.runtimeconfig.json" --depsfile "C:\Users\TOSHIBA\Downloads\QA path\Programming for QA\Programming Fundamentals and Unit Testing\18-Unit-Testing-Arrays-Resources\TestApp.UnitTests\bin\Debug\net6.0\fine-code-coverage\build-output\TestApp.UnitTests.deps.json" --port 53924 --endpoint 127.0.0.1:053924 --role client --parentprocessid 1460 --diag "C:\Users\TOSHIBA\Downloads\QA path\Programming for QA\Programming Fundamentals and Unit Testing\18-Unit-Testing-Arrays-Resources\TestApp.UnitTests\bin\Debug\net6.0\fine-code-coverage\coverage-tool-output\diagnostics.host.25-03-01_16-58-46_62305_5.log" --tracelevel 4 --datacollectionport 53923 --telemetryoptedin false'
TpTrace Verbose: 0 : 1460, 5, 2025/03/01, 16:58:46.638, 274004503386, vstest.console.dll, MulticastDelegateUtilities.SafeInvoke: HostProviderEvents.OnHostLaunched: Invoking callback 1/2 for Microsoft.VisualStudio.TestPlatform.CrossPlatEngine.Client.ProxyExecutionManagerWithDataCollection., took 1 ms.
TpTrace Verbose: 0 : 1460, 5, 2025/03/01, 16:58:46.639, 274004509727, vstest.console.dll, Test Runtime launched
TpTrace Verbose: 0 : 1460, 5, 2025/03/01, 16:58:46.639, 274004511481, vstest.console.dll, MulticastDelegateUtilities.SafeInvoke: HostProviderEvents.OnHostLaunched: Invoking callback 2/2 for Microsoft.VisualStudio.TestPlatform.CrossPlatEngine.Client.ProxyOperationManager., took 0 ms.
TpTrace Verbose: 0 : 1460, 5, 2025/03/01, 16:58:46.639, 274004514133, vstest.console.dll, TestRequestSender.WaitForRequestHandlerConnection: waiting for connection with timeout: 90000.
TpTrace Verbose: 0 : 1460, 12, 2025/03/01, 16:58:46.914, 274007263108, vstest.console.dll, MulticastDelegateUtilities.SafeInvoke: SocketServer: ClientConnected: Invoking callback 1/1 for Microsoft.VisualStudio.TestPlatform.CommunicationUtilities.TestRequestSender., took 0 ms.
TpTrace Verbose: 0 : 1460, 5, 2025/03/01, 16:58:46.914, 274007263081, vstest.console.dll, TestRequestSender.WaitForRequestHandlerConnection: waiting took 274 ms, with timeout 90000 ms, and result 0, which is success.
TpTrace Verbose: 0 : 1460, 12, 2025/03/01, 16:58:46.914, 274007264698, vstest.console.dll, SocketServer.OnClientConnected: Client connected for endPoint: 127.0.0.1:53924, starting MessageLoopAsync:
TpTrace Verbose: 0 : 1460, 13, 2025/03/01, 16:58:46.915, 274007272491, vstest.console.dll, TcpClientExtensions.MessageLoopAsync: Polling on remoteEndPoint: 127.0.0.1:53925 localEndPoint: 127.0.0.1:53924 after 0 ms
TpTrace Verbose: 0 : 1460, 5, 2025/03/01, 16:58:46.915, 274007276532, vstest.console.dll, TestRequestSender.CheckVersionWithTestHost: Sending check version message: {"MessageType":"ProtocolVersion","Payload":7}
TpTrace Verbose: 0 : 1460, 13, 2025/03/01, 16:58:47.172, 274009847086, vstest.console.dll, TcpClientExtensions.MessageLoopAsync: NotifyDataAvailable remoteEndPoint: 127.0.0.1:53925 localEndPoint: 127.0.0.1:53924
TpTrace Verbose: 0 : 1460, 13, 2025/03/01, 16:58:47.173, 274009850382, vstest.console.dll, TestRequestSender.CheckVersionWithTestHost: onMessageReceived received message: (ProtocolVersion) -> {"MessageType":"ProtocolVersion","Payload":7}
TpTrace Verbose: 0 : 1460, 13, 2025/03/01, 16:58:47.174, 274009865933, vstest.console.dll, MulticastDelegateUtilities.SafeInvoke: LengthPrefixCommunicationChannel: MessageReceived: Invoking callback 1/1 for Microsoft.VisualStudio.TestPlatform.CommunicationUtilities.TestRequestSender+<>c__DisplayClass29_0., took 1 ms.
TpTrace Verbose: 0 : 1460, 13, 2025/03/01, 16:58:47.175, 274009867731, vstest.console.dll, TcpClientExtensions.MessageLoopAsync: Polling on remoteEndPoint: 127.0.0.1:53925 localEndPoint: 127.0.0.1:53924 after 259 ms
TpTrace Verbose: 0 : 1460, 5, 2025/03/01, 16:58:47.175, 274009867877, vstest.console.dll, TestPluginCache.GetExtensionPaths: Filtered extension paths: 
TpTrace Verbose: 0 : 1460, 5, 2025/03/01, 16:58:47.175, 274009869040, vstest.console.dll, TestPluginCache.GetExtensionPaths: Added default extension paths: C:\Program Files\dotnet\sdk\9.0.100\Extensions\Microsoft.Diagnostics.NETCore.Client.dll
C:\Program Files\dotnet\sdk\9.0.100\Extensions\Microsoft.TestPlatform.Extensions.BlameDataCollector.dll
C:\Program Files\dotnet\sdk\9.0.100\Extensions\Microsoft.TestPlatform.Extensions.EventLogCollector.dll
C:\Program Files\dotnet\sdk\9.0.100\Extensions\Microsoft.TestPlatform.TestHostRuntimeProvider.dll
C:\Program Files\dotnet\sdk\9.0.100\Extensions\Microsoft.VisualStudio.TestPlatform.Extensions.Html.TestLogger.dll
C:\Program Files\dotnet\sdk\9.0.100\Extensions\Microsoft.VisualStudio.TestPlatform.Extensions.Trx.TestLogger.dll
TpTrace Verbose: 0 : 1460, 5, 2025/03/01, 16:58:47.175, 274009869531, vstest.console.dll, TestPluginCache.GetExtensionPaths: Added unfilterableExtensionPaths: 
TpTrace Verbose: 0 : 1460, 5, 2025/03/01, 16:58:47.179, 274009908421, vstest.console.dll, TestRequestSender.InitializeExecution: Sending initialize execution with message: {"Version":7,"MessageType":"TestExecution.Initialize","Payload":["C:\\Users\\TOSHIBA\\Downloads\\QA path\\Programming for QA\\Programming Fundamentals and Unit Testing\\18-Unit-Testing-Arrays-Resources\\TestApp.UnitTests\\bin\\Debug\\net6.0\\fine-code-coverage\\build-output\\NUnit3.TestAdapter.dll"]}
TpTrace Verbose: 0 : 1460, 5, 2025/03/01, 16:58:47.179, 274009910847, vstest.console.dll, ParallelProxyExecutionManager.StartTestRunOnConcurrentManager: Execution starting. Started clients: 1
TpTrace Verbose: 0 : 1460, 5, 2025/03/01, 16:58:47.180, 274009923637, vstest.console.dll, TestRunRequest:SendTestRunMessage: Starting.
TpTrace Verbose: 0 : 1460, 5, 2025/03/01, 16:58:47.180, 274009926048, vstest.console.dll, MulticastDelegateUtilities.SafeInvoke: TestRun.LogMessages: Invoking callback 1/1 for Microsoft.VisualStudio.TestPlatform.CommandLine.TestRunResultAggregator., took 0 ms.
TpTrace Verbose: 0 : 1460, 4, 2025/03/01, 16:58:47.180, 274009926048, vstest.console.dll, MulticastDelegateUtilities.SafeInvoke: InternalTestLoggerEvents.SendTestRunMessage: Invoking callback 1/1 for Microsoft.VisualStudio.TestPlatform.CommandLine.Internal.ConsoleLogger., took 0 ms.
TpTrace Information: 0 : 1460, 5, 2025/03/01, 16:58:47.180, 274009927009, vstest.console.dll, TestRunRequest:SendTestRunMessage: Completed.
TpTrace Warning: 0 : 1460, 5, 2025/03/01, 16:58:47.181, 274009936423, vstest.console.dll, InferRunSettingsHelper.MakeRunsettingsCompatible: Removing the following settings: TargetPlatform from RunSettings file. To use those settings please move to latest version of Microsoft.NET.Test.Sdk
TpTrace Verbose: 0 : 1460, 13, 2025/03/01, 16:58:47.185, 274009974515, vstest.console.dll, TcpClientExtensions.MessageLoopAsync: NotifyDataAvailable remoteEndPoint: 127.0.0.1:53925 localEndPoint: 127.0.0.1:53924
TpTrace Verbose: 0 : 1460, 13, 2025/03/01, 16:58:47.186, 274009979864, vstest.console.dll, TestRequestSender.OnExecutionMessageReceived: Received message: {"Version":7,"MessageType":"TestSession.Message","Payload":{"MessageLevel":0,"Message":"Logging TestHost Diagnostics in file: C:\\Users\\TOSHIBA\\Downloads\\QA path\\Programming for QA\\Programming Fundamentals and Unit Testing\\18-Unit-Testing-Arrays-Resources\\TestApp.UnitTests\\bin\\Debug\\net6.0\\fine-code-coverage\\coverage-tool-output\\diagnostics.host.25-03-01_16-58-46_62305_5.log"}}
TpTrace Verbose: 0 : 1460, 13, 2025/03/01, 16:58:47.191, 274010028517, vstest.console.dll, TestRunRequest:SendTestRunMessage: Starting.
TpTrace Verbose: 0 : 1460, 13, 2025/03/01, 16:58:47.191, 274010033635, vstest.console.dll, MulticastDelegateUtilities.SafeInvoke: TestRun.LogMessages: Invoking callback 1/1 for Microsoft.VisualStudio.TestPlatform.CommandLine.TestRunResultAggregator., took 0 ms.
TpTrace Verbose: 0 : 1460, 4, 2025/03/01, 16:58:47.191, 274010033593, vstest.console.dll, MulticastDelegateUtilities.SafeInvoke: InternalTestLoggerEvents.SendTestRunMessage: Invoking callback 1/1 for Microsoft.VisualStudio.TestPlatform.CommandLine.Internal.ConsoleLogger., took 0 ms.
TpTrace Information: 0 : 1460, 13, 2025/03/01, 16:58:47.191, 274010034788, vstest.console.dll, TestRunRequest:SendTestRunMessage: Completed.
TpTrace Verbose: 0 : 1460, 13, 2025/03/01, 16:58:47.191, 274010036323, vstest.console.dll, MulticastDelegateUtilities.SafeInvoke: LengthPrefixCommunicationChannel: MessageReceived: Invoking callback 1/1 for Microsoft.VisualStudio.TestPlatform.CommunicationUtilities.TestRequestSender+<>c__DisplayClass34_0., took 5 ms.
TpTrace Verbose: 0 : 1460, 13, 2025/03/01, 16:58:47.191, 274010036954, vstest.console.dll, TcpClientExtensions.MessageLoopAsync: Polling on remoteEndPoint: 127.0.0.1:53925 localEndPoint: 127.0.0.1:53924 after 16 ms
TpTrace Verbose: 0 : 1460, 5, 2025/03/01, 16:58:47.193, 274010051833, vstest.console.dll, TestRequestSender.StartTestRun: Sending test run with message: {"Version":7,"MessageType":"TestExecution.StartWithSources","Payload":{"AdapterSourceMap":{"_none_":["C:\\Users\\TOSHIBA\\Downloads\\QA path\\Programming for QA\\Programming Fundamentals and Unit Testing\\18-Unit-Testing-Arrays-Resources\\TestApp.UnitTests\\bin\\Debug\\net6.0\\fine-code-coverage\\build-output\\TestApp.UnitTests.dll"]},"RunSettings":"<RunSettings>\r\n  <RunConfiguration>\r\n    <ResultsDirectory>C:\\Users\\TOSHIBA\\Downloads\\QA path\\Programming for QA\\Programming Fundamentals and Unit Testing\\18-Unit-Testing-Arrays-Resources\\TestApp.UnitTests\\bin\\Debug\\net6.0\\fine-code-coverage\\coverage-tool-output</ResultsDirectory>\r\n    <TargetFrameworkVersion>.NETCoreApp,Version=v6.0</TargetFrameworkVersion>\r\n    <DesignMode>False</DesignMode>\r\n    <CollectSourceInformation>False</CollectSourceInformation>\r\n  </RunConfiguration>\r\n  <LoggerRunSettings>\r\n    <Loggers>\r\n      <Logger friendlyName=\"blame\" enabled=\"True\" />\r\n      <Logger friendlyName=\"Console\" uri=\"logger://microsoft/TestPlatform/ConsoleLogger/v1\" assemblyQualifiedName=\"Microsoft.VisualStudio.TestPlatform.CommandLine.Internal.ConsoleLogger, vstest.console, Version=15.0.0.0, Culture=neutral, PublicKeyToken=b03f5f7f11d50a3a\" codeBase=\"C:\\Program Files\\dotnet\\sdk\\9.0.100\\vstest.console.dll\" enabled=\"True\" />\r\n    </Loggers>\r\n  </LoggerRunSettings>\r\n  <DataCollectionRunSettings>\r\n    <DataCollectors>\r\n      <DataCollector friendlyName=\"blame\" enabled=\"True\">\r\n        <Configuration>\r\n          <ResultsDirectory>C:\\Users\\TOSHIBA\\Downloads\\QA path\\Programming for QA\\Programming Fundamentals and Unit Testing\\18-Unit-Testing-Arrays-Resources\\TestApp.UnitTests\\bin\\Debug\\net6.0\\fine-code-coverage\\coverage-tool-output</ResultsDirectory>\r\n        </Configuration>\r\n      </DataCollector>\r\n    </DataCollectors>\r\n  </DataCollectionRunSettings>\r\n</RunSettings>","TestExecutionContext":{"FrequencyOfRunStatsChangeEvent":10,"RunStatsChangeEventTimeout":"00:00:01.5000000","InIsolation":false,"KeepAlive":false,"AreTestCaseLevelEventsRequired":false,"IsDebug":false,"TestCaseFilter":null,"FilterOptions":null},"Package":null}}
TpTrace Verbose: 0 : 1460, 5, 2025/03/01, 16:58:47.193, 274010054152, vstest.console.dll, ParallelProxyExecutionManager.StartTestRunOnConcurrentManager: Execution started. Started clients: 1
TpTrace Verbose: 0 : 1460, 13, 2025/03/01, 16:58:47.511, 274013228948, vstest.console.dll, TcpClientExtensions.MessageLoopAsync: NotifyDataAvailable remoteEndPoint: 127.0.0.1:53925 localEndPoint: 127.0.0.1:53924
TpTrace Verbose: 0 : 1460, 13, 2025/03/01, 16:58:47.511, 274013230756, vstest.console.dll, TestRequestSender.OnExecutionMessageReceived: Received message: {"Version":7,"MessageType":"TestSession.Message","Payload":{"MessageLevel":0,"Message":"NUnit Adapter 4.4.0.0: Test execution started"}}
TpTrace Verbose: 0 : 1460, 13, 2025/03/01, 16:58:47.511, 274013233925, vstest.console.dll, TestRunRequest:SendTestRunMessage: Starting.
TpTrace Verbose: 0 : 1460, 13, 2025/03/01, 16:58:47.511, 274013234981, vstest.console.dll, MulticastDelegateUtilities.SafeInvoke: TestRun.LogMessages: Invoking callback 1/1 for Microsoft.VisualStudio.TestPlatform.CommandLine.TestRunResultAggregator., took 0 ms.
TpTrace Information: 0 : 1460, 13, 2025/03/01, 16:58:47.511, 274013235581, vstest.console.dll, TestRunRequest:SendTestRunMessage: Completed.
TpTrace Verbose: 0 : 1460, 13, 2025/03/01, 16:58:47.511, 274013236123, vstest.console.dll, MulticastDelegateUtilities.SafeInvoke: LengthPrefixCommunicationChannel: MessageReceived: Invoking callback 1/1 for Microsoft.VisualStudio.TestPlatform.CommunicationUtilities.TestRequestSender+<>c__DisplayClass34_0., took 0 ms.
TpTrace Verbose: 0 : 1460, 13, 2025/03/01, 16:58:47.511, 274013236837, vstest.console.dll, TcpClientExtensions.MessageLoopAsync: Polling on remoteEndPoint: 127.0.0.1:53925 localEndPoint: 127.0.0.1:53924 after 319 ms
TpTrace Verbose: 0 : 1460, 4, 2025/03/01, 16:58:47.512, 274013237940, vstest.console.dll, MulticastDelegateUtilities.SafeInvoke: InternalTestLoggerEvents.SendTestRunMessage: Invoking callback 1/1 for Microsoft.VisualStudio.TestPlatform.CommandLine.Internal.ConsoleLogger., took 0 ms.
TpTrace Verbose: 0 : 1460, 13, 2025/03/01, 16:58:47.547, 274013594618, vstest.console.dll, TcpClientExtensions.MessageLoopAsync: NotifyDataAvailable remoteEndPoint: 127.0.0.1:53925 localEndPoint: 127.0.0.1:53924
TpTrace Verbose: 0 : 1460, 13, 2025/03/01, 16:58:47.547, 274013596545, vstest.console.dll, TestRequestSender.OnExecutionMessageReceived: Received message: {"Version":7,"MessageType":"TestSession.Message","Payload":{"MessageLevel":0,"Message":"Running all tests in C:\\Users\\TOSHIBA\\Downloads\\QA path\\Programming for QA\\Programming Fundamentals and Unit Testing\\18-Unit-Testing-Arrays-Resources\\TestApp.UnitTests\\bin\\Debug\\net6.0\\fine-code-coverage\\build-output\\TestApp.UnitTests.dll"}}
TpTrace Verbose: 0 : 1460, 13, 2025/03/01, 16:58:47.548, 274013598554, vstest.console.dll, TestRunRequest:SendTestRunMessage: Starting.
TpTrace Verbose: 0 : 1460, 13, 2025/03/01, 16:58:47.548, 274013599793, vstest.console.dll, MulticastDelegateUtilities.SafeInvoke: TestRun.LogMessages: Invoking callback 1/1 for Microsoft.VisualStudio.TestPlatform.CommandLine.TestRunResultAggregator., took 0 ms.
TpTrace Verbose: 0 : 1460, 4, 2025/03/01, 16:58:47.548, 274013600010, vstest.console.dll, MulticastDelegateUtilities.SafeInvoke: InternalTestLoggerEvents.SendTestRunMessage: Invoking callback 1/1 for Microsoft.VisualStudio.TestPlatform.CommandLine.Internal.ConsoleLogger., took 0 ms.
TpTrace Information: 0 : 1460, 13, 2025/03/01, 16:58:47.548, 274013600598, vstest.console.dll, TestRunRequest:SendTestRunMessage: Completed.
TpTrace Verbose: 0 : 1460, 13, 2025/03/01, 16:58:47.548, 274013601835, vstest.console.dll, MulticastDelegateUtilities.SafeInvoke: LengthPrefixCommunicationChannel: MessageReceived: Invoking callback 1/1 for Microsoft.VisualStudio.TestPlatform.CommunicationUtilities.TestRequestSender+<>c__DisplayClass34_0., took 0 ms.
TpTrace Verbose: 0 : 1460, 13, 2025/03/01, 16:58:47.548, 274013602280, vstest.console.dll, TcpClientExtensions.MessageLoopAsync: Polling on remoteEndPoint: 127.0.0.1:53925 localEndPoint: 127.0.0.1:53924 after 36 ms
TpTrace Verbose: 0 : 1460, 13, 2025/03/01, 16:58:47.822, 274016344849, vstest.console.dll, TcpClientExtensions.MessageLoopAsync: NotifyDataAvailable remoteEndPoint: 127.0.0.1:53925 localEndPoint: 127.0.0.1:53924
TpTrace Verbose: 0 : 1460, 13, 2025/03/01, 16:58:47.823, 274016347765, vstest.console.dll, TestRequestSender.OnExecutionMessageReceived: Received message: {"Version":7,"MessageType":"TestSession.Message","Payload":{"MessageLevel":0,"Message":"   NUnit3TestExecutor discovered 25 of 25 NUnit test cases using Current Discovery mode, Non-Explicit run"}}
TpTrace Verbose: 0 : 1460, 13, 2025/03/01, 16:58:47.823, 274016349684, vstest.console.dll, TestRunRequest:SendTestRunMessage: Starting.
TpTrace Verbose: 0 : 1460, 13, 2025/03/01, 16:58:47.823, 274016350611, vstest.console.dll, MulticastDelegateUtilities.SafeInvoke: TestRun.LogMessages: Invoking callback 1/1 for Microsoft.VisualStudio.TestPlatform.CommandLine.TestRunResultAggregator., took 0 ms.
TpTrace Information: 0 : 1460, 13, 2025/03/01, 16:58:47.823, 274016351247, vstest.console.dll, TestRunRequest:SendTestRunMessage: Completed.
TpTrace Verbose: 0 : 1460, 13, 2025/03/01, 16:58:47.823, 274016351760, vstest.console.dll, MulticastDelegateUtilities.SafeInvoke: LengthPrefixCommunicationChannel: MessageReceived: Invoking callback 1/1 for Microsoft.VisualStudio.TestPlatform.CommunicationUtilities.TestRequestSender+<>c__DisplayClass34_0., took 0 ms.
TpTrace Verbose: 0 : 1460, 13, 2025/03/01, 16:58:47.823, 274016352323, vstest.console.dll, TcpClientExtensions.MessageLoopAsync: Polling on remoteEndPoint: 127.0.0.1:53925 localEndPoint: 127.0.0.1:53924 after 274 ms
TpTrace Verbose: 0 : 1460, 4, 2025/03/01, 16:58:47.823, 274016353013, vstest.console.dll, MulticastDelegateUtilities.SafeInvoke: InternalTestLoggerEvents.SendTestRunMessage: Invoking callback 1/1 for Microsoft.VisualStudio.TestPlatform.CommandLine.Internal.ConsoleLogger., took 0 ms.
TpTrace Verbose: 0 : 1460, 13, 2025/03/01, 16:58:48.056, 274018681042, vstest.console.dll, TcpClientExtensions.MessageLoopAsync: NotifyDataAvailable remoteEndPoint: 127.0.0.1:53925 localEndPoint: 127.0.0.1:53924
TpTrace Verbose: 0 : 1460, 13, 2025/03/01, 16:58:48.057, 274018687515, vstest.console.dll, TestRequestSender.OnExecutionMessageReceived: Received message: {"Version":7,"MessageType":"TestExecution.StatsChange","Payload":{"NewTestResults":[{"TestCase":{"Id":"2abb489d-4d86-2496-a979-0d8c2ed1da7a","FullyQualifiedName":"TestApp.UnitTests.AverageTests.Test_CalculateAverage_InputHasMixedIntegers_ShouldReturnCorrectAverage","DisplayName":"Test_CalculateAverage_InputHasMixedIntegers_ShouldReturnCorrectAverage","ExecutorUri":"executor://NUnit3TestExecutor","Source":"C:\\Users\\TOSHIBA\\Downloads\\QA path\\Programming for QA\\Programming Fundamentals and Unit Testing\\18-Unit-Testing-Arrays-Resources\\TestApp.UnitTests\\bin\\Debug\\net6.0\\fine-code-coverage\\build-output\\TestApp.UnitTests.dll","CodeFilePath":null,"LineNumber":0,"Properties":[{"Key":{"Id":"NUnit.Seed","Label":"Seed","Category":"","Description":"","Attributes":0,"ValueType":"System.String"},"Value":"1983544509"}]},"Attachments":[],"Outcome":1,"ErrorMessage":null,"ErrorStackTrace":null,"DisplayName":"Test_CalculateAverage_InputHasMixedIntegers_ShouldReturnCorrectAverage","Messages":[],"ComputerName":"DESKTOP-D6DHFFL","Duration":"00:00:00.0166250","StartTime":"2025-03-01T14:58:47.870195+00:00","EndTime":"2025-03-01T14:58:47.886711+00:00","Properties":[{"Key":{"Id":"NUnit.Seed","Label":"Seed","Category":"","Description":"","Attributes":0,"ValueType":"System.String"},"Value":"1983544509"}]},{"TestCase":{"Id":"046f47f8-16d7-7918-15f0-35bf6040a12b","FullyQualifiedName":"TestApp.UnitTests.AverageTests.Test_CalculateAverage_InputHasNegativeIntegers_ShouldReturnCorrectAverage","DisplayName":"Test_CalculateAverage_InputHasNegativeIntegers_ShouldReturnCorrectAverage","ExecutorUri":"executor://NUnit3TestExecutor","Source":"C:\\Users\\TOSHIBA\\Downloads\\QA path\\Programming for QA\\Programming Fundamentals and Unit Testing\\18-Unit-Testing-Arrays-Resources\\TestApp.UnitTests\\bin\\Debug\\net6.0\\fine-code-coverage\\build-output\\TestApp.UnitTests.dll","CodeFilePath":null,"LineNumber":0,"Properties":[{"Key":{"Id":"NUnit.Seed","Label":"Seed","Category":"","Description":"","Attributes":0,"ValueType":"System.String"},"Value":"1466406757"}]},"Attachments":[],"Outcome":1,"ErrorMessage":null,"ErrorStackTrace":null,"DisplayName":"Test_CalculateAverage_InputHasNegativeIntegers_ShouldReturnCorrectAverage","Messages":[],"ComputerName":"DESKTOP-D6DHFFL","Duration":"00:00:00.0002790","StartTime":"2025-03-01T14:58:47.8889453+00:00","EndTime":"2025-03-01T14:58:47.889225+00:00","Properties":[{"Key":{"Id":"NUnit.Seed","Label":"Seed","Category":"","Description":"","Attributes":0,"ValueType":"System.String"},"Value":"1466406757"}]},{"TestCase":{"Id":"b8db6b59-a21b-6d59-94a1-c9a70d879e9c","FullyQualifiedName":"TestApp.UnitTests.AverageTests.Test_CalculateAverage_InputHasOneElement_ShouldReturnSameElement","DisplayName":"Test_CalculateAverage_InputHasOneElement_ShouldReturnSameElement","ExecutorUri":"executor://NUnit3TestExecutor","Source":"C:\\Users\\TOSHIBA\\Downloads\\QA path\\Programming for QA\\Programming Fundamentals and Unit Testing\\18-Unit-Testing-Arrays-Resources\\TestApp.UnitTests\\bin\\Debug\\net6.0\\fine-code-coverage\\build-output\\TestApp.UnitTests.dll","CodeFilePath":null,"LineNumber":0,"Properties":[{"Key":{"Id":"NUnit.Seed","Label":"Seed","Category":"","Description":"","Attributes":0,"ValueType":"System.String"},"Value":"830789211"}]},"Attachments":[],"Outcome":1,"ErrorMessage":null,"ErrorStackTrace":null,"DisplayName":"Test_CalculateAverage_InputHasOneElement_ShouldReturnSameElement","Messages":[],"ComputerName":"DESKTOP-D6DHFFL","Duration":"00:00:00.0001520","StartTime":"2025-03-01T14:58:47.8892457+00:00","EndTime":"2025-03-01T14:58:47.8893977+00:00","Properties":[{"Key":{"Id":"NUnit.Seed","Label":"Seed","Category":"","Description":"","Attributes":0,"ValueType":"System.String"},"Value":"830789211"}]},{"TestCase":{"Id":"e5e0c0b0-ebc6-0780-a4a0-375fc4bfbe35","FullyQualifiedName":"TestApp.UnitTests.AverageTests.Test_CalculateAverage_InputHasPositiveIntegers_ShouldReturnCorrectAverage","DisplayName":"Test_CalculateAverage_InputHasPositiveIntegers_ShouldReturnCorrectAverage","ExecutorUri":"executor://NUnit3TestExecutor","Source":"C:\\Users\\TOSHIBA\\Downloads\\QA path\\Programming for QA\\Programming Fundamentals and Unit Testing\\18-Unit-Testing-Arrays-Resources\\TestApp.UnitTests\\bin\\Debug\\net6.0\\fine-code-coverage\\build-output\\TestApp.UnitTests.dll","CodeFilePath":null,"LineNumber":0,"Properties":[{"Key":{"Id":"NUnit.Seed","Label":"Seed","Category":"","Description":"","Attributes":0,"ValueType":"System.String"},"Value":"1112224135"}]},"Attachments":[],"Outcome":1,"ErrorMessage":null,"ErrorStackTrace":null,"DisplayName":"Test_CalculateAverage_InputHasPositiveIntegers_ShouldReturnCorrectAverage","Messages":[],"ComputerName":"DESKTOP-D6DHFFL","Duration":"00:00:00.0001590","StartTime":"2025-03-01T14:58:47.8894085+00:00","EndTime":"2025-03-01T14:58:47.8895669+00:00","Properties":[{"Key":{"Id":"NUnit.Seed","Label":"Seed","Category":"","Description":"","Attributes":0,"ValueType":"System.String"},"Value":"1112224135"}]},{"TestCase":{"Id":"050ba827-dab2-3749-ec68-a6b8ae623c62","FullyQualifiedName":"TestApp.UnitTests.EvenLengthWordsFilterTests.Test_GetEvenWords_InputArrayOnlyWithOddLengthWords_ShouldReturnEmptyString","DisplayName":"Test_GetEvenWords_InputArrayOnlyWithOddLengthWords_ShouldReturnEmptyString","ExecutorUri":"executor://NUnit3TestExecutor","Source":"C:\\Users\\TOSHIBA\\Downloads\\QA path\\Programming for QA\\Programming Fundamentals and Unit Testing\\18-Unit-Testing-Arrays-Resources\\TestApp.UnitTests\\bin\\Debug\\net6.0\\fine-code-coverage\\build-output\\TestApp.UnitTests.dll","CodeFilePath":null,"LineNumber":0,"Properties":[{"Key":{"Id":"NUnit.Seed","Label":"Seed","Category":"","Description":"","Attributes":0,"ValueType":"System.String"},"Value":"516387155"}]},"Attachments":[],"Outcome":1,"ErrorMessage":null,"ErrorStackTrace":null,"DisplayName":"Test_GetEvenWords_InputArrayOnlyWithOddLengthWords_ShouldReturnEmptyString","Messages":[],"ComputerName":"DESKTOP-D6DHFFL","Duration":"00:00:00.0008130","StartTime":"2025-03-01T14:58:47.8922003+00:00","EndTime":"2025-03-01T14:58:47.8930127+00:00","Properties":[{"Key":{"Id":"NUnit.Seed","Label":"Seed","Category":"","Description":"","Attributes":0,"ValueType":"System.String"},"Value":"516387155"}]},{"TestCase":{"Id":"2268a83c-a961-3fe3-2060-db641be16b24","FullyQualifiedName":"TestApp.UnitTests.EvenLengthWordsFilterTests.Test_GetEvenWords_InputArrayWithEmptyStrings_ShouldReturnEmptyString","DisplayName":"Test_GetEvenWords_InputArrayWithEmptyStrings_ShouldReturnEmptyString","ExecutorUri":"executor://NUnit3TestExecutor","Source":"C:\\Users\\TOSHIBA\\Downloads\\QA path\\Programming for QA\\Programming Fundamentals and Unit Testing\\18-Unit-Testing-Arrays-Resources\\TestApp.UnitTests\\bin\\Debug\\net6.0\\fine-code-coverage\\build-output\\TestApp.UnitTests.dll","CodeFilePath":null,"LineNumber":0,"Properties":[{"Key":{"Id":"NUnit.Seed","Label":"Seed","Category":"","Description":"","Attributes":0,"ValueType":"System.String"},"Value":"1565684146"}]},"Attachments":[],"Outcome":1,"ErrorMessage":null,"ErrorStackTrace":null,"DisplayName":"Test_GetEvenWords_InputArrayWithEmptyStrings_ShouldReturnEmptyString","Messages":[],"ComputerName":"DESKTOP-D6DHFFL","Duration":"00:00:00.0001520","StartTime":"2025-03-01T14:58:47.8930291+00:00","EndTime":"2025-03-01T14:58:47.8931809+00:00","Properties":[{"Key":{"Id":"NUnit.Seed","Label":"Seed","Category":"","Description":"","Attributes":0,"ValueType":"System.String"},"Value":"1565684146"}]},{"TestCase":{"Id":"2e8d4261-ae05-d546-0c9d-52085f24a97f","FullyQualifiedName":"TestApp.UnitTests.EvenLengthWordsFilterTests.Test_GetEvenWords_InputArrayWithEvenAndOddLengthWords_ShouldReturnOnlyEvenLengthWords","DisplayName":"Test_GetEvenWords_InputArrayWithEvenAndOddLengthWords_ShouldReturnOnlyEvenLengthWords","ExecutorUri":"executor://NUnit3TestExecutor","Source":"C:\\Users\\TOSHIBA\\Downloads\\QA path\\Programming for QA\\Programming Fundamentals and Unit Testing\\18-Unit-Testing-Arrays-Resources\\TestApp.UnitTests\\bin\\Debug\\net6.0\\fine-code-coverage\\build-output\\TestApp.UnitTests.dll","CodeFilePath":null,"LineNumber":0,"Properties":[{"Key":{"Id":"NUnit.Seed","Label":"Seed","Category":"","Description":"","Attributes":0,"ValueType":"System.String"},"Value":"351402958"}]},"Attachments":[],"Outcome":1,"ErrorMessage":null,"ErrorStackTrace":null,"DisplayName":"Test_GetEvenWords_InputArrayWithEvenAndOddLengthWords_ShouldReturnOnlyEvenLengthWords","Messages":[],"ComputerName":"DESKTOP-D6DHFFL","Duration":"00:00:00.0001370","StartTime":"2025-03-01T14:58:47.8931913+00:00","EndTime":"2025-03-01T14:58:47.8933285+00:00","Properties":[{"Key":{"Id":"NUnit.Seed","Label":"Seed","Category":"","Description":"","Attributes":0,"ValueType":"System.String"},"Value":"351402958"}]},{"TestCase":{"Id":"42b371e2-ab9d-520a-6f5a-38b533f71ec9","FullyQualifiedName":"TestApp.UnitTests.EvenLengthWordsFilterTests.Test_GetEvenWords_InputArrayWithOneEvenLengthWord_ShouldReturnSameWord","DisplayName":"Test_GetEvenWords_InputArrayWithOneEvenLengthWord_ShouldReturnSameWord","ExecutorUri":"executor://NUnit3TestExecutor","Source":"C:\\Users\\TOSHIBA\\Downloads\\QA path\\Programming for QA\\Programming Fundamentals and Unit Testing\\18-Unit-Testing-Arrays-Resources\\TestApp.UnitTests\\bin\\Debug\\net6.0\\fine-code-coverage\\build-output\\TestApp.UnitTests.dll","CodeFilePath":null,"LineNumber":0,"Properties":[{"Key":{"Id":"NUnit.Seed","Label":"Seed","Category":"","Description":"","Attributes":0,"ValueType":"System.String"},"Value":"202638307"}]},"Attachments":[],"Outcome":1,"ErrorMessage":null,"ErrorStackTrace":null,"DisplayName":"Test_GetEvenWords_InputArrayWithOneEvenLengthWord_ShouldReturnSameWord","Messages":[],"ComputerName":"DESKTOP-D6DHFFL","Duration":"00:00:00.0001210","StartTime":"2025-03-01T14:58:47.8933388+00:00","EndTime":"2025-03-01T14:58:47.8934592+00:00","Properties":[{"Key":{"Id":"NUnit.Seed","Label":"Seed","Category":"","Description":"","Attributes":0,"ValueType":"System.String"},"Value":"202638307"}]},{"TestCase":{"Id":"2057c794-4c8b-6470-7650-99b16dcb0a78","FullyQualifiedName":"TestApp.UnitTests.EvenLengthWordsFilterTests.Test_GetEvenWords_InputArrayWithOneOddLengthWord_ShouldReturnEmptyString","DisplayName":"Test_GetEvenWords_InputArrayWithOneOddLengthWord_ShouldReturnEmptyString","ExecutorUri":"executor://NUnit3TestExecutor","Source":"C:\\Users\\TOSHIBA\\Downloads\\QA path\\Programming for QA\\Programming Fundamentals and Unit Testing\\18-Unit-Testing-Arrays-Resources\\TestApp.UnitTests\\bin\\Debug\\net6.0\\fine-code-coverage\\build-output\\TestApp.UnitTests.dll","CodeFilePath":null,"LineNumber":0,"Properties":[{"Key":{"Id":"NUnit.Seed","Label":"Seed","Category":"","Description":"","Attributes":0,"ValueType":"System.String"},"Value":"1243152004"}]},"Attachments":[],"Outcome":1,"ErrorMessage":null,"ErrorStackTrace":null,"DisplayName":"Test_GetEvenWords_InputArrayWithOneOddLengthWord_ShouldReturnEmptyString","Messages":[],"ComputerName":"DESKTOP-D6DHFFL","Duration":"00:00:00.0001210","StartTime":"2025-03-01T14:58:47.8934695+00:00","EndTime":"2025-03-01T14:58:47.8935905+00:00","Properties":[{"Key":{"Id":"NUnit.Seed","Label":"Seed","Category":"","Description":"","Attributes":0,"ValueType":"System.String"},"Value":"1243152004"}]}],"TestRunStatistics":{"ExecutedTests":9,"Stats":{"Passed":9}},"ActiveTests":[{"Id":"e4886b7b-25fb-2514-842b-d0eda1cdfa48","FullyQualifiedName":"TestApp.UnitTests.EvenOddSubtractionTests.Test_FindDifference_InputHasMixedNumbers_ShouldReturnDifference","DisplayName":"Test_FindDifference_InputHasMixedNumbers_ShouldReturnDifference","ExecutorUri":"executor://NUnit3TestExecutor","Source":"C:\\Users\\TOSHIBA\\Downloads\\QA path\\Programming for QA\\Programming Fundamentals and Unit Testing\\18-Unit-Testing-Arrays-Resources\\TestApp.UnitTests\\bin\\Debug\\net6.0\\fine-code-coverage\\build-output\\TestApp.UnitTests.dll","CodeFilePath":null,"LineNumber":0,"Properties":[{"Key":{"Id":"NUnit.Seed","Label":"Seed","Category":"","Description":"","Attributes":0,"ValueType":"System.String"},"Value":"1547898307"}]}]}}
TpTrace Verbose: 0 : 1460, 13, 2025/03/01, 16:58:48.103, 274019156108, vstest.console.dll, TestRunRequest:SendTestRunStatsChange: Starting.
TpTrace Verbose: 0 : 1460, 13, 2025/03/01, 16:58:48.104, 274019158511, vstest.console.dll, InProgress is Test_FindDifference_InputHasMixedNumbers_ShouldReturnDifference
TpTrace Verbose: 0 : 1460, 13, 2025/03/01, 16:58:48.104, 274019161799, vstest.console.dll, MulticastDelegateUtilities.SafeInvoke: TestRun.RunStatsChanged: Invoking callbacks was skipped because there are no subscribers.
TpTrace Information: 0 : 1460, 13, 2025/03/01, 16:58:48.104, 274019162578, vstest.console.dll, TestRunRequest:SendTestRunStatsChange: Completed.
TpTrace Verbose: 0 : 1460, 13, 2025/03/01, 16:58:48.104, 274019163378, vstest.console.dll, MulticastDelegateUtilities.SafeInvoke: LengthPrefixCommunicationChannel: MessageReceived: Invoking callback 1/1 for Microsoft.VisualStudio.TestPlatform.CommunicationUtilities.TestRequestSender+<>c__DisplayClass34_0., took 47 ms.
TpTrace Verbose: 0 : 1460, 13, 2025/03/01, 16:58:48.104, 274019164126, vstest.console.dll, TcpClientExtensions.MessageLoopAsync: Polling on remoteEndPoint: 127.0.0.1:53925 localEndPoint: 127.0.0.1:53924 after 281 ms
TpTrace Verbose: 0 : 1460, 13, 2025/03/01, 16:58:48.104, 274019164745, vstest.console.dll, TcpClientExtensions.MessageLoopAsync: NotifyDataAvailable remoteEndPoint: 127.0.0.1:53925 localEndPoint: 127.0.0.1:53924
TpTrace Verbose: 0 : 1460, 13, 2025/03/01, 16:58:48.105, 274019167713, vstest.console.dll, TestRequestSender.OnExecutionMessageReceived: Received message: {"Version":7,"MessageType":"TestExecution.StatsChange","Payload":{"NewTestResults":[{"TestCase":{"Id":"e4886b7b-25fb-2514-842b-d0eda1cdfa48","FullyQualifiedName":"TestApp.UnitTests.EvenOddSubtractionTests.Test_FindDifference_InputHasMixedNumbers_ShouldReturnDifference","DisplayName":"Test_FindDifference_InputHasMixedNumbers_ShouldReturnDifference","ExecutorUri":"executor://NUnit3TestExecutor","Source":"C:\\Users\\TOSHIBA\\Downloads\\QA path\\Programming for QA\\Programming Fundamentals and Unit Testing\\18-Unit-Testing-Arrays-Resources\\TestApp.UnitTests\\bin\\Debug\\net6.0\\fine-code-coverage\\build-output\\TestApp.UnitTests.dll","CodeFilePath":null,"LineNumber":0,"Properties":[{"Key":{"Id":"NUnit.Seed","Label":"Seed","Category":"","Description":"","Attributes":0,"ValueType":"System.String"},"Value":"1547898307"}]},"Attachments":[],"Outcome":1,"ErrorMessage":null,"ErrorStackTrace":null,"DisplayName":"Test_FindDifference_InputHasMixedNumbers_ShouldReturnDifference","Messages":[],"ComputerName":"DESKTOP-D6DHFFL","Duration":"00:00:00.0013159","StartTime":"2025-03-01T14:58:47.8937473+00:00","EndTime":"2025-03-01T14:58:47.8950636+00:00","Properties":[{"Key":{"Id":"NUnit.Seed","Label":"Seed","Category":"","Description":"","Attributes":0,"ValueType":"System.String"},"Value":"1547898307"}]},{"TestCase":{"Id":"8a95fd25-de71-6284-4e38-54bb078713cb","FullyQualifiedName":"TestApp.UnitTests.EvenOddSubtractionTests.Test_FindDifference_InputHasOnlyEvenNumbers_ShouldReturnEvenSum","DisplayName":"Test_FindDifference_InputHasOnlyEvenNumbers_ShouldReturnEvenSum","ExecutorUri":"executor://NUnit3TestExecutor","Source":"C:\\Users\\TOSHIBA\\Downloads\\QA path\\Programming for QA\\Programming Fundamentals and Unit Testing\\18-Unit-Testing-Arrays-Resources\\TestApp.UnitTests\\bin\\Debug\\net6.0\\fine-code-coverage\\build-output\\TestApp.UnitTests.dll","CodeFilePath":null,"LineNumber":0,"Properties":[{"Key":{"Id":"NUnit.Seed","Label":"Seed","Category":"","Description":"","Attributes":0,"ValueType":"System.String"},"Value":"1689339165"}]},"Attachments":[],"Outcome":1,"ErrorMessage":null,"ErrorStackTrace":null,"DisplayName":"Test_FindDifference_InputHasOnlyEvenNumbers_ShouldReturnEvenSum","Messages":[],"ComputerName":"DESKTOP-D6DHFFL","Duration":"00:00:00.0001640","StartTime":"2025-03-01T14:58:47.8950812+00:00","EndTime":"2025-03-01T14:58:47.895245+00:00","Properties":[{"Key":{"Id":"NUnit.Seed","Label":"Seed","Category":"","Description":"","Attributes":0,"ValueType":"System.String"},"Value":"1689339165"}]},{"TestCase":{"Id":"92caa748-5814-3060-428c-9b07d0bd8930","FullyQualifiedName":"TestApp.UnitTests.EvenOddSubtractionTests.Test_FindDifference_InputHasOnlyOddNumbers_ShouldReturnNegativeOddSum","DisplayName":"Test_FindDifference_InputHasOnlyOddNumbers_ShouldReturnNegativeOddSum","ExecutorUri":"executor://NUnit3TestExecutor","Source":"C:\\Users\\TOSHIBA\\Downloads\\QA path\\Programming for QA\\Programming Fundamentals and Unit Testing\\18-Unit-Testing-Arrays-Resources\\TestApp.UnitTests\\bin\\Debug\\net6.0\\fine-code-coverage\\build-output\\TestApp.UnitTests.dll","CodeFilePath":null,"LineNumber":0,"Properties":[{"Key":{"Id":"NUnit.Seed","Label":"Seed","Category":"","Description":"","Attributes":0,"ValueType":"System.String"},"Value":"2002112114"}]},"Attachments":[],"Outcome":1,"ErrorMessage":null,"ErrorStackTrace":null,"DisplayName":"Test_FindDifference_InputHasOnlyOddNumbers_ShouldReturnNegativeOddSum","Messages":[],"ComputerName":"DESKTOP-D6DHFFL","Duration":"00:00:00.0001460","StartTime":"2025-03-01T14:58:47.895256+00:00","EndTime":"2025-03-01T14:58:47.8954015+00:00","Properties":[{"Key":{"Id":"NUnit.Seed","Label":"Seed","Category":"","Description":"","Attributes":0,"ValueType":"System.String"},"Value":"2002112114"}]},{"TestCase":{"Id":"21bb7436-d43a-5173-8fa9-fada06662f76","FullyQualifiedName":"TestApp.UnitTests.EvenOddSubtractionTests.Test_FindDifference_InputIsEmpty_ShouldReturnZero","DisplayName":"Test_FindDifference_InputIsEmpty_ShouldReturnZero","ExecutorUri":"executor://NUnit3TestExecutor","Source":"C:\\Users\\TOSHIBA\\Downloads\\QA path\\Programming for QA\\Programming Fundamentals and Unit Testing\\18-Unit-Testing-Arrays-Resources\\TestApp.UnitTests\\bin\\Debug\\net6.0\\fine-code-coverage\\build-output\\TestApp.UnitTests.dll","CodeFilePath":null,"LineNumber":0,"Properties":[{"Key":{"Id":"NUnit.Seed","Label":"Seed","Category":"","Description":"","Attributes":0,"ValueType":"System.String"},"Value":"248538978"}]},"Attachments":[],"Outcome":1,"ErrorMessage":null,"ErrorStackTrace":null,"DisplayName":"Test_FindDifference_InputIsEmpty_ShouldReturnZero","Messages":[],"ComputerName":"DESKTOP-D6DHFFL","Duration":"00:00:00.0001680","StartTime":"2025-03-01T14:58:47.8954119+00:00","EndTime":"2025-03-01T14:58:47.89558+00:00","Properties":[{"Key":{"Id":"NUnit.Seed","Label":"Seed","Category":"","Description":"","Attributes":0,"ValueType":"System.String"},"Value":"248538978"}]},{"TestCase":{"Id":"bf551437-3e17-4527-7e44-7460ff2c87ed","FullyQualifiedName":"TestApp.UnitTests.PrimeNumberFinderTests.Test_GetAllPrimeNumbers_InputArrayWithLessThanOrEqualToOneElementsOnly_ReturnsEmptyArray","DisplayName":"Test_GetAllPrimeNumbers_InputArrayWithLessThanOrEqualToOneElementsOnly_ReturnsEmptyArray","ExecutorUri":"executor://NUnit3TestExecutor","Source":"C:\\Users\\TOSHIBA\\Downloads\\QA path\\Programming for QA\\Programming Fundamentals and Unit Testing\\18-Unit-Testing-Arrays-Resources\\TestApp.UnitTests\\bin\\Debug\\net6.0\\fine-code-coverage\\build-output\\TestApp.UnitTests.dll","CodeFilePath":null,"LineNumber":0,"Properties":[{"Key":{"Id":"NUnit.Seed","Label":"Seed","Category":"","Description":"","Attributes":0,"ValueType":"System.String"},"Value":"1273840046"}]},"Attachments":[],"Outcome":1,"ErrorMessage":null,"ErrorStackTrace":null,"DisplayName":"Test_GetAllPrimeNumbers_InputArrayWithLessThanOrEqualToOneElementsOnly_ReturnsEmptyArray","Messages":[],"ComputerName":"DESKTOP-D6DHFFL","Duration":"00:00:00.0024950","StartTime":"2025-03-01T14:58:47.8957027+00:00","EndTime":"2025-03-01T14:58:47.8981974+00:00","Properties":[{"Key":{"Id":"NUnit.Seed","Label":"Seed","Category":"","Description":"","Attributes":0,"ValueType":"System.String"},"Value":"1273840046"}]},{"TestCase":{"Id":"a4120d80-2703-b5de-f232-7476046d5dc7","FullyQualifiedName":"TestApp.UnitTests.PrimeNumberFinderTests.Test_GetAllPrimeNumbers_InputArrayWithMixedNumbers_ReturnsArrayOnlyWithPrimeNumbers","DisplayName":"Test_GetAllPrimeNumbers_InputArrayWithMixedNumbers_ReturnsArrayOnlyWithPrimeNumbers","ExecutorUri":"executor://NUnit3TestExecutor","Source":"C:\\Users\\TOSHIBA\\Downloads\\QA path\\Programming for QA\\Programming Fundamentals and Unit Testing\\18-Unit-Testing-Arrays-Resources\\TestApp.UnitTests\\bin\\Debug\\net6.0\\fine-code-coverage\\build-output\\TestApp.UnitTests.dll","CodeFilePath":null,"LineNumber":0,"Properties":[{"Key":{"Id":"NUnit.Seed","Label":"Seed","Category":"","Description":"","Attributes":0,"ValueType":"System.String"},"Value":"442526337"}]},"Attachments":[],"Outcome":1,"ErrorMessage":null,"ErrorStackTrace":null,"DisplayName":"Test_GetAllPrimeNumbers_InputArrayWithMixedNumbers_ReturnsArrayOnlyWithPrimeNumbers","Messages":[],"ComputerName":"DESKTOP-D6DHFFL","Duration":"00:00:00.0029400","StartTime":"2025-03-01T14:58:47.8982401+00:00","EndTime":"2025-03-01T14:58:47.9011798+00:00","Properties":[{"Key":{"Id":"NUnit.Seed","Label":"Seed","Category":"","Description":"","Attributes":0,"ValueType":"System.String"},"Value":"442526337"}]},{"TestCase":{"Id":"5d93f9fa-b228-448b-c846-0729e08710e8","FullyQualifiedName":"TestApp.UnitTests.PrimeNumberFinderTests.Test_GetAllPrimeNumbers_InputArrayWithNoPrimeNumbersOnly_ReturnsEmptyArray","DisplayName":"Test_GetAllPrimeNumbers_InputArrayWithNoPrimeNumbersOnly_ReturnsEmptyArray","ExecutorUri":"executor://NUnit3TestExecutor","Source":"C:\\Users\\TOSHIBA\\Downloads\\QA path\\Programming for QA\\Programming Fundamentals and Unit Testing\\18-Unit-Testing-Arrays-Resources\\TestApp.UnitTests\\bin\\Debug\\net6.0\\fine-code-coverage\\build-output\\TestApp.UnitTests.dll","CodeFilePath":null,"LineNumber":0,"Properties":[{"Key":{"Id":"NUnit.Seed","Label":"Seed","Category":"","Description":"","Attributes":0,"ValueType":"System.String"},"Value":"1119067876"}]},"Attachments":[],"Outcome":1,"ErrorMessage":null,"ErrorStackTrace":null,"DisplayName":"Test_GetAllPrimeNumbers_InputArrayWithNoPrimeNumbersOnly_ReturnsEmptyArray","Messages":[],"ComputerName":"DESKTOP-D6DHFFL","Duration":"00:00:00.0001710","StartTime":"2025-03-01T14:58:47.9012029+00:00","EndTime":"2025-03-01T14:58:47.9013737+00:00","Properties":[{"Key":{"Id":"NUnit.Seed","Label":"Seed","Category":"","Description":"","Attributes":0,"ValueType":"System.String"},"Value":"1119067876"}]},{"TestCase":{"Id":"9cce5343-4a46-b9cf-85ea-ee14c4342fd7","FullyQualifiedName":"TestApp.UnitTests.PrimeNumberFinderTests.Test_GetAllPrimeNumbers_InputArrayWithOnlyOneNonPrimeNumber_ReturnsEmptyArray","DisplayName":"Test_GetAllPrimeNumbers_InputArrayWithOnlyOneNonPrimeNumber_ReturnsEmptyArray","ExecutorUri":"executor://NUnit3TestExecutor","Source":"C:\\Users\\TOSHIBA\\Downloads\\QA path\\Programming for QA\\Programming Fundamentals and Unit Testing\\18-Unit-Testing-Arrays-Resources\\TestApp.UnitTests\\bin\\Debug\\net6.0\\fine-code-coverage\\build-output\\TestApp.UnitTests.dll","CodeFilePath":null,"LineNumber":0,"Properties":[{"Key":{"Id":"NUnit.Seed","Label":"Seed","Category":"","Description":"","Attributes":0,"ValueType":"System.String"},"Value":"1974401852"}]},"Attachments":[],"Outcome":1,"ErrorMessage":null,"ErrorStackTrace":null,"DisplayName":"Test_GetAllPrimeNumbers_InputArrayWithOnlyOneNonPrimeNumber_ReturnsEmptyArray","Messages":[],"ComputerName":"DESKTOP-D6DHFFL","Duration":"00:00:00.0001280","StartTime":"2025-03-01T14:58:47.9013854+00:00","EndTime":"2025-03-01T14:58:47.9015132+00:00","Properties":[{"Key":{"Id":"NUnit.Seed","Label":"Seed","Category":"","Description":"","Attributes":0,"ValueType":"System.String"},"Value":"1974401852"}]},{"TestCase":{"Id":"f9b6f075-641e-7a76-ac10-b31607a21ce1","FullyQualifiedName":"TestApp.UnitTests.PrimeNumberFinderTests.Test_GetAllPrimeNumbers_InputArrayWithOnlyOnePrimeNumber_ReturnsArrayWithTheSameNumber","DisplayName":"Test_GetAllPrimeNumbers_InputArrayWithOnlyOnePrimeNumber_ReturnsArrayWithTheSameNumber","ExecutorUri":"executor://NUnit3TestExecutor","Source":"C:\\Users\\TOSHIBA\\Downloads\\QA path\\Programming for QA\\Programming Fundamentals and Unit Testing\\18-Unit-Testing-Arrays-Resources\\TestApp.UnitTests\\bin\\Debug\\net6.0\\fine-code-coverage\\build-output\\TestApp.UnitTests.dll","CodeFilePath":null,"LineNumber":0,"Properties":[{"Key":{"Id":"NUnit.Seed","Label":"Seed","Category":"","Description":"","Attributes":0,"ValueType":"System.String"},"Value":"1385213263"}]},"Attachments":[],"Outcome":1,"ErrorMessage":null,"ErrorStackTrace":null,"DisplayName":"Test_GetAllPrimeNumbers_InputArrayWithOnlyOnePrimeNumber_ReturnsArrayWithTheSameNumber","Messages":[],"ComputerName":"DESKTOP-D6DHFFL","Duration":"00:00:00.0001820","StartTime":"2025-03-01T14:58:47.901524+00:00","EndTime":"2025-03-01T14:58:47.9017063+00:00","Properties":[{"Key":{"Id":"NUnit.Seed","Label":"Seed","Category":"","Description":"","Attributes":0,"ValueType":"System.String"},"Value":"1385213263"}]}],"TestRunStatistics":{"ExecutedTests":18,"Stats":{"Passed":18}},"ActiveTests":[{"Id":"383859d8-1e3c-3fee-a6dc-c0016ef4952a","FullyQualifiedName":"TestApp.UnitTests.ReverseTests.Test_ReverseArray_InputHasMultipleElements_ShouldReturnReversedString","DisplayName":"Test_ReverseArray_InputHasMultipleElements_ShouldReturnReversedString","ExecutorUri":"executor://NUnit3TestExecutor","Source":"C:\\Users\\TOSHIBA\\Downloads\\QA path\\Programming for QA\\Programming Fundamentals and Unit Testing\\18-Unit-Testing-Arrays-Resources\\TestApp.UnitTests\\bin\\Debug\\net6.0\\fine-code-coverage\\build-output\\TestApp.UnitTests.dll","CodeFilePath":null,"LineNumber":0,"Properties":[{"Key":{"Id":"NUnit.Seed","Label":"Seed","Category":"","Description":"","Attributes":0,"ValueType":"System.String"},"Value":"1415368983"}]}]}}
TpTrace Verbose: 0 : 1460, 4, 2025/03/01, 16:58:48.109, 274019209796, vstest.console.dll, MulticastDelegateUtilities.SafeInvoke: InternalTestLoggerEvents.SendTestResult: Invoking callback 1/1 for Microsoft.VisualStudio.TestPlatform.CommandLine.Internal.ConsoleLogger., took 4 ms.
TpTrace Verbose: 0 : 1460, 13, 2025/03/01, 16:58:48.109, 274019215767, vstest.console.dll, TestRunRequest:SendTestRunStatsChange: Starting.
TpTrace Verbose: 0 : 1460, 4, 2025/03/01, 16:58:48.109, 274019216468, vstest.console.dll, MulticastDelegateUtilities.SafeInvoke: InternalTestLoggerEvents.SendTestResult: Invoking callback 1/1 for Microsoft.VisualStudio.TestPlatform.CommandLine.Internal.ConsoleLogger., took 0 ms.
TpTrace Verbose: 0 : 1460, 13, 2025/03/01, 16:58:48.110, 274019217335, vstest.console.dll, InProgress is Test_ReverseArray_InputHasMultipleElements_ShouldReturnReversedString
TpTrace Verbose: 0 : 1460, 4, 2025/03/01, 16:58:48.110, 274019218205, vstest.console.dll, MulticastDelegateUtilities.SafeInvoke: InternalTestLoggerEvents.SendTestResult: Invoking callback 1/1 for Microsoft.VisualStudio.TestPlatform.CommandLine.Internal.ConsoleLogger., took 0 ms.
TpTrace Verbose: 0 : 1460, 13, 2025/03/01, 16:58:48.110, 274019218989, vstest.console.dll, MulticastDelegateUtilities.SafeInvoke: TestRun.RunStatsChanged: Invoking callbacks was skipped because there are no subscribers.
TpTrace Verbose: 0 : 1460, 4, 2025/03/01, 16:58:48.110, 274019219352, vstest.console.dll, MulticastDelegateUtilities.SafeInvoke: InternalTestLoggerEvents.SendTestResult: Invoking callback 1/1 for Microsoft.VisualStudio.TestPlatform.CommandLine.Internal.ConsoleLogger., took 0 ms.
TpTrace Information: 0 : 1460, 13, 2025/03/01, 16:58:48.110, 274019219623, vstest.console.dll, TestRunRequest:SendTestRunStatsChange: Completed.
TpTrace Verbose: 0 : 1460, 4, 2025/03/01, 16:58:48.110, 274019220634, vstest.console.dll, MulticastDelegateUtilities.SafeInvoke: InternalTestLoggerEvents.SendTestResult: Invoking callback 1/1 for Microsoft.VisualStudio.TestPlatform.CommandLine.Internal.ConsoleLogger., took 0 ms.
TpTrace Verbose: 0 : 1460, 13, 2025/03/01, 16:58:48.110, 274019220875, vstest.console.dll, MulticastDelegateUtilities.SafeInvoke: LengthPrefixCommunicationChannel: MessageReceived: Invoking callback 1/1 for Microsoft.VisualStudio.TestPlatform.CommunicationUtilities.TestRequestSender+<>c__DisplayClass34_0., took 5 ms.
TpTrace Verbose: 0 : 1460, 13, 2025/03/01, 16:58:48.110, 274019222128, vstest.console.dll, TcpClientExtensions.MessageLoopAsync: Polling on remoteEndPoint: 127.0.0.1:53925 localEndPoint: 127.0.0.1:53924 after 5 ms
TpTrace Verbose: 0 : 1460, 4, 2025/03/01, 16:58:48.110, 274019221662, vstest.console.dll, MulticastDelegateUtilities.SafeInvoke: InternalTestLoggerEvents.SendTestResult: Invoking callback 1/1 for Microsoft.VisualStudio.TestPlatform.CommandLine.Internal.ConsoleLogger., took 0 ms.
TpTrace Verbose: 0 : 1460, 4, 2025/03/01, 16:58:48.110, 274019224114, vstest.console.dll, MulticastDelegateUtilities.SafeInvoke: InternalTestLoggerEvents.SendTestResult: Invoking callback 1/1 for Microsoft.VisualStudio.TestPlatform.CommandLine.Internal.ConsoleLogger., took 0 ms.
TpTrace Verbose: 0 : 1460, 4, 2025/03/01, 16:58:48.110, 274019224766, vstest.console.dll, MulticastDelegateUtilities.SafeInvoke: InternalTestLoggerEvents.SendTestResult: Invoking callback 1/1 for Microsoft.VisualStudio.TestPlatform.CommandLine.Internal.ConsoleLogger., took 0 ms.
TpTrace Verbose: 0 : 1460, 4, 2025/03/01, 16:58:48.110, 274019225479, vstest.console.dll, MulticastDelegateUtilities.SafeInvoke: InternalTestLoggerEvents.SendTestResult: Invoking callback 1/1 for Microsoft.VisualStudio.TestPlatform.CommandLine.Internal.ConsoleLogger., took 0 ms.
TpTrace Verbose: 0 : 1460, 4, 2025/03/01, 16:58:48.110, 274019226036, vstest.console.dll, MulticastDelegateUtilities.SafeInvoke: InternalTestLoggerEvents.SendTestResult: Invoking callback 1/1 for Microsoft.VisualStudio.TestPlatform.CommandLine.Internal.ConsoleLogger., took 0 ms.
TpTrace Verbose: 0 : 1460, 4, 2025/03/01, 16:58:48.110, 274019226531, vstest.console.dll, MulticastDelegateUtilities.SafeInvoke: InternalTestLoggerEvents.SendTestResult: Invoking callback 1/1 for Microsoft.VisualStudio.TestPlatform.CommandLine.Internal.ConsoleLogger., took 0 ms.
TpTrace Verbose: 0 : 1460, 4, 2025/03/01, 16:58:48.111, 274019227312, vstest.console.dll, MulticastDelegateUtilities.SafeInvoke: InternalTestLoggerEvents.SendTestResult: Invoking callback 1/1 for Microsoft.VisualStudio.TestPlatform.CommandLine.Internal.ConsoleLogger., took 0 ms.
TpTrace Verbose: 0 : 1460, 4, 2025/03/01, 16:58:48.111, 274019228098, vstest.console.dll, MulticastDelegateUtilities.SafeInvoke: InternalTestLoggerEvents.SendTestResult: Invoking callback 1/1 for Microsoft.VisualStudio.TestPlatform.CommandLine.Internal.ConsoleLogger., took 0 ms.
TpTrace Verbose: 0 : 1460, 4, 2025/03/01, 16:58:48.111, 274019228695, vstest.console.dll, MulticastDelegateUtilities.SafeInvoke: InternalTestLoggerEvents.SendTestResult: Invoking callback 1/1 for Microsoft.VisualStudio.TestPlatform.CommandLine.Internal.ConsoleLogger., took 0 ms.
TpTrace Verbose: 0 : 1460, 4, 2025/03/01, 16:58:48.111, 274019229309, vstest.console.dll, MulticastDelegateUtilities.SafeInvoke: InternalTestLoggerEvents.SendTestResult: Invoking callback 1/1 for Microsoft.VisualStudio.TestPlatform.CommandLine.Internal.ConsoleLogger., took 0 ms.
TpTrace Verbose: 0 : 1460, 4, 2025/03/01, 16:58:48.111, 274019229785, vstest.console.dll, MulticastDelegateUtilities.SafeInvoke: InternalTestLoggerEvents.SendTestResult: Invoking callback 1/1 for Microsoft.VisualStudio.TestPlatform.CommandLine.Internal.ConsoleLogger., took 0 ms.
TpTrace Verbose: 0 : 1460, 4, 2025/03/01, 16:58:48.111, 274019230669, vstest.console.dll, MulticastDelegateUtilities.SafeInvoke: InternalTestLoggerEvents.SendTestResult: Invoking callback 1/1 for Microsoft.VisualStudio.TestPlatform.CommandLine.Internal.ConsoleLogger., took 0 ms.
TpTrace Verbose: 0 : 1460, 4, 2025/03/01, 16:58:48.111, 274019231500, vstest.console.dll, MulticastDelegateUtilities.SafeInvoke: InternalTestLoggerEvents.SendTestResult: Invoking callback 1/1 for Microsoft.VisualStudio.TestPlatform.CommandLine.Internal.ConsoleLogger., took 0 ms.
TpTrace Verbose: 0 : 1460, 13, 2025/03/01, 16:58:48.132, 274019439266, vstest.console.dll, TcpClientExtensions.MessageLoopAsync: NotifyDataAvailable remoteEndPoint: 127.0.0.1:53925 localEndPoint: 127.0.0.1:53924
TpTrace Verbose: 0 : 1460, 13, 2025/03/01, 16:58:48.132, 274019440983, vstest.console.dll, TestRequestSender.OnExecutionMessageReceived: Received message: {"Version":7,"MessageType":"TestSession.Message","Payload":{"MessageLevel":0,"Message":"NUnit Adapter 4.4.0.0: Test execution complete"}}
TpTrace Verbose: 0 : 1460, 13, 2025/03/01, 16:58:48.132, 274019442585, vstest.console.dll, TestRunRequest:SendTestRunMessage: Starting.
TpTrace Verbose: 0 : 1460, 13, 2025/03/01, 16:58:48.132, 274019443829, vstest.console.dll, MulticastDelegateUtilities.SafeInvoke: TestRun.LogMessages: Invoking callback 1/1 for Microsoft.VisualStudio.TestPlatform.CommandLine.TestRunResultAggregator., took 0 ms.
TpTrace Information: 0 : 1460, 13, 2025/03/01, 16:58:48.132, 274019444625, vstest.console.dll, TestRunRequest:SendTestRunMessage: Completed.
TpTrace Verbose: 0 : 1460, 13, 2025/03/01, 16:58:48.132, 274019445387, vstest.console.dll, MulticastDelegateUtilities.SafeInvoke: LengthPrefixCommunicationChannel: MessageReceived: Invoking callback 1/1 for Microsoft.VisualStudio.TestPlatform.CommunicationUtilities.TestRequestSender+<>c__DisplayClass34_0., took 0 ms.
TpTrace Verbose: 0 : 1460, 13, 2025/03/01, 16:58:48.132, 274019446083, vstest.console.dll, TcpClientExtensions.MessageLoopAsync: Polling on remoteEndPoint: 127.0.0.1:53925 localEndPoint: 127.0.0.1:53924 after 22 ms
TpTrace Verbose: 0 : 1460, 4, 2025/03/01, 16:58:48.133, 274019447426, vstest.console.dll, MulticastDelegateUtilities.SafeInvoke: InternalTestLoggerEvents.SendTestRunMessage: Invoking callback 1/1 for Microsoft.VisualStudio.TestPlatform.CommandLine.Internal.ConsoleLogger., took 0 ms.
TpTrace Verbose: 0 : 1460, 13, 2025/03/01, 16:58:48.160, 274019723441, vstest.console.dll, TcpClientExtensions.MessageLoopAsync: NotifyDataAvailable remoteEndPoint: 127.0.0.1:53925 localEndPoint: 127.0.0.1:53924
TpTrace Verbose: 0 : 1460, 13, 2025/03/01, 16:58:48.160, 274019726704, vstest.console.dll, TestRequestSender.OnExecutionMessageReceived: Received message: {"Version":7,"MessageType":"TestExecution.Completed","Payload":{"TestRunCompleteArgs":{"TestRunStatistics":{"ExecutedTests":25,"Stats":{"Passed":25}},"IsCanceled":false,"IsAborted":false,"Error":null,"AttachmentSets":[],"InvokedDataCollectors":[],"ElapsedTimeInRunningTests":"00:00:00.6952946","Metrics":{},"DiscoveredExtensions":{"TestDiscoverers":["NUnit.VisualStudio.TestAdapter.NUnit3TestDiscoverer, NUnit3.TestAdapter, Version=4.4.0.0, Culture=neutral, PublicKeyToken=4cb40d35494691ac"],"TestExecutors":["executor://NUnit3TestExecutor"],"TestExecutors2":[],"TestSettingsProviders":[]}},"LastRunTests":{"NewTestResults":[{"TestCase":{"Id":"383859d8-1e3c-3fee-a6dc-c0016ef4952a","FullyQualifiedName":"TestApp.UnitTests.ReverseTests.Test_ReverseArray_InputHasMultipleElements_ShouldReturnReversedString","DisplayName":"Test_ReverseArray_InputHasMultipleElements_ShouldReturnReversedString","ExecutorUri":"executor://NUnit3TestExecutor","Source":"C:\\Users\\TOSHIBA\\Downloads\\QA path\\Programming for QA\\Programming Fundamentals and Unit Testing\\18-Unit-Testing-Arrays-Resources\\TestApp.UnitTests\\bin\\Debug\\net6.0\\fine-code-coverage\\build-output\\TestApp.UnitTests.dll","CodeFilePath":null,"LineNumber":0,"Properties":[{"Key":{"Id":"NUnit.Seed","Label":"Seed","Category":"","Description":"","Attributes":0,"ValueType":"System.String"},"Value":"1415368983"}]},"Attachments":[],"Outcome":1,"ErrorMessage":null,"ErrorStackTrace":null,"DisplayName":"Test_ReverseArray_InputHasMultipleElements_ShouldReturnReversedString","Messages":[],"ComputerName":"DESKTOP-D6DHFFL","Duration":"00:00:00.0007550","StartTime":"2025-03-01T14:58:47.9018397+00:00","EndTime":"2025-03-01T14:58:47.9025944+00:00","Properties":[{"Key":{"Id":"NUnit.Seed","Label":"Seed","Category":"","Description":"","Attributes":0,"ValueType":"System.String"},"Value":"1415368983"}]},{"TestCase":{"Id":"fee3b4a6-519f-b08a-e62e-a37baae140db","FullyQualifiedName":"TestApp.UnitTests.ReverseTests.Test_ReverseArray_InputHasOneElement_ShouldReturnTheSameElement","DisplayName":"Test_ReverseArray_InputHasOneElement_ShouldReturnTheSameElement","ExecutorUri":"executor://NUnit3TestExecutor","Source":"C:\\Users\\TOSHIBA\\Downloads\\QA path\\Programming for QA\\Programming Fundamentals and Unit Testing\\18-Unit-Testing-Arrays-Resources\\TestApp.UnitTests\\bin\\Debug\\net6.0\\fine-code-coverage\\build-output\\TestApp.UnitTests.dll","CodeFilePath":null,"LineNumber":0,"Properties":[{"Key":{"Id":"NUnit.Seed","Label":"Seed","Category":"","Description":"","Attributes":0,"ValueType":"System.String"},"Value":"229303803"}]},"Attachments":[],"Outcome":1,"ErrorMessage":null,"ErrorStackTrace":null,"DisplayName":"Test_ReverseArray_InputHasOneElement_ShouldReturnTheSameElement","Messages":[],"ComputerName":"DESKTOP-D6DHFFL","Duration":"00:00:00.0001610","StartTime":"2025-03-01T14:58:47.9026159+00:00","EndTime":"2025-03-01T14:58:47.9027767+00:00","Properties":[{"Key":{"Id":"NUnit.Seed","Label":"Seed","Category":"","Description":"","Attributes":0,"ValueType":"System.String"},"Value":"229303803"}]},{"TestCase":{"Id":"863a263b-57d0-2507-9170-471efc4b939e","FullyQualifiedName":"TestApp.UnitTests.ReverseTests.Test_ReverseArray_InputIsEmpty_ShouldReturnEmptyString","DisplayName":"Test_ReverseArray_InputIsEmpty_ShouldReturnEmptyString","ExecutorUri":"executor://NUnit3TestExecutor","Source":"C:\\Users\\TOSHIBA\\Downloads\\QA path\\Programming for QA\\Programming Fundamentals and Unit Testing\\18-Unit-Testing-Arrays-Resources\\TestApp.UnitTests\\bin\\Debug\\net6.0\\fine-code-coverage\\build-output\\TestApp.UnitTests.dll","CodeFilePath":null,"LineNumber":0,"Properties":[{"Key":{"Id":"NUnit.Seed","Label":"Seed","Category":"","Description":"","Attributes":0,"ValueType":"System.String"},"Value":"131549388"}]},"Attachments":[],"Outcome":1,"ErrorMessage":null,"ErrorStackTrace":null,"DisplayName":"Test_ReverseArray_InputIsEmpty_ShouldReturnEmptyString","Messages":[],"ComputerName":"DESKTOP-D6DHFFL","Duration":"00:00:00.0001960","StartTime":"2025-03-01T14:58:47.9027876+00:00","EndTime":"2025-03-01T14:58:47.9029838+00:00","Properties":[{"Key":{"Id":"NUnit.Seed","Label":"Seed","Category":"","Description":"","Attributes":0,"ValueType":"System.String"},"Value":"131549388"}]},{"TestCase":{"Id":"582ebaa9-66ba-6e26-9e4a-cd9b7d860fd1","FullyQualifiedName":"TestApp.UnitTests.SortingTests.Test_DeepAscendingSort_EmptyArrayParameter_ReturnsEmptyArray","DisplayName":"Test_DeepAscendingSort_EmptyArrayParameter_ReturnsEmptyArray","ExecutorUri":"executor://NUnit3TestExecutor","Source":"C:\\Users\\TOSHIBA\\Downloads\\QA path\\Programming for QA\\Programming Fundamentals and Unit Testing\\18-Unit-Testing-Arrays-Resources\\TestApp.UnitTests\\bin\\Debug\\net6.0\\fine-code-coverage\\build-output\\TestApp.UnitTests.dll","CodeFilePath":null,"LineNumber":0,"Properties":[{"Key":{"Id":"NUnit.Seed","Label":"Seed","Category":"","Description":"","Attributes":0,"ValueType":"System.String"},"Value":"1362997849"}]},"Attachments":[],"Outcome":1,"ErrorMessage":null,"ErrorStackTrace":null,"DisplayName":"Test_DeepAscendingSort_EmptyArrayParameter_ReturnsEmptyArray","Messages":[],"ComputerName":"DESKTOP-D6DHFFL","Duration":"00:00:00.0007910","StartTime":"2025-03-01T14:58:47.9031359+00:00","EndTime":"2025-03-01T14:58:47.9039266+00:00","Properties":[{"Key":{"Id":"NUnit.Seed","Label":"Seed","Category":"","Description":"","Attributes":0,"ValueType":"System.String"},"Value":"1362997849"}]},{"TestCase":{"Id":"6889164d-9234-0066-37af-2578ea6df756","FullyQualifiedName":"TestApp.UnitTests.SortingTests.Test_DeepAscendingSort_UnOrderedArrayParam_ReturnsAscendingOrderedArrayAndDoesChangeTheOriginalArray","DisplayName":"Test_DeepAscendingSort_UnOrderedArrayParam_ReturnsAscendingOrderedArrayAndDoesChangeTheOriginalArray","ExecutorUri":"executor://NUnit3TestExecutor","Source":"C:\\Users\\TOSHIBA\\Downloads\\QA path\\Programming for QA\\Programming Fundamentals and Unit Testing\\18-Unit-Testing-Arrays-Resources\\TestApp.UnitTests\\bin\\Debug\\net6.0\\fine-code-coverage\\build-output\\TestApp.UnitTests.dll","CodeFilePath":null,"LineNumber":0,"Properties":[{"Key":{"Id":"NUnit.Seed","Label":"Seed","Category":"","Description":"","Attributes":0,"ValueType":"System.String"},"Value":"316841675"}]},"Attachments":[],"Outcome":1,"ErrorMessage":null,"ErrorStackTrace":null,"DisplayName":"Test_DeepAscendingSort_UnOrderedArrayParam_ReturnsAscendingOrderedArrayAndDoesChangeTheOriginalArray","Messages":[],"ComputerName":"DESKTOP-D6DHFFL","Duration":"00:00:00.0063310","StartTime":"2025-03-01T14:58:47.9039576+00:00","EndTime":"2025-03-01T14:58:47.9102882+00:00","Properties":[{"Key":{"Id":"NUnit.Seed","Label":"Seed","Category":"","Description":"","Attributes":0,"ValueType":"System.String"},"Value":"316841675"}]},{"TestCase":{"Id":"1a2ebea6-28cf-a1eb-c62c-5bbe0f4236ea","FullyQualifiedName":"TestApp.UnitTests.SortingTests.Test_ShallowAscendingSort_EmptyArrayParameter_ReturnsEmptyArray","DisplayName":"Test_ShallowAscendingSort_EmptyArrayParameter_ReturnsEmptyArray","ExecutorUri":"executor://NUnit3TestExecutor","Source":"C:\\Users\\TOSHIBA\\Downloads\\QA path\\Programming for QA\\Programming Fundamentals and Unit Testing\\18-Unit-Testing-Arrays-Resources\\TestApp.UnitTests\\bin\\Debug\\net6.0\\fine-code-coverage\\build-output\\TestApp.UnitTests.dll","CodeFilePath":null,"LineNumber":0,"Properties":[{"Key":{"Id":"NUnit.Seed","Label":"Seed","Category":"","Description":"","Attributes":0,"ValueType":"System.String"},"Value":"491412850"}]},"Attachments":[],"Outcome":1,"ErrorMessage":null,"ErrorStackTrace":null,"DisplayName":"Test_ShallowAscendingSort_EmptyArrayParameter_ReturnsEmptyArray","Messages":[],"ComputerName":"DESKTOP-D6DHFFL","Duration":"00:00:00.0023330","StartTime":"2025-03-01T14:58:47.9103111+00:00","EndTime":"2025-03-01T14:58:47.912644+00:00","Properties":[{"Key":{"Id":"NUnit.Seed","Label":"Seed","Category":"","Description":"","Attributes":0,"ValueType":"System.String"},"Value":"491412850"}]},{"TestCase":{"Id":"fcc5eb9f-7624-37d1-da8c-73c2f0342021","FullyQualifiedName":"TestApp.UnitTests.SortingTests.Test_ShallowAscendingSort_UnOrderedArrayParam_ReturnsAscendingOrderedArrayAndDoesNotChangeTheOriginalArray","DisplayName":"Test_ShallowAscendingSort_UnOrderedArrayParam_ReturnsAscendingOrderedArrayAndDoesNotChangeTheOriginalArray","ExecutorUri":"executor://NUnit3TestExecutor","Source":"C:\\Users\\TOSHIBA\\Downloads\\QA path\\Programming for QA\\Programming Fundamentals and Unit Testing\\18-Unit-Testing-Arrays-Resources\\TestApp.UnitTests\\bin\\Debug\\net6.0\\fine-code-coverage\\build-output\\TestApp.UnitTests.dll","CodeFilePath":null,"LineNumber":0,"Properties":[{"Key":{"Id":"NUnit.Seed","Label":"Seed","Category":"","Description":"","Attributes":0,"ValueType":"System.String"},"Value":"1224738769"}]},"Attachments":[],"Outcome":1,"ErrorMessage":null,"ErrorStackTrace":null,"DisplayName":"Test_ShallowAscendingSort_UnOrderedArrayParam_ReturnsAscendingOrderedArrayAndDoesNotChangeTheOriginalArray","Messages":[],"ComputerName":"DESKTOP-D6DHFFL","Duration":"00:00:00.0022560","StartTime":"2025-03-01T14:58:47.9126689+00:00","EndTime":"2025-03-01T14:58:47.9149244+00:00","Properties":[{"Key":{"Id":"NUnit.Seed","Label":"Seed","Category":"","Description":"","Attributes":0,"ValueType":"System.String"},"Value":"1224738769"}]}],"TestRunStatistics":{"ExecutedTests":25,"Stats":{"Passed":25}},"ActiveTests":[]},"RunAttachments":[],"ExecutorUris":["executor://nunit3testexecutor/"]}}
TpTrace Verbose: 0 : 1460, 13, 2025/03/01, 16:58:48.161, 274019728880, vstest.console.dll, TestRequestSender.EndSession: Sending end session.
TpTrace Verbose: 0 : 1460, 13, 2025/03/01, 16:58:48.161, 274019730799, vstest.console.dll, ProxyOperationManager.Close: waiting for test host to exit for 100 ms
TpTrace Warning: 0 : 1460, 13, 2025/03/01, 16:58:48.263, 274020748114, vstest.console.dll, ProxyOperationManager: Timed out waiting for test host to exit. Will terminate process.
TpTrace Information: 0 : 1460, 13, 2025/03/01, 16:58:48.263, 274020751493, vstest.console.dll, SocketServer.Stop: Stop server endPoint: 127.0.0.1:53924
TpTrace Information: 0 : 1460, 13, 2025/03/01, 16:58:48.263, 274020752189, vstest.console.dll, SocketServer.Stop: Cancellation requested. Stopping message loop.
TpTrace Information: 0 : 1460, 13, 2025/03/01, 16:58:48.263, 274020754246, vstest.console.dll, Closing the connection
TpTrace Warning: 0 : 1460, 9, 2025/03/01, 16:58:48.270, 274020826244, vstest.console.dll, TestHostManagerCallbacks.ErrorReceivedCallback Test host standard error line: 
TpTrace Verbose: 0 : 1460, 11, 2025/03/01, 16:58:48.270, 274020826243, vstest.console.dll, TestHostManagerCallbacks.StandardOutputReceivedCallback Test host standard output line: 
TpTrace Verbose: 0 : 1460, 13, 2025/03/01, 16:58:48.281, 274020930554, vstest.console.dll, TestHostProvider.ExitCallBack: Host exited starting callback.
TpTrace Information: 0 : 1460, 13, 2025/03/01, 16:58:48.281, 274020932269, vstest.console.dll, TestHostManagerCallbacks.ExitCallBack: Testhost processId: 11936 exited with exitcode: 0 error: ''
TpTrace Verbose: 0 : 1460, 13, 2025/03/01, 16:58:48.281, 274020932918, vstest.console.dll, DotnetTestHostManager.OnHostExited: invoking OnHostExited callback
TpTrace Verbose: 0 : 1460, 13, 2025/03/01, 16:58:48.281, 274020933818, vstest.console.dll, CrossPlatEngine.TestHostManagerHostExited: calling on client process exit callback.
TpTrace Information: 0 : 1460, 13, 2025/03/01, 16:58:48.281, 274020934435, vstest.console.dll, TestRequestSender.OnClientProcessExit: Test host process exited. Standard error: 
TpTrace Information: 0 : 1460, 13, 2025/03/01, 16:58:48.281, 274020934938, vstest.console.dll, SocketServer.Stop: Stop server endPoint: 127.0.0.1:53924
TpTrace Information: 0 : 1460, 13, 2025/03/01, 16:58:48.281, 274020935252, vstest.console.dll, SocketServer.Stop: Cancellation requested. Stopping message loop.
TpTrace Verbose: 0 : 1460, 13, 2025/03/01, 16:58:48.281, 274020935664, vstest.console.dll, MulticastDelegateUtilities.SafeInvoke: HostProviderEvents.OnHostExited: Invoking callback 1/1 for Microsoft.VisualStudio.TestPlatform.CrossPlatEngine.Client.ProxyOperationManager., took 0 ms.
TpTrace Verbose: 0 : 1460, 13, 2025/03/01, 16:58:48.282, 274020941760, vstest.console.dll, ProxyDataCollectionManager.InvokeDataCollectionServiceAction: Starting.
TpTrace Information: 0 : 1460, 13, 2025/03/01, 16:58:48.282, 274020942339, vstest.console.dll, ProxyDataCollectionManager.AfterTestRunEnd: Get attachment set and invoked data collectors processId: 12360 port: 53921
TpTrace Verbose: 0 : 1460, 13, 2025/03/01, 16:58:48.282, 274020942946, vstest.console.dll, DataCollectionRequestSender.SendAfterTestRunStartAndGetResult: Send AfterTestRunEnd message with isCancelled: False
TpTrace Verbose: 0 : 1460, 13, 2025/03/01, 16:58:48.288, 274021002101, vstest.console.dll, DataCollectionRequestSender.SendAfterTestRunStartAndGetResult: Received message: (DataCollection.AfterTestRunEndResult) -> {"MessageType":"DataCollection.AfterTestRunEndResult","Payload":{"AttachmentSets":[],"InvokedDataCollectors":[{"Uri":"datacollector://Microsoft/TestPlatform/Extensions/Blame/v1","FriendlyName":"Blame","AssemblyQualifiedName":"Microsoft.TestPlatform.Extensions.BlameDataCollector.BlameCollector, Microsoft.TestPlatform.Extensions.BlameDataCollector, Version=15.0.0.0, Culture=neutral, PublicKeyToken=b03f5f7f11d50a3a","FilePath":"C:\\Program Files\\dotnet\\sdk\\9.0.100\\Extensions\\Microsoft.TestPlatform.Extensions.BlameDataCollector.dll","HasAttachmentProcessor":false}],"Metrics":{}}}
TpTrace Warning: 0 : 1460, 10, 2025/03/01, 16:58:48.295, 274021070097, vstest.console.dll, DataCollectionLauncher.ErrorReceivedCallback datacollector standard error line: 
TpTrace Information: 0 : 1460, 13, 2025/03/01, 16:58:48.296, 274021083017, vstest.console.dll, ProxyDataCollectionManager.InvokeDataCollectionServiceAction: Completed.
TpTrace Information: 0 : 1460, 10, 2025/03/01, 16:58:48.304, 274021157848, vstest.console.dll, DataCollectionLauncher.ExitCallBack: Data collector exited with exitcode: 0 error: ''
TpTrace Verbose: 0 : 1460, 13, 2025/03/01, 16:58:48.357, 274021691254, vstest.console.dll, TestRunRequest:SendTestRunStatsChange: Starting.
TpTrace Verbose: 0 : 1460, 13, 2025/03/01, 16:58:48.357, 274021693112, vstest.console.dll, MulticastDelegateUtilities.SafeInvoke: TestRun.RunStatsChanged: Invoking callbacks was skipped because there are no subscribers.
TpTrace Verbose: 0 : 1460, 4, 2025/03/01, 16:58:48.357, 274021693818, vstest.console.dll, MulticastDelegateUtilities.SafeInvoke: InternalTestLoggerEvents.SendTestResult: Invoking callback 1/1 for Microsoft.VisualStudio.TestPlatform.CommandLine.Internal.ConsoleLogger., took 0 ms.
TpTrace Information: 0 : 1460, 13, 2025/03/01, 16:58:48.357, 274021694023, vstest.console.dll, TestRunRequest:SendTestRunStatsChange: Completed.
TpTrace Verbose: 0 : 1460, 4, 2025/03/01, 16:58:48.357, 274021695052, vstest.console.dll, MulticastDelegateUtilities.SafeInvoke: InternalTestLoggerEvents.SendTestResult: Invoking callback 1/1 for Microsoft.VisualStudio.TestPlatform.CommandLine.Internal.ConsoleLogger., took 0 ms.
TpTrace Verbose: 0 : 1460, 4, 2025/03/01, 16:58:48.357, 274021695953, vstest.console.dll, MulticastDelegateUtilities.SafeInvoke: InternalTestLoggerEvents.SendTestResult: Invoking callback 1/1 for Microsoft.VisualStudio.TestPlatform.CommandLine.Internal.ConsoleLogger., took 0 ms.
TpTrace Verbose: 0 : 1460, 4, 2025/03/01, 16:58:48.357, 274021696711, vstest.console.dll, MulticastDelegateUtilities.SafeInvoke: InternalTestLoggerEvents.SendTestResult: Invoking callback 1/1 for Microsoft.VisualStudio.TestPlatform.CommandLine.Internal.ConsoleLogger., took 0 ms.
TpTrace Verbose: 0 : 1460, 4, 2025/03/01, 16:58:48.358, 274021697434, vstest.console.dll, MulticastDelegateUtilities.SafeInvoke: InternalTestLoggerEvents.SendTestResult: Invoking callback 1/1 for Microsoft.VisualStudio.TestPlatform.CommandLine.Internal.ConsoleLogger., took 0 ms.
TpTrace Verbose: 0 : 1460, 4, 2025/03/01, 16:58:48.358, 274021698302, vstest.console.dll, MulticastDelegateUtilities.SafeInvoke: InternalTestLoggerEvents.SendTestResult: Invoking callback 1/1 for Microsoft.VisualStudio.TestPlatform.CommandLine.Internal.ConsoleLogger., took 0 ms.
TpTrace Verbose: 0 : 1460, 4, 2025/03/01, 16:58:48.358, 274021699082, vstest.console.dll, MulticastDelegateUtilities.SafeInvoke: InternalTestLoggerEvents.SendTestResult: Invoking callback 1/1 for Microsoft.VisualStudio.TestPlatform.CommandLine.Internal.ConsoleLogger., took 0 ms.
TpTrace Verbose: 0 : 1460, 13, 2025/03/01, 16:58:48.358, 274021700693, vstest.console.dll, ParallelProxyExecutionManager: HandlePartialRunComplete: Total workloads = 1, Total started clients = 1 Total completed clients = 1, Run complete = True, Run canceled: False.
TpTrace Verbose: 0 : 1460, 13, 2025/03/01, 16:58:48.358, 274021701182, vstest.console.dll, ParallelProxyExecutionManager: HandlePartialRunComplete: All runs completed stopping all managers.
TpTrace Verbose: 0 : 1460, 13, 2025/03/01, 16:58:48.358, 274021701583, vstest.console.dll, ParallelOperationManager.StopAllManagers: Stopping all managers.
TpTrace Verbose: 0 : 1460, 13, 2025/03/01, 16:58:48.358, 274021701941, vstest.console.dll, ParallelOperationManager.ClearSlots: Clearing all slots. Slots should accept more work: False
TpTrace Verbose: 0 : 1460, 13, 2025/03/01, 16:58:48.358, 274021702378, vstest.console.dll, ParallelOperationManager.SetOccupiedSlotCount: Setting slot counts AvailableSlotCount = 1, OccupiedSlotCount = 0.
TpTrace Verbose: 0 : 1460, 13, 2025/03/01, 16:58:48.358, 274021702839, vstest.console.dll, Occupied slots:

TpTrace Verbose: 0 : 1460, 4, 2025/03/01, 16:58:48.370, 274021818620, vstest.console.dll, MulticastDelegateUtilities.SafeInvoke: InternalTestLoggerEvents.SendTestRunComplete: Invoking callback 1/2 for Microsoft.TestPlatform.Extensions.BlameDataCollector.BlameLogger., took 0 ms.
TpTrace Verbose: 0 : 1460, 4, 2025/03/01, 16:58:48.377, 274021892334, vstest.console.dll, MulticastDelegateUtilities.SafeInvoke: InternalTestLoggerEvents.SendTestRunComplete: Invoking callback 2/2 for Microsoft.VisualStudio.TestPlatform.CommandLine.Internal.ConsoleLogger., took 7 ms.
TpTrace Verbose: 0 : 1460, 13, 2025/03/01, 16:58:48.378, 274021897495, vstest.console.dll, TestRunRequest:TestRunComplete: Starting. IsAborted:False IsCanceled:False.
TpTrace Verbose: 0 : 1460, 13, 2025/03/01, 16:58:48.378, 274021900385, vstest.console.dll, ParallelOperationManager.DoActionOnAllManagers: Calling an action on all managers.
TpTrace Verbose: 0 : 1460, 13, 2025/03/01, 16:58:48.379, 274021913982, vstest.console.dll, TestLoggerManager.HandleTestRunComplete: Ignoring as the object is disposed.
TpTrace Verbose: 0 : 1460, 13, 2025/03/01, 16:58:48.379, 274021916923, vstest.console.dll, MulticastDelegateUtilities.SafeInvoke: TestRun.TestRunComplete: Invoking callback 1/2 for Microsoft.VisualStudio.TestPlatform.CommandLine.TestRunResultAggregator., took 0 ms.
TpTrace Verbose: 0 : 1460, 13, 2025/03/01, 16:58:48.380, 274021918528, vstest.console.dll, MulticastDelegateUtilities.SafeInvoke: TestRun.TestRunComplete: Invoking callback 2/2 for Microsoft.VisualStudio.TestPlatform.CommandLine.Processors.RunTestsArgumentExecutor+TestRunRequestEventsRegistrar., took 0 ms.
TpTrace Information: 0 : 1460, 13, 2025/03/01, 16:58:48.380, 274021919975, vstest.console.dll, TestRunRequest:TestRunComplete: Completed.
TpTrace Verbose: 0 : 1460, 1, 2025/03/01, 16:58:48.380, 274021920112, vstest.console.dll, TestRunRequest.Dispose: Starting.
TpTrace Verbose: 0 : 1460, 13, 2025/03/01, 16:58:48.380, 274021920957, vstest.console.dll, TestRequestSender.SetOperationComplete: Setting operation complete.
TpTrace Information: 0 : 1460, 1, 2025/03/01, 16:58:48.380, 274021921828, vstest.console.dll, TestRunRequest.Dispose: Completed.
TpTrace Information: 0 : 1460, 13, 2025/03/01, 16:58:48.380, 274021922253, vstest.console.dll, SocketServer.Stop: Stop server endPoint: 127.0.0.1:53924
TpTrace Information: 0 : 1460, 1, 2025/03/01, 16:58:48.380, 274021923100, vstest.console.dll, TestRequestManager.RunTests: run tests completed.
TpTrace Information: 0 : 1460, 13, 2025/03/01, 16:58:48.380, 274021923479, vstest.console.dll, SocketServer.Stop: Cancellation requested. Stopping message loop.
TpTrace Information: 0 : 1460, 1, 2025/03/01, 16:58:48.383, 274021954008, vstest.console.dll, RunTestsArgumentProcessor:Execute: Test run is completed.
TpTrace Verbose: 0 : 1460, 13, 2025/03/01, 16:58:48.383, 274021954202, vstest.console.dll, MulticastDelegateUtilities.SafeInvoke: LengthPrefixCommunicationChannel: MessageReceived: Invoking callback 1/1 for Microsoft.VisualStudio.TestPlatform.CommunicationUtilities.TestRequestSender+<>c__DisplayClass34_0., took 222 ms.
TpTrace Information: 0 : 1460, 13, 2025/03/01, 16:58:48.383, 274021956213, vstest.console.dll, SocketServer.PrivateStop: Stopping server endPoint: 127.0.0.1:53924 error: 
TpTrace Verbose: 0 : 1460, 1, 2025/03/01, 16:58:48.384, 274021958202, vstest.console.dll, Executor.Execute: Exiting with exit code of 0
TpTrace Verbose: 0 : 1460, 13, 2025/03/01, 16:58:48.384, 274021960626, vstest.console.dll, LengthPrefixCommunicationChannel.Dispose: Dispose reader and writer.
TpTrace Information: 0 : 1460, 13, 2025/03/01, 16:58:48.384, 274021961945, vstest.console.dll, SocketServer.Stop: Raise disconnected event endPoint: 127.0.0.1:53924 error: 
TpTrace Verbose: 0 : 1460, 13, 2025/03/01, 16:58:48.384, 274021962813, vstest.console.dll, TestRequestSender: OnTestRunAbort: Operation is already complete. Skip error message.
TpTrace Verbose: 0 : 1460, 13, 2025/03/01, 16:58:48.384, 274021963254, vstest.console.dll, MulticastDelegateUtilities.SafeInvoke: SocketServer: ClientDisconnected: Invoking callback 1/1 for Microsoft.VisualStudio.TestPlatform.CommunicationUtilities.TestRequestSender., took 0 ms.
TpTrace Verbose: 0 : 1460, 13, 2025/03/01, 16:58:48.384, 274021963596, vstest.console.dll, TcpClientExtensions.MessageLoopAsync: exiting MessageLoopAsync remoteEndPoint: 127.0.0.1:53925 localEndPoint: 127.0.0.1:53924
