TpTrace Verbose: 0 : 3928, 1, 2025/07/31, 20:08:02.025, 115978393142, vstest.console.dll, Version: 17.12.0-release-24508-01 Current process architecture: X64
TpTrace Verbose: 0 : 3928, 1, 2025/07/31, 20:08:02.029, 115978428319, vstest.console.dll, Runtime location: C:\Program Files\dotnet\shared\Microsoft.NETCore.App\9.0.0
TpTrace Verbose: 0 : 3928, 1, 2025/07/31, 20:08:02.032, 115978456038, vstest.console.dll, ArtifactProcessingPostProcessModeProcessorExecutor.Initialize: ArtifactProcessingMode.Collect
TpTrace Verbose: 0 : 3928, 1, 2025/07/31, 20:08:02.032, 115978457528, vstest.console.dll, TestSessionCorrelationIdProcessorModeProcessorExecutor.Initialize: TestSessionCorrelationId '4968_e3b43439-5926-46ba-a333-4ada942780aa'
TpTrace Information: 0 : 3928, 1, 2025/07/31, 20:08:02.042, 115978563755, vstest.console.dll, FilePatternParser: The given file C:\Users\TOSHIBA\Downloads\QA path\Programming for QA\Programming Advanced for QA\11-Unit-Testing-Exercise-Exception-Handling-Resources\TestApp.UnitTests\bin\Debug\net6.0\fine-code-coverage\build-output\TestApp.UnitTests.dll is a full path.
TpTrace Verbose: 0 : 3928, 1, 2025/07/31, 20:08:02.048, 115978623972, vstest.console.dll, TestPluginCache.DiscoverTestExtensions: finding test extensions in assemblies ends with: RuntimeProvider.dll TPluginInfo: Microsoft.VisualStudio.TestPlatform.Common.ExtensionFramework.Utilities.TestRuntimePluginInformation TExtension: Microsoft.VisualStudio.TestPlatform.ObjectModel.Host.ITestRuntimeProvider
TpTrace Verbose: 0 : 3928, 1, 2025/07/31, 20:08:02.049, 115978627792, vstest.console.dll, TestPluginCache.GetExtensionPaths: Filtered extension paths: 
TpTrace Verbose: 0 : 3928, 1, 2025/07/31, 20:08:02.049, 115978628591, vstest.console.dll, TestPluginCache.GetExtensionPaths: Added default extension paths: C:\Program Files\dotnet\sdk\9.0.100\Extensions\Microsoft.Diagnostics.NETCore.Client.dll
C:\Program Files\dotnet\sdk\9.0.100\Extensions\Microsoft.TestPlatform.Extensions.BlameDataCollector.dll
C:\Program Files\dotnet\sdk\9.0.100\Extensions\Microsoft.TestPlatform.Extensions.EventLogCollector.dll
C:\Program Files\dotnet\sdk\9.0.100\Extensions\Microsoft.TestPlatform.TestHostRuntimeProvider.dll
C:\Program Files\dotnet\sdk\9.0.100\Extensions\Microsoft.VisualStudio.TestPlatform.Extensions.Html.TestLogger.dll
C:\Program Files\dotnet\sdk\9.0.100\Extensions\Microsoft.VisualStudio.TestPlatform.Extensions.Trx.TestLogger.dll
TpTrace Verbose: 0 : 3928, 1, 2025/07/31, 20:08:02.049, 115978629084, vstest.console.dll, TestPluginCache.GetExtensionPaths: Added unfilterableExtensionPaths: 
TpTrace Information: 0 : 3928, 1, 2025/07/31, 20:08:02.049, 115978635184, vstest.console.dll, AssemblyResolver.ctor: Creating AssemblyResolver with searchDirectories C:\Program Files\dotnet\sdk\9.0.100\Extensions,C:\Program Files\dotnet\sdk\9.0.100
TpTrace Verbose: 0 : 3928, 1, 2025/07/31, 20:08:02.051, 115978652597, vstest.console.dll, TestPluginCache.DiscoverTestExtensions: Discovering the extensions using extension path.
TpTrace Verbose: 0 : 3928, 1, 2025/07/31, 20:08:02.051, 115978654279, vstest.console.dll, TestPluginCache.GetExtensionPaths: Filtered extension paths: 
TpTrace Verbose: 0 : 3928, 1, 2025/07/31, 20:08:02.051, 115978654736, vstest.console.dll, TestPluginCache.GetExtensionPaths: Added default extension paths: C:\Program Files\dotnet\sdk\9.0.100\Extensions\Microsoft.Diagnostics.NETCore.Client.dll
C:\Program Files\dotnet\sdk\9.0.100\Extensions\Microsoft.TestPlatform.Extensions.BlameDataCollector.dll
C:\Program Files\dotnet\sdk\9.0.100\Extensions\Microsoft.TestPlatform.Extensions.EventLogCollector.dll
C:\Program Files\dotnet\sdk\9.0.100\Extensions\Microsoft.TestPlatform.TestHostRuntimeProvider.dll
C:\Program Files\dotnet\sdk\9.0.100\Extensions\Microsoft.VisualStudio.TestPlatform.Extensions.Html.TestLogger.dll
C:\Program Files\dotnet\sdk\9.0.100\Extensions\Microsoft.VisualStudio.TestPlatform.Extensions.Trx.TestLogger.dll
TpTrace Verbose: 0 : 3928, 1, 2025/07/31, 20:08:02.051, 115978655181, vstest.console.dll, TestPluginCache.GetExtensionPaths: Added unfilterableExtensionPaths: 
TpTrace Verbose: 0 : 3928, 1, 2025/07/31, 20:08:02.052, 115978656449, vstest.console.dll, TestPluginCache.DiscoverTestExtensions: Discovering the extensions using allExtensionPaths: C:\Program Files\dotnet\sdk\9.0.100\Extensions\Microsoft.Diagnostics.NETCore.Client.dll
C:\Program Files\dotnet\sdk\9.0.100\Extensions\Microsoft.TestPlatform.Extensions.BlameDataCollector.dll
C:\Program Files\dotnet\sdk\9.0.100\Extensions\Microsoft.TestPlatform.Extensions.EventLogCollector.dll
C:\Program Files\dotnet\sdk\9.0.100\Extensions\Microsoft.TestPlatform.TestHostRuntimeProvider.dll
C:\Program Files\dotnet\sdk\9.0.100\Extensions\Microsoft.VisualStudio.TestPlatform.Extensions.Html.TestLogger.dll
C:\Program Files\dotnet\sdk\9.0.100\Extensions\Microsoft.VisualStudio.TestPlatform.Extensions.Trx.TestLogger.dll
TpTrace Information: 0 : 3928, 1, 2025/07/31, 20:08:02.052, 115978657686, vstest.console.dll, AssemblyResolver.AddSearchDirectories: Adding more searchDirectories C:\Program Files\dotnet\sdk\9.0.100\Extensions,C:\Program Files\dotnet\sdk\9.0.100
TpTrace Information: 0 : 3928, 1, 2025/07/31, 20:08:02.052, 115978658308, vstest.console.dll, AssemblyResolver.AddSearchDirectories: Adding more searchDirectories C:\Program Files\dotnet\sdk\9.0.100\Extensions,C:\Program Files\dotnet\sdk\9.0.100
TpTrace Information: 0 : 3928, 1, 2025/07/31, 20:08:02.052, 115978658696, vstest.console.dll, AssemblyResolver.AddSearchDirectories: Adding more searchDirectories C:\Program Files\dotnet\sdk\9.0.100\Extensions,C:\Program Files\dotnet\sdk\9.0.100
TpTrace Information: 0 : 3928, 1, 2025/07/31, 20:08:02.052, 115978659173, vstest.console.dll, AssemblyResolver.AddSearchDirectories: Adding more searchDirectories C:\Program Files\dotnet\sdk\9.0.100\Extensions,C:\Program Files\dotnet\sdk\9.0.100
TpTrace Information: 0 : 3928, 1, 2025/07/31, 20:08:02.052, 115978659542, vstest.console.dll, AssemblyResolver.AddSearchDirectories: Adding more searchDirectories C:\Program Files\dotnet\sdk\9.0.100\Extensions,C:\Program Files\dotnet\sdk\9.0.100
TpTrace Information: 0 : 3928, 1, 2025/07/31, 20:08:02.052, 115978659884, vstest.console.dll, AssemblyResolver.AddSearchDirectories: Adding more searchDirectories C:\Program Files\dotnet\sdk\9.0.100\Extensions,C:\Program Files\dotnet\sdk\9.0.100
TpTrace Information: 0 : 3928, 1, 2025/07/31, 20:08:02.053, 115978666138, vstest.console.dll, AssemblyResolver.OnResolve: Microsoft.Diagnostics.NETCore.Client: Resolving assembly.
TpTrace Information: 0 : 3928, 1, 2025/07/31, 20:08:02.053, 115978667337, vstest.console.dll, AssemblyResolver.OnResolve: Microsoft.Diagnostics.NETCore.Client: Searching in: 'C:\Program Files\dotnet\sdk\9.0.100\Extensions'.
TpTrace Information: 0 : 3928, 1, 2025/07/31, 20:08:02.081, 115978951093, vstest.console.dll, AssemblyResolver.OnResolve: Microsoft.Diagnostics.NETCore.Client: Loading assembly 'C:\Program Files\dotnet\sdk\9.0.100\Extensions\Microsoft.Diagnostics.NETCore.Client.dll'.
TpTrace Information: 0 : 3928, 1, 2025/07/31, 20:08:02.082, 115978963441, vstest.console.dll, AssemblyResolver.OnResolve: Resolved assembly: Microsoft.Diagnostics.NETCore.Client, from path: C:\Program Files\dotnet\sdk\9.0.100\Extensions\Microsoft.Diagnostics.NETCore.Client.dll
TpTrace Verbose: 0 : 3928, 1, 2025/07/31, 20:08:02.084, 115978980401, vstest.console.dll, MetadataReaderExtensionsHelper: Discovering extensions inside assembly 'Microsoft.Diagnostics.NETCore.Client, Version=0.2.10.41601, Culture=neutral, PublicKeyToken=31bf3856ad364e35' file path 'C:\Program Files\dotnet\sdk\9.0.100\Extensions\Microsoft.Diagnostics.NETCore.Client.dll'
TpTrace Information: 0 : 3928, 1, 2025/07/31, 20:08:02.090, 115979039754, vstest.console.dll, AssemblyResolver.OnResolve: Microsoft.Bcl.AsyncInterfaces: Resolving assembly.
TpTrace Information: 0 : 3928, 1, 2025/07/31, 20:08:02.090, 115979041124, vstest.console.dll, AssemblyResolver.OnResolve: Microsoft.Bcl.AsyncInterfaces: Searching in: 'C:\Program Files\dotnet\sdk\9.0.100\Extensions'.
TpTrace Information: 0 : 3928, 1, 2025/07/31, 20:08:02.090, 115979042164, vstest.console.dll, AssemblyResolver.OnResolve: Microsoft.Bcl.AsyncInterfaces: Assembly path does not exist: 'C:\Program Files\dotnet\sdk\9.0.100\Extensions\Microsoft.Bcl.AsyncInterfaces.dll', returning.
TpTrace Information: 0 : 3928, 1, 2025/07/31, 20:08:02.090, 115979043453, vstest.console.dll, AssemblyResolver.OnResolve: Microsoft.Bcl.AsyncInterfaces: Assembly path does not exist: 'C:\Program Files\dotnet\sdk\9.0.100\Extensions\Microsoft.Bcl.AsyncInterfaces.exe', returning.
TpTrace Information: 0 : 3928, 1, 2025/07/31, 20:08:02.090, 115979044019, vstest.console.dll, AssemblyResolver.OnResolve: Microsoft.Bcl.AsyncInterfaces: Searching in: 'C:\Program Files\dotnet\sdk\9.0.100'.
TpTrace Information: 0 : 3928, 1, 2025/07/31, 20:08:02.090, 115979044734, vstest.console.dll, AssemblyResolver.OnResolve: Microsoft.Bcl.AsyncInterfaces: Assembly path does not exist: 'C:\Program Files\dotnet\sdk\9.0.100\Microsoft.Bcl.AsyncInterfaces.dll', returning.
TpTrace Information: 0 : 3928, 1, 2025/07/31, 20:08:02.090, 115979045402, vstest.console.dll, AssemblyResolver.OnResolve: Microsoft.Bcl.AsyncInterfaces: Assembly path does not exist: 'C:\Program Files\dotnet\sdk\9.0.100\Microsoft.Bcl.AsyncInterfaces.exe', returning.
TpTrace Information: 0 : 3928, 1, 2025/07/31, 20:08:02.091, 115979045746, vstest.console.dll, AssemblyResolver.OnResolve: Microsoft.Bcl.AsyncInterfaces: Failed to load assembly.
TpTrace Verbose: 0 : 3928, 1, 2025/07/31, 20:08:02.091, 115979046141, vstest.console.dll, CurrentDomainAssemblyResolve: Resolving assembly 'Microsoft.Bcl.AsyncInterfaces'.
TpTrace Information: 0 : 3928, 1, 2025/07/31, 20:08:02.091, 115979046885, vstest.console.dll, AssemblyResolver.OnResolve: Microsoft.Bcl.AsyncInterfaces: Resolving assembly.
TpTrace Information: 0 : 3928, 1, 2025/07/31, 20:08:02.091, 115979047302, vstest.console.dll, AssemblyResolver.OnResolve: Microsoft.Bcl.AsyncInterfaces: Resolved from cache.
TpTrace Verbose: 0 : 3928, 1, 2025/07/31, 20:08:02.091, 115979047615, vstest.console.dll, CurrentDomainAssemblyResolve: Resolving assembly 'Microsoft.Bcl.AsyncInterfaces'.
TpTrace Verbose: 0 : 3928, 1, 2025/07/31, 20:08:02.091, 115979048042, vstest.console.dll, CurrentDomainAssemblyResolve: Failed to resolve assembly 'Microsoft.Bcl.AsyncInterfaces'.
TpTrace Verbose: 0 : 3928, 1, 2025/07/31, 20:08:02.092, 115979056936, vstest.console.dll, CurrentDomainAssemblyResolve: Failed to resolve assembly 'Microsoft.Bcl.AsyncInterfaces'.
TpTrace Warning: 0 : 3928, 1, 2025/07/31, 20:08:02.104, 115979180986, vstest.console.dll, TestPluginDiscoverer: Failed to get types from assembly 'Microsoft.Diagnostics.NETCore.Client, Version=0.2.10.41601, Culture=neutral, PublicKeyToken=31bf3856ad364e35'. Error: System.Reflection.ReflectionTypeLoadException: Unable to load one or more of the requested types.
Could not load file or assembly 'Microsoft.Bcl.AsyncInterfaces, Version=6.0.0.0, Culture=neutral, PublicKeyToken=cc7b13ffcd2ddd51'. The system cannot find the file specified.
   at System.Reflection.RuntimeModule.GetDefinedTypes()
   at System.Reflection.RuntimeModule.GetTypes()
   at Microsoft.VisualStudio.TestPlatform.Common.ExtensionFramework.TestPluginDiscoverer.GetTestExtensionsFromAssembly[TPluginInfo,TExtension](Assembly assembly, Dictionary`2 pluginInfos, String filePath) in /_/src/Microsoft.TestPlatform.Common/ExtensionFramework/TestPluginDiscoverer.cs:line 159
System.IO.FileNotFoundException: Could not load file or assembly 'Microsoft.Bcl.AsyncInterfaces, Version=6.0.0.0, Culture=neutral, PublicKeyToken=cc7b13ffcd2ddd51'. The system cannot find the file specified.
File name: 'Microsoft.Bcl.AsyncInterfaces, Version=6.0.0.0, Culture=neutral, PublicKeyToken=cc7b13ffcd2ddd51'
 ---> System.IO.FileNotFoundException: Could not load file or assembly 'Microsoft.Bcl.AsyncInterfaces, Culture=neutral, PublicKeyToken=null'. The system cannot find the file specified.
File name: 'Microsoft.Bcl.AsyncInterfaces, Culture=neutral, PublicKeyToken=null'
   at System.Reflection.RuntimeAssembly.InternalLoad(AssemblyName assemblyName, StackCrawlMark& stackMark, AssemblyLoadContext assemblyLoadContext, RuntimeAssembly requestingAssembly, Boolean throwOnFileNotFound)
   at System.Reflection.Assembly.Load(AssemblyName assemblyRef)
   at Microsoft.VisualStudio.TestPlatform.Common.ExtensionFramework.TestPluginCache.CurrentDomainAssemblyResolve(Object sender, AssemblyResolveEventArgs args) in /_/src/Microsoft.TestPlatform.Common/ExtensionFramework/TestPluginCache.cs:line 514
   at System.Runtime.Loader.AssemblyLoadContext.GetFirstResolvedAssemblyFromResolvingEvent(AssemblyName assemblyName)
   at System.Runtime.Loader.AssemblyLoadContext.ResolveUsingEvent(AssemblyName assemblyName)
   at System.Runtime.Loader.AssemblyLoadContext.ResolveUsingResolvingEvent(IntPtr gchManagedAssemblyLoadContext, AssemblyName assemblyName)
TpTrace Warning: 0 : 3928, 1, 2025/07/31, 20:08:02.104, 115979185305, vstest.console.dll, LoaderExceptions: System.IO.FileNotFoundException: Could not load file or assembly 'Microsoft.Bcl.AsyncInterfaces, Version=6.0.0.0, Culture=neutral, PublicKeyToken=cc7b13ffcd2ddd51'. The system cannot find the file specified.
File name: 'Microsoft.Bcl.AsyncInterfaces, Version=6.0.0.0, Culture=neutral, PublicKeyToken=cc7b13ffcd2ddd51'
 ---> System.IO.FileNotFoundException: Could not load file or assembly 'Microsoft.Bcl.AsyncInterfaces, Culture=neutral, PublicKeyToken=null'. The system cannot find the file specified.
File name: 'Microsoft.Bcl.AsyncInterfaces, Culture=neutral, PublicKeyToken=null'
   at System.Reflection.RuntimeAssembly.InternalLoad(AssemblyName assemblyName, StackCrawlMark& stackMark, AssemblyLoadContext assemblyLoadContext, RuntimeAssembly requestingAssembly, Boolean throwOnFileNotFound)
   at System.Reflection.Assembly.Load(AssemblyName assemblyRef)
   at Microsoft.VisualStudio.TestPlatform.Common.ExtensionFramework.TestPluginCache.CurrentDomainAssemblyResolve(Object sender, AssemblyResolveEventArgs args) in /_/src/Microsoft.TestPlatform.Common/ExtensionFramework/TestPluginCache.cs:line 514
   at System.Runtime.Loader.AssemblyLoadContext.GetFirstResolvedAssemblyFromResolvingEvent(AssemblyName assemblyName)
   at System.Runtime.Loader.AssemblyLoadContext.ResolveUsingEvent(AssemblyName assemblyName)
   at System.Runtime.Loader.AssemblyLoadContext.ResolveUsingResolvingEvent(IntPtr gchManagedAssemblyLoadContext, AssemblyName assemblyName)
TpTrace Information: 0 : 3928, 1, 2025/07/31, 20:08:02.105, 115979186758, vstest.console.dll, AssemblyResolver.OnResolve: Microsoft.TestPlatform.Extensions.BlameDataCollector: Resolving assembly.
TpTrace Information: 0 : 3928, 1, 2025/07/31, 20:08:02.105, 115979187343, vstest.console.dll, AssemblyResolver.OnResolve: Microsoft.TestPlatform.Extensions.BlameDataCollector: Searching in: 'C:\Program Files\dotnet\sdk\9.0.100\Extensions'.
TpTrace Information: 0 : 3928, 1, 2025/07/31, 20:08:02.105, 115979193208, vstest.console.dll, AssemblyResolver.OnResolve: Microsoft.TestPlatform.Extensions.BlameDataCollector: Loading assembly 'C:\Program Files\dotnet\sdk\9.0.100\Extensions\Microsoft.TestPlatform.Extensions.BlameDataCollector.dll'.
TpTrace Information: 0 : 3928, 1, 2025/07/31, 20:08:02.106, 115979198834, vstest.console.dll, AssemblyResolver.OnResolve: Resolved assembly: Microsoft.TestPlatform.Extensions.BlameDataCollector, from path: C:\Program Files\dotnet\sdk\9.0.100\Extensions\Microsoft.TestPlatform.Extensions.BlameDataCollector.dll
TpTrace Verbose: 0 : 3928, 1, 2025/07/31, 20:08:02.106, 115979199962, vstest.console.dll, MetadataReaderExtensionsHelper: Discovering extensions inside assembly 'Microsoft.TestPlatform.Extensions.BlameDataCollector, Version=15.0.0.0, Culture=neutral, PublicKeyToken=b03f5f7f11d50a3a' file path 'C:\Program Files\dotnet\sdk\9.0.100\Extensions\Microsoft.TestPlatform.Extensions.BlameDataCollector.dll'
TpTrace Information: 0 : 3928, 1, 2025/07/31, 20:08:02.108, 115979218472, vstest.console.dll, AssemblyResolver.OnResolve: Microsoft.TestPlatform.Extensions.EventLogCollector: Resolving assembly.
TpTrace Information: 0 : 3928, 1, 2025/07/31, 20:08:02.108, 115979219509, vstest.console.dll, AssemblyResolver.OnResolve: Microsoft.TestPlatform.Extensions.EventLogCollector: Searching in: 'C:\Program Files\dotnet\sdk\9.0.100\Extensions'.
TpTrace Information: 0 : 3928, 1, 2025/07/31, 20:08:02.108, 115979224753, vstest.console.dll, AssemblyResolver.OnResolve: Microsoft.TestPlatform.Extensions.EventLogCollector: Loading assembly 'C:\Program Files\dotnet\sdk\9.0.100\Extensions\Microsoft.TestPlatform.Extensions.EventLogCollector.dll'.
TpTrace Information: 0 : 3928, 1, 2025/07/31, 20:08:02.109, 115979229220, vstest.console.dll, AssemblyResolver.OnResolve: Resolved assembly: Microsoft.TestPlatform.Extensions.EventLogCollector, from path: C:\Program Files\dotnet\sdk\9.0.100\Extensions\Microsoft.TestPlatform.Extensions.EventLogCollector.dll
TpTrace Verbose: 0 : 3928, 1, 2025/07/31, 20:08:02.109, 115979230072, vstest.console.dll, MetadataReaderExtensionsHelper: Discovering extensions inside assembly 'Microsoft.TestPlatform.Extensions.EventLogCollector, Version=15.0.0.0, Culture=neutral, PublicKeyToken=b03f5f7f11d50a3a' file path 'C:\Program Files\dotnet\sdk\9.0.100\Extensions\Microsoft.TestPlatform.Extensions.EventLogCollector.dll'
TpTrace Information: 0 : 3928, 1, 2025/07/31, 20:08:02.111, 115979255100, vstest.console.dll, AssemblyResolver.OnResolve: Microsoft.TestPlatform.TestHostRuntimeProvider: Resolving assembly.
TpTrace Information: 0 : 3928, 1, 2025/07/31, 20:08:02.112, 115979256161, vstest.console.dll, AssemblyResolver.OnResolve: Microsoft.TestPlatform.TestHostRuntimeProvider: Searching in: 'C:\Program Files\dotnet\sdk\9.0.100\Extensions'.
TpTrace Information: 0 : 3928, 1, 2025/07/31, 20:08:02.112, 115979261378, vstest.console.dll, AssemblyResolver.OnResolve: Microsoft.TestPlatform.TestHostRuntimeProvider: Loading assembly 'C:\Program Files\dotnet\sdk\9.0.100\Extensions\Microsoft.TestPlatform.TestHostRuntimeProvider.dll'.
TpTrace Information: 0 : 3928, 1, 2025/07/31, 20:08:02.113, 115979266565, vstest.console.dll, AssemblyResolver.OnResolve: Resolved assembly: Microsoft.TestPlatform.TestHostRuntimeProvider, from path: C:\Program Files\dotnet\sdk\9.0.100\Extensions\Microsoft.TestPlatform.TestHostRuntimeProvider.dll
TpTrace Verbose: 0 : 3928, 1, 2025/07/31, 20:08:02.113, 115979267405, vstest.console.dll, MetadataReaderExtensionsHelper: Discovering extensions inside assembly 'Microsoft.TestPlatform.TestHostRuntimeProvider, Version=15.0.0.0, Culture=neutral, PublicKeyToken=b03f5f7f11d50a3a' file path 'C:\Program Files\dotnet\sdk\9.0.100\Extensions\Microsoft.TestPlatform.TestHostRuntimeProvider.dll'
TpTrace Information: 0 : 3928, 1, 2025/07/31, 20:08:02.115, 115979285576, vstest.console.dll, GetTestExtensionFromType: Register extension with identifier data 'HostProvider://DefaultTestHost' and type 'Microsoft.VisualStudio.TestPlatform.CrossPlatEngine.Hosting.DefaultTestHostManager, Microsoft.TestPlatform.TestHostRuntimeProvider, Version=15.0.0.0, Culture=neutral, PublicKeyToken=b03f5f7f11d50a3a' inside file 'C:\Program Files\dotnet\sdk\9.0.100\Extensions\Microsoft.TestPlatform.TestHostRuntimeProvider.dll'
TpTrace Information: 0 : 3928, 1, 2025/07/31, 20:08:02.115, 115979288660, vstest.console.dll, GetTestExtensionFromType: Register extension with identifier data 'HostProvider://DotnetTestHost' and type 'Microsoft.VisualStudio.TestPlatform.CrossPlatEngine.Hosting.DotnetTestHostManager, Microsoft.TestPlatform.TestHostRuntimeProvider, Version=15.0.0.0, Culture=neutral, PublicKeyToken=b03f5f7f11d50a3a' inside file 'C:\Program Files\dotnet\sdk\9.0.100\Extensions\Microsoft.TestPlatform.TestHostRuntimeProvider.dll'
TpTrace Information: 0 : 3928, 1, 2025/07/31, 20:08:02.115, 115979289528, vstest.console.dll, AssemblyResolver.OnResolve: Microsoft.VisualStudio.TestPlatform.Extensions.Html.TestLogger: Resolving assembly.
TpTrace Information: 0 : 3928, 1, 2025/07/31, 20:08:02.115, 115979290059, vstest.console.dll, AssemblyResolver.OnResolve: Microsoft.VisualStudio.TestPlatform.Extensions.Html.TestLogger: Searching in: 'C:\Program Files\dotnet\sdk\9.0.100\Extensions'.
TpTrace Information: 0 : 3928, 1, 2025/07/31, 20:08:02.116, 115979295562, vstest.console.dll, AssemblyResolver.OnResolve: Microsoft.VisualStudio.TestPlatform.Extensions.Html.TestLogger: Loading assembly 'C:\Program Files\dotnet\sdk\9.0.100\Extensions\Microsoft.VisualStudio.TestPlatform.Extensions.Html.TestLogger.dll'.
TpTrace Information: 0 : 3928, 1, 2025/07/31, 20:08:02.116, 115979300765, vstest.console.dll, AssemblyResolver.OnResolve: Resolved assembly: Microsoft.VisualStudio.TestPlatform.Extensions.Html.TestLogger, from path: C:\Program Files\dotnet\sdk\9.0.100\Extensions\Microsoft.VisualStudio.TestPlatform.Extensions.Html.TestLogger.dll
TpTrace Verbose: 0 : 3928, 1, 2025/07/31, 20:08:02.116, 115979301739, vstest.console.dll, MetadataReaderExtensionsHelper: Discovering extensions inside assembly 'Microsoft.VisualStudio.TestPlatform.Extensions.Html.TestLogger, Version=15.0.0.0, Culture=neutral, PublicKeyToken=b03f5f7f11d50a3a' file path 'C:\Program Files\dotnet\sdk\9.0.100\Extensions\Microsoft.VisualStudio.TestPlatform.Extensions.Html.TestLogger.dll'
TpTrace Information: 0 : 3928, 1, 2025/07/31, 20:08:02.117, 115979314815, vstest.console.dll, AssemblyResolver.OnResolve: Microsoft.VisualStudio.TestPlatform.Extensions.Trx.TestLogger: Resolving assembly.
TpTrace Information: 0 : 3928, 1, 2025/07/31, 20:08:02.118, 115979315884, vstest.console.dll, AssemblyResolver.OnResolve: Microsoft.VisualStudio.TestPlatform.Extensions.Trx.TestLogger: Searching in: 'C:\Program Files\dotnet\sdk\9.0.100\Extensions'.
TpTrace Information: 0 : 3928, 1, 2025/07/31, 20:08:02.118, 115979321246, vstest.console.dll, AssemblyResolver.OnResolve: Microsoft.VisualStudio.TestPlatform.Extensions.Trx.TestLogger: Loading assembly 'C:\Program Files\dotnet\sdk\9.0.100\Extensions\Microsoft.VisualStudio.TestPlatform.Extensions.Trx.TestLogger.dll'.
TpTrace Information: 0 : 3928, 1, 2025/07/31, 20:08:02.119, 115979327156, vstest.console.dll, AssemblyResolver.OnResolve: Resolved assembly: Microsoft.VisualStudio.TestPlatform.Extensions.Trx.TestLogger, from path: C:\Program Files\dotnet\sdk\9.0.100\Extensions\Microsoft.VisualStudio.TestPlatform.Extensions.Trx.TestLogger.dll
TpTrace Verbose: 0 : 3928, 1, 2025/07/31, 20:08:02.119, 115979328155, vstest.console.dll, MetadataReaderExtensionsHelper: Discovering extensions inside assembly 'Microsoft.VisualStudio.TestPlatform.Extensions.Trx.TestLogger, Version=15.0.0.0, Culture=neutral, PublicKeyToken=b03f5f7f11d50a3a' file path 'C:\Program Files\dotnet\sdk\9.0.100\Extensions\Microsoft.VisualStudio.TestPlatform.Extensions.Trx.TestLogger.dll'
TpTrace Verbose: 0 : 3928, 1, 2025/07/31, 20:08:02.120, 115979342217, vstest.console.dll, TestPluginCache: Discovered the extensions using extension path ''.
TpTrace Verbose: 0 : 3928, 1, 2025/07/31, 20:08:02.120, 115979343193, vstest.console.dll, TestPluginCache: Discoverers are ''.
TpTrace Verbose: 0 : 3928, 1, 2025/07/31, 20:08:02.120, 115979343571, vstest.console.dll, TestPluginCache: Executors are ''.
TpTrace Verbose: 0 : 3928, 1, 2025/07/31, 20:08:02.120, 115979343857, vstest.console.dll, TestPluginCache: Executors2 are ''.
TpTrace Verbose: 0 : 3928, 1, 2025/07/31, 20:08:02.120, 115979344133, vstest.console.dll, TestPluginCache: Setting providers are ''.
TpTrace Verbose: 0 : 3928, 1, 2025/07/31, 20:08:02.120, 115979344406, vstest.console.dll, TestPluginCache: Loggers are ''.
TpTrace Verbose: 0 : 3928, 1, 2025/07/31, 20:08:02.121, 115979346314, vstest.console.dll, TestPluginCache: TestHosts are 'HostProvider://DefaultTestHost,HostProvider://DotnetTestHost'.
TpTrace Verbose: 0 : 3928, 1, 2025/07/31, 20:08:02.121, 115979346754, vstest.console.dll, TestPluginCache: DataCollectors are ''.
TpTrace Information: 0 : 3928, 1, 2025/07/31, 20:08:02.138, 115979521647, vstest.console.dll, RunTestsArgumentProcessor:Execute: Test run is starting.
TpTrace Verbose: 0 : 3928, 1, 2025/07/31, 20:08:02.138, 115979522611, vstest.console.dll, RunTestsArgumentProcessor:Execute: Queuing Test run.
TpTrace Information: 0 : 3928, 1, 2025/07/31, 20:08:02.138, 115979524888, vstest.console.dll, TestRequestManager.RunTests: run tests started.
TpTrace Information: 0 : 3928, 1, 2025/07/31, 20:08:02.140, 115979537892, vstest.console.dll, AssemblyMetadataProvider.GetFrameworkName: Determined framework:'.NETCoreApp,Version=v6.0' for source: 'C:\Users\TOSHIBA\Downloads\QA path\Programming for QA\Programming Advanced for QA\11-Unit-Testing-Exercise-Exception-Handling-Resources\TestApp.UnitTests\bin\Debug\net6.0\fine-code-coverage\build-output\TestApp.UnitTests.dll'
TpTrace Information: 0 : 3928, 1, 2025/07/31, 20:08:02.140, 115979540089, vstest.console.dll, Determined framework for all sources: .NETCoreApp,Version=v6.0
TpTrace Verbose: 0 : 3928, 1, 2025/07/31, 20:08:02.140, 115979543988, vstest.console.dll, TestRequestManager.UpdateRunSettingsIfRequired: Default architecture: X64 IsDefaultTargetArchitecture: True, Current process architecture: X64 OperatingSystem: Windows.
TpTrace Information: 0 : 3928, 1, 2025/07/31, 20:08:02.142, 115979562524, vstest.console.dll, AssemblyMetadataProvider.GetArchitecture: Determined architecture:AnyCPU info for assembly: C:\Users\TOSHIBA\Downloads\QA path\Programming for QA\Programming Advanced for QA\11-Unit-Testing-Exercise-Exception-Handling-Resources\TestApp.UnitTests\bin\Debug\net6.0\fine-code-coverage\build-output\TestApp.UnitTests.dll
TpTrace Information: 0 : 3928, 1, 2025/07/31, 20:08:02.142, 115979563238, vstest.console.dll, Determined platform for source 'C:\Users\TOSHIBA\Downloads\QA path\Programming for QA\Programming Advanced for QA\11-Unit-Testing-Exercise-Exception-Handling-Resources\TestApp.UnitTests\bin\Debug\net6.0\fine-code-coverage\build-output\TestApp.UnitTests.dll' was AnyCPU and it will use the default plaform X64.
TpTrace Information: 0 : 3928, 1, 2025/07/31, 20:08:02.142, 115979563577, vstest.console.dll, None of the sources provided any runnable platform, using the default platform: X64
TpTrace Information: 0 : 3928, 1, 2025/07/31, 20:08:02.142, 115979564642, vstest.console.dll, Platform was updated to 'X64'.
TpTrace Information: 0 : 3928, 1, 2025/07/31, 20:08:02.146, 115979597630, vstest.console.dll, InferRunSettingsHelper.IsTestSettingsEnabled: Unable to navigate to RunSettings/MSTest. Current node: RunSettings
TpTrace Information: 0 : 3928, 1, 2025/07/31, 20:08:02.146, 115979604196, vstest.console.dll, AssemblyResolver.OnResolve: Microsoft.VisualStudio.TestPlatform.Fakes: Resolving assembly.
TpTrace Information: 0 : 3928, 1, 2025/07/31, 20:08:02.146, 115979604952, vstest.console.dll, AssemblyResolver.OnResolve: Microsoft.VisualStudio.TestPlatform.Fakes: Searching in: 'C:\Program Files\dotnet\sdk\9.0.100\Extensions'.
TpTrace Information: 0 : 3928, 1, 2025/07/31, 20:08:02.147, 115979606123, vstest.console.dll, AssemblyResolver.OnResolve: Microsoft.VisualStudio.TestPlatform.Fakes: Assembly path does not exist: 'C:\Program Files\dotnet\sdk\9.0.100\Extensions\Microsoft.VisualStudio.TestPlatform.Fakes.dll', returning.
TpTrace Information: 0 : 3928, 1, 2025/07/31, 20:08:02.147, 115979606921, vstest.console.dll, AssemblyResolver.OnResolve: Microsoft.VisualStudio.TestPlatform.Fakes: Assembly path does not exist: 'C:\Program Files\dotnet\sdk\9.0.100\Extensions\Microsoft.VisualStudio.TestPlatform.Fakes.exe', returning.
TpTrace Information: 0 : 3928, 1, 2025/07/31, 20:08:02.147, 115979607309, vstest.console.dll, AssemblyResolver.OnResolve: Microsoft.VisualStudio.TestPlatform.Fakes: Searching in: 'C:\Program Files\dotnet\sdk\9.0.100'.
TpTrace Information: 0 : 3928, 1, 2025/07/31, 20:08:02.147, 115979608001, vstest.console.dll, AssemblyResolver.OnResolve: Microsoft.VisualStudio.TestPlatform.Fakes: Assembly path does not exist: 'C:\Program Files\dotnet\sdk\9.0.100\Microsoft.VisualStudio.TestPlatform.Fakes.dll', returning.
TpTrace Information: 0 : 3928, 1, 2025/07/31, 20:08:02.147, 115979608684, vstest.console.dll, AssemblyResolver.OnResolve: Microsoft.VisualStudio.TestPlatform.Fakes: Assembly path does not exist: 'C:\Program Files\dotnet\sdk\9.0.100\Microsoft.VisualStudio.TestPlatform.Fakes.exe', returning.
TpTrace Information: 0 : 3928, 1, 2025/07/31, 20:08:02.147, 115979609044, vstest.console.dll, AssemblyResolver.OnResolve: Microsoft.VisualStudio.TestPlatform.Fakes: Failed to load assembly.
TpTrace Information: 0 : 3928, 1, 2025/07/31, 20:08:02.147, 115979611711, vstest.console.dll, Failed to load assembly Microsoft.VisualStudio.TestPlatform.Fakes, Version=17.0.0.0, Culture=neutral. Reason:System.IO.FileNotFoundException: Could not load file or assembly 'Microsoft.VisualStudio.TestPlatform.Fakes, Version=17.0.0.0, Culture=neutral, PublicKeyToken=null'. The system cannot find the file specified.
File name: 'Microsoft.VisualStudio.TestPlatform.Fakes, Version=17.0.0.0, Culture=neutral, PublicKeyToken=null'
   at System.Reflection.RuntimeAssembly.InternalLoad(AssemblyName assemblyName, StackCrawlMark& stackMark, AssemblyLoadContext assemblyLoadContext, RuntimeAssembly requestingAssembly, Boolean throwOnFileNotFound)
   at System.Reflection.Assembly.Load(AssemblyName assemblyRef)
   at Microsoft.VisualStudio.TestPlatform.Common.Utilities.FakesUtilities.LoadTestPlatformAssembly() in /_/src/Microsoft.TestPlatform.Common/Utilities/FakesUtilities.cs:line 273
TpTrace Verbose: 0 : 3928, 1, 2025/07/31, 20:08:02.151, 115979653542, vstest.console.dll, TestPluginCache.DiscoverTestExtensions: finding test extensions in assemblies ends with: TestLogger.dll TPluginInfo: Microsoft.VisualStudio.TestPlatform.Common.ExtensionFramework.Utilities.TestLoggerPluginInformation TExtension: Microsoft.VisualStudio.TestPlatform.ObjectModel.Client.ITestLogger
TpTrace Verbose: 0 : 3928, 1, 2025/07/31, 20:08:02.153, 115979671378, vstest.console.dll, TestPluginCache.GetExtensionPaths: Filtered extension paths: 
TpTrace Verbose: 0 : 3928, 1, 2025/07/31, 20:08:02.153, 115979672057, vstest.console.dll, TestPluginCache.GetExtensionPaths: Added default extension paths: C:\Program Files\dotnet\sdk\9.0.100\Extensions\Microsoft.Diagnostics.NETCore.Client.dll
C:\Program Files\dotnet\sdk\9.0.100\Extensions\Microsoft.TestPlatform.Extensions.BlameDataCollector.dll
C:\Program Files\dotnet\sdk\9.0.100\Extensions\Microsoft.TestPlatform.Extensions.EventLogCollector.dll
C:\Program Files\dotnet\sdk\9.0.100\Extensions\Microsoft.TestPlatform.TestHostRuntimeProvider.dll
C:\Program Files\dotnet\sdk\9.0.100\Extensions\Microsoft.VisualStudio.TestPlatform.Extensions.Html.TestLogger.dll
C:\Program Files\dotnet\sdk\9.0.100\Extensions\Microsoft.VisualStudio.TestPlatform.Extensions.Trx.TestLogger.dll
TpTrace Verbose: 0 : 3928, 1, 2025/07/31, 20:08:02.153, 115979672465, vstest.console.dll, TestPluginCache.GetExtensionPaths: Added unfilterableExtensionPaths: 
TpTrace Information: 0 : 3928, 1, 2025/07/31, 20:08:02.153, 115979674147, vstest.console.dll, AssemblyResolver.AddSearchDirectories: Adding more searchDirectories C:\Program Files\dotnet\sdk\9.0.100\Extensions,C:\Program Files\dotnet\sdk\9.0.100
TpTrace Verbose: 0 : 3928, 1, 2025/07/31, 20:08:02.153, 115979674697, vstest.console.dll, TestPluginCache.DiscoverTestExtensions: Discovering the extensions using extension path.
TpTrace Verbose: 0 : 3928, 1, 2025/07/31, 20:08:02.153, 115979675266, vstest.console.dll, TestPluginCache.GetExtensionPaths: Filtered extension paths: 
TpTrace Verbose: 0 : 3928, 1, 2025/07/31, 20:08:02.154, 115979675653, vstest.console.dll, TestPluginCache.GetExtensionPaths: Added default extension paths: C:\Program Files\dotnet\sdk\9.0.100\Extensions\Microsoft.Diagnostics.NETCore.Client.dll
C:\Program Files\dotnet\sdk\9.0.100\Extensions\Microsoft.TestPlatform.Extensions.BlameDataCollector.dll
C:\Program Files\dotnet\sdk\9.0.100\Extensions\Microsoft.TestPlatform.Extensions.EventLogCollector.dll
C:\Program Files\dotnet\sdk\9.0.100\Extensions\Microsoft.TestPlatform.TestHostRuntimeProvider.dll
C:\Program Files\dotnet\sdk\9.0.100\Extensions\Microsoft.VisualStudio.TestPlatform.Extensions.Html.TestLogger.dll
C:\Program Files\dotnet\sdk\9.0.100\Extensions\Microsoft.VisualStudio.TestPlatform.Extensions.Trx.TestLogger.dll
TpTrace Verbose: 0 : 3928, 1, 2025/07/31, 20:08:02.154, 115979676019, vstest.console.dll, TestPluginCache.GetExtensionPaths: Added unfilterableExtensionPaths: 
TpTrace Verbose: 0 : 3928, 1, 2025/07/31, 20:08:02.154, 115979677325, vstest.console.dll, TestPluginCache.DiscoverTestExtensions: Discovering the extensions using allExtensionPaths: C:\Program Files\dotnet\sdk\9.0.100\Extensions\Microsoft.Diagnostics.NETCore.Client.dll
C:\Program Files\dotnet\sdk\9.0.100\Extensions\Microsoft.TestPlatform.Extensions.BlameDataCollector.dll
C:\Program Files\dotnet\sdk\9.0.100\Extensions\Microsoft.TestPlatform.Extensions.EventLogCollector.dll
C:\Program Files\dotnet\sdk\9.0.100\Extensions\Microsoft.TestPlatform.TestHostRuntimeProvider.dll
C:\Program Files\dotnet\sdk\9.0.100\Extensions\Microsoft.VisualStudio.TestPlatform.Extensions.Html.TestLogger.dll
C:\Program Files\dotnet\sdk\9.0.100\Extensions\Microsoft.VisualStudio.TestPlatform.Extensions.Trx.TestLogger.dll
TpTrace Information: 0 : 3928, 1, 2025/07/31, 20:08:02.154, 115979678087, vstest.console.dll, AssemblyResolver.AddSearchDirectories: Adding more searchDirectories C:\Program Files\dotnet\sdk\9.0.100\Extensions,C:\Program Files\dotnet\sdk\9.0.100
TpTrace Information: 0 : 3928, 1, 2025/07/31, 20:08:02.154, 115979678521, vstest.console.dll, AssemblyResolver.AddSearchDirectories: Adding more searchDirectories C:\Program Files\dotnet\sdk\9.0.100\Extensions,C:\Program Files\dotnet\sdk\9.0.100
TpTrace Information: 0 : 3928, 1, 2025/07/31, 20:08:02.154, 115979678875, vstest.console.dll, AssemblyResolver.AddSearchDirectories: Adding more searchDirectories C:\Program Files\dotnet\sdk\9.0.100\Extensions,C:\Program Files\dotnet\sdk\9.0.100
TpTrace Information: 0 : 3928, 1, 2025/07/31, 20:08:02.154, 115979679243, vstest.console.dll, AssemblyResolver.AddSearchDirectories: Adding more searchDirectories C:\Program Files\dotnet\sdk\9.0.100\Extensions,C:\Program Files\dotnet\sdk\9.0.100
TpTrace Information: 0 : 3928, 1, 2025/07/31, 20:08:02.154, 115979679590, vstest.console.dll, AssemblyResolver.AddSearchDirectories: Adding more searchDirectories C:\Program Files\dotnet\sdk\9.0.100\Extensions,C:\Program Files\dotnet\sdk\9.0.100
TpTrace Information: 0 : 3928, 1, 2025/07/31, 20:08:02.154, 115979679931, vstest.console.dll, AssemblyResolver.AddSearchDirectories: Adding more searchDirectories C:\Program Files\dotnet\sdk\9.0.100\Extensions,C:\Program Files\dotnet\sdk\9.0.100
TpTrace Verbose: 0 : 3928, 1, 2025/07/31, 20:08:02.154, 115979681172, vstest.console.dll, MetadataReaderExtensionsHelper: Discovering extensions inside assembly 'Microsoft.Diagnostics.NETCore.Client, Version=0.2.10.41601, Culture=neutral, PublicKeyToken=31bf3856ad364e35' file path 'C:\Program Files\dotnet\sdk\9.0.100\Extensions\Microsoft.Diagnostics.NETCore.Client.dll'
TpTrace Information: 0 : 3928, 1, 2025/07/31, 20:08:02.155, 115979691153, vstest.console.dll, AssemblyResolver.OnResolve: Microsoft.Bcl.AsyncInterfaces: Resolving assembly.
TpTrace Information: 0 : 3928, 1, 2025/07/31, 20:08:02.155, 115979692215, vstest.console.dll, AssemblyResolver.OnResolve: Microsoft.Bcl.AsyncInterfaces: Resolved from cache.
TpTrace Verbose: 0 : 3928, 1, 2025/07/31, 20:08:02.155, 115979692801, vstest.console.dll, CurrentDomainAssemblyResolve: Resolving assembly 'Microsoft.Bcl.AsyncInterfaces'.
TpTrace Information: 0 : 3928, 1, 2025/07/31, 20:08:02.155, 115979693585, vstest.console.dll, AssemblyResolver.OnResolve: Microsoft.Bcl.AsyncInterfaces: Resolving assembly.
TpTrace Information: 0 : 3928, 1, 2025/07/31, 20:08:02.155, 115979694090, vstest.console.dll, AssemblyResolver.OnResolve: Microsoft.Bcl.AsyncInterfaces: Resolved from cache.
TpTrace Verbose: 0 : 3928, 1, 2025/07/31, 20:08:02.155, 115979694575, vstest.console.dll, CurrentDomainAssemblyResolve: Resolving assembly 'Microsoft.Bcl.AsyncInterfaces'.
TpTrace Verbose: 0 : 3928, 1, 2025/07/31, 20:08:02.155, 115979695071, vstest.console.dll, CurrentDomainAssemblyResolve: Failed to resolve assembly 'Microsoft.Bcl.AsyncInterfaces'.
TpTrace Verbose: 0 : 3928, 1, 2025/07/31, 20:08:02.156, 115979697204, vstest.console.dll, CurrentDomainAssemblyResolve: Failed to resolve assembly 'Microsoft.Bcl.AsyncInterfaces'.
TpTrace Warning: 0 : 3928, 1, 2025/07/31, 20:08:02.156, 115979703706, vstest.console.dll, TestPluginDiscoverer: Failed to get types from assembly 'Microsoft.Diagnostics.NETCore.Client, Version=0.2.10.41601, Culture=neutral, PublicKeyToken=31bf3856ad364e35'. Error: System.Reflection.ReflectionTypeLoadException: Unable to load one or more of the requested types.
Could not load file or assembly 'Microsoft.Bcl.AsyncInterfaces, Version=6.0.0.0, Culture=neutral, PublicKeyToken=cc7b13ffcd2ddd51'. The system cannot find the file specified.
   at System.Reflection.RuntimeModule.GetDefinedTypes()
   at System.Reflection.RuntimeModule.GetTypes()
   at Microsoft.VisualStudio.TestPlatform.Common.ExtensionFramework.TestPluginDiscoverer.GetTestExtensionsFromAssembly[TPluginInfo,TExtension](Assembly assembly, Dictionary`2 pluginInfos, String filePath) in /_/src/Microsoft.TestPlatform.Common/ExtensionFramework/TestPluginDiscoverer.cs:line 159
System.IO.FileNotFoundException: Could not load file or assembly 'Microsoft.Bcl.AsyncInterfaces, Version=6.0.0.0, Culture=neutral, PublicKeyToken=cc7b13ffcd2ddd51'. The system cannot find the file specified.
File name: 'Microsoft.Bcl.AsyncInterfaces, Version=6.0.0.0, Culture=neutral, PublicKeyToken=cc7b13ffcd2ddd51'
 ---> System.IO.FileNotFoundException: Could not load file or assembly 'Microsoft.Bcl.AsyncInterfaces, Culture=neutral, PublicKeyToken=null'. The system cannot find the file specified.
File name: 'Microsoft.Bcl.AsyncInterfaces, Culture=neutral, PublicKeyToken=null'
   at System.Reflection.RuntimeAssembly.InternalLoad(AssemblyName assemblyName, StackCrawlMark& stackMark, AssemblyLoadContext assemblyLoadContext, RuntimeAssembly requestingAssembly, Boolean throwOnFileNotFound)
   at System.Reflection.Assembly.Load(AssemblyName assemblyRef)
   at Microsoft.VisualStudio.TestPlatform.Common.ExtensionFramework.TestPluginCache.CurrentDomainAssemblyResolve(Object sender, AssemblyResolveEventArgs args) in /_/src/Microsoft.TestPlatform.Common/ExtensionFramework/TestPluginCache.cs:line 514
   at System.Runtime.Loader.AssemblyLoadContext.GetFirstResolvedAssemblyFromResolvingEvent(AssemblyName assemblyName)
   at System.Runtime.Loader.AssemblyLoadContext.ResolveUsingEvent(AssemblyName assemblyName)
   at System.Runtime.Loader.AssemblyLoadContext.ResolveUsingResolvingEvent(IntPtr gchManagedAssemblyLoadContext, AssemblyName assemblyName)
TpTrace Warning: 0 : 3928, 1, 2025/07/31, 20:08:02.157, 115979706346, vstest.console.dll, LoaderExceptions: System.IO.FileNotFoundException: Could not load file or assembly 'Microsoft.Bcl.AsyncInterfaces, Version=6.0.0.0, Culture=neutral, PublicKeyToken=cc7b13ffcd2ddd51'. The system cannot find the file specified.
File name: 'Microsoft.Bcl.AsyncInterfaces, Version=6.0.0.0, Culture=neutral, PublicKeyToken=cc7b13ffcd2ddd51'
 ---> System.IO.FileNotFoundException: Could not load file or assembly 'Microsoft.Bcl.AsyncInterfaces, Culture=neutral, PublicKeyToken=null'. The system cannot find the file specified.
File name: 'Microsoft.Bcl.AsyncInterfaces, Culture=neutral, PublicKeyToken=null'
   at System.Reflection.RuntimeAssembly.InternalLoad(AssemblyName assemblyName, StackCrawlMark& stackMark, AssemblyLoadContext assemblyLoadContext, RuntimeAssembly requestingAssembly, Boolean throwOnFileNotFound)
   at System.Reflection.Assembly.Load(AssemblyName assemblyRef)
   at Microsoft.VisualStudio.TestPlatform.Common.ExtensionFramework.TestPluginCache.CurrentDomainAssemblyResolve(Object sender, AssemblyResolveEventArgs args) in /_/src/Microsoft.TestPlatform.Common/ExtensionFramework/TestPluginCache.cs:line 514
   at System.Runtime.Loader.AssemblyLoadContext.GetFirstResolvedAssemblyFromResolvingEvent(AssemblyName assemblyName)
   at System.Runtime.Loader.AssemblyLoadContext.ResolveUsingEvent(AssemblyName assemblyName)
   at System.Runtime.Loader.AssemblyLoadContext.ResolveUsingResolvingEvent(IntPtr gchManagedAssemblyLoadContext, AssemblyName assemblyName)
TpTrace Verbose: 0 : 3928, 1, 2025/07/31, 20:08:02.157, 115979707675, vstest.console.dll, MetadataReaderExtensionsHelper: Discovering extensions inside assembly 'Microsoft.TestPlatform.Extensions.BlameDataCollector, Version=15.0.0.0, Culture=neutral, PublicKeyToken=b03f5f7f11d50a3a' file path 'C:\Program Files\dotnet\sdk\9.0.100\Extensions\Microsoft.TestPlatform.Extensions.BlameDataCollector.dll'
TpTrace Information: 0 : 3928, 1, 2025/07/31, 20:08:02.158, 115979715896, vstest.console.dll, GetTestExtensionFromType: Register extension with identifier data 'logger://Microsoft/TestPlatform/Extensions/Blame/v1' and type 'Microsoft.TestPlatform.Extensions.BlameDataCollector.BlameLogger, Microsoft.TestPlatform.Extensions.BlameDataCollector, Version=15.0.0.0, Culture=neutral, PublicKeyToken=b03f5f7f11d50a3a' inside file 'C:\Program Files\dotnet\sdk\9.0.100\Extensions\Microsoft.TestPlatform.Extensions.BlameDataCollector.dll'
TpTrace Verbose: 0 : 3928, 1, 2025/07/31, 20:08:02.158, 115979716905, vstest.console.dll, MetadataReaderExtensionsHelper: Discovering extensions inside assembly 'Microsoft.TestPlatform.Extensions.EventLogCollector, Version=15.0.0.0, Culture=neutral, PublicKeyToken=b03f5f7f11d50a3a' file path 'C:\Program Files\dotnet\sdk\9.0.100\Extensions\Microsoft.TestPlatform.Extensions.EventLogCollector.dll'
TpTrace Verbose: 0 : 3928, 1, 2025/07/31, 20:08:02.158, 115979723061, vstest.console.dll, MetadataReaderExtensionsHelper: Discovering extensions inside assembly 'Microsoft.TestPlatform.TestHostRuntimeProvider, Version=15.0.0.0, Culture=neutral, PublicKeyToken=b03f5f7f11d50a3a' file path 'C:\Program Files\dotnet\sdk\9.0.100\Extensions\Microsoft.TestPlatform.TestHostRuntimeProvider.dll'
TpTrace Verbose: 0 : 3928, 1, 2025/07/31, 20:08:02.159, 115979729867, vstest.console.dll, MetadataReaderExtensionsHelper: Discovering extensions inside assembly 'Microsoft.VisualStudio.TestPlatform.Extensions.Html.TestLogger, Version=15.0.0.0, Culture=neutral, PublicKeyToken=b03f5f7f11d50a3a' file path 'C:\Program Files\dotnet\sdk\9.0.100\Extensions\Microsoft.VisualStudio.TestPlatform.Extensions.Html.TestLogger.dll'
TpTrace Information: 0 : 3928, 1, 2025/07/31, 20:08:02.160, 115979739388, vstest.console.dll, GetTestExtensionFromType: Register extension with identifier data 'logger://Microsoft/TestPlatform/HtmlLogger/v1' and type 'Microsoft.VisualStudio.TestPlatform.Extensions.HtmlLogger.HtmlLogger, Microsoft.VisualStudio.TestPlatform.Extensions.Html.TestLogger, Version=15.0.0.0, Culture=neutral, PublicKeyToken=b03f5f7f11d50a3a' inside file 'C:\Program Files\dotnet\sdk\9.0.100\Extensions\Microsoft.VisualStudio.TestPlatform.Extensions.Html.TestLogger.dll'
TpTrace Verbose: 0 : 3928, 1, 2025/07/31, 20:08:02.160, 115979740460, vstest.console.dll, MetadataReaderExtensionsHelper: Discovering extensions inside assembly 'Microsoft.VisualStudio.TestPlatform.Extensions.Trx.TestLogger, Version=15.0.0.0, Culture=neutral, PublicKeyToken=b03f5f7f11d50a3a' file path 'C:\Program Files\dotnet\sdk\9.0.100\Extensions\Microsoft.VisualStudio.TestPlatform.Extensions.Trx.TestLogger.dll'
TpTrace Information: 0 : 3928, 1, 2025/07/31, 20:08:02.161, 115979747045, vstest.console.dll, GetTestExtensionFromType: Register extension with identifier data 'logger://Microsoft/TestPlatform/TrxLogger/v1' and type 'Microsoft.VisualStudio.TestPlatform.Extensions.TrxLogger.TrxLogger, Microsoft.VisualStudio.TestPlatform.Extensions.Trx.TestLogger, Version=15.0.0.0, Culture=neutral, PublicKeyToken=b03f5f7f11d50a3a' inside file 'C:\Program Files\dotnet\sdk\9.0.100\Extensions\Microsoft.VisualStudio.TestPlatform.Extensions.Trx.TestLogger.dll'
TpTrace Verbose: 0 : 3928, 1, 2025/07/31, 20:08:02.161, 115979747864, vstest.console.dll, TestPluginCache: Discovered the extensions using extension path ''.
TpTrace Verbose: 0 : 3928, 1, 2025/07/31, 20:08:02.161, 115979748248, vstest.console.dll, TestPluginCache: Discoverers are ''.
TpTrace Verbose: 0 : 3928, 1, 2025/07/31, 20:08:02.161, 115979748539, vstest.console.dll, TestPluginCache: Executors are ''.
TpTrace Verbose: 0 : 3928, 1, 2025/07/31, 20:08:02.161, 115979748809, vstest.console.dll, TestPluginCache: Executors2 are ''.
TpTrace Verbose: 0 : 3928, 1, 2025/07/31, 20:08:02.161, 115979749071, vstest.console.dll, TestPluginCache: Setting providers are ''.
TpTrace Verbose: 0 : 3928, 1, 2025/07/31, 20:08:02.161, 115979749950, vstest.console.dll, TestPluginCache: Loggers are 'logger://Microsoft/TestPlatform/Extensions/Blame/v1,logger://Microsoft/TestPlatform/HtmlLogger/v1,logger://Microsoft/TestPlatform/TrxLogger/v1'.
TpTrace Verbose: 0 : 3928, 1, 2025/07/31, 20:08:02.161, 115979750531, vstest.console.dll, TestPluginCache: TestHosts are 'HostProvider://DefaultTestHost,HostProvider://DotnetTestHost'.
TpTrace Verbose: 0 : 3928, 1, 2025/07/31, 20:08:02.161, 115979750871, vstest.console.dll, TestPluginCache: DataCollectors are ''.
TpTrace Information: 0 : 3928, 1, 2025/07/31, 20:08:02.162, 115979760509, vstest.console.dll, TestPluginManager.CreateTestExtension: Attempting to load test extension: Microsoft.TestPlatform.Extensions.BlameDataCollector.BlameLogger
TpTrace Verbose: 0 : 3928, 1, 2025/07/31, 20:08:02.171, 115979851357, vstest.console.dll, TestEngine: Initializing Parallel Execution as MaxCpuCount is set to: 1
TpTrace Information: 0 : 3928, 1, 2025/07/31, 20:08:02.173, 115979866126, vstest.console.dll, TestPluginManager.CreateTestExtension: Attempting to load test extension: Microsoft.VisualStudio.TestPlatform.CrossPlatEngine.Hosting.DefaultTestHostManager
TpTrace Information: 0 : 3928, 1, 2025/07/31, 20:08:02.174, 115979878364, vstest.console.dll, TestPluginManager.CreateTestExtension: Attempting to load test extension: Microsoft.VisualStudio.TestPlatform.CrossPlatEngine.Hosting.DotnetTestHostManager
TpTrace Verbose: 0 : 3928, 1, 2025/07/31, 20:08:02.174, 115979881473, vstest.console.dll, TestHostManagerCallbacks.ctor: Forwarding output is enabled.
TpTrace Information: 0 : 3928, 1, 2025/07/31, 20:08:02.175, 115979886731, vstest.console.dll, InferRunSettingsHelper.IsTestSettingsEnabled: Unable to navigate to RunSettings/MSTest. Current node: RunSettings
TpTrace Verbose: 0 : 3928, 1, 2025/07/31, 20:08:02.175, 115979893626, vstest.console.dll, ParallelOperationManager.ClearSlots: Clearing all slots. Slots should accept more work: True
TpTrace Verbose: 0 : 3928, 1, 2025/07/31, 20:08:02.176, 115979899734, vstest.console.dll, ParallelOperationManager.SetOccupiedSlotCount: Setting slot counts AvailableSlotCount = 1, OccupiedSlotCount = 0.
TpTrace Verbose: 0 : 3928, 1, 2025/07/31, 20:08:02.176, 115979904222, vstest.console.dll, Occupied slots:

TpTrace Verbose: 0 : 3928, 1, 2025/07/31, 20:08:02.180, 115979944397, vstest.console.dll, TestEngine.GetExecutionManager: Chosen execution manager 'Microsoft.VisualStudio.TestPlatform.CrossPlatEngine.Client.Parallel.ParallelProxyExecutionManager, Microsoft.TestPlatform.CrossPlatEngine, Version=15.0.0.0, Culture=neutral, PublicKeyToken=b03f5f7f11d50a3a' ParallelLevel '1'.
TpTrace Verbose: 0 : 3928, 1, 2025/07/31, 20:08:02.181, 115979947009, vstest.console.dll, TestPlatform.GetSkipDefaultAdapters: Not skipping default adapters SkipDefaultAdapters was false.
TpTrace Verbose: 0 : 3928, 1, 2025/07/31, 20:08:02.181, 115979948515, vstest.console.dll, TestRunRequest.ExecuteAsync: Creating test run request.
TpTrace Verbose: 0 : 3928, 1, 2025/07/31, 20:08:02.181, 115979952217, vstest.console.dll, TestRunRequest.ExecuteAsync: Starting.
TpTrace Information: 0 : 3928, 1, 2025/07/31, 20:08:02.183, 115979966703, vstest.console.dll, TestRunRequest.ExecuteAsync: Starting run with settings:TestRunCriteria:
   KeepAlive=False,FrequencyOfRunStatsChangeEvent=10,RunStatsChangeEventTimeout=00:00:01.5000000,TestCaseFilter=,TestExecutorLauncher=
   Settingsxml=<RunSettings>
  <RunConfiguration>
    <ResultsDirectory>C:\Users\TOSHIBA\Downloads\QA path\Programming for QA\Programming Advanced for QA\11-Unit-Testing-Exercise-Exception-Handling-Resources\TestApp.UnitTests\bin\Debug\net6.0\fine-code-coverage\coverage-tool-output</ResultsDirectory>
    <TargetPlatform>X64</TargetPlatform>
    <TargetFrameworkVersion>.NETCoreApp,Version=v6.0</TargetFrameworkVersion>
    <DesignMode>False</DesignMode>
    <CollectSourceInformation>False</CollectSourceInformation>
  </RunConfiguration>
  <LoggerRunSettings>
    <Loggers>
      <Logger friendlyName="blame" enabled="True" />
      <Logger friendlyName="Console" uri="logger://microsoft/TestPlatform/ConsoleLogger/v1" assemblyQualifiedName="Microsoft.VisualStudio.TestPlatform.CommandLine.Internal.ConsoleLogger, vstest.console, Version=15.0.0.0, Culture=neutral, PublicKeyToken=b03f5f7f11d50a3a" codeBase="C:\Program Files\dotnet\sdk\9.0.100\vstest.console.dll" enabled="True" />
    </Loggers>
  </LoggerRunSettings>
  <DataCollectionRunSettings>
    <DataCollectors>
      <DataCollector friendlyName="blame" enabled="True">
        <Configuration>
          <ResultsDirectory>C:\Users\TOSHIBA\Downloads\QA path\Programming for QA\Programming Advanced for QA\11-Unit-Testing-Exercise-Exception-Handling-Resources\TestApp.UnitTests\bin\Debug\net6.0\fine-code-coverage\coverage-tool-output</ResultsDirectory>
        </Configuration>
      </DataCollector>
    </DataCollectors>
  </DataCollectionRunSettings>
</RunSettings>

TpTrace Verbose: 0 : 3928, 1, 2025/07/31, 20:08:02.183, 115979967781, vstest.console.dll, TestRunRequest.ExecuteAsync: Wait for the first run request is over.
TpTrace Verbose: 0 : 3928, 1, 2025/07/31, 20:08:02.183, 115979971740, vstest.console.dll, MulticastDelegateUtilities.SafeInvoke: TestRun.TestRunStart: Invoking callbacks was skipped because there are no subscribers.
TpTrace Verbose: 0 : 3928, 4, 2025/07/31, 20:08:02.183, 115979974295, vstest.console.dll, MulticastDelegateUtilities.SafeInvoke: InternalTestLoggerEvents.SendTestRunStart: Invoking callback 1/1 for Microsoft.VisualStudio.TestPlatform.CommandLine.Internal.ConsoleLogger., took 0 ms.
TpTrace Verbose: 0 : 3928, 1, 2025/07/31, 20:08:02.185, 115979986403, vstest.console.dll, ParallelProxyExecutionManager: Start execution. Total sources: 1
TpTrace Verbose: 0 : 3928, 1, 2025/07/31, 20:08:02.185, 115979990284, vstest.console.dll, ParallelOperationManager.StartWork: Starting adding 1 workloads.
TpTrace Verbose: 0 : 3928, 1, 2025/07/31, 20:08:02.185, 115979991137, vstest.console.dll, ParallelOperationManager.ClearSlots: Clearing all slots. Slots should accept more work: True
TpTrace Verbose: 0 : 3928, 1, 2025/07/31, 20:08:02.185, 115979991960, vstest.console.dll, ParallelOperationManager.SetOccupiedSlotCount: Setting slot counts AvailableSlotCount = 1, OccupiedSlotCount = 0.
TpTrace Verbose: 0 : 3928, 1, 2025/07/31, 20:08:02.185, 115979992398, vstest.console.dll, Occupied slots:

TpTrace Verbose: 0 : 3928, 1, 2025/07/31, 20:08:02.187, 115980011266, vstest.console.dll, TestHostManagerCallbacks.ctor: Forwarding output is enabled.
TpTrace Verbose: 0 : 3928, 1, 2025/07/31, 20:08:02.187, 115980015032, vstest.console.dll, TestRequestSender is acting as server.
TpTrace Verbose: 0 : 3928, 1, 2025/07/31, 20:08:02.190, 115980035602, vstest.console.dll, ParallelOperationManager.RunWorkInParallel: Adding 1 workload to slot, remaining workloads 0.
TpTrace Verbose: 0 : 3928, 1, 2025/07/31, 20:08:02.190, 115980037158, vstest.console.dll, ParallelOperationManager.SetOccupiedSlotCount: Setting slot counts AvailableSlotCount = 0, OccupiedSlotCount = 1.
TpTrace Verbose: 0 : 3928, 1, 2025/07/31, 20:08:02.190, 115980039579, vstest.console.dll, Occupied slots:
0: C:\Users\TOSHIBA\Downloads\QA path\Programming for QA\Programming Advanced for QA\11-Unit-Testing-Exercise-Exception-Handling-Resources\TestApp.UnitTests\bin\Debug\net6.0\fine-code-coverage\build-output\TestApp.UnitTests.dll
TpTrace Verbose: 0 : 3928, 1, 2025/07/31, 20:08:02.192, 115980064317, vstest.console.dll, ParallelOperationManager.RunWorkInParallel: Started host in slot number 0 for work (source): C:\Users\TOSHIBA\Downloads\QA path\Programming for QA\Programming Advanced for QA\11-Unit-Testing-Exercise-Exception-Handling-Resources\TestApp.UnitTests\bin\Debug\net6.0\fine-code-coverage\build-output\TestApp.UnitTests.dll.
TpTrace Verbose: 0 : 3928, 5, 2025/07/31, 20:08:02.193, 115980075457, vstest.console.dll, ParallelProxyExecutionManager.StartTestRunOnConcurrentManager: Initializing uninitialized client. Started clients: 0
TpTrace Verbose: 0 : 3928, 5, 2025/07/31, 20:08:02.194, 115980078434, vstest.console.dll, DataCollectionRequestSender.InitializeCommunication : Initialize communication. 
TpTrace Verbose: 0 : 3928, 1, 2025/07/31, 20:08:02.194, 115980079700, vstest.console.dll, ParallelOperationManager.RunWorkInParallel: We started 1 work items, which is the max parallel level. Won't start more work.
TpTrace Verbose: 0 : 3928, 1, 2025/07/31, 20:08:02.194, 115980080481, vstest.console.dll, ParallelOperationManager.RunWorkInParallel: We started 1 work items in here, returning True.
TpTrace Information: 0 : 3928, 1, 2025/07/31, 20:08:02.194, 115980081062, vstest.console.dll, TestRunRequest.ExecuteAsync: Started.
TpTrace Verbose: 0 : 3928, 1, 2025/07/31, 20:08:02.195, 115980092954, vstest.console.dll, TestRunRequest.WaitForCompletion: Waiting with timeout -1.
TpTrace Information: 0 : 3928, 5, 2025/07/31, 20:08:02.206, 115980199305, vstest.console.dll, Listening on Endpoint : 127.0.0.1:51694
TpTrace Verbose: 0 : 3928, 5, 2025/07/31, 20:08:02.214, 115980285391, vstest.console.dll, DotnetDataCollectionLauncher: Adding  --runtimeconfig "C:\Program Files\dotnet\sdk\9.0.100\datacollector.runtimeconfig.json" in args
TpTrace Verbose: 0 : 3928, 5, 2025/07/31, 20:08:02.215, 115980286865, vstest.console.dll, DotnetDataCollectionLauncher: Adding  --depsfile "C:\Program Files\dotnet\sdk\9.0.100\datacollector.deps.json" in args
TpTrace Verbose: 0 : 3928, 5, 2025/07/31, 20:08:02.215, 115980289352, vstest.console.dll, DotnetDataCollectionLauncher: Full path of dotnet.exe is C:\Program Files\dotnet\dotnet.exe
TpTrace Information: 0 : 3928, 5, 2025/07/31, 20:08:02.222, 115980357624, vstest.console.dll, ProxyDataCollectionManager.Initialize: Launched datacollector processId: 11520 port: 51694
TpTrace Information: 0 : 3928, 5, 2025/07/31, 20:08:02.222, 115980359420, vstest.console.dll, ProxyDataCollectionManager.Initialize: waiting for connection with timeout: 90 seconds
TpTrace Verbose: 0 : 3928, 5, 2025/07/31, 20:08:02.222, 115980360385, vstest.console.dll, DataCollectionRequestSender.WaitForRequestHandlerConnection : Waiting for connection with timeout: 90000
TpTrace Verbose: 0 : 3928, 5, 2025/07/31, 20:08:02.396, 115982103916, vstest.console.dll, SocketCommunicationManager.WaitForClientConnection took: 174 ms, with 90000 ms timeout, and finished with True.
TpTrace Information: 0 : 3928, 9, 2025/07/31, 20:08:02.396, 115982103919, vstest.console.dll, Using the buffer size of 16384 bytes
TpTrace Verbose: 0 : 3928, 5, 2025/07/31, 20:08:02.397, 115982106140, vstest.console.dll, ProxyDataCollectionManager.InvokeDataCollectionServiceAction: Starting.
TpTrace Information: 0 : 3928, 9, 2025/07/31, 20:08:02.397, 115982106545, vstest.console.dll, Accepted Client request and set the flag
TpTrace Information: 0 : 3928, 5, 2025/07/31, 20:08:02.397, 115982107477, vstest.console.dll, ProxyDataCollectionManager.BeforeTestRunStart: Get environment variable and port for datacollector processId: 11520 port: 51694
TpTrace Verbose: 0 : 3928, 5, 2025/07/31, 20:08:02.397, 115982108894, vstest.console.dll, DataCollectionRequestSender.SendBeforeTestRunStartAndGetResult: Send BeforeTestRunStart message with settingsXml <RunSettings><RunConfiguration><ResultsDirectory>C:\Users\TOSHIBA\Downloads\QA path\Programming for QA\Programming Advanced for QA\11-Unit-Testing-Exercise-Exception-Handling-Resources\TestApp.UnitTests\bin\Debug\net6.0\fine-code-coverage\coverage-tool-output</ResultsDirectory><TargetPlatform>X64</TargetPlatform><TargetFrameworkVersion>.NETCoreApp,Version=v6.0</TargetFrameworkVersion><DesignMode>False</DesignMode><CollectSourceInformation>False</CollectSourceInformation><TestAdaptersPaths>C:\Program Files\dotnet\sdk\9.0.100\Extensions</TestAdaptersPaths></RunConfiguration><LoggerRunSettings><Loggers><Logger friendlyName="blame" enabled="True" /><Logger friendlyName="Console" uri="logger://microsoft/TestPlatform/ConsoleLogger/v1" assemblyQualifiedName="Microsoft.VisualStudio.TestPlatform.CommandLine.Internal.ConsoleLogger, vstest.console, Version=15.0.0.0, Culture=neutral, PublicKeyToken=b03f5f7f11d50a3a" codeBase="C:\Program Files\dotnet\sdk\9.0.100\vstest.console.dll" enabled="True" /></Loggers></LoggerRunSettings><DataCollectionRunSettings><DataCollectors><DataCollector friendlyName="blame" enabled="True"><Configuration><ResultsDirectory>C:\Users\TOSHIBA\Downloads\QA path\Programming for QA\Programming Advanced for QA\11-Unit-Testing-Exercise-Exception-Handling-Resources\TestApp.UnitTests\bin\Debug\net6.0\fine-code-coverage\coverage-tool-output</ResultsDirectory></Configuration></DataCollector></DataCollectors></DataCollectionRunSettings></RunSettings> and sources System.Collections.Generic.List`1[System.String]: 
TpTrace Verbose: 0 : 3928, 5, 2025/07/31, 20:08:02.494, 115983078856, vstest.console.dll, DataCollectionRequestSender.SendBeforeTestRunStartAndGetResult: Received message: (DataCollection.SendMessage) -> {"MessageType":"DataCollection.SendMessage","Payload":{"FriendlyName":null,"Uri":null,"TestCaseId":"00000000-0000-0000-0000-000000000000","Message":"Logging DataCollector Diagnostics in file: C:\\Users\\TOSHIBA\\Downloads\\QA path\\Programming for QA\\Programming Advanced for QA\\11-Unit-Testing-Exercise-Exception-Handling-Resources\\TestApp.UnitTests\\bin\\Debug\\net6.0\\fine-code-coverage\\coverage-tool-output\\diagnostics.datacollector.25-07-31_20-08-02_21468_5.log","Level":0}}
TpTrace Verbose: 0 : 3928, 5, 2025/07/31, 20:08:02.615, 115984288863, vstest.console.dll, DataCollectionRequestSender.SendBeforeTestRunStartAndGetResult: Received message: (DataCollection.BeforeTestRunStartResult) -> {"MessageType":"DataCollection.BeforeTestRunStartResult","Payload":{"EnvironmentVariables":{},"DataCollectionEventsPort":51696}}
TpTrace Information: 0 : 3928, 5, 2025/07/31, 20:08:02.620, 115984338040, vstest.console.dll, ProxyDataCollectionManager.BeforeTestRunStart: SendBeforeTestRunStartAndGetResult successful, env variable from datacollector:   and testhost port: 51696
TpTrace Information: 0 : 3928, 5, 2025/07/31, 20:08:02.620, 115984339190, vstest.console.dll, ProxyDataCollectionManager.InvokeDataCollectionServiceAction: Completed.
TpTrace Verbose: 0 : 3928, 5, 2025/07/31, 20:08:02.620, 115984339642, vstest.console.dll, ParallelProxyExecutionManager.StartTestRunOnConcurrentManager: Initializing test run. Started clients: 0
TpTrace Verbose: 0 : 3928, 5, 2025/07/31, 20:08:02.620, 115984340698, vstest.console.dll, ProxyExecutionManager: Test host is always Lazy initialize.
TpTrace Verbose: 0 : 3928, 5, 2025/07/31, 20:08:02.620, 115984343253, vstest.console.dll, TestRequestSender.InitializeCommunication: initialize communication. 
TpTrace Information: 0 : 3928, 5, 2025/07/31, 20:08:02.621, 115984348351, vstest.console.dll, SocketServer.Start: Listening on endpoint : 127.0.0.1:51697
TpTrace Verbose: 0 : 3928, 5, 2025/07/31, 20:08:02.622, 115984355664, vstest.console.dll, DotnetTestHostmanager.GetTestHostProcessStartInfo: Platform environment 'X64' target architecture 'X64' framework '.NETCoreApp,Version=v6.0' OS 'Windows'
TpTrace Verbose: 0 : 3928, 5, 2025/07/31, 20:08:02.622, 115984358029, vstest.console.dll, DotnetTestHostmanager: Adding  --runtimeconfig "C:\Users\TOSHIBA\Downloads\QA path\Programming for QA\Programming Advanced for QA\11-Unit-Testing-Exercise-Exception-Handling-Resources\TestApp.UnitTests\bin\Debug\net6.0\fine-code-coverage\build-output\TestApp.UnitTests.runtimeconfig.json" in args
TpTrace Verbose: 0 : 3928, 5, 2025/07/31, 20:08:02.622, 115984359061, vstest.console.dll, DotnetTestHostmanager: Adding  --depsfile "C:\Users\TOSHIBA\Downloads\QA path\Programming for QA\Programming Advanced for QA\11-Unit-Testing-Exercise-Exception-Handling-Resources\TestApp.UnitTests\bin\Debug\net6.0\fine-code-coverage\build-output\TestApp.UnitTests.deps.json" in args
TpTrace Verbose: 0 : 3928, 5, 2025/07/31, 20:08:02.622, 115984360988, vstest.console.dll, DotnetTestHostmanager.IsWinOnArm: Current PROCESSOR_ARCHITECTURE from environment variable 'AMD64'
TpTrace Verbose: 0 : 3928, 5, 2025/07/31, 20:08:02.622, 115984361682, vstest.console.dll, DotnetTestHostmanager.IsWinOnArm: Is Windows on ARM 'False'
TpTrace Verbose: 0 : 3928, 5, 2025/07/31, 20:08:02.622, 115984362682, vstest.console.dll, DotnetTestHostManager: testhost.exe found at path: C:\Users\TOSHIBA\Downloads\QA path\Programming for QA\Programming Advanced for QA\11-Unit-Testing-Exercise-Exception-Handling-Resources\TestApp.UnitTests\bin\Debug\net6.0\fine-code-coverage\build-output\testhost.exe
TpTrace Verbose: 0 : 3928, 5, 2025/07/31, 20:08:02.622, 115984363322, vstest.console.dll, DotnetTestHostmanager: Full path of host exe is C:\Users\TOSHIBA\Downloads\QA path\Programming for QA\Programming Advanced for QA\11-Unit-Testing-Exercise-Exception-Handling-Resources\TestApp.UnitTests\bin\Debug\net6.0\fine-code-coverage\build-output\testhost.exe
TpTrace Verbose: 0 : 3928, 5, 2025/07/31, 20:08:02.622, 115984364755, vstest.console.dll, DotnetTestHostmanager.LaunchTestHostAsync: Found 'VSTEST_WINAPPHOST_DOTNET_ROOT' in env variables, value 'C:\Program Files\dotnet', forwarding to 'DOTNET_ROOT'
TpTrace Verbose: 0 : 3928, 5, 2025/07/31, 20:08:02.623, 115984366438, vstest.console.dll, DotnetTestHostManager: Starting process 'C:\Users\TOSHIBA\Downloads\QA path\Programming for QA\Programming Advanced for QA\11-Unit-Testing-Exercise-Exception-Handling-Resources\TestApp.UnitTests\bin\Debug\net6.0\fine-code-coverage\build-output\testhost.exe' with command line ' --runtimeconfig "C:\Users\TOSHIBA\Downloads\QA path\Programming for QA\Programming Advanced for QA\11-Unit-Testing-Exercise-Exception-Handling-Resources\TestApp.UnitTests\bin\Debug\net6.0\fine-code-coverage\build-output\TestApp.UnitTests.runtimeconfig.json" --depsfile "C:\Users\TOSHIBA\Downloads\QA path\Programming for QA\Programming Advanced for QA\11-Unit-Testing-Exercise-Exception-Handling-Resources\TestApp.UnitTests\bin\Debug\net6.0\fine-code-coverage\build-output\TestApp.UnitTests.deps.json" --port 51697 --endpoint 127.0.0.1:051697 --role client --parentprocessid 3928 --diag "C:\Users\TOSHIBA\Downloads\QA path\Programming for QA\Programming Advanced for QA\11-Unit-Testing-Exercise-Exception-Handling-Resources\TestApp.UnitTests\bin\Debug\net6.0\fine-code-coverage\coverage-tool-output\diagnostics.host.25-07-31_20-08-02_62163_5.log" --tracelevel 4 --datacollectionport 51696 --telemetryoptedin false'
TpTrace Verbose: 0 : 3928, 5, 2025/07/31, 20:08:02.629, 115984428797, vstest.console.dll, MulticastDelegateUtilities.SafeInvoke: HostProviderEvents.OnHostLaunched: Invoking callback 1/2 for Microsoft.VisualStudio.TestPlatform.CrossPlatEngine.Client.ProxyExecutionManagerWithDataCollection., took 1 ms.
TpTrace Verbose: 0 : 3928, 5, 2025/07/31, 20:08:02.629, 115984433726, vstest.console.dll, Test Runtime launched
TpTrace Verbose: 0 : 3928, 5, 2025/07/31, 20:08:02.629, 115984435081, vstest.console.dll, MulticastDelegateUtilities.SafeInvoke: HostProviderEvents.OnHostLaunched: Invoking callback 2/2 for Microsoft.VisualStudio.TestPlatform.CrossPlatEngine.Client.ProxyOperationManager., took 0 ms.
TpTrace Verbose: 0 : 3928, 5, 2025/07/31, 20:08:02.630, 115984437543, vstest.console.dll, TestRequestSender.WaitForRequestHandlerConnection: waiting for connection with timeout: 90000.
TpTrace Verbose: 0 : 3928, 5, 2025/07/31, 20:08:02.805, 115986191937, vstest.console.dll, TestRequestSender.WaitForRequestHandlerConnection: waiting took 175 ms, with timeout 90000 ms, and result 0, which is success.
TpTrace Verbose: 0 : 3928, 12, 2025/07/31, 20:08:02.805, 115986191954, vstest.console.dll, MulticastDelegateUtilities.SafeInvoke: SocketServer: ClientConnected: Invoking callback 1/1 for Microsoft.VisualStudio.TestPlatform.CommunicationUtilities.TestRequestSender., took 0 ms.
TpTrace Verbose: 0 : 3928, 12, 2025/07/31, 20:08:02.805, 115986194516, vstest.console.dll, SocketServer.OnClientConnected: Client connected for endPoint: 127.0.0.1:51697, starting MessageLoopAsync:
TpTrace Verbose: 0 : 3928, 13, 2025/07/31, 20:08:02.806, 115986201843, vstest.console.dll, TcpClientExtensions.MessageLoopAsync: Polling on remoteEndPoint: 127.0.0.1:51698 localEndPoint: 127.0.0.1:51697 after 0 ms
TpTrace Verbose: 0 : 3928, 5, 2025/07/31, 20:08:02.806, 115986205364, vstest.console.dll, TestRequestSender.CheckVersionWithTestHost: Sending check version message: {"MessageType":"ProtocolVersion","Payload":7}
TpTrace Verbose: 0 : 3928, 13, 2025/07/31, 20:08:02.983, 115987969223, vstest.console.dll, TcpClientExtensions.MessageLoopAsync: NotifyDataAvailable remoteEndPoint: 127.0.0.1:51698 localEndPoint: 127.0.0.1:51697
TpTrace Verbose: 0 : 3928, 13, 2025/07/31, 20:08:02.983, 115987972883, vstest.console.dll, TestRequestSender.CheckVersionWithTestHost: onMessageReceived received message: (ProtocolVersion) -> {"MessageType":"ProtocolVersion","Payload":7}
TpTrace Verbose: 0 : 3928, 13, 2025/07/31, 20:08:02.984, 115987982642, vstest.console.dll, MulticastDelegateUtilities.SafeInvoke: LengthPrefixCommunicationChannel: MessageReceived: Invoking callback 1/1 for Microsoft.VisualStudio.TestPlatform.CommunicationUtilities.TestRequestSender+<>c__DisplayClass29_0., took 1 ms.
TpTrace Verbose: 0 : 3928, 5, 2025/07/31, 20:08:02.984, 115987984032, vstest.console.dll, TestPluginCache.GetExtensionPaths: Filtered extension paths: 
TpTrace Verbose: 0 : 3928, 13, 2025/07/31, 20:08:02.984, 115987984386, vstest.console.dll, TcpClientExtensions.MessageLoopAsync: Polling on remoteEndPoint: 127.0.0.1:51698 localEndPoint: 127.0.0.1:51697 after 178 ms
TpTrace Verbose: 0 : 3928, 5, 2025/07/31, 20:08:02.984, 115987984910, vstest.console.dll, TestPluginCache.GetExtensionPaths: Added default extension paths: C:\Program Files\dotnet\sdk\9.0.100\Extensions\Microsoft.Diagnostics.NETCore.Client.dll
C:\Program Files\dotnet\sdk\9.0.100\Extensions\Microsoft.TestPlatform.Extensions.BlameDataCollector.dll
C:\Program Files\dotnet\sdk\9.0.100\Extensions\Microsoft.TestPlatform.Extensions.EventLogCollector.dll
C:\Program Files\dotnet\sdk\9.0.100\Extensions\Microsoft.TestPlatform.TestHostRuntimeProvider.dll
C:\Program Files\dotnet\sdk\9.0.100\Extensions\Microsoft.VisualStudio.TestPlatform.Extensions.Html.TestLogger.dll
C:\Program Files\dotnet\sdk\9.0.100\Extensions\Microsoft.VisualStudio.TestPlatform.Extensions.Trx.TestLogger.dll
TpTrace Verbose: 0 : 3928, 5, 2025/07/31, 20:08:02.985, 115987986317, vstest.console.dll, TestPluginCache.GetExtensionPaths: Added unfilterableExtensionPaths: 
TpTrace Verbose: 0 : 3928, 5, 2025/07/31, 20:08:02.988, 115988016066, vstest.console.dll, TestRequestSender.InitializeExecution: Sending initialize execution with message: {"Version":7,"MessageType":"TestExecution.Initialize","Payload":["C:\\Users\\TOSHIBA\\Downloads\\QA path\\Programming for QA\\Programming Advanced for QA\\11-Unit-Testing-Exercise-Exception-Handling-Resources\\TestApp.UnitTests\\bin\\Debug\\net6.0\\fine-code-coverage\\build-output\\NUnit3.TestAdapter.dll"]}
TpTrace Verbose: 0 : 3928, 5, 2025/07/31, 20:08:02.988, 115988018560, vstest.console.dll, ParallelProxyExecutionManager.StartTestRunOnConcurrentManager: Execution starting. Started clients: 1
TpTrace Verbose: 0 : 3928, 5, 2025/07/31, 20:08:02.988, 115988022192, vstest.console.dll, TestRunRequest:SendTestRunMessage: Starting.
TpTrace Verbose: 0 : 3928, 5, 2025/07/31, 20:08:02.988, 115988024229, vstest.console.dll, MulticastDelegateUtilities.SafeInvoke: TestRun.LogMessages: Invoking callback 1/1 for Microsoft.VisualStudio.TestPlatform.CommandLine.TestRunResultAggregator., took 0 ms.
TpTrace Information: 0 : 3928, 5, 2025/07/31, 20:08:02.988, 115988024944, vstest.console.dll, TestRunRequest:SendTestRunMessage: Completed.
TpTrace Verbose: 0 : 3928, 4, 2025/07/31, 20:08:02.989, 115988027596, vstest.console.dll, MulticastDelegateUtilities.SafeInvoke: InternalTestLoggerEvents.SendTestRunMessage: Invoking callback 1/1 for Microsoft.VisualStudio.TestPlatform.CommandLine.Internal.ConsoleLogger., took 0 ms.
TpTrace Warning: 0 : 3928, 5, 2025/07/31, 20:08:02.989, 115988030355, vstest.console.dll, InferRunSettingsHelper.MakeRunsettingsCompatible: Removing the following settings: TargetPlatform from RunSettings file. To use those settings please move to latest version of Microsoft.NET.Test.Sdk
TpTrace Verbose: 0 : 3928, 13, 2025/07/31, 20:08:02.992, 115988058809, vstest.console.dll, TcpClientExtensions.MessageLoopAsync: NotifyDataAvailable remoteEndPoint: 127.0.0.1:51698 localEndPoint: 127.0.0.1:51697
TpTrace Verbose: 0 : 3928, 13, 2025/07/31, 20:08:02.992, 115988065274, vstest.console.dll, TestRequestSender.OnExecutionMessageReceived: Received message: {"Version":7,"MessageType":"TestSession.Message","Payload":{"MessageLevel":0,"Message":"Logging TestHost Diagnostics in file: C:\\Users\\TOSHIBA\\Downloads\\QA path\\Programming for QA\\Programming Advanced for QA\\11-Unit-Testing-Exercise-Exception-Handling-Resources\\TestApp.UnitTests\\bin\\Debug\\net6.0\\fine-code-coverage\\coverage-tool-output\\diagnostics.host.25-07-31_20-08-02_62163_5.log"}}
TpTrace Verbose: 0 : 3928, 13, 2025/07/31, 20:08:02.997, 115988111726, vstest.console.dll, TestRunRequest:SendTestRunMessage: Starting.
TpTrace Verbose: 0 : 3928, 13, 2025/07/31, 20:08:02.997, 115988114188, vstest.console.dll, MulticastDelegateUtilities.SafeInvoke: TestRun.LogMessages: Invoking callback 1/1 for Microsoft.VisualStudio.TestPlatform.CommandLine.TestRunResultAggregator., took 0 ms.
TpTrace Verbose: 0 : 3928, 4, 2025/07/31, 20:08:02.997, 115988114465, vstest.console.dll, MulticastDelegateUtilities.SafeInvoke: InternalTestLoggerEvents.SendTestRunMessage: Invoking callback 1/1 for Microsoft.VisualStudio.TestPlatform.CommandLine.Internal.ConsoleLogger., took 0 ms.
TpTrace Information: 0 : 3928, 13, 2025/07/31, 20:08:02.997, 115988115088, vstest.console.dll, TestRunRequest:SendTestRunMessage: Completed.
TpTrace Verbose: 0 : 3928, 13, 2025/07/31, 20:08:02.998, 115988116736, vstest.console.dll, MulticastDelegateUtilities.SafeInvoke: LengthPrefixCommunicationChannel: MessageReceived: Invoking callback 1/1 for Microsoft.VisualStudio.TestPlatform.CommunicationUtilities.TestRequestSender+<>c__DisplayClass34_0., took 5 ms.
TpTrace Verbose: 0 : 3928, 13, 2025/07/31, 20:08:02.998, 115988117472, vstest.console.dll, TcpClientExtensions.MessageLoopAsync: Polling on remoteEndPoint: 127.0.0.1:51698 localEndPoint: 127.0.0.1:51697 after 13 ms
TpTrace Verbose: 0 : 3928, 5, 2025/07/31, 20:08:03.000, 115988143622, vstest.console.dll, TestRequestSender.StartTestRun: Sending test run with message: {"Version":7,"MessageType":"TestExecution.StartWithSources","Payload":{"AdapterSourceMap":{"_none_":["C:\\Users\\TOSHIBA\\Downloads\\QA path\\Programming for QA\\Programming Advanced for QA\\11-Unit-Testing-Exercise-Exception-Handling-Resources\\TestApp.UnitTests\\bin\\Debug\\net6.0\\fine-code-coverage\\build-output\\TestApp.UnitTests.dll"]},"RunSettings":"<RunSettings>\r\n  <RunConfiguration>\r\n    <ResultsDirectory>C:\\Users\\TOSHIBA\\Downloads\\QA path\\Programming for QA\\Programming Advanced for QA\\11-Unit-Testing-Exercise-Exception-Handling-Resources\\TestApp.UnitTests\\bin\\Debug\\net6.0\\fine-code-coverage\\coverage-tool-output</ResultsDirectory>\r\n    <TargetFrameworkVersion>.NETCoreApp,Version=v6.0</TargetFrameworkVersion>\r\n    <DesignMode>False</DesignMode>\r\n    <CollectSourceInformation>False</CollectSourceInformation>\r\n  </RunConfiguration>\r\n  <LoggerRunSettings>\r\n    <Loggers>\r\n      <Logger friendlyName=\"blame\" enabled=\"True\" />\r\n      <Logger friendlyName=\"Console\" uri=\"logger://microsoft/TestPlatform/ConsoleLogger/v1\" assemblyQualifiedName=\"Microsoft.VisualStudio.TestPlatform.CommandLine.Internal.ConsoleLogger, vstest.console, Version=15.0.0.0, Culture=neutral, PublicKeyToken=b03f5f7f11d50a3a\" codeBase=\"C:\\Program Files\\dotnet\\sdk\\9.0.100\\vstest.console.dll\" enabled=\"True\" />\r\n    </Loggers>\r\n  </LoggerRunSettings>\r\n  <DataCollectionRunSettings>\r\n    <DataCollectors>\r\n      <DataCollector friendlyName=\"blame\" enabled=\"True\">\r\n        <Configuration>\r\n          <ResultsDirectory>C:\\Users\\TOSHIBA\\Downloads\\QA path\\Programming for QA\\Programming Advanced for QA\\11-Unit-Testing-Exercise-Exception-Handling-Resources\\TestApp.UnitTests\\bin\\Debug\\net6.0\\fine-code-coverage\\coverage-tool-output</ResultsDirectory>\r\n        </Configuration>\r\n      </DataCollector>\r\n    </DataCollectors>\r\n  </DataCollectionRunSettings>\r\n</RunSettings>","TestExecutionContext":{"FrequencyOfRunStatsChangeEvent":10,"RunStatsChangeEventTimeout":"00:00:01.5000000","InIsolation":false,"KeepAlive":false,"AreTestCaseLevelEventsRequired":false,"IsDebug":false,"TestCaseFilter":null,"FilterOptions":null},"Package":null}}
TpTrace Verbose: 0 : 3928, 5, 2025/07/31, 20:08:03.001, 115988145919, vstest.console.dll, ParallelProxyExecutionManager.StartTestRunOnConcurrentManager: Execution started. Started clients: 1
TpTrace Verbose: 0 : 3928, 13, 2025/07/31, 20:08:03.252, 115990656972, vstest.console.dll, TcpClientExtensions.MessageLoopAsync: NotifyDataAvailable remoteEndPoint: 127.0.0.1:51698 localEndPoint: 127.0.0.1:51697
TpTrace Verbose: 0 : 3928, 13, 2025/07/31, 20:08:03.252, 115990659006, vstest.console.dll, TestRequestSender.OnExecutionMessageReceived: Received message: {"Version":7,"MessageType":"TestSession.Message","Payload":{"MessageLevel":0,"Message":"NUnit Adapter 4.4.0.0: Test execution started"}}
TpTrace Verbose: 0 : 3928, 13, 2025/07/31, 20:08:03.252, 115990661727, vstest.console.dll, TestRunRequest:SendTestRunMessage: Starting.
TpTrace Verbose: 0 : 3928, 13, 2025/07/31, 20:08:03.252, 115990662709, vstest.console.dll, MulticastDelegateUtilities.SafeInvoke: TestRun.LogMessages: Invoking callback 1/1 for Microsoft.VisualStudio.TestPlatform.CommandLine.TestRunResultAggregator., took 0 ms.
TpTrace Verbose: 0 : 3928, 4, 2025/07/31, 20:08:03.252, 115990662943, vstest.console.dll, MulticastDelegateUtilities.SafeInvoke: InternalTestLoggerEvents.SendTestRunMessage: Invoking callback 1/1 for Microsoft.VisualStudio.TestPlatform.CommandLine.Internal.ConsoleLogger., took 0 ms.
TpTrace Information: 0 : 3928, 13, 2025/07/31, 20:08:03.252, 115990663338, vstest.console.dll, TestRunRequest:SendTestRunMessage: Completed.
TpTrace Verbose: 0 : 3928, 13, 2025/07/31, 20:08:03.252, 115990664616, vstest.console.dll, MulticastDelegateUtilities.SafeInvoke: LengthPrefixCommunicationChannel: MessageReceived: Invoking callback 1/1 for Microsoft.VisualStudio.TestPlatform.CommunicationUtilities.TestRequestSender+<>c__DisplayClass34_0., took 0 ms.
TpTrace Verbose: 0 : 3928, 13, 2025/07/31, 20:08:03.252, 115990665137, vstest.console.dll, TcpClientExtensions.MessageLoopAsync: Polling on remoteEndPoint: 127.0.0.1:51698 localEndPoint: 127.0.0.1:51697 after 254 ms
TpTrace Verbose: 0 : 3928, 13, 2025/07/31, 20:08:03.286, 115991003886, vstest.console.dll, TcpClientExtensions.MessageLoopAsync: NotifyDataAvailable remoteEndPoint: 127.0.0.1:51698 localEndPoint: 127.0.0.1:51697
TpTrace Verbose: 0 : 3928, 13, 2025/07/31, 20:08:03.286, 115991005374, vstest.console.dll, TestRequestSender.OnExecutionMessageReceived: Received message: {"Version":7,"MessageType":"TestSession.Message","Payload":{"MessageLevel":0,"Message":"Running all tests in C:\\Users\\TOSHIBA\\Downloads\\QA path\\Programming for QA\\Programming Advanced for QA\\11-Unit-Testing-Exercise-Exception-Handling-Resources\\TestApp.UnitTests\\bin\\Debug\\net6.0\\fine-code-coverage\\build-output\\TestApp.UnitTests.dll"}}
TpTrace Verbose: 0 : 3928, 13, 2025/07/31, 20:08:03.287, 115991006731, vstest.console.dll, TestRunRequest:SendTestRunMessage: Starting.
TpTrace Verbose: 0 : 3928, 13, 2025/07/31, 20:08:03.287, 115991007604, vstest.console.dll, MulticastDelegateUtilities.SafeInvoke: TestRun.LogMessages: Invoking callback 1/1 for Microsoft.VisualStudio.TestPlatform.CommandLine.TestRunResultAggregator., took 0 ms.
TpTrace Verbose: 0 : 3928, 4, 2025/07/31, 20:08:03.287, 115991007762, vstest.console.dll, MulticastDelegateUtilities.SafeInvoke: InternalTestLoggerEvents.SendTestRunMessage: Invoking callback 1/1 for Microsoft.VisualStudio.TestPlatform.CommandLine.Internal.ConsoleLogger., took 0 ms.
TpTrace Information: 0 : 3928, 13, 2025/07/31, 20:08:03.287, 115991008367, vstest.console.dll, TestRunRequest:SendTestRunMessage: Completed.
TpTrace Verbose: 0 : 3928, 13, 2025/07/31, 20:08:03.287, 115991009591, vstest.console.dll, MulticastDelegateUtilities.SafeInvoke: LengthPrefixCommunicationChannel: MessageReceived: Invoking callback 1/1 for Microsoft.VisualStudio.TestPlatform.CommunicationUtilities.TestRequestSender+<>c__DisplayClass34_0., took 0 ms.
TpTrace Verbose: 0 : 3928, 13, 2025/07/31, 20:08:03.287, 115991010062, vstest.console.dll, TcpClientExtensions.MessageLoopAsync: Polling on remoteEndPoint: 127.0.0.1:51698 localEndPoint: 127.0.0.1:51697 after 34 ms
TpTrace Verbose: 0 : 3928, 13, 2025/07/31, 20:08:03.481, 115992952179, vstest.console.dll, TcpClientExtensions.MessageLoopAsync: NotifyDataAvailable remoteEndPoint: 127.0.0.1:51698 localEndPoint: 127.0.0.1:51697
TpTrace Verbose: 0 : 3928, 13, 2025/07/31, 20:08:03.481, 115992954369, vstest.console.dll, TestRequestSender.OnExecutionMessageReceived: Received message: {"Version":7,"MessageType":"TestSession.Message","Payload":{"MessageLevel":0,"Message":"   NUnit3TestExecutor discovered 26 of 26 NUnit test cases using Current Discovery mode, Non-Explicit run"}}
TpTrace Verbose: 0 : 3928, 13, 2025/07/31, 20:08:03.482, 115992956356, vstest.console.dll, TestRunRequest:SendTestRunMessage: Starting.
TpTrace Verbose: 0 : 3928, 13, 2025/07/31, 20:08:03.482, 115992957489, vstest.console.dll, MulticastDelegateUtilities.SafeInvoke: TestRun.LogMessages: Invoking callback 1/1 for Microsoft.VisualStudio.TestPlatform.CommandLine.TestRunResultAggregator., took 0 ms.
TpTrace Verbose: 0 : 3928, 4, 2025/07/31, 20:08:03.482, 115992957851, vstest.console.dll, MulticastDelegateUtilities.SafeInvoke: InternalTestLoggerEvents.SendTestRunMessage: Invoking callback 1/1 for Microsoft.VisualStudio.TestPlatform.CommandLine.Internal.ConsoleLogger., took 0 ms.
TpTrace Information: 0 : 3928, 13, 2025/07/31, 20:08:03.482, 115992958364, vstest.console.dll, TestRunRequest:SendTestRunMessage: Completed.
TpTrace Verbose: 0 : 3928, 13, 2025/07/31, 20:08:03.482, 115992959633, vstest.console.dll, MulticastDelegateUtilities.SafeInvoke: LengthPrefixCommunicationChannel: MessageReceived: Invoking callback 1/1 for Microsoft.VisualStudio.TestPlatform.CommunicationUtilities.TestRequestSender+<>c__DisplayClass34_0., took 0 ms.
TpTrace Verbose: 0 : 3928, 13, 2025/07/31, 20:08:03.482, 115992960079, vstest.console.dll, TcpClientExtensions.MessageLoopAsync: Polling on remoteEndPoint: 127.0.0.1:51698 localEndPoint: 127.0.0.1:51697 after 194 ms
TpTrace Verbose: 0 : 3928, 13, 2025/07/31, 20:08:03.685, 115994989036, vstest.console.dll, TcpClientExtensions.MessageLoopAsync: NotifyDataAvailable remoteEndPoint: 127.0.0.1:51698 localEndPoint: 127.0.0.1:51697
TpTrace Verbose: 0 : 3928, 13, 2025/07/31, 20:08:03.685, 115994992783, vstest.console.dll, TestRequestSender.OnExecutionMessageReceived: Received message: {"Version":7,"MessageType":"TestExecution.StatsChange","Payload":{"NewTestResults":[{"TestCase":{"Id":"ca086d47-c6c9-a05b-2aec-bacca52e8c1b","FullyQualifiedName":"TestApp.UnitTests.ExceptionTests.Test_AddNumbers_NegativeOverflow_ThrowsOverflowException","DisplayName":"Test_AddNumbers_NegativeOverflow_ThrowsOverflowException","ExecutorUri":"executor://NUnit3TestExecutor","Source":"C:\\Users\\TOSHIBA\\Downloads\\QA path\\Programming for QA\\Programming Advanced for QA\\11-Unit-Testing-Exercise-Exception-Handling-Resources\\TestApp.UnitTests\\bin\\Debug\\net6.0\\fine-code-coverage\\build-output\\TestApp.UnitTests.dll","CodeFilePath":null,"LineNumber":0,"Properties":[{"Key":{"Id":"NUnit.Seed","Label":"Seed","Category":"","Description":"","Attributes":0,"ValueType":"System.String"},"Value":"934277534"}]},"Attachments":[],"Outcome":1,"ErrorMessage":null,"ErrorStackTrace":null,"DisplayName":"Test_AddNumbers_NegativeOverflow_ThrowsOverflowException","Messages":[],"ComputerName":"DESKTOP-D6DHFFL","Duration":"00:00:00.0217809","StartTime":"2025-07-31T17:08:03.5155088+00:00","EndTime":"2025-07-31T17:08:03.5371026+00:00","Properties":[{"Key":{"Id":"NUnit.Seed","Label":"Seed","Category":"","Description":"","Attributes":0,"ValueType":"System.String"},"Value":"934277534"}]},{"TestCase":{"Id":"6cbff814-6c49-fe28-bd62-7f6c35323115","FullyQualifiedName":"TestApp.UnitTests.ExceptionTests.Test_AddNumbers_NoOverflow_ReturnsSum","DisplayName":"Test_AddNumbers_NoOverflow_ReturnsSum","ExecutorUri":"executor://NUnit3TestExecutor","Source":"C:\\Users\\TOSHIBA\\Downloads\\QA path\\Programming for QA\\Programming Advanced for QA\\11-Unit-Testing-Exercise-Exception-Handling-Resources\\TestApp.UnitTests\\bin\\Debug\\net6.0\\fine-code-coverage\\build-output\\TestApp.UnitTests.dll","CodeFilePath":null,"LineNumber":0,"Properties":[{"Key":{"Id":"NUnit.Seed","Label":"Seed","Category":"","Description":"","Attributes":0,"ValueType":"System.String"},"Value":"579451715"}]},"Attachments":[],"Outcome":1,"ErrorMessage":null,"ErrorStackTrace":null,"DisplayName":"Test_AddNumbers_NoOverflow_ReturnsSum","Messages":[],"ComputerName":"DESKTOP-D6DHFFL","Duration":"00:00:00.0128120","StartTime":"2025-07-31T17:08:03.5414802+00:00","EndTime":"2025-07-31T17:08:03.5542924+00:00","Properties":[{"Key":{"Id":"NUnit.Seed","Label":"Seed","Category":"","Description":"","Attributes":0,"ValueType":"System.String"},"Value":"579451715"}]},{"TestCase":{"Id":"983f1005-0d43-218b-ee02-7fa6b23f2076","FullyQualifiedName":"TestApp.UnitTests.ExceptionTests.Test_AddNumbers_PositiveOverflow_ThrowsOverflowException","DisplayName":"Test_AddNumbers_PositiveOverflow_ThrowsOverflowException","ExecutorUri":"executor://NUnit3TestExecutor","Source":"C:\\Users\\TOSHIBA\\Downloads\\QA path\\Programming for QA\\Programming Advanced for QA\\11-Unit-Testing-Exercise-Exception-Handling-Resources\\TestApp.UnitTests\\bin\\Debug\\net6.0\\fine-code-coverage\\build-output\\TestApp.UnitTests.dll","CodeFilePath":null,"LineNumber":0,"Properties":[{"Key":{"Id":"NUnit.Seed","Label":"Seed","Category":"","Description":"","Attributes":0,"ValueType":"System.String"},"Value":"1567430044"}]},"Attachments":[],"Outcome":1,"ErrorMessage":null,"ErrorStackTrace":null,"DisplayName":"Test_AddNumbers_PositiveOverflow_ThrowsOverflowException","Messages":[],"ComputerName":"DESKTOP-D6DHFFL","Duration":"00:00:00.0014370","StartTime":"2025-07-31T17:08:03.5544924+00:00","EndTime":"2025-07-31T17:08:03.5559289+00:00","Properties":[{"Key":{"Id":"NUnit.Seed","Label":"Seed","Category":"","Description":"","Attributes":0,"ValueType":"System.String"},"Value":"1567430044"}]},{"TestCase":{"Id":"e977269c-0247-3385-675c-4eb7e0359a7f","FullyQualifiedName":"TestApp.UnitTests.ExceptionTests.Test_CalculateDiscount_DiscountOver100_ThrowsArgumentException","DisplayName":"Test_CalculateDiscount_DiscountOver100_ThrowsArgumentException","ExecutorUri":"executor://NUnit3TestExecutor","Source":"C:\\Users\\TOSHIBA\\Downloads\\QA path\\Programming for QA\\Programming Advanced for QA\\11-Unit-Testing-Exercise-Exception-Handling-Resources\\TestApp.UnitTests\\bin\\Debug\\net6.0\\fine-code-coverage\\build-output\\TestApp.UnitTests.dll","CodeFilePath":null,"LineNumber":0,"Properties":[{"Key":{"Id":"NUnit.Seed","Label":"Seed","Category":"","Description":"","Attributes":0,"ValueType":"System.String"},"Value":"1960703083"}]},"Attachments":[],"Outcome":1,"ErrorMessage":null,"ErrorStackTrace":null,"DisplayName":"Test_CalculateDiscount_DiscountOver100_ThrowsArgumentException","Messages":[],"ComputerName":"DESKTOP-D6DHFFL","Duration":"00:00:00.0044280","StartTime":"2025-07-31T17:08:03.5559612+00:00","EndTime":"2025-07-31T17:08:03.5603891+00:00","Properties":[{"Key":{"Id":"NUnit.Seed","Label":"Seed","Category":"","Description":"","Attributes":0,"ValueType":"System.String"},"Value":"1960703083"}]},{"TestCase":{"Id":"c76474fa-d163-7d7b-0933-7b9b8b09bc16","FullyQualifiedName":"TestApp.UnitTests.ExceptionTests.Test_CalculateDiscount_NegativeDiscount_ThrowsArgumentException","DisplayName":"Test_CalculateDiscount_NegativeDiscount_ThrowsArgumentException","ExecutorUri":"executor://NUnit3TestExecutor","Source":"C:\\Users\\TOSHIBA\\Downloads\\QA path\\Programming for QA\\Programming Advanced for QA\\11-Unit-Testing-Exercise-Exception-Handling-Resources\\TestApp.UnitTests\\bin\\Debug\\net6.0\\fine-code-coverage\\build-output\\TestApp.UnitTests.dll","CodeFilePath":null,"LineNumber":0,"Properties":[{"Key":{"Id":"NUnit.Seed","Label":"Seed","Category":"","Description":"","Attributes":0,"ValueType":"System.String"},"Value":"1775561937"}]},"Attachments":[],"Outcome":1,"ErrorMessage":null,"ErrorStackTrace":null,"DisplayName":"Test_CalculateDiscount_NegativeDiscount_ThrowsArgumentException","Messages":[],"ComputerName":"DESKTOP-D6DHFFL","Duration":"00:00:00.0015750","StartTime":"2025-07-31T17:08:03.5604546+00:00","EndTime":"2025-07-31T17:08:03.5620294+00:00","Properties":[{"Key":{"Id":"NUnit.Seed","Label":"Seed","Category":"","Description":"","Attributes":0,"ValueType":"System.String"},"Value":"1775561937"}]},{"TestCase":{"Id":"6757fda9-2a19-e1e2-3e6b-154e8b1c8ae6","FullyQualifiedName":"TestApp.UnitTests.ExceptionTests.Test_CalculateDiscount_ValidInput_ReturnsDiscountedPrice","DisplayName":"Test_CalculateDiscount_ValidInput_ReturnsDiscountedPrice","ExecutorUri":"executor://NUnit3TestExecutor","Source":"C:\\Users\\TOSHIBA\\Downloads\\QA path\\Programming for QA\\Programming Advanced for QA\\11-Unit-Testing-Exercise-Exception-Handling-Resources\\TestApp.UnitTests\\bin\\Debug\\net6.0\\fine-code-coverage\\build-output\\TestApp.UnitTests.dll","CodeFilePath":null,"LineNumber":0,"Properties":[{"Key":{"Id":"NUnit.Seed","Label":"Seed","Category":"","Description":"","Attributes":0,"ValueType":"System.String"},"Value":"550184995"}]},"Attachments":[],"Outcome":1,"ErrorMessage":null,"ErrorStackTrace":null,"DisplayName":"Test_CalculateDiscount_ValidInput_ReturnsDiscountedPrice","Messages":[],"ComputerName":"DESKTOP-D6DHFFL","Duration":"00:00:00.0018130","StartTime":"2025-07-31T17:08:03.5620518+00:00","EndTime":"2025-07-31T17:08:03.5638635+00:00","Properties":[{"Key":{"Id":"NUnit.Seed","Label":"Seed","Category":"","Description":"","Attributes":0,"ValueType":"System.String"},"Value":"550184995"}]},{"TestCase":{"Id":"dc6330bc-381f-0713-3a9d-5d023318d013","FullyQualifiedName":"TestApp.UnitTests.ExceptionTests.Test_DivideNumbers_DivideByZero_ThrowsDivideByZeroException","DisplayName":"Test_DivideNumbers_DivideByZero_ThrowsDivideByZeroException","ExecutorUri":"executor://NUnit3TestExecutor","Source":"C:\\Users\\TOSHIBA\\Downloads\\QA path\\Programming for QA\\Programming Advanced for QA\\11-Unit-Testing-Exercise-Exception-Handling-Resources\\TestApp.UnitTests\\bin\\Debug\\net6.0\\fine-code-coverage\\build-output\\TestApp.UnitTests.dll","CodeFilePath":null,"LineNumber":0,"Properties":[{"Key":{"Id":"NUnit.Seed","Label":"Seed","Category":"","Description":"","Attributes":0,"ValueType":"System.String"},"Value":"2132683452"}]},"Attachments":[],"Outcome":1,"ErrorMessage":null,"ErrorStackTrace":null,"DisplayName":"Test_DivideNumbers_DivideByZero_ThrowsDivideByZeroException","Messages":[],"ComputerName":"DESKTOP-D6DHFFL","Duration":"00:00:00.0020470","StartTime":"2025-07-31T17:08:03.563924+00:00","EndTime":"2025-07-31T17:08:03.5659705+00:00","Properties":[{"Key":{"Id":"NUnit.Seed","Label":"Seed","Category":"","Description":"","Attributes":0,"ValueType":"System.String"},"Value":"2132683452"}]},{"TestCase":{"Id":"33a75f2f-7230-b652-7474-83c0887c154b","FullyQualifiedName":"TestApp.UnitTests.ExceptionTests.Test_DivideNumbers_ValidDivision_ReturnsQuotient","DisplayName":"Test_DivideNumbers_ValidDivision_ReturnsQuotient","ExecutorUri":"executor://NUnit3TestExecutor","Source":"C:\\Users\\TOSHIBA\\Downloads\\QA path\\Programming for QA\\Programming Advanced for QA\\11-Unit-Testing-Exercise-Exception-Handling-Resources\\TestApp.UnitTests\\bin\\Debug\\net6.0\\fine-code-coverage\\build-output\\TestApp.UnitTests.dll","CodeFilePath":null,"LineNumber":0,"Properties":[{"Key":{"Id":"NUnit.Seed","Label":"Seed","Category":"","Description":"","Attributes":0,"ValueType":"System.String"},"Value":"863804418"}]},"Attachments":[],"Outcome":1,"ErrorMessage":null,"ErrorStackTrace":null,"DisplayName":"Test_DivideNumbers_ValidDivision_ReturnsQuotient","Messages":[],"ComputerName":"DESKTOP-D6DHFFL","Duration":"00:00:00.0005120","StartTime":"2025-07-31T17:08:03.5659987+00:00","EndTime":"2025-07-31T17:08:03.5665101+00:00","Properties":[{"Key":{"Id":"NUnit.Seed","Label":"Seed","Category":"","Description":"","Attributes":0,"ValueType":"System.String"},"Value":"863804418"}]},{"TestCase":{"Id":"e1d889f9-f3f5-52b9-6d5d-52ca072b29c0","FullyQualifiedName":"TestApp.UnitTests.ExceptionTests.Test_FindValueByKey_KeyDoesNotExistInDictionary_ThrowsKeyNotFoundException","DisplayName":"Test_FindValueByKey_KeyDoesNotExistInDictionary_ThrowsKeyNotFoundException","ExecutorUri":"executor://NUnit3TestExecutor","Source":"C:\\Users\\TOSHIBA\\Downloads\\QA path\\Programming for QA\\Programming Advanced for QA\\11-Unit-Testing-Exercise-Exception-Handling-Resources\\TestApp.UnitTests\\bin\\Debug\\net6.0\\fine-code-coverage\\build-output\\TestApp.UnitTests.dll","CodeFilePath":null,"LineNumber":0,"Properties":[{"Key":{"Id":"NUnit.Seed","Label":"Seed","Category":"","Description":"","Attributes":0,"ValueType":"System.String"},"Value":"1146781147"}]},"Attachments":[],"Outcome":1,"ErrorMessage":null,"ErrorStackTrace":null,"DisplayName":"Test_FindValueByKey_KeyDoesNotExistInDictionary_ThrowsKeyNotFoundException","Messages":[],"ComputerName":"DESKTOP-D6DHFFL","Duration":"00:00:00.0015520","StartTime":"2025-07-31T17:08:03.5665607+00:00","EndTime":"2025-07-31T17:08:03.5681125+00:00","Properties":[{"Key":{"Id":"NUnit.Seed","Label":"Seed","Category":"","Description":"","Attributes":0,"ValueType":"System.String"},"Value":"1146781147"}]}],"TestRunStatistics":{"ExecutedTests":9,"Stats":{"Passed":9}},"ActiveTests":[{"Id":"1c0d7b00-cebb-dedf-cb3c-e6f48c9a4a16","FullyQualifiedName":"TestApp.UnitTests.ExceptionTests.Test_FindValueByKey_KeyExistsInDictionary_ReturnsValue","DisplayName":"Test_FindValueByKey_KeyExistsInDictionary_ReturnsValue","ExecutorUri":"executor://NUnit3TestExecutor","Source":"C:\\Users\\TOSHIBA\\Downloads\\QA path\\Programming for QA\\Programming Advanced for QA\\11-Unit-Testing-Exercise-Exception-Handling-Resources\\TestApp.UnitTests\\bin\\Debug\\net6.0\\fine-code-coverage\\build-output\\TestApp.UnitTests.dll","CodeFilePath":null,"LineNumber":0,"Properties":[{"Key":{"Id":"NUnit.Seed","Label":"Seed","Category":"","Description":"","Attributes":0,"ValueType":"System.String"},"Value":"1521654617"}]}]}}
TpTrace Verbose: 0 : 3928, 13, 2025/07/31, 20:08:03.724, 115995383750, vstest.console.dll, TestRunRequest:SendTestRunStatsChange: Starting.
TpTrace Verbose: 0 : 3928, 13, 2025/07/31, 20:08:03.725, 115995385714, vstest.console.dll, InProgress is Test_FindValueByKey_KeyExistsInDictionary_ReturnsValue
TpTrace Verbose: 0 : 3928, 13, 2025/07/31, 20:08:03.725, 115995388162, vstest.console.dll, MulticastDelegateUtilities.SafeInvoke: TestRun.RunStatsChanged: Invoking callbacks was skipped because there are no subscribers.
TpTrace Information: 0 : 3928, 13, 2025/07/31, 20:08:03.725, 115995388835, vstest.console.dll, TestRunRequest:SendTestRunStatsChange: Completed.
TpTrace Verbose: 0 : 3928, 13, 2025/07/31, 20:08:03.725, 115995389594, vstest.console.dll, MulticastDelegateUtilities.SafeInvoke: LengthPrefixCommunicationChannel: MessageReceived: Invoking callback 1/1 for Microsoft.VisualStudio.TestPlatform.CommunicationUtilities.TestRequestSender+<>c__DisplayClass34_0., took 39 ms.
TpTrace Verbose: 0 : 3928, 13, 2025/07/31, 20:08:03.725, 115995390347, vstest.console.dll, TcpClientExtensions.MessageLoopAsync: Polling on remoteEndPoint: 127.0.0.1:51698 localEndPoint: 127.0.0.1:51697 after 242 ms
TpTrace Verbose: 0 : 3928, 13, 2025/07/31, 20:08:03.726, 115995405015, vstest.console.dll, TcpClientExtensions.MessageLoopAsync: NotifyDataAvailable remoteEndPoint: 127.0.0.1:51698 localEndPoint: 127.0.0.1:51697
TpTrace Verbose: 0 : 3928, 13, 2025/07/31, 20:08:03.727, 115995408765, vstest.console.dll, TestRequestSender.OnExecutionMessageReceived: Received message: {"Version":7,"MessageType":"TestExecution.StatsChange","Payload":{"NewTestResults":[{"TestCase":{"Id":"1c0d7b00-cebb-dedf-cb3c-e6f48c9a4a16","FullyQualifiedName":"TestApp.UnitTests.ExceptionTests.Test_FindValueByKey_KeyExistsInDictionary_ReturnsValue","DisplayName":"Test_FindValueByKey_KeyExistsInDictionary_ReturnsValue","ExecutorUri":"executor://NUnit3TestExecutor","Source":"C:\\Users\\TOSHIBA\\Downloads\\QA path\\Programming for QA\\Programming Advanced for QA\\11-Unit-Testing-Exercise-Exception-Handling-Resources\\TestApp.UnitTests\\bin\\Debug\\net6.0\\fine-code-coverage\\build-output\\TestApp.UnitTests.dll","CodeFilePath":null,"LineNumber":0,"Properties":[{"Key":{"Id":"NUnit.Seed","Label":"Seed","Category":"","Description":"","Attributes":0,"ValueType":"System.String"},"Value":"1521654617"}]},"Attachments":[],"Outcome":1,"ErrorMessage":null,"ErrorStackTrace":null,"DisplayName":"Test_FindValueByKey_KeyExistsInDictionary_ReturnsValue","Messages":[],"ComputerName":"DESKTOP-D6DHFFL","Duration":"00:00:00.0010349","StartTime":"2025-07-31T17:08:03.5681526+00:00","EndTime":"2025-07-31T17:08:03.5691871+00:00","Properties":[{"Key":{"Id":"NUnit.Seed","Label":"Seed","Category":"","Description":"","Attributes":0,"ValueType":"System.String"},"Value":"1521654617"}]},{"TestCase":{"Id":"38002224-b924-3216-a278-bf6de0595be7","FullyQualifiedName":"TestApp.UnitTests.ExceptionTests.Test_GetElement_IndexEqualToArrayLength_ThrowsIndexOutOfRangeException","DisplayName":"Test_GetElement_IndexEqualToArrayLength_ThrowsIndexOutOfRangeException","ExecutorUri":"executor://NUnit3TestExecutor","Source":"C:\\Users\\TOSHIBA\\Downloads\\QA path\\Programming for QA\\Programming Advanced for QA\\11-Unit-Testing-Exercise-Exception-Handling-Resources\\TestApp.UnitTests\\bin\\Debug\\net6.0\\fine-code-coverage\\build-output\\TestApp.UnitTests.dll","CodeFilePath":null,"LineNumber":0,"Properties":[{"Key":{"Id":"NUnit.Seed","Label":"Seed","Category":"","Description":"","Attributes":0,"ValueType":"System.String"},"Value":"1390477764"}]},"Attachments":[],"Outcome":1,"ErrorMessage":null,"ErrorStackTrace":null,"DisplayName":"Test_GetElement_IndexEqualToArrayLength_ThrowsIndexOutOfRangeException","Messages":[],"ComputerName":"DESKTOP-D6DHFFL","Duration":"00:00:00.0013880","StartTime":"2025-07-31T17:08:03.5692133+00:00","EndTime":"2025-07-31T17:08:03.5706013+00:00","Properties":[{"Key":{"Id":"NUnit.Seed","Label":"Seed","Category":"","Description":"","Attributes":0,"ValueType":"System.String"},"Value":"1390477764"}]},{"TestCase":{"Id":"724bd911-e0f5-a796-06d0-b1625fce9ba4","FullyQualifiedName":"TestApp.UnitTests.ExceptionTests.Test_GetElement_IndexGreaterThanArrayLength_ThrowsIndexOutOfRangeException","DisplayName":"Test_GetElement_IndexGreaterThanArrayLength_ThrowsIndexOutOfRangeException","ExecutorUri":"executor://NUnit3TestExecutor","Source":"C:\\Users\\TOSHIBA\\Downloads\\QA path\\Programming for QA\\Programming Advanced for QA\\11-Unit-Testing-Exercise-Exception-Handling-Resources\\TestApp.UnitTests\\bin\\Debug\\net6.0\\fine-code-coverage\\build-output\\TestApp.UnitTests.dll","CodeFilePath":null,"LineNumber":0,"Properties":[{"Key":{"Id":"NUnit.Seed","Label":"Seed","Category":"","Description":"","Attributes":0,"ValueType":"System.String"},"Value":"1213045643"}]},"Attachments":[],"Outcome":1,"ErrorMessage":null,"ErrorStackTrace":null,"DisplayName":"Test_GetElement_IndexGreaterThanArrayLength_ThrowsIndexOutOfRangeException","Messages":[],"ComputerName":"DESKTOP-D6DHFFL","Duration":"00:00:00.0014900","StartTime":"2025-07-31T17:08:03.5706323+00:00","EndTime":"2025-07-31T17:08:03.5721219+00:00","Properties":[{"Key":{"Id":"NUnit.Seed","Label":"Seed","Category":"","Description":"","Attributes":0,"ValueType":"System.String"},"Value":"1213045643"}]},{"TestCase":{"Id":"517c3481-3c82-97de-a0fc-0788618952c3","FullyQualifiedName":"TestApp.UnitTests.ExceptionTests.Test_GetElement_IndexLessThanZero_ThrowsIndexOutOfRangeException","DisplayName":"Test_GetElement_IndexLessThanZero_ThrowsIndexOutOfRangeException","ExecutorUri":"executor://NUnit3TestExecutor","Source":"C:\\Users\\TOSHIBA\\Downloads\\QA path\\Programming for QA\\Programming Advanced for QA\\11-Unit-Testing-Exercise-Exception-Handling-Resources\\TestApp.UnitTests\\bin\\Debug\\net6.0\\fine-code-coverage\\build-output\\TestApp.UnitTests.dll","CodeFilePath":null,"LineNumber":0,"Properties":[{"Key":{"Id":"NUnit.Seed","Label":"Seed","Category":"","Description":"","Attributes":0,"ValueType":"System.String"},"Value":"765432921"}]},"Attachments":[],"Outcome":1,"ErrorMessage":null,"ErrorStackTrace":null,"DisplayName":"Test_GetElement_IndexLessThanZero_ThrowsIndexOutOfRangeException","Messages":[],"ComputerName":"DESKTOP-D6DHFFL","Duration":"00:00:00.0009750","StartTime":"2025-07-31T17:08:03.5721464+00:00","EndTime":"2025-07-31T17:08:03.5731211+00:00","Properties":[{"Key":{"Id":"NUnit.Seed","Label":"Seed","Category":"","Description":"","Attributes":0,"ValueType":"System.String"},"Value":"765432921"}]},{"TestCase":{"Id":"dbd607e5-626d-f0de-2eb5-ecaad40d66d3","FullyQualifiedName":"TestApp.UnitTests.ExceptionTests.Test_GetElement_ValidIndex_ReturnsElement","DisplayName":"Test_GetElement_ValidIndex_ReturnsElement","ExecutorUri":"executor://NUnit3TestExecutor","Source":"C:\\Users\\TOSHIBA\\Downloads\\QA path\\Programming for QA\\Programming Advanced for QA\\11-Unit-Testing-Exercise-Exception-Handling-Resources\\TestApp.UnitTests\\bin\\Debug\\net6.0\\fine-code-coverage\\build-output\\TestApp.UnitTests.dll","CodeFilePath":null,"LineNumber":0,"Properties":[{"Key":{"Id":"NUnit.Seed","Label":"Seed","Category":"","Description":"","Attributes":0,"ValueType":"System.String"},"Value":"1275756189"}]},"Attachments":[],"Outcome":1,"ErrorMessage":null,"ErrorStackTrace":null,"DisplayName":"Test_GetElement_ValidIndex_ReturnsElement","Messages":[],"ComputerName":"DESKTOP-D6DHFFL","Duration":"00:00:00.0002910","StartTime":"2025-07-31T17:08:03.5731412+00:00","EndTime":"2025-07-31T17:08:03.5734314+00:00","Properties":[{"Key":{"Id":"NUnit.Seed","Label":"Seed","Category":"","Description":"","Attributes":0,"ValueType":"System.String"},"Value":"1275756189"}]},{"TestCase":{"Id":"b0e6a19e-2b77-0d65-eba1-0e6750a7ff4d","FullyQualifiedName":"TestApp.UnitTests.ExceptionTests.Test_GetElementAsNumber_InvalidFormat_ThrowsFormatException","DisplayName":"Test_GetElementAsNumber_InvalidFormat_ThrowsFormatException","ExecutorUri":"executor://NUnit3TestExecutor","Source":"C:\\Users\\TOSHIBA\\Downloads\\QA path\\Programming for QA\\Programming Advanced for QA\\11-Unit-Testing-Exercise-Exception-Handling-Resources\\TestApp.UnitTests\\bin\\Debug\\net6.0\\fine-code-coverage\\build-output\\TestApp.UnitTests.dll","CodeFilePath":null,"LineNumber":0,"Properties":[{"Key":{"Id":"NUnit.Seed","Label":"Seed","Category":"","Description":"","Attributes":0,"ValueType":"System.String"},"Value":"423447768"}]},"Attachments":[],"Outcome":1,"ErrorMessage":null,"ErrorStackTrace":null,"DisplayName":"Test_GetElementAsNumber_InvalidFormat_ThrowsFormatException","Messages":[],"ComputerName":"DESKTOP-D6DHFFL","Duration":"00:00:00.0029860","StartTime":"2025-07-31T17:08:03.5734482+00:00","EndTime":"2025-07-31T17:08:03.5764338+00:00","Properties":[{"Key":{"Id":"NUnit.Seed","Label":"Seed","Category":"","Description":"","Attributes":0,"ValueType":"System.String"},"Value":"423447768"}]},{"TestCase":{"Id":"0b2f110c-409c-8cf1-151b-027518e13571","FullyQualifiedName":"TestApp.UnitTests.ExceptionTests.Test_GetElementAsNumber_KeyNotFound_ThrowsKeyNotFoundException","DisplayName":"Test_GetElementAsNumber_KeyNotFound_ThrowsKeyNotFoundException","ExecutorUri":"executor://NUnit3TestExecutor","Source":"C:\\Users\\TOSHIBA\\Downloads\\QA path\\Programming for QA\\Programming Advanced for QA\\11-Unit-Testing-Exercise-Exception-Handling-Resources\\TestApp.UnitTests\\bin\\Debug\\net6.0\\fine-code-coverage\\build-output\\TestApp.UnitTests.dll","CodeFilePath":null,"LineNumber":0,"Properties":[{"Key":{"Id":"NUnit.Seed","Label":"Seed","Category":"","Description":"","Attributes":0,"ValueType":"System.String"},"Value":"206013709"}]},"Attachments":[],"Outcome":1,"ErrorMessage":null,"ErrorStackTrace":null,"DisplayName":"Test_GetElementAsNumber_KeyNotFound_ThrowsKeyNotFoundException","Messages":[],"ComputerName":"DESKTOP-D6DHFFL","Duration":"00:00:00.0015530","StartTime":"2025-07-31T17:08:03.5764708+00:00","EndTime":"2025-07-31T17:08:03.5780236+00:00","Properties":[{"Key":{"Id":"NUnit.Seed","Label":"Seed","Category":"","Description":"","Attributes":0,"ValueType":"System.String"},"Value":"206013709"}]},{"TestCase":{"Id":"db7be7ba-ec5f-ae2b-cb0e-510fb04c9621","FullyQualifiedName":"TestApp.UnitTests.ExceptionTests.Test_GetElementAsNumber_ValidKey_ReturnsParsedNumber","DisplayName":"Test_GetElementAsNumber_ValidKey_ReturnsParsedNumber","ExecutorUri":"executor://NUnit3TestExecutor","Source":"C:\\Users\\TOSHIBA\\Downloads\\QA path\\Programming for QA\\Programming Advanced for QA\\11-Unit-Testing-Exercise-Exception-Handling-Resources\\TestApp.UnitTests\\bin\\Debug\\net6.0\\fine-code-coverage\\build-output\\TestApp.UnitTests.dll","CodeFilePath":null,"LineNumber":0,"Properties":[{"Key":{"Id":"NUnit.Seed","Label":"Seed","Category":"","Description":"","Attributes":0,"ValueType":"System.String"},"Value":"1992153386"}]},"Attachments":[],"Outcome":1,"ErrorMessage":null,"ErrorStackTrace":null,"DisplayName":"Test_GetElementAsNumber_ValidKey_ReturnsParsedNumber","Messages":[],"ComputerName":"DESKTOP-D6DHFFL","Duration":"00:00:00.0005260","StartTime":"2025-07-31T17:08:03.5780596+00:00","EndTime":"2025-07-31T17:08:03.5785852+00:00","Properties":[{"Key":{"Id":"NUnit.Seed","Label":"Seed","Category":"","Description":"","Attributes":0,"ValueType":"System.String"},"Value":"1992153386"}]},{"TestCase":{"Id":"cf856be8-5023-1ad3-fb31-ab04e1aa28ef","FullyQualifiedName":"TestApp.UnitTests.ExceptionTests.Test_ParseInt_InvalidInput_ThrowsFormatException","DisplayName":"Test_ParseInt_InvalidInput_ThrowsFormatException","ExecutorUri":"executor://NUnit3TestExecutor","Source":"C:\\Users\\TOSHIBA\\Downloads\\QA path\\Programming for QA\\Programming Advanced for QA\\11-Unit-Testing-Exercise-Exception-Handling-Resources\\TestApp.UnitTests\\bin\\Debug\\net6.0\\fine-code-coverage\\build-output\\TestApp.UnitTests.dll","CodeFilePath":null,"LineNumber":0,"Properties":[{"Key":{"Id":"NUnit.Seed","Label":"Seed","Category":"","Description":"","Attributes":0,"ValueType":"System.String"},"Value":"1668517742"}]},"Attachments":[],"Outcome":1,"ErrorMessage":null,"ErrorStackTrace":null,"DisplayName":"Test_ParseInt_InvalidInput_ThrowsFormatException","Messages":[],"ComputerName":"DESKTOP-D6DHFFL","Duration":"00:00:00.0013080","StartTime":"2025-07-31T17:08:03.5786522+00:00","EndTime":"2025-07-31T17:08:03.5799598+00:00","Properties":[{"Key":{"Id":"NUnit.Seed","Label":"Seed","Category":"","Description":"","Attributes":0,"ValueType":"System.String"},"Value":"1668517742"}]}],"TestRunStatistics":{"ExecutedTests":18,"Stats":{"Passed":18}},"ActiveTests":[{"Id":"320f6d15-6c93-d219-c15f-deb9437c37ed","FullyQualifiedName":"TestApp.UnitTests.ExceptionTests.Test_ParseInt_ValidInput_ReturnsParsedInteger","DisplayName":"Test_ParseInt_ValidInput_ReturnsParsedInteger","ExecutorUri":"executor://NUnit3TestExecutor","Source":"C:\\Users\\TOSHIBA\\Downloads\\QA path\\Programming for QA\\Programming Advanced for QA\\11-Unit-Testing-Exercise-Exception-Handling-Resources\\TestApp.UnitTests\\bin\\Debug\\net6.0\\fine-code-coverage\\build-output\\TestApp.UnitTests.dll","CodeFilePath":null,"LineNumber":0,"Properties":[{"Key":{"Id":"NUnit.Seed","Label":"Seed","Category":"","Description":"","Attributes":0,"ValueType":"System.String"},"Value":"293190581"}]}]}}
TpTrace Verbose: 0 : 3928, 4, 2025/07/31, 20:08:03.729, 115995432505, vstest.console.dll, MulticastDelegateUtilities.SafeInvoke: InternalTestLoggerEvents.SendTestResult: Invoking callback 1/1 for Microsoft.VisualStudio.TestPlatform.CommandLine.Internal.ConsoleLogger., took 4 ms.
TpTrace Verbose: 0 : 3928, 13, 2025/07/31, 20:08:03.729, 115995433753, vstest.console.dll, TestRunRequest:SendTestRunStatsChange: Starting.
TpTrace Verbose: 0 : 3928, 13, 2025/07/31, 20:08:03.729, 115995434677, vstest.console.dll, InProgress is Test_ParseInt_ValidInput_ReturnsParsedInteger
TpTrace Verbose: 0 : 3928, 13, 2025/07/31, 20:08:03.730, 115995435696, vstest.console.dll, MulticastDelegateUtilities.SafeInvoke: TestRun.RunStatsChanged: Invoking callbacks was skipped because there are no subscribers.
TpTrace Information: 0 : 3928, 13, 2025/07/31, 20:08:03.730, 115995436275, vstest.console.dll, TestRunRequest:SendTestRunStatsChange: Completed.
TpTrace Verbose: 0 : 3928, 13, 2025/07/31, 20:08:03.730, 115995436862, vstest.console.dll, MulticastDelegateUtilities.SafeInvoke: LengthPrefixCommunicationChannel: MessageReceived: Invoking callback 1/1 for Microsoft.VisualStudio.TestPlatform.CommunicationUtilities.TestRequestSender+<>c__DisplayClass34_0., took 2 ms.
TpTrace Verbose: 0 : 3928, 4, 2025/07/31, 20:08:03.730, 115995436884, vstest.console.dll, MulticastDelegateUtilities.SafeInvoke: InternalTestLoggerEvents.SendTestResult: Invoking callback 1/1 for Microsoft.VisualStudio.TestPlatform.CommandLine.Internal.ConsoleLogger., took 0 ms.
TpTrace Verbose: 0 : 3928, 13, 2025/07/31, 20:08:03.730, 115995437601, vstest.console.dll, TcpClientExtensions.MessageLoopAsync: Polling on remoteEndPoint: 127.0.0.1:51698 localEndPoint: 127.0.0.1:51697 after 4 ms
TpTrace Verbose: 0 : 3928, 4, 2025/07/31, 20:08:03.730, 115995438906, vstest.console.dll, MulticastDelegateUtilities.SafeInvoke: InternalTestLoggerEvents.SendTestResult: Invoking callback 1/1 for Microsoft.VisualStudio.TestPlatform.CommandLine.Internal.ConsoleLogger., took 0 ms.
TpTrace Verbose: 0 : 3928, 4, 2025/07/31, 20:08:03.730, 115995439754, vstest.console.dll, MulticastDelegateUtilities.SafeInvoke: InternalTestLoggerEvents.SendTestResult: Invoking callback 1/1 for Microsoft.VisualStudio.TestPlatform.CommandLine.Internal.ConsoleLogger., took 0 ms.
TpTrace Verbose: 0 : 3928, 4, 2025/07/31, 20:08:03.730, 115995440394, vstest.console.dll, MulticastDelegateUtilities.SafeInvoke: InternalTestLoggerEvents.SendTestResult: Invoking callback 1/1 for Microsoft.VisualStudio.TestPlatform.CommandLine.Internal.ConsoleLogger., took 0 ms.
TpTrace Verbose: 0 : 3928, 4, 2025/07/31, 20:08:03.730, 115995441073, vstest.console.dll, MulticastDelegateUtilities.SafeInvoke: InternalTestLoggerEvents.SendTestResult: Invoking callback 1/1 for Microsoft.VisualStudio.TestPlatform.CommandLine.Internal.ConsoleLogger., took 0 ms.
TpTrace Verbose: 0 : 3928, 4, 2025/07/31, 20:08:03.730, 115995441689, vstest.console.dll, MulticastDelegateUtilities.SafeInvoke: InternalTestLoggerEvents.SendTestResult: Invoking callback 1/1 for Microsoft.VisualStudio.TestPlatform.CommandLine.Internal.ConsoleLogger., took 0 ms.
TpTrace Verbose: 0 : 3928, 4, 2025/07/31, 20:08:03.730, 115995442276, vstest.console.dll, MulticastDelegateUtilities.SafeInvoke: InternalTestLoggerEvents.SendTestResult: Invoking callback 1/1 for Microsoft.VisualStudio.TestPlatform.CommandLine.Internal.ConsoleLogger., took 0 ms.
TpTrace Verbose: 0 : 3928, 4, 2025/07/31, 20:08:03.730, 115995442882, vstest.console.dll, MulticastDelegateUtilities.SafeInvoke: InternalTestLoggerEvents.SendTestResult: Invoking callback 1/1 for Microsoft.VisualStudio.TestPlatform.CommandLine.Internal.ConsoleLogger., took 0 ms.
TpTrace Verbose: 0 : 3928, 4, 2025/07/31, 20:08:03.730, 115995443477, vstest.console.dll, MulticastDelegateUtilities.SafeInvoke: InternalTestLoggerEvents.SendTestResult: Invoking callback 1/1 for Microsoft.VisualStudio.TestPlatform.CommandLine.Internal.ConsoleLogger., took 0 ms.
TpTrace Verbose: 0 : 3928, 4, 2025/07/31, 20:08:03.730, 115995444076, vstest.console.dll, MulticastDelegateUtilities.SafeInvoke: InternalTestLoggerEvents.SendTestResult: Invoking callback 1/1 for Microsoft.VisualStudio.TestPlatform.CommandLine.Internal.ConsoleLogger., took 0 ms.
TpTrace Verbose: 0 : 3928, 4, 2025/07/31, 20:08:03.730, 115995444659, vstest.console.dll, MulticastDelegateUtilities.SafeInvoke: InternalTestLoggerEvents.SendTestResult: Invoking callback 1/1 for Microsoft.VisualStudio.TestPlatform.CommandLine.Internal.ConsoleLogger., took 0 ms.
TpTrace Verbose: 0 : 3928, 4, 2025/07/31, 20:08:03.730, 115995445222, vstest.console.dll, MulticastDelegateUtilities.SafeInvoke: InternalTestLoggerEvents.SendTestResult: Invoking callback 1/1 for Microsoft.VisualStudio.TestPlatform.CommandLine.Internal.ConsoleLogger., took 0 ms.
TpTrace Verbose: 0 : 3928, 4, 2025/07/31, 20:08:03.731, 115995446044, vstest.console.dll, MulticastDelegateUtilities.SafeInvoke: InternalTestLoggerEvents.SendTestResult: Invoking callback 1/1 for Microsoft.VisualStudio.TestPlatform.CommandLine.Internal.ConsoleLogger., took 0 ms.
TpTrace Verbose: 0 : 3928, 4, 2025/07/31, 20:08:03.731, 115995446886, vstest.console.dll, MulticastDelegateUtilities.SafeInvoke: InternalTestLoggerEvents.SendTestResult: Invoking callback 1/1 for Microsoft.VisualStudio.TestPlatform.CommandLine.Internal.ConsoleLogger., took 0 ms.
TpTrace Verbose: 0 : 3928, 4, 2025/07/31, 20:08:03.731, 115995447531, vstest.console.dll, MulticastDelegateUtilities.SafeInvoke: InternalTestLoggerEvents.SendTestResult: Invoking callback 1/1 for Microsoft.VisualStudio.TestPlatform.CommandLine.Internal.ConsoleLogger., took 0 ms.
TpTrace Verbose: 0 : 3928, 4, 2025/07/31, 20:08:03.731, 115995448198, vstest.console.dll, MulticastDelegateUtilities.SafeInvoke: InternalTestLoggerEvents.SendTestResult: Invoking callback 1/1 for Microsoft.VisualStudio.TestPlatform.CommandLine.Internal.ConsoleLogger., took 0 ms.
TpTrace Verbose: 0 : 3928, 4, 2025/07/31, 20:08:03.731, 115995448933, vstest.console.dll, MulticastDelegateUtilities.SafeInvoke: InternalTestLoggerEvents.SendTestResult: Invoking callback 1/1 for Microsoft.VisualStudio.TestPlatform.CommandLine.Internal.ConsoleLogger., took 0 ms.
TpTrace Verbose: 0 : 3928, 13, 2025/07/31, 20:08:03.760, 115995745184, vstest.console.dll, TcpClientExtensions.MessageLoopAsync: NotifyDataAvailable remoteEndPoint: 127.0.0.1:51698 localEndPoint: 127.0.0.1:51697
TpTrace Verbose: 0 : 3928, 13, 2025/07/31, 20:08:03.761, 115995746587, vstest.console.dll, TestRequestSender.OnExecutionMessageReceived: Received message: {"Version":7,"MessageType":"TestSession.Message","Payload":{"MessageLevel":0,"Message":"NUnit Adapter 4.4.0.0: Test execution complete"}}
TpTrace Verbose: 0 : 3928, 13, 2025/07/31, 20:08:03.761, 115995747763, vstest.console.dll, TestRunRequest:SendTestRunMessage: Starting.
TpTrace Verbose: 0 : 3928, 13, 2025/07/31, 20:08:03.761, 115995748583, vstest.console.dll, MulticastDelegateUtilities.SafeInvoke: TestRun.LogMessages: Invoking callback 1/1 for Microsoft.VisualStudio.TestPlatform.CommandLine.TestRunResultAggregator., took 0 ms.
TpTrace Verbose: 0 : 3928, 4, 2025/07/31, 20:08:03.761, 115995748684, vstest.console.dll, MulticastDelegateUtilities.SafeInvoke: InternalTestLoggerEvents.SendTestRunMessage: Invoking callback 1/1 for Microsoft.VisualStudio.TestPlatform.CommandLine.Internal.ConsoleLogger., took 0 ms.
TpTrace Information: 0 : 3928, 13, 2025/07/31, 20:08:03.761, 115995749348, vstest.console.dll, TestRunRequest:SendTestRunMessage: Completed.
TpTrace Verbose: 0 : 3928, 13, 2025/07/31, 20:08:03.761, 115995750511, vstest.console.dll, MulticastDelegateUtilities.SafeInvoke: LengthPrefixCommunicationChannel: MessageReceived: Invoking callback 1/1 for Microsoft.VisualStudio.TestPlatform.CommunicationUtilities.TestRequestSender+<>c__DisplayClass34_0., took 0 ms.
TpTrace Verbose: 0 : 3928, 13, 2025/07/31, 20:08:03.761, 115995750909, vstest.console.dll, TcpClientExtensions.MessageLoopAsync: Polling on remoteEndPoint: 127.0.0.1:51698 localEndPoint: 127.0.0.1:51697 after 31 ms
TpTrace Verbose: 0 : 3928, 13, 2025/07/31, 20:08:03.783, 115995966406, vstest.console.dll, TcpClientExtensions.MessageLoopAsync: NotifyDataAvailable remoteEndPoint: 127.0.0.1:51698 localEndPoint: 127.0.0.1:51697
TpTrace Verbose: 0 : 3928, 13, 2025/07/31, 20:08:03.783, 115995969019, vstest.console.dll, TestRequestSender.OnExecutionMessageReceived: Received message: {"Version":7,"MessageType":"TestExecution.Completed","Payload":{"TestRunCompleteArgs":{"TestRunStatistics":{"ExecutedTests":26,"Stats":{"Passed":26}},"IsCanceled":false,"IsAborted":false,"Error":null,"AttachmentSets":[],"InvokedDataCollectors":[],"ElapsedTimeInRunningTests":"00:00:00.5478425","Metrics":{},"DiscoveredExtensions":{"TestDiscoverers":["NUnit.VisualStudio.TestAdapter.NUnit3TestDiscoverer, NUnit3.TestAdapter, Version=4.4.0.0, Culture=neutral, PublicKeyToken=4cb40d35494691ac"],"TestExecutors":["executor://NUnit3TestExecutor"],"TestExecutors2":[],"TestSettingsProviders":[]}},"LastRunTests":{"NewTestResults":[{"TestCase":{"Id":"320f6d15-6c93-d219-c15f-deb9437c37ed","FullyQualifiedName":"TestApp.UnitTests.ExceptionTests.Test_ParseInt_ValidInput_ReturnsParsedInteger","DisplayName":"Test_ParseInt_ValidInput_ReturnsParsedInteger","ExecutorUri":"executor://NUnit3TestExecutor","Source":"C:\\Users\\TOSHIBA\\Downloads\\QA path\\Programming for QA\\Programming Advanced for QA\\11-Unit-Testing-Exercise-Exception-Handling-Resources\\TestApp.UnitTests\\bin\\Debug\\net6.0\\fine-code-coverage\\build-output\\TestApp.UnitTests.dll","CodeFilePath":null,"LineNumber":0,"Properties":[{"Key":{"Id":"NUnit.Seed","Label":"Seed","Category":"","Description":"","Attributes":0,"ValueType":"System.String"},"Value":"293190581"}]},"Attachments":[],"Outcome":1,"ErrorMessage":null,"ErrorStackTrace":null,"DisplayName":"Test_ParseInt_ValidInput_ReturnsParsedInteger","Messages":[],"ComputerName":"DESKTOP-D6DHFFL","Duration":"00:00:00.0003450","StartTime":"2025-07-31T17:08:03.5799949+00:00","EndTime":"2025-07-31T17:08:03.5803395+00:00","Properties":[{"Key":{"Id":"NUnit.Seed","Label":"Seed","Category":"","Description":"","Attributes":0,"ValueType":"System.String"},"Value":"293190581"}]},{"TestCase":{"Id":"2ef0b2e9-4f6d-5691-6ac1-f8f18d1c827a","FullyQualifiedName":"TestApp.UnitTests.ExceptionTests.Test_PerformSecureOperation_UserLoggedIn_ReturnsUserLoggedInMessage","DisplayName":"Test_PerformSecureOperation_UserLoggedIn_ReturnsUserLoggedInMessage","ExecutorUri":"executor://NUnit3TestExecutor","Source":"C:\\Users\\TOSHIBA\\Downloads\\QA path\\Programming for QA\\Programming Advanced for QA\\11-Unit-Testing-Exercise-Exception-Handling-Resources\\TestApp.UnitTests\\bin\\Debug\\net6.0\\fine-code-coverage\\build-output\\TestApp.UnitTests.dll","CodeFilePath":null,"LineNumber":0,"Properties":[{"Key":{"Id":"NUnit.Seed","Label":"Seed","Category":"","Description":"","Attributes":0,"ValueType":"System.String"},"Value":"1509433402"}]},"Attachments":[],"Outcome":1,"ErrorMessage":null,"ErrorStackTrace":null,"DisplayName":"Test_PerformSecureOperation_UserLoggedIn_ReturnsUserLoggedInMessage","Messages":[],"ComputerName":"DESKTOP-D6DHFFL","Duration":"00:00:00.0006970","StartTime":"2025-07-31T17:08:03.5803549+00:00","EndTime":"2025-07-31T17:08:03.5810518+00:00","Properties":[{"Key":{"Id":"NUnit.Seed","Label":"Seed","Category":"","Description":"","Attributes":0,"ValueType":"System.String"},"Value":"1509433402"}]},{"TestCase":{"Id":"180ba6a4-4ab2-ccf2-052b-911077a98962","FullyQualifiedName":"TestApp.UnitTests.ExceptionTests.Test_PerformSecureOperation_UserNotLoggedIn_ThrowsInvalidOperationException","DisplayName":"Test_PerformSecureOperation_UserNotLoggedIn_ThrowsInvalidOperationException","ExecutorUri":"executor://NUnit3TestExecutor","Source":"C:\\Users\\TOSHIBA\\Downloads\\QA path\\Programming for QA\\Programming Advanced for QA\\11-Unit-Testing-Exercise-Exception-Handling-Resources\\TestApp.UnitTests\\bin\\Debug\\net6.0\\fine-code-coverage\\build-output\\TestApp.UnitTests.dll","CodeFilePath":null,"LineNumber":0,"Properties":[{"Key":{"Id":"NUnit.Seed","Label":"Seed","Category":"","Description":"","Attributes":0,"ValueType":"System.String"},"Value":"454653992"}]},"Attachments":[],"Outcome":1,"ErrorMessage":null,"ErrorStackTrace":null,"DisplayName":"Test_PerformSecureOperation_UserNotLoggedIn_ThrowsInvalidOperationException","Messages":[],"ComputerName":"DESKTOP-D6DHFFL","Duration":"00:00:00.0024280","StartTime":"2025-07-31T17:08:03.5810737+00:00","EndTime":"2025-07-31T17:08:03.5835008+00:00","Properties":[{"Key":{"Id":"NUnit.Seed","Label":"Seed","Category":"","Description":"","Attributes":0,"ValueType":"System.String"},"Value":"454653992"}]},{"TestCase":{"Id":"4a7c8898-f0e1-568a-2c5e-0187c5e18c78","FullyQualifiedName":"TestApp.UnitTests.ExceptionTests.Test_Reverse_NullString_ThrowsArgumentNullException","DisplayName":"Test_Reverse_NullString_ThrowsArgumentNullException","ExecutorUri":"executor://NUnit3TestExecutor","Source":"C:\\Users\\TOSHIBA\\Downloads\\QA path\\Programming for QA\\Programming Advanced for QA\\11-Unit-Testing-Exercise-Exception-Handling-Resources\\TestApp.UnitTests\\bin\\Debug\\net6.0\\fine-code-coverage\\build-output\\TestApp.UnitTests.dll","CodeFilePath":null,"LineNumber":0,"Properties":[{"Key":{"Id":"NUnit.Seed","Label":"Seed","Category":"","Description":"","Attributes":0,"ValueType":"System.String"},"Value":"804688134"}]},"Attachments":[],"Outcome":1,"ErrorMessage":null,"ErrorStackTrace":null,"DisplayName":"Test_Reverse_NullString_ThrowsArgumentNullException","Messages":[],"ComputerName":"DESKTOP-D6DHFFL","Duration":"00:00:00.0016200","StartTime":"2025-07-31T17:08:03.5835311+00:00","EndTime":"2025-07-31T17:08:03.5851506+00:00","Properties":[{"Key":{"Id":"NUnit.Seed","Label":"Seed","Category":"","Description":"","Attributes":0,"ValueType":"System.String"},"Value":"804688134"}]},{"TestCase":{"Id":"61e74783-d901-60ca-94ac-62c6e646a375","FullyQualifiedName":"TestApp.UnitTests.ExceptionTests.Test_Reverse_ValidString_ReturnsReversedString","DisplayName":"Test_Reverse_ValidString_ReturnsReversedString","ExecutorUri":"executor://NUnit3TestExecutor","Source":"C:\\Users\\TOSHIBA\\Downloads\\QA path\\Programming for QA\\Programming Advanced for QA\\11-Unit-Testing-Exercise-Exception-Handling-Resources\\TestApp.UnitTests\\bin\\Debug\\net6.0\\fine-code-coverage\\build-output\\TestApp.UnitTests.dll","CodeFilePath":null,"LineNumber":0,"Properties":[{"Key":{"Id":"NUnit.Seed","Label":"Seed","Category":"","Description":"","Attributes":0,"ValueType":"System.String"},"Value":"856043080"}]},"Attachments":[],"Outcome":1,"ErrorMessage":null,"ErrorStackTrace":null,"DisplayName":"Test_Reverse_ValidString_ReturnsReversedString","Messages":[],"ComputerName":"DESKTOP-D6DHFFL","Duration":"00:00:00.0008990","StartTime":"2025-07-31T17:08:03.5851755+00:00","EndTime":"2025-07-31T17:08:03.5860736+00:00","Properties":[{"Key":{"Id":"NUnit.Seed","Label":"Seed","Category":"","Description":"","Attributes":0,"ValueType":"System.String"},"Value":"856043080"}]},{"TestCase":{"Id":"493ebd50-1dea-3895-2615-b9ea5061e62a","FullyQualifiedName":"TestApp.UnitTests.ExceptionTests.Test_SumCollectionElements_IndexOutOfRange_ThrowsIndexOutOfRangeException","DisplayName":"Test_SumCollectionElements_IndexOutOfRange_ThrowsIndexOutOfRangeException","ExecutorUri":"executor://NUnit3TestExecutor","Source":"C:\\Users\\TOSHIBA\\Downloads\\QA path\\Programming for QA\\Programming Advanced for QA\\11-Unit-Testing-Exercise-Exception-Handling-Resources\\TestApp.UnitTests\\bin\\Debug\\net6.0\\fine-code-coverage\\build-output\\TestApp.UnitTests.dll","CodeFilePath":null,"LineNumber":0,"Properties":[{"Key":{"Id":"NUnit.Seed","Label":"Seed","Category":"","Description":"","Attributes":0,"ValueType":"System.String"},"Value":"1765538682"}]},"Attachments":[],"Outcome":1,"ErrorMessage":null,"ErrorStackTrace":null,"DisplayName":"Test_SumCollectionElements_IndexOutOfRange_ThrowsIndexOutOfRangeException","Messages":[],"ComputerName":"DESKTOP-D6DHFFL","Duration":"00:00:00.0021740","StartTime":"2025-07-31T17:08:03.5863869+00:00","EndTime":"2025-07-31T17:08:03.5885605+00:00","Properties":[{"Key":{"Id":"NUnit.Seed","Label":"Seed","Category":"","Description":"","Attributes":0,"ValueType":"System.String"},"Value":"1765538682"}]},{"TestCase":{"Id":"46487a3f-e084-f1d4-f497-79fde2999cb7","FullyQualifiedName":"TestApp.UnitTests.ExceptionTests.Test_SumCollectionElements_NullCollection_ThrowsArgumentNullException","DisplayName":"Test_SumCollectionElements_NullCollection_ThrowsArgumentNullException","ExecutorUri":"executor://NUnit3TestExecutor","Source":"C:\\Users\\TOSHIBA\\Downloads\\QA path\\Programming for QA\\Programming Advanced for QA\\11-Unit-Testing-Exercise-Exception-Handling-Resources\\TestApp.UnitTests\\bin\\Debug\\net6.0\\fine-code-coverage\\build-output\\TestApp.UnitTests.dll","CodeFilePath":null,"LineNumber":0,"Properties":[{"Key":{"Id":"NUnit.Seed","Label":"Seed","Category":"","Description":"","Attributes":0,"ValueType":"System.String"},"Value":"1985030938"}]},"Attachments":[],"Outcome":1,"ErrorMessage":null,"ErrorStackTrace":null,"DisplayName":"Test_SumCollectionElements_NullCollection_ThrowsArgumentNullException","Messages":[],"ComputerName":"DESKTOP-D6DHFFL","Duration":"00:00:00.0013209","StartTime":"2025-07-31T17:08:03.5885952+00:00","EndTime":"2025-07-31T17:08:03.5899151+00:00","Properties":[{"Key":{"Id":"NUnit.Seed","Label":"Seed","Category":"","Description":"","Attributes":0,"ValueType":"System.String"},"Value":"1985030938"}]},{"TestCase":{"Id":"cd7488a1-c145-f741-d351-9d5f770ba771","FullyQualifiedName":"TestApp.UnitTests.ExceptionTests.Test_SumCollectionElements_ValidCollectionAndIndex_ReturnsSum","DisplayName":"Test_SumCollectionElements_ValidCollectionAndIndex_ReturnsSum","ExecutorUri":"executor://NUnit3TestExecutor","Source":"C:\\Users\\TOSHIBA\\Downloads\\QA path\\Programming for QA\\Programming Advanced for QA\\11-Unit-Testing-Exercise-Exception-Handling-Resources\\TestApp.UnitTests\\bin\\Debug\\net6.0\\fine-code-coverage\\build-output\\TestApp.UnitTests.dll","CodeFilePath":null,"LineNumber":0,"Properties":[{"Key":{"Id":"NUnit.Seed","Label":"Seed","Category":"","Description":"","Attributes":0,"ValueType":"System.String"},"Value":"467072742"}]},"Attachments":[],"Outcome":1,"ErrorMessage":null,"ErrorStackTrace":null,"DisplayName":"Test_SumCollectionElements_ValidCollectionAndIndex_ReturnsSum","Messages":[],"ComputerName":"DESKTOP-D6DHFFL","Duration":"00:00:00.0027010","StartTime":"2025-07-31T17:08:03.5899546+00:00","EndTime":"2025-07-31T17:08:03.5926555+00:00","Properties":[{"Key":{"Id":"NUnit.Seed","Label":"Seed","Category":"","Description":"","Attributes":0,"ValueType":"System.String"},"Value":"467072742"}]}],"TestRunStatistics":{"ExecutedTests":26,"Stats":{"Passed":26}},"ActiveTests":[]},"RunAttachments":[],"ExecutorUris":["executor://nunit3testexecutor/"]}}
TpTrace Verbose: 0 : 3928, 13, 2025/07/31, 20:08:03.783, 115995970844, vstest.console.dll, TestRequestSender.EndSession: Sending end session.
TpTrace Verbose: 0 : 3928, 13, 2025/07/31, 20:08:03.783, 115995972560, vstest.console.dll, ProxyOperationManager.Close: waiting for test host to exit for 100 ms
TpTrace Verbose: 0 : 3928, 11, 2025/07/31, 20:08:03.841, 115996553992, vstest.console.dll, TestHostManagerCallbacks.StandardOutputReceivedCallback Test host standard output line: 
TpTrace Warning: 0 : 3928, 9, 2025/07/31, 20:08:03.841, 115996553993, vstest.console.dll, TestHostManagerCallbacks.ErrorReceivedCallback Test host standard error line: 
TpTrace Verbose: 0 : 3928, 11, 2025/07/31, 20:08:03.856, 115996698191, vstest.console.dll, TestHostProvider.ExitCallBack: Host exited starting callback.
TpTrace Information: 0 : 3928, 11, 2025/07/31, 20:08:03.856, 115996700076, vstest.console.dll, TestHostManagerCallbacks.ExitCallBack: Testhost processId: 5896 exited with exitcode: 0 error: ''
TpTrace Verbose: 0 : 3928, 11, 2025/07/31, 20:08:03.856, 115996700566, vstest.console.dll, DotnetTestHostManager.OnHostExited: invoking OnHostExited callback
TpTrace Verbose: 0 : 3928, 11, 2025/07/31, 20:08:03.856, 115996701188, vstest.console.dll, CrossPlatEngine.TestHostManagerHostExited: calling on client process exit callback.
TpTrace Information: 0 : 3928, 11, 2025/07/31, 20:08:03.856, 115996701927, vstest.console.dll, TestRequestSender.OnClientProcessExit: Test host process exited. Standard error: 
TpTrace Information: 0 : 3928, 13, 2025/07/31, 20:08:03.856, 115996702251, vstest.console.dll, SocketServer.Stop: Stop server endPoint: 127.0.0.1:51697
TpTrace Information: 0 : 3928, 13, 2025/07/31, 20:08:03.856, 115996703034, vstest.console.dll, SocketServer.Stop: Cancellation requested. Stopping message loop.
TpTrace Information: 0 : 3928, 11, 2025/07/31, 20:08:03.856, 115996703256, vstest.console.dll, SocketServer.Stop: Stop server endPoint: 127.0.0.1:51697
TpTrace Information: 0 : 3928, 11, 2025/07/31, 20:08:03.856, 115996704302, vstest.console.dll, SocketServer.Stop: Cancellation requested. Stopping message loop.
TpTrace Information: 0 : 3928, 13, 2025/07/31, 20:08:03.856, 115996705092, vstest.console.dll, Closing the connection
TpTrace Verbose: 0 : 3928, 11, 2025/07/31, 20:08:03.856, 115996705074, vstest.console.dll, MulticastDelegateUtilities.SafeInvoke: HostProviderEvents.OnHostExited: Invoking callback 1/1 for Microsoft.VisualStudio.TestPlatform.CrossPlatEngine.Client.ProxyOperationManager., took 0 ms.
TpTrace Verbose: 0 : 3928, 13, 2025/07/31, 20:08:03.857, 115996708526, vstest.console.dll, ProxyDataCollectionManager.InvokeDataCollectionServiceAction: Starting.
TpTrace Information: 0 : 3928, 13, 2025/07/31, 20:08:03.857, 115996709096, vstest.console.dll, ProxyDataCollectionManager.AfterTestRunEnd: Get attachment set and invoked data collectors processId: 11520 port: 51694
TpTrace Verbose: 0 : 3928, 13, 2025/07/31, 20:08:03.857, 115996709663, vstest.console.dll, DataCollectionRequestSender.SendAfterTestRunStartAndGetResult: Send AfterTestRunEnd message with isCancelled: False
TpTrace Verbose: 0 : 3928, 13, 2025/07/31, 20:08:03.864, 115996779710, vstest.console.dll, DataCollectionRequestSender.SendAfterTestRunStartAndGetResult: Received message: (DataCollection.AfterTestRunEndResult) -> {"MessageType":"DataCollection.AfterTestRunEndResult","Payload":{"AttachmentSets":[],"InvokedDataCollectors":[{"Uri":"datacollector://Microsoft/TestPlatform/Extensions/Blame/v1","FriendlyName":"Blame","AssemblyQualifiedName":"Microsoft.TestPlatform.Extensions.BlameDataCollector.BlameCollector, Microsoft.TestPlatform.Extensions.BlameDataCollector, Version=15.0.0.0, Culture=neutral, PublicKeyToken=b03f5f7f11d50a3a","FilePath":"C:\\Program Files\\dotnet\\sdk\\9.0.100\\Extensions\\Microsoft.TestPlatform.Extensions.BlameDataCollector.dll","HasAttachmentProcessor":false}],"Metrics":{}}}
TpTrace Warning: 0 : 3928, 10, 2025/07/31, 20:08:03.870, 115996839766, vstest.console.dll, DataCollectionLauncher.ErrorReceivedCallback datacollector standard error line: 
TpTrace Information: 0 : 3928, 13, 2025/07/31, 20:08:03.873, 115996873069, vstest.console.dll, ProxyDataCollectionManager.InvokeDataCollectionServiceAction: Completed.
TpTrace Information: 0 : 3928, 10, 2025/07/31, 20:08:03.888, 115997016727, vstest.console.dll, DataCollectionLauncher.ExitCallBack: Data collector exited with exitcode: 0 error: ''
TpTrace Verbose: 0 : 3928, 13, 2025/07/31, 20:08:03.930, 115997444482, vstest.console.dll, TestRunRequest:SendTestRunStatsChange: Starting.
TpTrace Verbose: 0 : 3928, 13, 2025/07/31, 20:08:03.931, 115997445859, vstest.console.dll, MulticastDelegateUtilities.SafeInvoke: TestRun.RunStatsChanged: Invoking callbacks was skipped because there are no subscribers.
TpTrace Information: 0 : 3928, 13, 2025/07/31, 20:08:03.931, 115997446266, vstest.console.dll, TestRunRequest:SendTestRunStatsChange: Completed.
TpTrace Verbose: 0 : 3928, 4, 2025/07/31, 20:08:03.931, 115997446482, vstest.console.dll, MulticastDelegateUtilities.SafeInvoke: InternalTestLoggerEvents.SendTestResult: Invoking callback 1/1 for Microsoft.VisualStudio.TestPlatform.CommandLine.Internal.ConsoleLogger., took 0 ms.
TpTrace Verbose: 0 : 3928, 4, 2025/07/31, 20:08:03.931, 115997447324, vstest.console.dll, MulticastDelegateUtilities.SafeInvoke: InternalTestLoggerEvents.SendTestResult: Invoking callback 1/1 for Microsoft.VisualStudio.TestPlatform.CommandLine.Internal.ConsoleLogger., took 0 ms.
TpTrace Verbose: 0 : 3928, 4, 2025/07/31, 20:08:03.931, 115997447975, vstest.console.dll, MulticastDelegateUtilities.SafeInvoke: InternalTestLoggerEvents.SendTestResult: Invoking callback 1/1 for Microsoft.VisualStudio.TestPlatform.CommandLine.Internal.ConsoleLogger., took 0 ms.
TpTrace Verbose: 0 : 3928, 4, 2025/07/31, 20:08:03.931, 115997448595, vstest.console.dll, MulticastDelegateUtilities.SafeInvoke: InternalTestLoggerEvents.SendTestResult: Invoking callback 1/1 for Microsoft.VisualStudio.TestPlatform.CommandLine.Internal.ConsoleLogger., took 0 ms.
TpTrace Verbose: 0 : 3928, 4, 2025/07/31, 20:08:03.931, 115997449167, vstest.console.dll, MulticastDelegateUtilities.SafeInvoke: InternalTestLoggerEvents.SendTestResult: Invoking callback 1/1 for Microsoft.VisualStudio.TestPlatform.CommandLine.Internal.ConsoleLogger., took 0 ms.
TpTrace Verbose: 0 : 3928, 13, 2025/07/31, 20:08:03.931, 115997449282, vstest.console.dll, ParallelProxyExecutionManager: HandlePartialRunComplete: Total workloads = 1, Total started clients = 1 Total completed clients = 1, Run complete = True, Run canceled: False.
TpTrace Verbose: 0 : 3928, 4, 2025/07/31, 20:08:03.931, 115997449795, vstest.console.dll, MulticastDelegateUtilities.SafeInvoke: InternalTestLoggerEvents.SendTestResult: Invoking callback 1/1 for Microsoft.VisualStudio.TestPlatform.CommandLine.Internal.ConsoleLogger., took 0 ms.
TpTrace Verbose: 0 : 3928, 13, 2025/07/31, 20:08:03.931, 115997450096, vstest.console.dll, ParallelProxyExecutionManager: HandlePartialRunComplete: All runs completed stopping all managers.
TpTrace Verbose: 0 : 3928, 4, 2025/07/31, 20:08:03.931, 115997450840, vstest.console.dll, MulticastDelegateUtilities.SafeInvoke: InternalTestLoggerEvents.SendTestResult: Invoking callback 1/1 for Microsoft.VisualStudio.TestPlatform.CommandLine.Internal.ConsoleLogger., took 0 ms.
TpTrace Verbose: 0 : 3928, 13, 2025/07/31, 20:08:03.931, 115997451148, vstest.console.dll, ParallelOperationManager.StopAllManagers: Stopping all managers.
TpTrace Verbose: 0 : 3928, 4, 2025/07/31, 20:08:03.931, 115997451720, vstest.console.dll, MulticastDelegateUtilities.SafeInvoke: InternalTestLoggerEvents.SendTestResult: Invoking callback 1/1 for Microsoft.VisualStudio.TestPlatform.CommandLine.Internal.ConsoleLogger., took 0 ms.
TpTrace Verbose: 0 : 3928, 13, 2025/07/31, 20:08:03.931, 115997451921, vstest.console.dll, ParallelOperationManager.ClearSlots: Clearing all slots. Slots should accept more work: False
TpTrace Verbose: 0 : 3928, 13, 2025/07/31, 20:08:03.931, 115997452739, vstest.console.dll, ParallelOperationManager.SetOccupiedSlotCount: Setting slot counts AvailableSlotCount = 1, OccupiedSlotCount = 0.
TpTrace Verbose: 0 : 3928, 13, 2025/07/31, 20:08:03.931, 115997453218, vstest.console.dll, Occupied slots:

TpTrace Verbose: 0 : 3928, 4, 2025/07/31, 20:08:03.941, 115997552545, vstest.console.dll, MulticastDelegateUtilities.SafeInvoke: InternalTestLoggerEvents.SendTestRunComplete: Invoking callback 1/2 for Microsoft.TestPlatform.Extensions.BlameDataCollector.BlameLogger., took 0 ms.
TpTrace Verbose: 0 : 3928, 4, 2025/07/31, 20:08:03.947, 115997606444, vstest.console.dll, MulticastDelegateUtilities.SafeInvoke: InternalTestLoggerEvents.SendTestRunComplete: Invoking callback 2/2 for Microsoft.VisualStudio.TestPlatform.CommandLine.Internal.ConsoleLogger., took 5 ms.
TpTrace Verbose: 0 : 3928, 13, 2025/07/31, 20:08:03.947, 115997609897, vstest.console.dll, TestRunRequest:TestRunComplete: Starting. IsAborted:False IsCanceled:False.
TpTrace Verbose: 0 : 3928, 13, 2025/07/31, 20:08:03.947, 115997611587, vstest.console.dll, ParallelOperationManager.DoActionOnAllManagers: Calling an action on all managers.
TpTrace Verbose: 0 : 3928, 13, 2025/07/31, 20:08:03.948, 115997619380, vstest.console.dll, TestLoggerManager.HandleTestRunComplete: Ignoring as the object is disposed.
TpTrace Verbose: 0 : 3928, 13, 2025/07/31, 20:08:03.948, 115997621542, vstest.console.dll, MulticastDelegateUtilities.SafeInvoke: TestRun.TestRunComplete: Invoking callback 1/2 for Microsoft.VisualStudio.TestPlatform.CommandLine.TestRunResultAggregator., took 0 ms.
TpTrace Verbose: 0 : 3928, 13, 2025/07/31, 20:08:03.948, 115997622744, vstest.console.dll, MulticastDelegateUtilities.SafeInvoke: TestRun.TestRunComplete: Invoking callback 2/2 for Microsoft.VisualStudio.TestPlatform.CommandLine.Processors.RunTestsArgumentExecutor+TestRunRequestEventsRegistrar., took 0 ms.
TpTrace Information: 0 : 3928, 13, 2025/07/31, 20:08:03.948, 115997623707, vstest.console.dll, TestRunRequest:TestRunComplete: Completed.
TpTrace Verbose: 0 : 3928, 1, 2025/07/31, 20:08:03.948, 115997623943, vstest.console.dll, TestRunRequest.Dispose: Starting.
TpTrace Verbose: 0 : 3928, 13, 2025/07/31, 20:08:03.948, 115997624172, vstest.console.dll, TestRequestSender.SetOperationComplete: Setting operation complete.
TpTrace Information: 0 : 3928, 1, 2025/07/31, 20:08:03.948, 115997624749, vstest.console.dll, TestRunRequest.Dispose: Completed.
TpTrace Information: 0 : 3928, 13, 2025/07/31, 20:08:03.948, 115997625151, vstest.console.dll, SocketServer.Stop: Stop server endPoint: 127.0.0.1:51697
TpTrace Information: 0 : 3928, 1, 2025/07/31, 20:08:03.949, 115997625745, vstest.console.dll, TestRequestManager.RunTests: run tests completed.
TpTrace Information: 0 : 3928, 13, 2025/07/31, 20:08:03.949, 115997626404, vstest.console.dll, SocketServer.Stop: Cancellation requested. Stopping message loop.
TpTrace Information: 0 : 3928, 1, 2025/07/31, 20:08:03.949, 115997626773, vstest.console.dll, RunTestsArgumentProcessor:Execute: Test run is completed.
TpTrace Verbose: 0 : 3928, 13, 2025/07/31, 20:08:03.949, 115997626971, vstest.console.dll, MulticastDelegateUtilities.SafeInvoke: LengthPrefixCommunicationChannel: MessageReceived: Invoking callback 1/1 for Microsoft.VisualStudio.TestPlatform.CommunicationUtilities.TestRequestSender+<>c__DisplayClass34_0., took 165 ms.
TpTrace Information: 0 : 3928, 13, 2025/07/31, 20:08:03.949, 115997627522, vstest.console.dll, SocketServer.PrivateStop: Stopping server endPoint: 127.0.0.1:51697 error: 
TpTrace Verbose: 0 : 3928, 1, 2025/07/31, 20:08:03.949, 115997631064, vstest.console.dll, Executor.Execute: Exiting with exit code of 0
TpTrace Verbose: 0 : 3928, 13, 2025/07/31, 20:08:03.949, 115997631067, vstest.console.dll, LengthPrefixCommunicationChannel.Dispose: Dispose reader and writer.
TpTrace Information: 0 : 3928, 13, 2025/07/31, 20:08:03.949, 115997632660, vstest.console.dll, SocketServer.Stop: Raise disconnected event endPoint: 127.0.0.1:51697 error: 
TpTrace Verbose: 0 : 3928, 13, 2025/07/31, 20:08:03.949, 115997633459, vstest.console.dll, TestRequestSender: OnTestRunAbort: Operation is already complete. Skip error message.
TpTrace Verbose: 0 : 3928, 13, 2025/07/31, 20:08:03.949, 115997633937, vstest.console.dll, MulticastDelegateUtilities.SafeInvoke: SocketServer: ClientDisconnected: Invoking callback 1/1 for Microsoft.VisualStudio.TestPlatform.CommunicationUtilities.TestRequestSender., took 0 ms.
TpTrace Verbose: 0 : 3928, 13, 2025/07/31, 20:08:03.949, 115997634322, vstest.console.dll, TcpClientExtensions.MessageLoopAsync: exiting MessageLoopAsync remoteEndPoint: 127.0.0.1:51698 localEndPoint: 127.0.0.1:51697
