TpTrace Verbose: 0 : 10484, 1, 2025/03/02, 17:41:06.131, 282369435947, vstest.console.dll, Version: 17.12.0-release-24508-01 Current process architecture: X64
TpTrace Verbose: 0 : 10484, 1, 2025/03/02, 17:41:06.139, 282369513200, vstest.console.dll, Runtime location: C:\Program Files\dotnet\shared\Microsoft.NETCore.App\9.0.0
TpTrace Verbose: 0 : 10484, 1, 2025/03/02, 17:41:06.142, 282369550741, vstest.console.dll, ArtifactProcessingPostProcessModeProcessorExecutor.Initialize: ArtifactProcessingMode.Collect
TpTrace Verbose: 0 : 10484, 1, 2025/03/02, 17:41:06.143, 282369552379, vstest.console.dll, TestSessionCorrelationIdProcessorModeProcessorExecutor.Initialize: TestSessionCorrelationId '5476_d0456168-95ea-49e3-86c7-dfcf13140dc6'
TpTrace Information: 0 : 10484, 1, 2025/03/02, 17:41:06.159, 282369719478, vstest.console.dll, FilePatternParser: The given file C:\Users\TOSHIBA\Downloads\QA path\Programming for QA\Programming Fundamentals and Unit Testing\20-Unit-Testing-Methods-Exercise-Resources\TestApp.UnitTests\bin\Debug\net6.0\fine-code-coverage\build-output\TestApp.UnitTests.dll is a full path.
TpTrace Verbose: 0 : 10484, 1, 2025/03/02, 17:41:06.169, 282369822278, vstest.console.dll, TestPluginCache.DiscoverTestExtensions: finding test extensions in assemblies ends with: RuntimeProvider.dll TPluginInfo: Microsoft.VisualStudio.TestPlatform.Common.ExtensionFramework.Utilities.TestRuntimePluginInformation TExtension: Microsoft.VisualStudio.TestPlatform.ObjectModel.Host.ITestRuntimeProvider
TpTrace Verbose: 0 : 10484, 1, 2025/03/02, 17:41:06.171, 282369836078, vstest.console.dll, TestPluginCache.GetExtensionPaths: Filtered extension paths: 
TpTrace Verbose: 0 : 10484, 1, 2025/03/02, 17:41:06.171, 282369838146, vstest.console.dll, TestPluginCache.GetExtensionPaths: Added default extension paths: C:\Program Files\dotnet\sdk\9.0.100\Extensions\Microsoft.Diagnostics.NETCore.Client.dll
C:\Program Files\dotnet\sdk\9.0.100\Extensions\Microsoft.TestPlatform.Extensions.BlameDataCollector.dll
C:\Program Files\dotnet\sdk\9.0.100\Extensions\Microsoft.TestPlatform.Extensions.EventLogCollector.dll
C:\Program Files\dotnet\sdk\9.0.100\Extensions\Microsoft.TestPlatform.TestHostRuntimeProvider.dll
C:\Program Files\dotnet\sdk\9.0.100\Extensions\Microsoft.VisualStudio.TestPlatform.Extensions.Html.TestLogger.dll
C:\Program Files\dotnet\sdk\9.0.100\Extensions\Microsoft.VisualStudio.TestPlatform.Extensions.Trx.TestLogger.dll
TpTrace Verbose: 0 : 10484, 1, 2025/03/02, 17:41:06.171, 282369838796, vstest.console.dll, TestPluginCache.GetExtensionPaths: Added unfilterableExtensionPaths: 
TpTrace Information: 0 : 10484, 1, 2025/03/02, 17:41:06.172, 282369847367, vstest.console.dll, AssemblyResolver.ctor: Creating AssemblyResolver with searchDirectories C:\Program Files\dotnet\sdk\9.0.100\Extensions,C:\Program Files\dotnet\sdk\9.0.100
TpTrace Verbose: 0 : 10484, 1, 2025/03/02, 17:41:06.174, 282369867025, vstest.console.dll, TestPluginCache.DiscoverTestExtensions: Discovering the extensions using extension path.
TpTrace Verbose: 0 : 10484, 1, 2025/03/02, 17:41:06.174, 282369868718, vstest.console.dll, TestPluginCache.GetExtensionPaths: Filtered extension paths: 
TpTrace Verbose: 0 : 10484, 1, 2025/03/02, 17:41:06.174, 282369869290, vstest.console.dll, TestPluginCache.GetExtensionPaths: Added default extension paths: C:\Program Files\dotnet\sdk\9.0.100\Extensions\Microsoft.Diagnostics.NETCore.Client.dll
C:\Program Files\dotnet\sdk\9.0.100\Extensions\Microsoft.TestPlatform.Extensions.BlameDataCollector.dll
C:\Program Files\dotnet\sdk\9.0.100\Extensions\Microsoft.TestPlatform.Extensions.EventLogCollector.dll
C:\Program Files\dotnet\sdk\9.0.100\Extensions\Microsoft.TestPlatform.TestHostRuntimeProvider.dll
C:\Program Files\dotnet\sdk\9.0.100\Extensions\Microsoft.VisualStudio.TestPlatform.Extensions.Html.TestLogger.dll
C:\Program Files\dotnet\sdk\9.0.100\Extensions\Microsoft.VisualStudio.TestPlatform.Extensions.Trx.TestLogger.dll
TpTrace Verbose: 0 : 10484, 1, 2025/03/02, 17:41:06.174, 282369869658, vstest.console.dll, TestPluginCache.GetExtensionPaths: Added unfilterableExtensionPaths: 
TpTrace Verbose: 0 : 10484, 1, 2025/03/02, 17:41:06.174, 282369870921, vstest.console.dll, TestPluginCache.DiscoverTestExtensions: Discovering the extensions using allExtensionPaths: C:\Program Files\dotnet\sdk\9.0.100\Extensions\Microsoft.Diagnostics.NETCore.Client.dll
C:\Program Files\dotnet\sdk\9.0.100\Extensions\Microsoft.TestPlatform.Extensions.BlameDataCollector.dll
C:\Program Files\dotnet\sdk\9.0.100\Extensions\Microsoft.TestPlatform.Extensions.EventLogCollector.dll
C:\Program Files\dotnet\sdk\9.0.100\Extensions\Microsoft.TestPlatform.TestHostRuntimeProvider.dll
C:\Program Files\dotnet\sdk\9.0.100\Extensions\Microsoft.VisualStudio.TestPlatform.Extensions.Html.TestLogger.dll
C:\Program Files\dotnet\sdk\9.0.100\Extensions\Microsoft.VisualStudio.TestPlatform.Extensions.Trx.TestLogger.dll
TpTrace Information: 0 : 10484, 1, 2025/03/02, 17:41:06.174, 282369872140, vstest.console.dll, AssemblyResolver.AddSearchDirectories: Adding more searchDirectories C:\Program Files\dotnet\sdk\9.0.100\Extensions,C:\Program Files\dotnet\sdk\9.0.100
TpTrace Information: 0 : 10484, 1, 2025/03/02, 17:41:06.175, 282369872756, vstest.console.dll, AssemblyResolver.AddSearchDirectories: Adding more searchDirectories C:\Program Files\dotnet\sdk\9.0.100\Extensions,C:\Program Files\dotnet\sdk\9.0.100
TpTrace Information: 0 : 10484, 1, 2025/03/02, 17:41:06.175, 282369873219, vstest.console.dll, AssemblyResolver.AddSearchDirectories: Adding more searchDirectories C:\Program Files\dotnet\sdk\9.0.100\Extensions,C:\Program Files\dotnet\sdk\9.0.100
TpTrace Information: 0 : 10484, 1, 2025/03/02, 17:41:06.175, 282369873565, vstest.console.dll, AssemblyResolver.AddSearchDirectories: Adding more searchDirectories C:\Program Files\dotnet\sdk\9.0.100\Extensions,C:\Program Files\dotnet\sdk\9.0.100
TpTrace Information: 0 : 10484, 1, 2025/03/02, 17:41:06.175, 282369873897, vstest.console.dll, AssemblyResolver.AddSearchDirectories: Adding more searchDirectories C:\Program Files\dotnet\sdk\9.0.100\Extensions,C:\Program Files\dotnet\sdk\9.0.100
TpTrace Information: 0 : 10484, 1, 2025/03/02, 17:41:06.175, 282369874278, vstest.console.dll, AssemblyResolver.AddSearchDirectories: Adding more searchDirectories C:\Program Files\dotnet\sdk\9.0.100\Extensions,C:\Program Files\dotnet\sdk\9.0.100
TpTrace Information: 0 : 10484, 1, 2025/03/02, 17:41:06.175, 282369879729, vstest.console.dll, AssemblyResolver.OnResolve: Microsoft.Diagnostics.NETCore.Client: Resolving assembly.
TpTrace Information: 0 : 10484, 1, 2025/03/02, 17:41:06.175, 282369880675, vstest.console.dll, AssemblyResolver.OnResolve: Microsoft.Diagnostics.NETCore.Client: Searching in: 'C:\Program Files\dotnet\sdk\9.0.100\Extensions'.
TpTrace Information: 0 : 10484, 1, 2025/03/02, 17:41:06.203, 282370155667, vstest.console.dll, AssemblyResolver.OnResolve: Microsoft.Diagnostics.NETCore.Client: Loading assembly 'C:\Program Files\dotnet\sdk\9.0.100\Extensions\Microsoft.Diagnostics.NETCore.Client.dll'.
TpTrace Information: 0 : 10484, 1, 2025/03/02, 17:41:06.204, 282370172328, vstest.console.dll, AssemblyResolver.OnResolve: Resolved assembly: Microsoft.Diagnostics.NETCore.Client, from path: C:\Program Files\dotnet\sdk\9.0.100\Extensions\Microsoft.Diagnostics.NETCore.Client.dll
TpTrace Verbose: 0 : 10484, 1, 2025/03/02, 17:41:06.207, 282370192862, vstest.console.dll, MetadataReaderExtensionsHelper: Discovering extensions inside assembly 'Microsoft.Diagnostics.NETCore.Client, Version=0.2.10.41601, Culture=neutral, PublicKeyToken=31bf3856ad364e35' file path 'C:\Program Files\dotnet\sdk\9.0.100\Extensions\Microsoft.Diagnostics.NETCore.Client.dll'
TpTrace Information: 0 : 10484, 1, 2025/03/02, 17:41:06.212, 282370250723, vstest.console.dll, AssemblyResolver.OnResolve: Microsoft.Bcl.AsyncInterfaces: Resolving assembly.
TpTrace Information: 0 : 10484, 1, 2025/03/02, 17:41:06.212, 282370252104, vstest.console.dll, AssemblyResolver.OnResolve: Microsoft.Bcl.AsyncInterfaces: Searching in: 'C:\Program Files\dotnet\sdk\9.0.100\Extensions'.
TpTrace Information: 0 : 10484, 1, 2025/03/02, 17:41:06.213, 282370253077, vstest.console.dll, AssemblyResolver.OnResolve: Microsoft.Bcl.AsyncInterfaces: Assembly path does not exist: 'C:\Program Files\dotnet\sdk\9.0.100\Extensions\Microsoft.Bcl.AsyncInterfaces.dll', returning.
TpTrace Information: 0 : 10484, 1, 2025/03/02, 17:41:06.213, 282370254409, vstest.console.dll, AssemblyResolver.OnResolve: Microsoft.Bcl.AsyncInterfaces: Assembly path does not exist: 'C:\Program Files\dotnet\sdk\9.0.100\Extensions\Microsoft.Bcl.AsyncInterfaces.exe', returning.
TpTrace Information: 0 : 10484, 1, 2025/03/02, 17:41:06.213, 282370254816, vstest.console.dll, AssemblyResolver.OnResolve: Microsoft.Bcl.AsyncInterfaces: Searching in: 'C:\Program Files\dotnet\sdk\9.0.100'.
TpTrace Information: 0 : 10484, 1, 2025/03/02, 17:41:06.213, 282370255495, vstest.console.dll, AssemblyResolver.OnResolve: Microsoft.Bcl.AsyncInterfaces: Assembly path does not exist: 'C:\Program Files\dotnet\sdk\9.0.100\Microsoft.Bcl.AsyncInterfaces.dll', returning.
TpTrace Information: 0 : 10484, 1, 2025/03/02, 17:41:06.213, 282370256135, vstest.console.dll, AssemblyResolver.OnResolve: Microsoft.Bcl.AsyncInterfaces: Assembly path does not exist: 'C:\Program Files\dotnet\sdk\9.0.100\Microsoft.Bcl.AsyncInterfaces.exe', returning.
TpTrace Information: 0 : 10484, 1, 2025/03/02, 17:41:06.213, 282370256546, vstest.console.dll, AssemblyResolver.OnResolve: Microsoft.Bcl.AsyncInterfaces: Failed to load assembly.
TpTrace Verbose: 0 : 10484, 1, 2025/03/02, 17:41:06.213, 282370256934, vstest.console.dll, CurrentDomainAssemblyResolve: Resolving assembly 'Microsoft.Bcl.AsyncInterfaces'.
TpTrace Information: 0 : 10484, 1, 2025/03/02, 17:41:06.213, 282370257673, vstest.console.dll, AssemblyResolver.OnResolve: Microsoft.Bcl.AsyncInterfaces: Resolving assembly.
TpTrace Information: 0 : 10484, 1, 2025/03/02, 17:41:06.213, 282370258188, vstest.console.dll, AssemblyResolver.OnResolve: Microsoft.Bcl.AsyncInterfaces: Resolved from cache.
TpTrace Verbose: 0 : 10484, 1, 2025/03/02, 17:41:06.213, 282370258494, vstest.console.dll, CurrentDomainAssemblyResolve: Resolving assembly 'Microsoft.Bcl.AsyncInterfaces'.
TpTrace Verbose: 0 : 10484, 1, 2025/03/02, 17:41:06.213, 282370258906, vstest.console.dll, CurrentDomainAssemblyResolve: Failed to resolve assembly 'Microsoft.Bcl.AsyncInterfaces'.
TpTrace Verbose: 0 : 10484, 1, 2025/03/02, 17:41:06.215, 282370278294, vstest.console.dll, CurrentDomainAssemblyResolve: Failed to resolve assembly 'Microsoft.Bcl.AsyncInterfaces'.
TpTrace Warning: 0 : 10484, 1, 2025/03/02, 17:41:06.240, 282370525842, vstest.console.dll, TestPluginDiscoverer: Failed to get types from assembly 'Microsoft.Diagnostics.NETCore.Client, Version=0.2.10.41601, Culture=neutral, PublicKeyToken=31bf3856ad364e35'. Error: System.Reflection.ReflectionTypeLoadException: Unable to load one or more of the requested types.
Could not load file or assembly 'Microsoft.Bcl.AsyncInterfaces, Version=6.0.0.0, Culture=neutral, PublicKeyToken=cc7b13ffcd2ddd51'. The system cannot find the file specified.
   at System.Reflection.RuntimeModule.GetDefinedTypes()
   at System.Reflection.RuntimeModule.GetTypes()
   at Microsoft.VisualStudio.TestPlatform.Common.ExtensionFramework.TestPluginDiscoverer.GetTestExtensionsFromAssembly[TPluginInfo,TExtension](Assembly assembly, Dictionary`2 pluginInfos, String filePath) in /_/src/Microsoft.TestPlatform.Common/ExtensionFramework/TestPluginDiscoverer.cs:line 159
System.IO.FileNotFoundException: Could not load file or assembly 'Microsoft.Bcl.AsyncInterfaces, Version=6.0.0.0, Culture=neutral, PublicKeyToken=cc7b13ffcd2ddd51'. The system cannot find the file specified.
File name: 'Microsoft.Bcl.AsyncInterfaces, Version=6.0.0.0, Culture=neutral, PublicKeyToken=cc7b13ffcd2ddd51'
 ---> System.IO.FileNotFoundException: Could not load file or assembly 'Microsoft.Bcl.AsyncInterfaces, Culture=neutral, PublicKeyToken=null'. The system cannot find the file specified.
File name: 'Microsoft.Bcl.AsyncInterfaces, Culture=neutral, PublicKeyToken=null'
   at System.Reflection.RuntimeAssembly.InternalLoad(AssemblyName assemblyName, StackCrawlMark& stackMark, AssemblyLoadContext assemblyLoadContext, RuntimeAssembly requestingAssembly, Boolean throwOnFileNotFound)
   at System.Reflection.Assembly.Load(AssemblyName assemblyRef)
   at Microsoft.VisualStudio.TestPlatform.Common.ExtensionFramework.TestPluginCache.CurrentDomainAssemblyResolve(Object sender, AssemblyResolveEventArgs args) in /_/src/Microsoft.TestPlatform.Common/ExtensionFramework/TestPluginCache.cs:line 514
   at System.Runtime.Loader.AssemblyLoadContext.GetFirstResolvedAssemblyFromResolvingEvent(AssemblyName assemblyName)
   at System.Runtime.Loader.AssemblyLoadContext.ResolveUsingEvent(AssemblyName assemblyName)
   at System.Runtime.Loader.AssemblyLoadContext.ResolveUsingResolvingEvent(IntPtr gchManagedAssemblyLoadContext, AssemblyName assemblyName)
TpTrace Warning: 0 : 10484, 1, 2025/03/02, 17:41:06.240, 282370529940, vstest.console.dll, LoaderExceptions: System.IO.FileNotFoundException: Could not load file or assembly 'Microsoft.Bcl.AsyncInterfaces, Version=6.0.0.0, Culture=neutral, PublicKeyToken=cc7b13ffcd2ddd51'. The system cannot find the file specified.
File name: 'Microsoft.Bcl.AsyncInterfaces, Version=6.0.0.0, Culture=neutral, PublicKeyToken=cc7b13ffcd2ddd51'
 ---> System.IO.FileNotFoundException: Could not load file or assembly 'Microsoft.Bcl.AsyncInterfaces, Culture=neutral, PublicKeyToken=null'. The system cannot find the file specified.
File name: 'Microsoft.Bcl.AsyncInterfaces, Culture=neutral, PublicKeyToken=null'
   at System.Reflection.RuntimeAssembly.InternalLoad(AssemblyName assemblyName, StackCrawlMark& stackMark, AssemblyLoadContext assemblyLoadContext, RuntimeAssembly requestingAssembly, Boolean throwOnFileNotFound)
   at System.Reflection.Assembly.Load(AssemblyName assemblyRef)
   at Microsoft.VisualStudio.TestPlatform.Common.ExtensionFramework.TestPluginCache.CurrentDomainAssemblyResolve(Object sender, AssemblyResolveEventArgs args) in /_/src/Microsoft.TestPlatform.Common/ExtensionFramework/TestPluginCache.cs:line 514
   at System.Runtime.Loader.AssemblyLoadContext.GetFirstResolvedAssemblyFromResolvingEvent(AssemblyName assemblyName)
   at System.Runtime.Loader.AssemblyLoadContext.ResolveUsingEvent(AssemblyName assemblyName)
   at System.Runtime.Loader.AssemblyLoadContext.ResolveUsingResolvingEvent(IntPtr gchManagedAssemblyLoadContext, AssemblyName assemblyName)
TpTrace Information: 0 : 10484, 1, 2025/03/02, 17:41:06.240, 282370531841, vstest.console.dll, AssemblyResolver.OnResolve: Microsoft.TestPlatform.Extensions.BlameDataCollector: Resolving assembly.
TpTrace Information: 0 : 10484, 1, 2025/03/02, 17:41:06.241, 282370532518, vstest.console.dll, AssemblyResolver.OnResolve: Microsoft.TestPlatform.Extensions.BlameDataCollector: Searching in: 'C:\Program Files\dotnet\sdk\9.0.100\Extensions'.
TpTrace Information: 0 : 10484, 1, 2025/03/02, 17:41:06.242, 282370547169, vstest.console.dll, AssemblyResolver.OnResolve: Microsoft.TestPlatform.Extensions.BlameDataCollector: Loading assembly 'C:\Program Files\dotnet\sdk\9.0.100\Extensions\Microsoft.TestPlatform.Extensions.BlameDataCollector.dll'.
TpTrace Information: 0 : 10484, 1, 2025/03/02, 17:41:06.243, 282370556838, vstest.console.dll, AssemblyResolver.OnResolve: Resolved assembly: Microsoft.TestPlatform.Extensions.BlameDataCollector, from path: C:\Program Files\dotnet\sdk\9.0.100\Extensions\Microsoft.TestPlatform.Extensions.BlameDataCollector.dll
TpTrace Verbose: 0 : 10484, 1, 2025/03/02, 17:41:06.243, 282370558540, vstest.console.dll, MetadataReaderExtensionsHelper: Discovering extensions inside assembly 'Microsoft.TestPlatform.Extensions.BlameDataCollector, Version=15.0.0.0, Culture=neutral, PublicKeyToken=b03f5f7f11d50a3a' file path 'C:\Program Files\dotnet\sdk\9.0.100\Extensions\Microsoft.TestPlatform.Extensions.BlameDataCollector.dll'
TpTrace Information: 0 : 10484, 1, 2025/03/02, 17:41:06.246, 282370589593, vstest.console.dll, AssemblyResolver.OnResolve: Microsoft.TestPlatform.Extensions.EventLogCollector: Resolving assembly.
TpTrace Information: 0 : 10484, 1, 2025/03/02, 17:41:06.246, 282370590812, vstest.console.dll, AssemblyResolver.OnResolve: Microsoft.TestPlatform.Extensions.EventLogCollector: Searching in: 'C:\Program Files\dotnet\sdk\9.0.100\Extensions'.
TpTrace Information: 0 : 10484, 1, 2025/03/02, 17:41:06.248, 282370603236, vstest.console.dll, AssemblyResolver.OnResolve: Microsoft.TestPlatform.Extensions.EventLogCollector: Loading assembly 'C:\Program Files\dotnet\sdk\9.0.100\Extensions\Microsoft.TestPlatform.Extensions.EventLogCollector.dll'.
TpTrace Information: 0 : 10484, 1, 2025/03/02, 17:41:06.248, 282370610761, vstest.console.dll, AssemblyResolver.OnResolve: Resolved assembly: Microsoft.TestPlatform.Extensions.EventLogCollector, from path: C:\Program Files\dotnet\sdk\9.0.100\Extensions\Microsoft.TestPlatform.Extensions.EventLogCollector.dll
TpTrace Verbose: 0 : 10484, 1, 2025/03/02, 17:41:06.248, 282370611701, vstest.console.dll, MetadataReaderExtensionsHelper: Discovering extensions inside assembly 'Microsoft.TestPlatform.Extensions.EventLogCollector, Version=15.0.0.0, Culture=neutral, PublicKeyToken=b03f5f7f11d50a3a' file path 'C:\Program Files\dotnet\sdk\9.0.100\Extensions\Microsoft.TestPlatform.Extensions.EventLogCollector.dll'
TpTrace Information: 0 : 10484, 1, 2025/03/02, 17:41:06.259, 282370718344, vstest.console.dll, AssemblyResolver.OnResolve: Microsoft.TestPlatform.TestHostRuntimeProvider: Resolving assembly.
TpTrace Information: 0 : 10484, 1, 2025/03/02, 17:41:06.259, 282370719633, vstest.console.dll, AssemblyResolver.OnResolve: Microsoft.TestPlatform.TestHostRuntimeProvider: Searching in: 'C:\Program Files\dotnet\sdk\9.0.100\Extensions'.
TpTrace Information: 0 : 10484, 1, 2025/03/02, 17:41:06.260, 282370729542, vstest.console.dll, AssemblyResolver.OnResolve: Microsoft.TestPlatform.TestHostRuntimeProvider: Loading assembly 'C:\Program Files\dotnet\sdk\9.0.100\Extensions\Microsoft.TestPlatform.TestHostRuntimeProvider.dll'.
TpTrace Information: 0 : 10484, 1, 2025/03/02, 17:41:06.261, 282370737863, vstest.console.dll, AssemblyResolver.OnResolve: Resolved assembly: Microsoft.TestPlatform.TestHostRuntimeProvider, from path: C:\Program Files\dotnet\sdk\9.0.100\Extensions\Microsoft.TestPlatform.TestHostRuntimeProvider.dll
TpTrace Verbose: 0 : 10484, 1, 2025/03/02, 17:41:06.261, 282370738969, vstest.console.dll, MetadataReaderExtensionsHelper: Discovering extensions inside assembly 'Microsoft.TestPlatform.TestHostRuntimeProvider, Version=15.0.0.0, Culture=neutral, PublicKeyToken=b03f5f7f11d50a3a' file path 'C:\Program Files\dotnet\sdk\9.0.100\Extensions\Microsoft.TestPlatform.TestHostRuntimeProvider.dll'
TpTrace Information: 0 : 10484, 1, 2025/03/02, 17:41:06.263, 282370760693, vstest.console.dll, GetTestExtensionFromType: Register extension with identifier data 'HostProvider://DefaultTestHost' and type 'Microsoft.VisualStudio.TestPlatform.CrossPlatEngine.Hosting.DefaultTestHostManager, Microsoft.TestPlatform.TestHostRuntimeProvider, Version=15.0.0.0, Culture=neutral, PublicKeyToken=b03f5f7f11d50a3a' inside file 'C:\Program Files\dotnet\sdk\9.0.100\Extensions\Microsoft.TestPlatform.TestHostRuntimeProvider.dll'
TpTrace Information: 0 : 10484, 1, 2025/03/02, 17:41:06.264, 282370763831, vstest.console.dll, GetTestExtensionFromType: Register extension with identifier data 'HostProvider://DotnetTestHost' and type 'Microsoft.VisualStudio.TestPlatform.CrossPlatEngine.Hosting.DotnetTestHostManager, Microsoft.TestPlatform.TestHostRuntimeProvider, Version=15.0.0.0, Culture=neutral, PublicKeyToken=b03f5f7f11d50a3a' inside file 'C:\Program Files\dotnet\sdk\9.0.100\Extensions\Microsoft.TestPlatform.TestHostRuntimeProvider.dll'
TpTrace Information: 0 : 10484, 1, 2025/03/02, 17:41:06.264, 282370764750, vstest.console.dll, AssemblyResolver.OnResolve: Microsoft.VisualStudio.TestPlatform.Extensions.Html.TestLogger: Resolving assembly.
TpTrace Information: 0 : 10484, 1, 2025/03/02, 17:41:06.264, 282370765297, vstest.console.dll, AssemblyResolver.OnResolve: Microsoft.VisualStudio.TestPlatform.Extensions.Html.TestLogger: Searching in: 'C:\Program Files\dotnet\sdk\9.0.100\Extensions'.
TpTrace Information: 0 : 10484, 1, 2025/03/02, 17:41:06.265, 282370776631, vstest.console.dll, AssemblyResolver.OnResolve: Microsoft.VisualStudio.TestPlatform.Extensions.Html.TestLogger: Loading assembly 'C:\Program Files\dotnet\sdk\9.0.100\Extensions\Microsoft.VisualStudio.TestPlatform.Extensions.Html.TestLogger.dll'.
TpTrace Information: 0 : 10484, 1, 2025/03/02, 17:41:06.271, 282370835041, vstest.console.dll, AssemblyResolver.OnResolve: Resolved assembly: Microsoft.VisualStudio.TestPlatform.Extensions.Html.TestLogger, from path: C:\Program Files\dotnet\sdk\9.0.100\Extensions\Microsoft.VisualStudio.TestPlatform.Extensions.Html.TestLogger.dll
TpTrace Verbose: 0 : 10484, 1, 2025/03/02, 17:41:06.271, 282370837623, vstest.console.dll, MetadataReaderExtensionsHelper: Discovering extensions inside assembly 'Microsoft.VisualStudio.TestPlatform.Extensions.Html.TestLogger, Version=15.0.0.0, Culture=neutral, PublicKeyToken=b03f5f7f11d50a3a' file path 'C:\Program Files\dotnet\sdk\9.0.100\Extensions\Microsoft.VisualStudio.TestPlatform.Extensions.Html.TestLogger.dll'
TpTrace Information: 0 : 10484, 1, 2025/03/02, 17:41:06.273, 282370857307, vstest.console.dll, AssemblyResolver.OnResolve: Microsoft.VisualStudio.TestPlatform.Extensions.Trx.TestLogger: Resolving assembly.
TpTrace Information: 0 : 10484, 1, 2025/03/02, 17:41:06.273, 282370858478, vstest.console.dll, AssemblyResolver.OnResolve: Microsoft.VisualStudio.TestPlatform.Extensions.Trx.TestLogger: Searching in: 'C:\Program Files\dotnet\sdk\9.0.100\Extensions'.
TpTrace Information: 0 : 10484, 1, 2025/03/02, 17:41:06.275, 282370873876, vstest.console.dll, AssemblyResolver.OnResolve: Microsoft.VisualStudio.TestPlatform.Extensions.Trx.TestLogger: Loading assembly 'C:\Program Files\dotnet\sdk\9.0.100\Extensions\Microsoft.VisualStudio.TestPlatform.Extensions.Trx.TestLogger.dll'.
TpTrace Information: 0 : 10484, 1, 2025/03/02, 17:41:06.276, 282370883903, vstest.console.dll, AssemblyResolver.OnResolve: Resolved assembly: Microsoft.VisualStudio.TestPlatform.Extensions.Trx.TestLogger, from path: C:\Program Files\dotnet\sdk\9.0.100\Extensions\Microsoft.VisualStudio.TestPlatform.Extensions.Trx.TestLogger.dll
TpTrace Verbose: 0 : 10484, 1, 2025/03/02, 17:41:06.276, 282370885142, vstest.console.dll, MetadataReaderExtensionsHelper: Discovering extensions inside assembly 'Microsoft.VisualStudio.TestPlatform.Extensions.Trx.TestLogger, Version=15.0.0.0, Culture=neutral, PublicKeyToken=b03f5f7f11d50a3a' file path 'C:\Program Files\dotnet\sdk\9.0.100\Extensions\Microsoft.VisualStudio.TestPlatform.Extensions.Trx.TestLogger.dll'
TpTrace Verbose: 0 : 10484, 1, 2025/03/02, 17:41:06.278, 282370910065, vstest.console.dll, TestPluginCache: Discovered the extensions using extension path ''.
TpTrace Verbose: 0 : 10484, 1, 2025/03/02, 17:41:06.278, 282370911163, vstest.console.dll, TestPluginCache: Discoverers are ''.
TpTrace Verbose: 0 : 10484, 1, 2025/03/02, 17:41:06.278, 282370911646, vstest.console.dll, TestPluginCache: Executors are ''.
TpTrace Verbose: 0 : 10484, 1, 2025/03/02, 17:41:06.278, 282370911967, vstest.console.dll, TestPluginCache: Executors2 are ''.
TpTrace Verbose: 0 : 10484, 1, 2025/03/02, 17:41:06.278, 282370912260, vstest.console.dll, TestPluginCache: Setting providers are ''.
TpTrace Verbose: 0 : 10484, 1, 2025/03/02, 17:41:06.279, 282370912548, vstest.console.dll, TestPluginCache: Loggers are ''.
TpTrace Verbose: 0 : 10484, 1, 2025/03/02, 17:41:06.279, 282370914635, vstest.console.dll, TestPluginCache: TestHosts are 'HostProvider://DefaultTestHost,HostProvider://DotnetTestHost'.
TpTrace Verbose: 0 : 10484, 1, 2025/03/02, 17:41:06.279, 282370915109, vstest.console.dll, TestPluginCache: DataCollectors are ''.
TpTrace Information: 0 : 10484, 1, 2025/03/02, 17:41:06.307, 282371198876, vstest.console.dll, RunTestsArgumentProcessor:Execute: Test run is starting.
TpTrace Verbose: 0 : 10484, 1, 2025/03/02, 17:41:06.307, 282371199867, vstest.console.dll, RunTestsArgumentProcessor:Execute: Queuing Test run.
TpTrace Information: 0 : 10484, 1, 2025/03/02, 17:41:06.308, 282371202560, vstest.console.dll, TestRequestManager.RunTests: run tests started.
TpTrace Information: 0 : 10484, 1, 2025/03/02, 17:41:06.309, 282371218758, vstest.console.dll, AssemblyMetadataProvider.GetFrameworkName: Determined framework:'.NETCoreApp,Version=v6.0' for source: 'C:\Users\TOSHIBA\Downloads\QA path\Programming for QA\Programming Fundamentals and Unit Testing\20-Unit-Testing-Methods-Exercise-Resources\TestApp.UnitTests\bin\Debug\net6.0\fine-code-coverage\build-output\TestApp.UnitTests.dll'
TpTrace Information: 0 : 10484, 1, 2025/03/02, 17:41:06.309, 282371220635, vstest.console.dll, Determined framework for all sources: .NETCoreApp,Version=v6.0
TpTrace Verbose: 0 : 10484, 1, 2025/03/02, 17:41:06.310, 282371224464, vstest.console.dll, TestRequestManager.UpdateRunSettingsIfRequired: Default architecture: X64 IsDefaultTargetArchitecture: True, Current process architecture: X64 OperatingSystem: Windows.
TpTrace Information: 0 : 10484, 1, 2025/03/02, 17:41:06.312, 282371243226, vstest.console.dll, AssemblyMetadataProvider.GetArchitecture: Determined architecture:AnyCPU info for assembly: C:\Users\TOSHIBA\Downloads\QA path\Programming for QA\Programming Fundamentals and Unit Testing\20-Unit-Testing-Methods-Exercise-Resources\TestApp.UnitTests\bin\Debug\net6.0\fine-code-coverage\build-output\TestApp.UnitTests.dll
TpTrace Information: 0 : 10484, 1, 2025/03/02, 17:41:06.312, 282371244083, vstest.console.dll, Determined platform for source 'C:\Users\TOSHIBA\Downloads\QA path\Programming for QA\Programming Fundamentals and Unit Testing\20-Unit-Testing-Methods-Exercise-Resources\TestApp.UnitTests\bin\Debug\net6.0\fine-code-coverage\build-output\TestApp.UnitTests.dll' was AnyCPU and it will use the default plaform X64.
TpTrace Information: 0 : 10484, 1, 2025/03/02, 17:41:06.312, 282371244401, vstest.console.dll, None of the sources provided any runnable platform, using the default platform: X64
TpTrace Information: 0 : 10484, 1, 2025/03/02, 17:41:06.312, 282371245694, vstest.console.dll, Platform was updated to 'X64'.
TpTrace Information: 0 : 10484, 1, 2025/03/02, 17:41:06.317, 282371301337, vstest.console.dll, InferRunSettingsHelper.IsTestSettingsEnabled: Unable to navigate to RunSettings/MSTest. Current node: RunSettings
TpTrace Information: 0 : 10484, 1, 2025/03/02, 17:41:06.321, 282371339022, vstest.console.dll, AssemblyResolver.OnResolve: Microsoft.VisualStudio.TestPlatform.Fakes: Resolving assembly.
TpTrace Information: 0 : 10484, 1, 2025/03/02, 17:41:06.321, 282371341298, vstest.console.dll, AssemblyResolver.OnResolve: Microsoft.VisualStudio.TestPlatform.Fakes: Searching in: 'C:\Program Files\dotnet\sdk\9.0.100\Extensions'.
TpTrace Information: 0 : 10484, 1, 2025/03/02, 17:41:06.322, 282371343559, vstest.console.dll, AssemblyResolver.OnResolve: Microsoft.VisualStudio.TestPlatform.Fakes: Assembly path does not exist: 'C:\Program Files\dotnet\sdk\9.0.100\Extensions\Microsoft.VisualStudio.TestPlatform.Fakes.dll', returning.
TpTrace Information: 0 : 10484, 1, 2025/03/02, 17:41:06.322, 282371344817, vstest.console.dll, AssemblyResolver.OnResolve: Microsoft.VisualStudio.TestPlatform.Fakes: Assembly path does not exist: 'C:\Program Files\dotnet\sdk\9.0.100\Extensions\Microsoft.VisualStudio.TestPlatform.Fakes.exe', returning.
TpTrace Information: 0 : 10484, 1, 2025/03/02, 17:41:06.322, 282371345463, vstest.console.dll, AssemblyResolver.OnResolve: Microsoft.VisualStudio.TestPlatform.Fakes: Searching in: 'C:\Program Files\dotnet\sdk\9.0.100'.
TpTrace Information: 0 : 10484, 1, 2025/03/02, 17:41:06.322, 282371346780, vstest.console.dll, AssemblyResolver.OnResolve: Microsoft.VisualStudio.TestPlatform.Fakes: Assembly path does not exist: 'C:\Program Files\dotnet\sdk\9.0.100\Microsoft.VisualStudio.TestPlatform.Fakes.dll', returning.
TpTrace Information: 0 : 10484, 1, 2025/03/02, 17:41:06.322, 282371348013, vstest.console.dll, AssemblyResolver.OnResolve: Microsoft.VisualStudio.TestPlatform.Fakes: Assembly path does not exist: 'C:\Program Files\dotnet\sdk\9.0.100\Microsoft.VisualStudio.TestPlatform.Fakes.exe', returning.
TpTrace Information: 0 : 10484, 1, 2025/03/02, 17:41:06.322, 282371348634, vstest.console.dll, AssemblyResolver.OnResolve: Microsoft.VisualStudio.TestPlatform.Fakes: Failed to load assembly.
TpTrace Information: 0 : 10484, 1, 2025/03/02, 17:41:06.323, 282371353884, vstest.console.dll, Failed to load assembly Microsoft.VisualStudio.TestPlatform.Fakes, Version=17.0.0.0, Culture=neutral. Reason:System.IO.FileNotFoundException: Could not load file or assembly 'Microsoft.VisualStudio.TestPlatform.Fakes, Version=17.0.0.0, Culture=neutral, PublicKeyToken=null'. The system cannot find the file specified.
File name: 'Microsoft.VisualStudio.TestPlatform.Fakes, Version=17.0.0.0, Culture=neutral, PublicKeyToken=null'
   at System.Reflection.RuntimeAssembly.InternalLoad(AssemblyName assemblyName, StackCrawlMark& stackMark, AssemblyLoadContext assemblyLoadContext, RuntimeAssembly requestingAssembly, Boolean throwOnFileNotFound)
   at System.Reflection.Assembly.Load(AssemblyName assemblyRef)
   at Microsoft.VisualStudio.TestPlatform.Common.Utilities.FakesUtilities.LoadTestPlatformAssembly() in /_/src/Microsoft.TestPlatform.Common/Utilities/FakesUtilities.cs:line 273
TpTrace Verbose: 0 : 10484, 1, 2025/03/02, 17:41:06.329, 282371419076, vstest.console.dll, TestPluginCache.DiscoverTestExtensions: finding test extensions in assemblies ends with: TestLogger.dll TPluginInfo: Microsoft.VisualStudio.TestPlatform.Common.ExtensionFramework.Utilities.TestLoggerPluginInformation TExtension: Microsoft.VisualStudio.TestPlatform.ObjectModel.Client.ITestLogger
TpTrace Verbose: 0 : 10484, 1, 2025/03/02, 17:41:06.329, 282371420369, vstest.console.dll, TestPluginCache.GetExtensionPaths: Filtered extension paths: 
TpTrace Verbose: 0 : 10484, 1, 2025/03/02, 17:41:06.329, 282371420785, vstest.console.dll, TestPluginCache.GetExtensionPaths: Added default extension paths: C:\Program Files\dotnet\sdk\9.0.100\Extensions\Microsoft.Diagnostics.NETCore.Client.dll
C:\Program Files\dotnet\sdk\9.0.100\Extensions\Microsoft.TestPlatform.Extensions.BlameDataCollector.dll
C:\Program Files\dotnet\sdk\9.0.100\Extensions\Microsoft.TestPlatform.Extensions.EventLogCollector.dll
C:\Program Files\dotnet\sdk\9.0.100\Extensions\Microsoft.TestPlatform.TestHostRuntimeProvider.dll
C:\Program Files\dotnet\sdk\9.0.100\Extensions\Microsoft.VisualStudio.TestPlatform.Extensions.Html.TestLogger.dll
C:\Program Files\dotnet\sdk\9.0.100\Extensions\Microsoft.VisualStudio.TestPlatform.Extensions.Trx.TestLogger.dll
TpTrace Verbose: 0 : 10484, 1, 2025/03/02, 17:41:06.329, 282371421208, vstest.console.dll, TestPluginCache.GetExtensionPaths: Added unfilterableExtensionPaths: 
TpTrace Information: 0 : 10484, 1, 2025/03/02, 17:41:06.330, 282371423002, vstest.console.dll, AssemblyResolver.AddSearchDirectories: Adding more searchDirectories C:\Program Files\dotnet\sdk\9.0.100\Extensions,C:\Program Files\dotnet\sdk\9.0.100
TpTrace Verbose: 0 : 10484, 1, 2025/03/02, 17:41:06.330, 282371423496, vstest.console.dll, TestPluginCache.DiscoverTestExtensions: Discovering the extensions using extension path.
TpTrace Verbose: 0 : 10484, 1, 2025/03/02, 17:41:06.330, 282371423911, vstest.console.dll, TestPluginCache.GetExtensionPaths: Filtered extension paths: 
TpTrace Verbose: 0 : 10484, 1, 2025/03/02, 17:41:06.330, 282371424315, vstest.console.dll, TestPluginCache.GetExtensionPaths: Added default extension paths: C:\Program Files\dotnet\sdk\9.0.100\Extensions\Microsoft.Diagnostics.NETCore.Client.dll
C:\Program Files\dotnet\sdk\9.0.100\Extensions\Microsoft.TestPlatform.Extensions.BlameDataCollector.dll
C:\Program Files\dotnet\sdk\9.0.100\Extensions\Microsoft.TestPlatform.Extensions.EventLogCollector.dll
C:\Program Files\dotnet\sdk\9.0.100\Extensions\Microsoft.TestPlatform.TestHostRuntimeProvider.dll
C:\Program Files\dotnet\sdk\9.0.100\Extensions\Microsoft.VisualStudio.TestPlatform.Extensions.Html.TestLogger.dll
C:\Program Files\dotnet\sdk\9.0.100\Extensions\Microsoft.VisualStudio.TestPlatform.Extensions.Trx.TestLogger.dll
TpTrace Verbose: 0 : 10484, 1, 2025/03/02, 17:41:06.330, 282371424619, vstest.console.dll, TestPluginCache.GetExtensionPaths: Added unfilterableExtensionPaths: 
TpTrace Verbose: 0 : 10484, 1, 2025/03/02, 17:41:06.330, 282371425479, vstest.console.dll, TestPluginCache.DiscoverTestExtensions: Discovering the extensions using allExtensionPaths: C:\Program Files\dotnet\sdk\9.0.100\Extensions\Microsoft.Diagnostics.NETCore.Client.dll
C:\Program Files\dotnet\sdk\9.0.100\Extensions\Microsoft.TestPlatform.Extensions.BlameDataCollector.dll
C:\Program Files\dotnet\sdk\9.0.100\Extensions\Microsoft.TestPlatform.Extensions.EventLogCollector.dll
C:\Program Files\dotnet\sdk\9.0.100\Extensions\Microsoft.TestPlatform.TestHostRuntimeProvider.dll
C:\Program Files\dotnet\sdk\9.0.100\Extensions\Microsoft.VisualStudio.TestPlatform.Extensions.Html.TestLogger.dll
C:\Program Files\dotnet\sdk\9.0.100\Extensions\Microsoft.VisualStudio.TestPlatform.Extensions.Trx.TestLogger.dll
TpTrace Information: 0 : 10484, 1, 2025/03/02, 17:41:06.330, 282371426046, vstest.console.dll, AssemblyResolver.AddSearchDirectories: Adding more searchDirectories C:\Program Files\dotnet\sdk\9.0.100\Extensions,C:\Program Files\dotnet\sdk\9.0.100
TpTrace Information: 0 : 10484, 1, 2025/03/02, 17:41:06.330, 282371426415, vstest.console.dll, AssemblyResolver.AddSearchDirectories: Adding more searchDirectories C:\Program Files\dotnet\sdk\9.0.100\Extensions,C:\Program Files\dotnet\sdk\9.0.100
TpTrace Information: 0 : 10484, 1, 2025/03/02, 17:41:06.330, 282371426751, vstest.console.dll, AssemblyResolver.AddSearchDirectories: Adding more searchDirectories C:\Program Files\dotnet\sdk\9.0.100\Extensions,C:\Program Files\dotnet\sdk\9.0.100
TpTrace Information: 0 : 10484, 1, 2025/03/02, 17:41:06.330, 282371427073, vstest.console.dll, AssemblyResolver.AddSearchDirectories: Adding more searchDirectories C:\Program Files\dotnet\sdk\9.0.100\Extensions,C:\Program Files\dotnet\sdk\9.0.100
TpTrace Information: 0 : 10484, 1, 2025/03/02, 17:41:06.330, 282371427385, vstest.console.dll, AssemblyResolver.AddSearchDirectories: Adding more searchDirectories C:\Program Files\dotnet\sdk\9.0.100\Extensions,C:\Program Files\dotnet\sdk\9.0.100
TpTrace Information: 0 : 10484, 1, 2025/03/02, 17:41:06.330, 282371427690, vstest.console.dll, AssemblyResolver.AddSearchDirectories: Adding more searchDirectories C:\Program Files\dotnet\sdk\9.0.100\Extensions,C:\Program Files\dotnet\sdk\9.0.100
TpTrace Verbose: 0 : 10484, 1, 2025/03/02, 17:41:06.330, 282371428761, vstest.console.dll, MetadataReaderExtensionsHelper: Discovering extensions inside assembly 'Microsoft.Diagnostics.NETCore.Client, Version=0.2.10.41601, Culture=neutral, PublicKeyToken=31bf3856ad364e35' file path 'C:\Program Files\dotnet\sdk\9.0.100\Extensions\Microsoft.Diagnostics.NETCore.Client.dll'
TpTrace Information: 0 : 10484, 1, 2025/03/02, 17:41:06.331, 282371436742, vstest.console.dll, AssemblyResolver.OnResolve: Microsoft.Bcl.AsyncInterfaces: Resolving assembly.
TpTrace Information: 0 : 10484, 1, 2025/03/02, 17:41:06.331, 282371437293, vstest.console.dll, AssemblyResolver.OnResolve: Microsoft.Bcl.AsyncInterfaces: Resolved from cache.
TpTrace Verbose: 0 : 10484, 1, 2025/03/02, 17:41:06.331, 282371437609, vstest.console.dll, CurrentDomainAssemblyResolve: Resolving assembly 'Microsoft.Bcl.AsyncInterfaces'.
TpTrace Information: 0 : 10484, 1, 2025/03/02, 17:41:06.331, 282371438186, vstest.console.dll, AssemblyResolver.OnResolve: Microsoft.Bcl.AsyncInterfaces: Resolving assembly.
TpTrace Information: 0 : 10484, 1, 2025/03/02, 17:41:06.331, 282371438543, vstest.console.dll, AssemblyResolver.OnResolve: Microsoft.Bcl.AsyncInterfaces: Resolved from cache.
TpTrace Verbose: 0 : 10484, 1, 2025/03/02, 17:41:06.331, 282371438842, vstest.console.dll, CurrentDomainAssemblyResolve: Resolving assembly 'Microsoft.Bcl.AsyncInterfaces'.
TpTrace Verbose: 0 : 10484, 1, 2025/03/02, 17:41:06.331, 282371439135, vstest.console.dll, CurrentDomainAssemblyResolve: Failed to resolve assembly 'Microsoft.Bcl.AsyncInterfaces'.
TpTrace Verbose: 0 : 10484, 1, 2025/03/02, 17:41:06.331, 282371440545, vstest.console.dll, CurrentDomainAssemblyResolve: Failed to resolve assembly 'Microsoft.Bcl.AsyncInterfaces'.
TpTrace Warning: 0 : 10484, 1, 2025/03/02, 17:41:06.332, 282371444873, vstest.console.dll, TestPluginDiscoverer: Failed to get types from assembly 'Microsoft.Diagnostics.NETCore.Client, Version=0.2.10.41601, Culture=neutral, PublicKeyToken=31bf3856ad364e35'. Error: System.Reflection.ReflectionTypeLoadException: Unable to load one or more of the requested types.
Could not load file or assembly 'Microsoft.Bcl.AsyncInterfaces, Version=6.0.0.0, Culture=neutral, PublicKeyToken=cc7b13ffcd2ddd51'. The system cannot find the file specified.
   at System.Reflection.RuntimeModule.GetDefinedTypes()
   at System.Reflection.RuntimeModule.GetTypes()
   at Microsoft.VisualStudio.TestPlatform.Common.ExtensionFramework.TestPluginDiscoverer.GetTestExtensionsFromAssembly[TPluginInfo,TExtension](Assembly assembly, Dictionary`2 pluginInfos, String filePath) in /_/src/Microsoft.TestPlatform.Common/ExtensionFramework/TestPluginDiscoverer.cs:line 159
System.IO.FileNotFoundException: Could not load file or assembly 'Microsoft.Bcl.AsyncInterfaces, Version=6.0.0.0, Culture=neutral, PublicKeyToken=cc7b13ffcd2ddd51'. The system cannot find the file specified.
File name: 'Microsoft.Bcl.AsyncInterfaces, Version=6.0.0.0, Culture=neutral, PublicKeyToken=cc7b13ffcd2ddd51'
 ---> System.IO.FileNotFoundException: Could not load file or assembly 'Microsoft.Bcl.AsyncInterfaces, Culture=neutral, PublicKeyToken=null'. The system cannot find the file specified.
File name: 'Microsoft.Bcl.AsyncInterfaces, Culture=neutral, PublicKeyToken=null'
   at System.Reflection.RuntimeAssembly.InternalLoad(AssemblyName assemblyName, StackCrawlMark& stackMark, AssemblyLoadContext assemblyLoadContext, RuntimeAssembly requestingAssembly, Boolean throwOnFileNotFound)
   at System.Reflection.Assembly.Load(AssemblyName assemblyRef)
   at Microsoft.VisualStudio.TestPlatform.Common.ExtensionFramework.TestPluginCache.CurrentDomainAssemblyResolve(Object sender, AssemblyResolveEventArgs args) in /_/src/Microsoft.TestPlatform.Common/ExtensionFramework/TestPluginCache.cs:line 514
   at System.Runtime.Loader.AssemblyLoadContext.GetFirstResolvedAssemblyFromResolvingEvent(AssemblyName assemblyName)
   at System.Runtime.Loader.AssemblyLoadContext.ResolveUsingEvent(AssemblyName assemblyName)
   at System.Runtime.Loader.AssemblyLoadContext.ResolveUsingResolvingEvent(IntPtr gchManagedAssemblyLoadContext, AssemblyName assemblyName)
TpTrace Warning: 0 : 10484, 1, 2025/03/02, 17:41:06.332, 282371446470, vstest.console.dll, LoaderExceptions: System.IO.FileNotFoundException: Could not load file or assembly 'Microsoft.Bcl.AsyncInterfaces, Version=6.0.0.0, Culture=neutral, PublicKeyToken=cc7b13ffcd2ddd51'. The system cannot find the file specified.
File name: 'Microsoft.Bcl.AsyncInterfaces, Version=6.0.0.0, Culture=neutral, PublicKeyToken=cc7b13ffcd2ddd51'
 ---> System.IO.FileNotFoundException: Could not load file or assembly 'Microsoft.Bcl.AsyncInterfaces, Culture=neutral, PublicKeyToken=null'. The system cannot find the file specified.
File name: 'Microsoft.Bcl.AsyncInterfaces, Culture=neutral, PublicKeyToken=null'
   at System.Reflection.RuntimeAssembly.InternalLoad(AssemblyName assemblyName, StackCrawlMark& stackMark, AssemblyLoadContext assemblyLoadContext, RuntimeAssembly requestingAssembly, Boolean throwOnFileNotFound)
   at System.Reflection.Assembly.Load(AssemblyName assemblyRef)
   at Microsoft.VisualStudio.TestPlatform.Common.ExtensionFramework.TestPluginCache.CurrentDomainAssemblyResolve(Object sender, AssemblyResolveEventArgs args) in /_/src/Microsoft.TestPlatform.Common/ExtensionFramework/TestPluginCache.cs:line 514
   at System.Runtime.Loader.AssemblyLoadContext.GetFirstResolvedAssemblyFromResolvingEvent(AssemblyName assemblyName)
   at System.Runtime.Loader.AssemblyLoadContext.ResolveUsingEvent(AssemblyName assemblyName)
   at System.Runtime.Loader.AssemblyLoadContext.ResolveUsingResolvingEvent(IntPtr gchManagedAssemblyLoadContext, AssemblyName assemblyName)
TpTrace Verbose: 0 : 10484, 1, 2025/03/02, 17:41:06.333, 282371458177, vstest.console.dll, MetadataReaderExtensionsHelper: Discovering extensions inside assembly 'Microsoft.TestPlatform.Extensions.BlameDataCollector, Version=15.0.0.0, Culture=neutral, PublicKeyToken=b03f5f7f11d50a3a' file path 'C:\Program Files\dotnet\sdk\9.0.100\Extensions\Microsoft.TestPlatform.Extensions.BlameDataCollector.dll'
TpTrace Information: 0 : 10484, 1, 2025/03/02, 17:41:06.337, 282371495237, vstest.console.dll, GetTestExtensionFromType: Register extension with identifier data 'logger://Microsoft/TestPlatform/Extensions/Blame/v1' and type 'Microsoft.TestPlatform.Extensions.BlameDataCollector.BlameLogger, Microsoft.TestPlatform.Extensions.BlameDataCollector, Version=15.0.0.0, Culture=neutral, PublicKeyToken=b03f5f7f11d50a3a' inside file 'C:\Program Files\dotnet\sdk\9.0.100\Extensions\Microsoft.TestPlatform.Extensions.BlameDataCollector.dll'
TpTrace Verbose: 0 : 10484, 1, 2025/03/02, 17:41:06.337, 282371496824, vstest.console.dll, MetadataReaderExtensionsHelper: Discovering extensions inside assembly 'Microsoft.TestPlatform.Extensions.EventLogCollector, Version=15.0.0.0, Culture=neutral, PublicKeyToken=b03f5f7f11d50a3a' file path 'C:\Program Files\dotnet\sdk\9.0.100\Extensions\Microsoft.TestPlatform.Extensions.EventLogCollector.dll'
TpTrace Verbose: 0 : 10484, 1, 2025/03/02, 17:41:06.338, 282371507916, vstest.console.dll, MetadataReaderExtensionsHelper: Discovering extensions inside assembly 'Microsoft.TestPlatform.TestHostRuntimeProvider, Version=15.0.0.0, Culture=neutral, PublicKeyToken=b03f5f7f11d50a3a' file path 'C:\Program Files\dotnet\sdk\9.0.100\Extensions\Microsoft.TestPlatform.TestHostRuntimeProvider.dll'
TpTrace Verbose: 0 : 10484, 1, 2025/03/02, 17:41:06.339, 282371515636, vstest.console.dll, MetadataReaderExtensionsHelper: Discovering extensions inside assembly 'Microsoft.VisualStudio.TestPlatform.Extensions.Html.TestLogger, Version=15.0.0.0, Culture=neutral, PublicKeyToken=b03f5f7f11d50a3a' file path 'C:\Program Files\dotnet\sdk\9.0.100\Extensions\Microsoft.VisualStudio.TestPlatform.Extensions.Html.TestLogger.dll'
TpTrace Information: 0 : 10484, 1, 2025/03/02, 17:41:06.340, 282371525749, vstest.console.dll, GetTestExtensionFromType: Register extension with identifier data 'logger://Microsoft/TestPlatform/HtmlLogger/v1' and type 'Microsoft.VisualStudio.TestPlatform.Extensions.HtmlLogger.HtmlLogger, Microsoft.VisualStudio.TestPlatform.Extensions.Html.TestLogger, Version=15.0.0.0, Culture=neutral, PublicKeyToken=b03f5f7f11d50a3a' inside file 'C:\Program Files\dotnet\sdk\9.0.100\Extensions\Microsoft.VisualStudio.TestPlatform.Extensions.Html.TestLogger.dll'
TpTrace Verbose: 0 : 10484, 1, 2025/03/02, 17:41:06.340, 282371526812, vstest.console.dll, MetadataReaderExtensionsHelper: Discovering extensions inside assembly 'Microsoft.VisualStudio.TestPlatform.Extensions.Trx.TestLogger, Version=15.0.0.0, Culture=neutral, PublicKeyToken=b03f5f7f11d50a3a' file path 'C:\Program Files\dotnet\sdk\9.0.100\Extensions\Microsoft.VisualStudio.TestPlatform.Extensions.Trx.TestLogger.dll'
TpTrace Information: 0 : 10484, 1, 2025/03/02, 17:41:06.341, 282371533701, vstest.console.dll, GetTestExtensionFromType: Register extension with identifier data 'logger://Microsoft/TestPlatform/TrxLogger/v1' and type 'Microsoft.VisualStudio.TestPlatform.Extensions.TrxLogger.TrxLogger, Microsoft.VisualStudio.TestPlatform.Extensions.Trx.TestLogger, Version=15.0.0.0, Culture=neutral, PublicKeyToken=b03f5f7f11d50a3a' inside file 'C:\Program Files\dotnet\sdk\9.0.100\Extensions\Microsoft.VisualStudio.TestPlatform.Extensions.Trx.TestLogger.dll'
TpTrace Verbose: 0 : 10484, 1, 2025/03/02, 17:41:06.341, 282371534636, vstest.console.dll, TestPluginCache: Discovered the extensions using extension path ''.
TpTrace Verbose: 0 : 10484, 1, 2025/03/02, 17:41:06.341, 282371535060, vstest.console.dll, TestPluginCache: Discoverers are ''.
TpTrace Verbose: 0 : 10484, 1, 2025/03/02, 17:41:06.341, 282371535369, vstest.console.dll, TestPluginCache: Executors are ''.
TpTrace Verbose: 0 : 10484, 1, 2025/03/02, 17:41:06.341, 282371535650, vstest.console.dll, TestPluginCache: Executors2 are ''.
TpTrace Verbose: 0 : 10484, 1, 2025/03/02, 17:41:06.341, 282371535984, vstest.console.dll, TestPluginCache: Setting providers are ''.
TpTrace Verbose: 0 : 10484, 1, 2025/03/02, 17:41:06.341, 282371536881, vstest.console.dll, TestPluginCache: Loggers are 'logger://Microsoft/TestPlatform/Extensions/Blame/v1,logger://Microsoft/TestPlatform/HtmlLogger/v1,logger://Microsoft/TestPlatform/TrxLogger/v1'.
TpTrace Verbose: 0 : 10484, 1, 2025/03/02, 17:41:06.341, 282371537469, vstest.console.dll, TestPluginCache: TestHosts are 'HostProvider://DefaultTestHost,HostProvider://DotnetTestHost'.
TpTrace Verbose: 0 : 10484, 1, 2025/03/02, 17:41:06.341, 282371537828, vstest.console.dll, TestPluginCache: DataCollectors are ''.
TpTrace Information: 0 : 10484, 1, 2025/03/02, 17:41:06.342, 282371547725, vstest.console.dll, TestPluginManager.CreateTestExtension: Attempting to load test extension: Microsoft.TestPlatform.Extensions.BlameDataCollector.BlameLogger
TpTrace Verbose: 0 : 10484, 1, 2025/03/02, 17:41:06.357, 282371697368, vstest.console.dll, TestEngine: Initializing Parallel Execution as MaxCpuCount is set to: 1
TpTrace Information: 0 : 10484, 1, 2025/03/02, 17:41:06.359, 282371714490, vstest.console.dll, TestPluginManager.CreateTestExtension: Attempting to load test extension: Microsoft.VisualStudio.TestPlatform.CrossPlatEngine.Hosting.DefaultTestHostManager
TpTrace Information: 0 : 10484, 1, 2025/03/02, 17:41:06.360, 282371727980, vstest.console.dll, TestPluginManager.CreateTestExtension: Attempting to load test extension: Microsoft.VisualStudio.TestPlatform.CrossPlatEngine.Hosting.DotnetTestHostManager
TpTrace Verbose: 0 : 10484, 1, 2025/03/02, 17:41:06.360, 282371730626, vstest.console.dll, TestHostManagerCallbacks.ctor: Forwarding output is enabled.
TpTrace Information: 0 : 10484, 1, 2025/03/02, 17:41:06.361, 282371734881, vstest.console.dll, InferRunSettingsHelper.IsTestSettingsEnabled: Unable to navigate to RunSettings/MSTest. Current node: RunSettings
TpTrace Verbose: 0 : 10484, 1, 2025/03/02, 17:41:06.361, 282371740953, vstest.console.dll, ParallelOperationManager.ClearSlots: Clearing all slots. Slots should accept more work: True
TpTrace Verbose: 0 : 10484, 1, 2025/03/02, 17:41:06.362, 282371746867, vstest.console.dll, ParallelOperationManager.SetOccupiedSlotCount: Setting slot counts AvailableSlotCount = 1, OccupiedSlotCount = 0.
TpTrace Verbose: 0 : 10484, 1, 2025/03/02, 17:41:06.362, 282371751170, vstest.console.dll, Occupied slots:

TpTrace Verbose: 0 : 10484, 1, 2025/03/02, 17:41:06.369, 282371814729, vstest.console.dll, TestEngine.GetExecutionManager: Chosen execution manager 'Microsoft.VisualStudio.TestPlatform.CrossPlatEngine.Client.Parallel.ParallelProxyExecutionManager, Microsoft.TestPlatform.CrossPlatEngine, Version=15.0.0.0, Culture=neutral, PublicKeyToken=b03f5f7f11d50a3a' ParallelLevel '1'.
TpTrace Verbose: 0 : 10484, 1, 2025/03/02, 17:41:06.369, 282371820655, vstest.console.dll, TestPlatform.GetSkipDefaultAdapters: Not skipping default adapters SkipDefaultAdapters was false.
TpTrace Verbose: 0 : 10484, 1, 2025/03/02, 17:41:06.370, 282371827509, vstest.console.dll, TestRunRequest.ExecuteAsync: Creating test run request.
TpTrace Verbose: 0 : 10484, 1, 2025/03/02, 17:41:06.371, 282371832689, vstest.console.dll, TestRunRequest.ExecuteAsync: Starting.
TpTrace Information: 0 : 10484, 1, 2025/03/02, 17:41:06.372, 282371849735, vstest.console.dll, TestRunRequest.ExecuteAsync: Starting run with settings:TestRunCriteria:
   KeepAlive=False,FrequencyOfRunStatsChangeEvent=10,RunStatsChangeEventTimeout=00:00:01.5000000,TestCaseFilter=,TestExecutorLauncher=
   Settingsxml=<RunSettings>
  <RunConfiguration>
    <ResultsDirectory>C:\Users\TOSHIBA\Downloads\QA path\Programming for QA\Programming Fundamentals and Unit Testing\20-Unit-Testing-Methods-Exercise-Resources\TestApp.UnitTests\bin\Debug\net6.0\fine-code-coverage\coverage-tool-output</ResultsDirectory>
    <TargetPlatform>X64</TargetPlatform>
    <TargetFrameworkVersion>.NETCoreApp,Version=v6.0</TargetFrameworkVersion>
    <DesignMode>False</DesignMode>
    <CollectSourceInformation>False</CollectSourceInformation>
  </RunConfiguration>
  <LoggerRunSettings>
    <Loggers>
      <Logger friendlyName="blame" enabled="True" />
      <Logger friendlyName="Console" uri="logger://microsoft/TestPlatform/ConsoleLogger/v1" assemblyQualifiedName="Microsoft.VisualStudio.TestPlatform.CommandLine.Internal.ConsoleLogger, vstest.console, Version=15.0.0.0, Culture=neutral, PublicKeyToken=b03f5f7f11d50a3a" codeBase="C:\Program Files\dotnet\sdk\9.0.100\vstest.console.dll" enabled="True" />
    </Loggers>
  </LoggerRunSettings>
  <DataCollectionRunSettings>
    <DataCollectors>
      <DataCollector friendlyName="blame" enabled="True">
        <Configuration>
          <ResultsDirectory>C:\Users\TOSHIBA\Downloads\QA path\Programming for QA\Programming Fundamentals and Unit Testing\20-Unit-Testing-Methods-Exercise-Resources\TestApp.UnitTests\bin\Debug\net6.0\fine-code-coverage\coverage-tool-output</ResultsDirectory>
        </Configuration>
      </DataCollector>
    </DataCollectors>
  </DataCollectionRunSettings>
</RunSettings>

TpTrace Verbose: 0 : 10484, 1, 2025/03/02, 17:41:06.372, 282371850786, vstest.console.dll, TestRunRequest.ExecuteAsync: Wait for the first run request is over.
TpTrace Verbose: 0 : 10484, 1, 2025/03/02, 17:41:06.373, 282371854386, vstest.console.dll, MulticastDelegateUtilities.SafeInvoke: TestRun.TestRunStart: Invoking callbacks was skipped because there are no subscribers.
TpTrace Verbose: 0 : 10484, 4, 2025/03/02, 17:41:06.373, 282371856845, vstest.console.dll, MulticastDelegateUtilities.SafeInvoke: InternalTestLoggerEvents.SendTestRunStart: Invoking callback 1/1 for Microsoft.VisualStudio.TestPlatform.CommandLine.Internal.ConsoleLogger., took 0 ms.
TpTrace Verbose: 0 : 10484, 1, 2025/03/02, 17:41:06.374, 282371869422, vstest.console.dll, ParallelProxyExecutionManager: Start execution. Total sources: 1
TpTrace Verbose: 0 : 10484, 1, 2025/03/02, 17:41:06.375, 282371873184, vstest.console.dll, ParallelOperationManager.StartWork: Starting adding 1 workloads.
TpTrace Verbose: 0 : 10484, 1, 2025/03/02, 17:41:06.375, 282371874031, vstest.console.dll, ParallelOperationManager.ClearSlots: Clearing all slots. Slots should accept more work: True
TpTrace Verbose: 0 : 10484, 1, 2025/03/02, 17:41:06.375, 282371874941, vstest.console.dll, ParallelOperationManager.SetOccupiedSlotCount: Setting slot counts AvailableSlotCount = 1, OccupiedSlotCount = 0.
TpTrace Verbose: 0 : 10484, 1, 2025/03/02, 17:41:06.375, 282371875398, vstest.console.dll, Occupied slots:

TpTrace Verbose: 0 : 10484, 1, 2025/03/02, 17:41:06.376, 282371889105, vstest.console.dll, TestHostManagerCallbacks.ctor: Forwarding output is enabled.
TpTrace Verbose: 0 : 10484, 1, 2025/03/02, 17:41:06.376, 282371891829, vstest.console.dll, TestRequestSender is acting as server.
TpTrace Verbose: 0 : 10484, 1, 2025/03/02, 17:41:06.379, 282371912819, vstest.console.dll, ParallelOperationManager.RunWorkInParallel: Adding 1 workload to slot, remaining workloads 0.
TpTrace Verbose: 0 : 10484, 1, 2025/03/02, 17:41:06.379, 282371914043, vstest.console.dll, ParallelOperationManager.SetOccupiedSlotCount: Setting slot counts AvailableSlotCount = 0, OccupiedSlotCount = 1.
TpTrace Verbose: 0 : 10484, 1, 2025/03/02, 17:41:06.379, 282371915584, vstest.console.dll, Occupied slots:
0: C:\Users\TOSHIBA\Downloads\QA path\Programming for QA\Programming Fundamentals and Unit Testing\20-Unit-Testing-Methods-Exercise-Resources\TestApp.UnitTests\bin\Debug\net6.0\fine-code-coverage\build-output\TestApp.UnitTests.dll
TpTrace Verbose: 0 : 10484, 1, 2025/03/02, 17:41:06.380, 282371931858, vstest.console.dll, ParallelOperationManager.RunWorkInParallel: Started host in slot number 0 for work (source): C:\Users\TOSHIBA\Downloads\QA path\Programming for QA\Programming Fundamentals and Unit Testing\20-Unit-Testing-Methods-Exercise-Resources\TestApp.UnitTests\bin\Debug\net6.0\fine-code-coverage\build-output\TestApp.UnitTests.dll.
TpTrace Verbose: 0 : 10484, 1, 2025/03/02, 17:41:06.381, 282371941149, vstest.console.dll, ParallelOperationManager.RunWorkInParallel: We started 1 work items, which is the max parallel level. Won't start more work.
TpTrace Verbose: 0 : 10484, 1, 2025/03/02, 17:41:06.381, 282371942247, vstest.console.dll, ParallelOperationManager.RunWorkInParallel: We started 1 work items in here, returning True.
TpTrace Verbose: 0 : 10484, 5, 2025/03/02, 17:41:06.382, 282371942575, vstest.console.dll, ParallelProxyExecutionManager.StartTestRunOnConcurrentManager: Initializing uninitialized client. Started clients: 0
TpTrace Information: 0 : 10484, 1, 2025/03/02, 17:41:06.382, 282371943108, vstest.console.dll, TestRunRequest.ExecuteAsync: Started.
TpTrace Verbose: 0 : 10484, 5, 2025/03/02, 17:41:06.382, 282371944979, vstest.console.dll, DataCollectionRequestSender.InitializeCommunication : Initialize communication. 
TpTrace Verbose: 0 : 10484, 1, 2025/03/02, 17:41:06.385, 282371980955, vstest.console.dll, TestRunRequest.WaitForCompletion: Waiting with timeout -1.
TpTrace Information: 0 : 10484, 5, 2025/03/02, 17:41:06.397, 282372098194, vstest.console.dll, Listening on Endpoint : 127.0.0.1:53803
TpTrace Verbose: 0 : 10484, 5, 2025/03/02, 17:41:06.414, 282372264232, vstest.console.dll, DotnetDataCollectionLauncher: Adding  --runtimeconfig "C:\Program Files\dotnet\sdk\9.0.100\datacollector.runtimeconfig.json" in args
TpTrace Verbose: 0 : 10484, 5, 2025/03/02, 17:41:06.414, 282372265738, vstest.console.dll, DotnetDataCollectionLauncher: Adding  --depsfile "C:\Program Files\dotnet\sdk\9.0.100\datacollector.deps.json" in args
TpTrace Verbose: 0 : 10484, 5, 2025/03/02, 17:41:06.414, 282372268348, vstest.console.dll, DotnetDataCollectionLauncher: Full path of dotnet.exe is C:\Program Files\dotnet\dotnet.exe
TpTrace Information: 0 : 10484, 5, 2025/03/02, 17:41:06.432, 282372445374, vstest.console.dll, ProxyDataCollectionManager.Initialize: Launched datacollector processId: 2208 port: 53803
TpTrace Information: 0 : 10484, 5, 2025/03/02, 17:41:06.434, 282372462739, vstest.console.dll, ProxyDataCollectionManager.Initialize: waiting for connection with timeout: 90 seconds
TpTrace Verbose: 0 : 10484, 5, 2025/03/02, 17:41:06.436, 282372482958, vstest.console.dll, DataCollectionRequestSender.WaitForRequestHandlerConnection : Waiting for connection with timeout: 90000
TpTrace Verbose: 0 : 10484, 5, 2025/03/02, 17:41:06.715, 282375280289, vstest.console.dll, SocketCommunicationManager.WaitForClientConnection took: 279 ms, with 90000 ms timeout, and finished with True.
TpTrace Verbose: 0 : 10484, 5, 2025/03/02, 17:41:06.716, 282375284321, vstest.console.dll, ProxyDataCollectionManager.InvokeDataCollectionServiceAction: Starting.
TpTrace Information: 0 : 10484, 5, 2025/03/02, 17:41:06.716, 282375286753, vstest.console.dll, ProxyDataCollectionManager.BeforeTestRunStart: Get environment variable and port for datacollector processId: 2208 port: 53803
TpTrace Verbose: 0 : 10484, 5, 2025/03/02, 17:41:06.716, 282375289206, vstest.console.dll, DataCollectionRequestSender.SendBeforeTestRunStartAndGetResult: Send BeforeTestRunStart message with settingsXml <RunSettings><RunConfiguration><ResultsDirectory>C:\Users\TOSHIBA\Downloads\QA path\Programming for QA\Programming Fundamentals and Unit Testing\20-Unit-Testing-Methods-Exercise-Resources\TestApp.UnitTests\bin\Debug\net6.0\fine-code-coverage\coverage-tool-output</ResultsDirectory><TargetPlatform>X64</TargetPlatform><TargetFrameworkVersion>.NETCoreApp,Version=v6.0</TargetFrameworkVersion><DesignMode>False</DesignMode><CollectSourceInformation>False</CollectSourceInformation><TestAdaptersPaths>C:\Program Files\dotnet\sdk\9.0.100\Extensions</TestAdaptersPaths></RunConfiguration><LoggerRunSettings><Loggers><Logger friendlyName="blame" enabled="True" /><Logger friendlyName="Console" uri="logger://microsoft/TestPlatform/ConsoleLogger/v1" assemblyQualifiedName="Microsoft.VisualStudio.TestPlatform.CommandLine.Internal.ConsoleLogger, vstest.console, Version=15.0.0.0, Culture=neutral, PublicKeyToken=b03f5f7f11d50a3a" codeBase="C:\Program Files\dotnet\sdk\9.0.100\vstest.console.dll" enabled="True" /></Loggers></LoggerRunSettings><DataCollectionRunSettings><DataCollectors><DataCollector friendlyName="blame" enabled="True"><Configuration><ResultsDirectory>C:\Users\TOSHIBA\Downloads\QA path\Programming for QA\Programming Fundamentals and Unit Testing\20-Unit-Testing-Methods-Exercise-Resources\TestApp.UnitTests\bin\Debug\net6.0\fine-code-coverage\coverage-tool-output</ResultsDirectory></Configuration></DataCollector></DataCollectors></DataCollectionRunSettings></RunSettings> and sources System.Collections.Generic.List`1[System.String]: 
TpTrace Information: 0 : 10484, 9, 2025/03/02, 17:41:06.715, 282375280291, vstest.console.dll, Using the buffer size of 16384 bytes
TpTrace Information: 0 : 10484, 9, 2025/03/02, 17:41:06.719, 282375312935, vstest.console.dll, Accepted Client request and set the flag
TpTrace Verbose: 0 : 10484, 5, 2025/03/02, 17:41:06.825, 282376379890, vstest.console.dll, DataCollectionRequestSender.SendBeforeTestRunStartAndGetResult: Received message: (DataCollection.SendMessage) -> {"MessageType":"DataCollection.SendMessage","Payload":{"FriendlyName":null,"Uri":null,"TestCaseId":"00000000-0000-0000-0000-000000000000","Message":"Logging DataCollector Diagnostics in file: C:\\Users\\TOSHIBA\\Downloads\\QA path\\Programming for QA\\Programming Fundamentals and Unit Testing\\20-Unit-Testing-Methods-Exercise-Resources\\TestApp.UnitTests\\bin\\Debug\\net6.0\\fine-code-coverage\\coverage-tool-output\\diagnostics.datacollector.25-03-02_17-41-06_41392_5.log","Level":0}}
TpTrace Verbose: 0 : 10484, 5, 2025/03/02, 17:41:07.023, 282378359173, vstest.console.dll, DataCollectionRequestSender.SendBeforeTestRunStartAndGetResult: Received message: (DataCollection.BeforeTestRunStartResult) -> {"MessageType":"DataCollection.BeforeTestRunStartResult","Payload":{"EnvironmentVariables":{},"DataCollectionEventsPort":53806}}
TpTrace Information: 0 : 10484, 5, 2025/03/02, 17:41:07.028, 282378412132, vstest.console.dll, ProxyDataCollectionManager.BeforeTestRunStart: SendBeforeTestRunStartAndGetResult successful, env variable from datacollector:   and testhost port: 53806
TpTrace Information: 0 : 10484, 5, 2025/03/02, 17:41:07.029, 282378414031, vstest.console.dll, ProxyDataCollectionManager.InvokeDataCollectionServiceAction: Completed.
TpTrace Verbose: 0 : 10484, 5, 2025/03/02, 17:41:07.029, 282378414600, vstest.console.dll, ParallelProxyExecutionManager.StartTestRunOnConcurrentManager: Initializing test run. Started clients: 0
TpTrace Verbose: 0 : 10484, 5, 2025/03/02, 17:41:07.029, 282378415697, vstest.console.dll, ProxyExecutionManager: Test host is always Lazy initialize.
TpTrace Verbose: 0 : 10484, 5, 2025/03/02, 17:41:07.029, 282378418328, vstest.console.dll, TestRequestSender.InitializeCommunication: initialize communication. 
TpTrace Information: 0 : 10484, 5, 2025/03/02, 17:41:07.030, 282378423564, vstest.console.dll, SocketServer.Start: Listening on endpoint : 127.0.0.1:53807
TpTrace Verbose: 0 : 10484, 5, 2025/03/02, 17:41:07.030, 282378432291, vstest.console.dll, DotnetTestHostmanager.GetTestHostProcessStartInfo: Platform environment 'X64' target architecture 'X64' framework '.NETCoreApp,Version=v6.0' OS 'Windows'
TpTrace Verbose: 0 : 10484, 5, 2025/03/02, 17:41:07.031, 282378435850, vstest.console.dll, DotnetTestHostmanager: Adding  --runtimeconfig "C:\Users\TOSHIBA\Downloads\QA path\Programming for QA\Programming Fundamentals and Unit Testing\20-Unit-Testing-Methods-Exercise-Resources\TestApp.UnitTests\bin\Debug\net6.0\fine-code-coverage\build-output\TestApp.UnitTests.runtimeconfig.json" in args
TpTrace Verbose: 0 : 10484, 5, 2025/03/02, 17:41:07.031, 282378437509, vstest.console.dll, DotnetTestHostmanager: Adding  --depsfile "C:\Users\TOSHIBA\Downloads\QA path\Programming for QA\Programming Fundamentals and Unit Testing\20-Unit-Testing-Methods-Exercise-Resources\TestApp.UnitTests\bin\Debug\net6.0\fine-code-coverage\build-output\TestApp.UnitTests.deps.json" in args
TpTrace Verbose: 0 : 10484, 5, 2025/03/02, 17:41:07.031, 282378439631, vstest.console.dll, DotnetTestHostmanager.IsWinOnArm: Current PROCESSOR_ARCHITECTURE from environment variable 'AMD64'
TpTrace Verbose: 0 : 10484, 5, 2025/03/02, 17:41:07.031, 282378440448, vstest.console.dll, DotnetTestHostmanager.IsWinOnArm: Is Windows on ARM 'False'
TpTrace Verbose: 0 : 10484, 5, 2025/03/02, 17:41:07.031, 282378441563, vstest.console.dll, DotnetTestHostManager: testhost.exe found at path: C:\Users\TOSHIBA\Downloads\QA path\Programming for QA\Programming Fundamentals and Unit Testing\20-Unit-Testing-Methods-Exercise-Resources\TestApp.UnitTests\bin\Debug\net6.0\fine-code-coverage\build-output\testhost.exe
TpTrace Verbose: 0 : 10484, 5, 2025/03/02, 17:41:07.031, 282378442106, vstest.console.dll, DotnetTestHostmanager: Full path of host exe is C:\Users\TOSHIBA\Downloads\QA path\Programming for QA\Programming Fundamentals and Unit Testing\20-Unit-Testing-Methods-Exercise-Resources\TestApp.UnitTests\bin\Debug\net6.0\fine-code-coverage\build-output\testhost.exe
TpTrace Verbose: 0 : 10484, 5, 2025/03/02, 17:41:07.032, 282378443850, vstest.console.dll, DotnetTestHostmanager.LaunchTestHostAsync: Found 'VSTEST_WINAPPHOST_DOTNET_ROOT' in env variables, value 'C:\Program Files\dotnet', forwarding to 'DOTNET_ROOT'
TpTrace Verbose: 0 : 10484, 5, 2025/03/02, 17:41:07.032, 282378446140, vstest.console.dll, DotnetTestHostManager: Starting process 'C:\Users\TOSHIBA\Downloads\QA path\Programming for QA\Programming Fundamentals and Unit Testing\20-Unit-Testing-Methods-Exercise-Resources\TestApp.UnitTests\bin\Debug\net6.0\fine-code-coverage\build-output\testhost.exe' with command line ' --runtimeconfig "C:\Users\TOSHIBA\Downloads\QA path\Programming for QA\Programming Fundamentals and Unit Testing\20-Unit-Testing-Methods-Exercise-Resources\TestApp.UnitTests\bin\Debug\net6.0\fine-code-coverage\build-output\TestApp.UnitTests.runtimeconfig.json" --depsfile "C:\Users\TOSHIBA\Downloads\QA path\Programming for QA\Programming Fundamentals and Unit Testing\20-Unit-Testing-Methods-Exercise-Resources\TestApp.UnitTests\bin\Debug\net6.0\fine-code-coverage\build-output\TestApp.UnitTests.deps.json" --port 53807 --endpoint 127.0.0.1:053807 --role client --parentprocessid 10484 --diag "C:\Users\TOSHIBA\Downloads\QA path\Programming for QA\Programming Fundamentals and Unit Testing\20-Unit-Testing-Methods-Exercise-Resources\TestApp.UnitTests\bin\Debug\net6.0\fine-code-coverage\coverage-tool-output\diagnostics.host.25-03-02_17-41-07_03053_5.log" --tracelevel 4 --datacollectionport 53806 --telemetryoptedin false'
TpTrace Verbose: 0 : 10484, 5, 2025/03/02, 17:41:07.043, 282378558529, vstest.console.dll, MulticastDelegateUtilities.SafeInvoke: HostProviderEvents.OnHostLaunched: Invoking callback 1/2 for Microsoft.VisualStudio.TestPlatform.CrossPlatEngine.Client.ProxyExecutionManagerWithDataCollection., took 1 ms.
TpTrace Verbose: 0 : 10484, 5, 2025/03/02, 17:41:07.044, 282378563749, vstest.console.dll, Test Runtime launched
TpTrace Verbose: 0 : 10484, 5, 2025/03/02, 17:41:07.044, 282378565161, vstest.console.dll, MulticastDelegateUtilities.SafeInvoke: HostProviderEvents.OnHostLaunched: Invoking callback 2/2 for Microsoft.VisualStudio.TestPlatform.CrossPlatEngine.Client.ProxyOperationManager., took 0 ms.
TpTrace Verbose: 0 : 10484, 5, 2025/03/02, 17:41:07.044, 282378567741, vstest.console.dll, TestRequestSender.WaitForRequestHandlerConnection: waiting for connection with timeout: 90000.
TpTrace Verbose: 0 : 10484, 5, 2025/03/02, 17:41:07.361, 282381741722, vstest.console.dll, TestRequestSender.WaitForRequestHandlerConnection: waiting took 317 ms, with timeout 90000 ms, and result 0, which is success.
TpTrace Verbose: 0 : 10484, 12, 2025/03/02, 17:41:07.361, 282381741695, vstest.console.dll, MulticastDelegateUtilities.SafeInvoke: SocketServer: ClientConnected: Invoking callback 1/1 for Microsoft.VisualStudio.TestPlatform.CommunicationUtilities.TestRequestSender., took 0 ms.
TpTrace Verbose: 0 : 10484, 12, 2025/03/02, 17:41:07.362, 282381744439, vstest.console.dll, SocketServer.OnClientConnected: Client connected for endPoint: 127.0.0.1:53807, starting MessageLoopAsync:
TpTrace Verbose: 0 : 10484, 13, 2025/03/02, 17:41:07.362, 282381751742, vstest.console.dll, TcpClientExtensions.MessageLoopAsync: Polling on remoteEndPoint: 127.0.0.1:53808 localEndPoint: 127.0.0.1:53807 after 0 ms
TpTrace Verbose: 0 : 10484, 5, 2025/03/02, 17:41:07.363, 282381760162, vstest.console.dll, TestRequestSender.CheckVersionWithTestHost: Sending check version message: {"MessageType":"ProtocolVersion","Payload":7}
TpTrace Verbose: 0 : 10484, 13, 2025/03/02, 17:41:07.810, 282386227143, vstest.console.dll, TcpClientExtensions.MessageLoopAsync: NotifyDataAvailable remoteEndPoint: 127.0.0.1:53808 localEndPoint: 127.0.0.1:53807
TpTrace Verbose: 0 : 10484, 13, 2025/03/02, 17:41:07.810, 282386231126, vstest.console.dll, TestRequestSender.CheckVersionWithTestHost: onMessageReceived received message: (ProtocolVersion) -> {"MessageType":"ProtocolVersion","Payload":7}
TpTrace Verbose: 0 : 10484, 13, 2025/03/02, 17:41:07.811, 282386240314, vstest.console.dll, MulticastDelegateUtilities.SafeInvoke: LengthPrefixCommunicationChannel: MessageReceived: Invoking callback 1/1 for Microsoft.VisualStudio.TestPlatform.CommunicationUtilities.TestRequestSender+<>c__DisplayClass29_0., took 0 ms.
TpTrace Verbose: 0 : 10484, 5, 2025/03/02, 17:41:07.811, 282386241806, vstest.console.dll, TestPluginCache.GetExtensionPaths: Filtered extension paths: 
TpTrace Verbose: 0 : 10484, 13, 2025/03/02, 17:41:07.811, 282386241969, vstest.console.dll, TcpClientExtensions.MessageLoopAsync: Polling on remoteEndPoint: 127.0.0.1:53808 localEndPoint: 127.0.0.1:53807 after 448 ms
TpTrace Verbose: 0 : 10484, 5, 2025/03/02, 17:41:07.812, 282386242757, vstest.console.dll, TestPluginCache.GetExtensionPaths: Added default extension paths: C:\Program Files\dotnet\sdk\9.0.100\Extensions\Microsoft.Diagnostics.NETCore.Client.dll
C:\Program Files\dotnet\sdk\9.0.100\Extensions\Microsoft.TestPlatform.Extensions.BlameDataCollector.dll
C:\Program Files\dotnet\sdk\9.0.100\Extensions\Microsoft.TestPlatform.Extensions.EventLogCollector.dll
C:\Program Files\dotnet\sdk\9.0.100\Extensions\Microsoft.TestPlatform.TestHostRuntimeProvider.dll
C:\Program Files\dotnet\sdk\9.0.100\Extensions\Microsoft.VisualStudio.TestPlatform.Extensions.Html.TestLogger.dll
C:\Program Files\dotnet\sdk\9.0.100\Extensions\Microsoft.VisualStudio.TestPlatform.Extensions.Trx.TestLogger.dll
TpTrace Verbose: 0 : 10484, 5, 2025/03/02, 17:41:07.812, 282386244180, vstest.console.dll, TestPluginCache.GetExtensionPaths: Added unfilterableExtensionPaths: 
TpTrace Verbose: 0 : 10484, 5, 2025/03/02, 17:41:07.816, 282386288308, vstest.console.dll, TestRequestSender.InitializeExecution: Sending initialize execution with message: {"Version":7,"MessageType":"TestExecution.Initialize","Payload":["C:\\Users\\TOSHIBA\\Downloads\\QA path\\Programming for QA\\Programming Fundamentals and Unit Testing\\20-Unit-Testing-Methods-Exercise-Resources\\TestApp.UnitTests\\bin\\Debug\\net6.0\\fine-code-coverage\\build-output\\NUnit3.TestAdapter.dll"]}
TpTrace Verbose: 0 : 10484, 5, 2025/03/02, 17:41:07.817, 282386297386, vstest.console.dll, ParallelProxyExecutionManager.StartTestRunOnConcurrentManager: Execution starting. Started clients: 1
TpTrace Verbose: 0 : 10484, 5, 2025/03/02, 17:41:07.818, 282386311678, vstest.console.dll, TestRunRequest:SendTestRunMessage: Starting.
TpTrace Verbose: 0 : 10484, 4, 2025/03/02, 17:41:07.819, 282386317211, vstest.console.dll, MulticastDelegateUtilities.SafeInvoke: InternalTestLoggerEvents.SendTestRunMessage: Invoking callback 1/1 for Microsoft.VisualStudio.TestPlatform.CommandLine.Internal.ConsoleLogger., took 0 ms.
TpTrace Verbose: 0 : 10484, 5, 2025/03/02, 17:41:07.819, 282386317211, vstest.console.dll, MulticastDelegateUtilities.SafeInvoke: TestRun.LogMessages: Invoking callback 1/1 for Microsoft.VisualStudio.TestPlatform.CommandLine.TestRunResultAggregator., took 0 ms.
TpTrace Information: 0 : 10484, 5, 2025/03/02, 17:41:07.819, 282386319533, vstest.console.dll, TestRunRequest:SendTestRunMessage: Completed.
TpTrace Warning: 0 : 10484, 5, 2025/03/02, 17:41:07.821, 282386332441, vstest.console.dll, InferRunSettingsHelper.MakeRunsettingsCompatible: Removing the following settings: TargetPlatform from RunSettings file. To use those settings please move to latest version of Microsoft.NET.Test.Sdk
TpTrace Verbose: 0 : 10484, 13, 2025/03/02, 17:41:07.824, 282386369053, vstest.console.dll, TcpClientExtensions.MessageLoopAsync: NotifyDataAvailable remoteEndPoint: 127.0.0.1:53808 localEndPoint: 127.0.0.1:53807
TpTrace Verbose: 0 : 10484, 13, 2025/03/02, 17:41:07.825, 282386374305, vstest.console.dll, TestRequestSender.OnExecutionMessageReceived: Received message: {"Version":7,"MessageType":"TestSession.Message","Payload":{"MessageLevel":0,"Message":"Logging TestHost Diagnostics in file: C:\\Users\\TOSHIBA\\Downloads\\QA path\\Programming for QA\\Programming Fundamentals and Unit Testing\\20-Unit-Testing-Methods-Exercise-Resources\\TestApp.UnitTests\\bin\\Debug\\net6.0\\fine-code-coverage\\coverage-tool-output\\diagnostics.host.25-03-02_17-41-07_03053_5.log"}}
TpTrace Verbose: 0 : 10484, 13, 2025/03/02, 17:41:07.829, 282386416466, vstest.console.dll, TestRunRequest:SendTestRunMessage: Starting.
TpTrace Verbose: 0 : 10484, 13, 2025/03/02, 17:41:07.829, 282386420822, vstest.console.dll, MulticastDelegateUtilities.SafeInvoke: TestRun.LogMessages: Invoking callback 1/1 for Microsoft.VisualStudio.TestPlatform.CommandLine.TestRunResultAggregator., took 0 ms.
TpTrace Verbose: 0 : 10484, 4, 2025/03/02, 17:41:07.829, 282386420822, vstest.console.dll, MulticastDelegateUtilities.SafeInvoke: InternalTestLoggerEvents.SendTestRunMessage: Invoking callback 1/1 for Microsoft.VisualStudio.TestPlatform.CommandLine.Internal.ConsoleLogger., took 0 ms.
TpTrace Information: 0 : 10484, 13, 2025/03/02, 17:41:07.829, 282386422043, vstest.console.dll, TestRunRequest:SendTestRunMessage: Completed.
TpTrace Verbose: 0 : 10484, 13, 2025/03/02, 17:41:07.830, 282386423510, vstest.console.dll, MulticastDelegateUtilities.SafeInvoke: LengthPrefixCommunicationChannel: MessageReceived: Invoking callback 1/1 for Microsoft.VisualStudio.TestPlatform.CommunicationUtilities.TestRequestSender+<>c__DisplayClass34_0., took 5 ms.
TpTrace Verbose: 0 : 10484, 13, 2025/03/02, 17:41:07.830, 282386423997, vstest.console.dll, TcpClientExtensions.MessageLoopAsync: Polling on remoteEndPoint: 127.0.0.1:53808 localEndPoint: 127.0.0.1:53807 after 18 ms
TpTrace Verbose: 0 : 10484, 5, 2025/03/02, 17:41:07.837, 282386501357, vstest.console.dll, TestRequestSender.StartTestRun: Sending test run with message: {"Version":7,"MessageType":"TestExecution.StartWithSources","Payload":{"AdapterSourceMap":{"_none_":["C:\\Users\\TOSHIBA\\Downloads\\QA path\\Programming for QA\\Programming Fundamentals and Unit Testing\\20-Unit-Testing-Methods-Exercise-Resources\\TestApp.UnitTests\\bin\\Debug\\net6.0\\fine-code-coverage\\build-output\\TestApp.UnitTests.dll"]},"RunSettings":"<RunSettings>\r\n  <RunConfiguration>\r\n    <ResultsDirectory>C:\\Users\\TOSHIBA\\Downloads\\QA path\\Programming for QA\\Programming Fundamentals and Unit Testing\\20-Unit-Testing-Methods-Exercise-Resources\\TestApp.UnitTests\\bin\\Debug\\net6.0\\fine-code-coverage\\coverage-tool-output</ResultsDirectory>\r\n    <TargetFrameworkVersion>.NETCoreApp,Version=v6.0</TargetFrameworkVersion>\r\n    <DesignMode>False</DesignMode>\r\n    <CollectSourceInformation>False</CollectSourceInformation>\r\n  </RunConfiguration>\r\n  <LoggerRunSettings>\r\n    <Loggers>\r\n      <Logger friendlyName=\"blame\" enabled=\"True\" />\r\n      <Logger friendlyName=\"Console\" uri=\"logger://microsoft/TestPlatform/ConsoleLogger/v1\" assemblyQualifiedName=\"Microsoft.VisualStudio.TestPlatform.CommandLine.Internal.ConsoleLogger, vstest.console, Version=15.0.0.0, Culture=neutral, PublicKeyToken=b03f5f7f11d50a3a\" codeBase=\"C:\\Program Files\\dotnet\\sdk\\9.0.100\\vstest.console.dll\" enabled=\"True\" />\r\n    </Loggers>\r\n  </LoggerRunSettings>\r\n  <DataCollectionRunSettings>\r\n    <DataCollectors>\r\n      <DataCollector friendlyName=\"blame\" enabled=\"True\">\r\n        <Configuration>\r\n          <ResultsDirectory>C:\\Users\\TOSHIBA\\Downloads\\QA path\\Programming for QA\\Programming Fundamentals and Unit Testing\\20-Unit-Testing-Methods-Exercise-Resources\\TestApp.UnitTests\\bin\\Debug\\net6.0\\fine-code-coverage\\coverage-tool-output</ResultsDirectory>\r\n        </Configuration>\r\n      </DataCollector>\r\n    </DataCollectors>\r\n  </DataCollectionRunSettings>\r\n</RunSettings>","TestExecutionContext":{"FrequencyOfRunStatsChangeEvent":10,"RunStatsChangeEventTimeout":"00:00:01.5000000","InIsolation":false,"KeepAlive":false,"AreTestCaseLevelEventsRequired":false,"IsDebug":false,"TestCaseFilter":null,"FilterOptions":null},"Package":null}}
TpTrace Verbose: 0 : 10484, 5, 2025/03/02, 17:41:07.838, 282386504856, vstest.console.dll, ParallelProxyExecutionManager.StartTestRunOnConcurrentManager: Execution started. Started clients: 1
TpTrace Verbose: 0 : 10484, 13, 2025/03/02, 17:41:08.181, 282389938525, vstest.console.dll, TcpClientExtensions.MessageLoopAsync: NotifyDataAvailable remoteEndPoint: 127.0.0.1:53808 localEndPoint: 127.0.0.1:53807
TpTrace Verbose: 0 : 10484, 13, 2025/03/02, 17:41:08.181, 282389940733, vstest.console.dll, TestRequestSender.OnExecutionMessageReceived: Received message: {"Version":7,"MessageType":"TestSession.Message","Payload":{"MessageLevel":0,"Message":"NUnit Adapter 4.4.0.0: Test execution started"}}
TpTrace Verbose: 0 : 10484, 13, 2025/03/02, 17:41:08.182, 282389942952, vstest.console.dll, TestRunRequest:SendTestRunMessage: Starting.
TpTrace Verbose: 0 : 10484, 13, 2025/03/02, 17:41:08.182, 282389943977, vstest.console.dll, MulticastDelegateUtilities.SafeInvoke: TestRun.LogMessages: Invoking callback 1/1 for Microsoft.VisualStudio.TestPlatform.CommandLine.TestRunResultAggregator., took 0 ms.
TpTrace Verbose: 0 : 10484, 4, 2025/03/02, 17:41:08.182, 282389943986, vstest.console.dll, MulticastDelegateUtilities.SafeInvoke: InternalTestLoggerEvents.SendTestRunMessage: Invoking callback 1/1 for Microsoft.VisualStudio.TestPlatform.CommandLine.Internal.ConsoleLogger., took 0 ms.
TpTrace Information: 0 : 10484, 13, 2025/03/02, 17:41:08.182, 282389944737, vstest.console.dll, TestRunRequest:SendTestRunMessage: Completed.
TpTrace Verbose: 0 : 10484, 13, 2025/03/02, 17:41:08.182, 282389945864, vstest.console.dll, MulticastDelegateUtilities.SafeInvoke: LengthPrefixCommunicationChannel: MessageReceived: Invoking callback 1/1 for Microsoft.VisualStudio.TestPlatform.CommunicationUtilities.TestRequestSender+<>c__DisplayClass34_0., took 0 ms.
TpTrace Verbose: 0 : 10484, 13, 2025/03/02, 17:41:08.182, 282389946219, vstest.console.dll, TcpClientExtensions.MessageLoopAsync: Polling on remoteEndPoint: 127.0.0.1:53808 localEndPoint: 127.0.0.1:53807 after 352 ms
TpTrace Verbose: 0 : 10484, 13, 2025/03/02, 17:41:08.228, 282390410805, vstest.console.dll, TcpClientExtensions.MessageLoopAsync: NotifyDataAvailable remoteEndPoint: 127.0.0.1:53808 localEndPoint: 127.0.0.1:53807
TpTrace Verbose: 0 : 10484, 13, 2025/03/02, 17:41:08.229, 282390412573, vstest.console.dll, TestRequestSender.OnExecutionMessageReceived: Received message: {"Version":7,"MessageType":"TestSession.Message","Payload":{"MessageLevel":0,"Message":"Running all tests in C:\\Users\\TOSHIBA\\Downloads\\QA path\\Programming for QA\\Programming Fundamentals and Unit Testing\\20-Unit-Testing-Methods-Exercise-Resources\\TestApp.UnitTests\\bin\\Debug\\net6.0\\fine-code-coverage\\build-output\\TestApp.UnitTests.dll"}}
TpTrace Verbose: 0 : 10484, 13, 2025/03/02, 17:41:08.229, 282390414088, vstest.console.dll, TestRunRequest:SendTestRunMessage: Starting.
TpTrace Verbose: 0 : 10484, 13, 2025/03/02, 17:41:08.229, 282390415033, vstest.console.dll, MulticastDelegateUtilities.SafeInvoke: TestRun.LogMessages: Invoking callback 1/1 for Microsoft.VisualStudio.TestPlatform.CommandLine.TestRunResultAggregator., took 0 ms.
TpTrace Verbose: 0 : 10484, 4, 2025/03/02, 17:41:08.229, 282390415228, vstest.console.dll, MulticastDelegateUtilities.SafeInvoke: InternalTestLoggerEvents.SendTestRunMessage: Invoking callback 1/1 for Microsoft.VisualStudio.TestPlatform.CommandLine.Internal.ConsoleLogger., took 0 ms.
TpTrace Information: 0 : 10484, 13, 2025/03/02, 17:41:08.229, 282390415895, vstest.console.dll, TestRunRequest:SendTestRunMessage: Completed.
TpTrace Verbose: 0 : 10484, 13, 2025/03/02, 17:41:08.229, 282390417427, vstest.console.dll, MulticastDelegateUtilities.SafeInvoke: LengthPrefixCommunicationChannel: MessageReceived: Invoking callback 1/1 for Microsoft.VisualStudio.TestPlatform.CommunicationUtilities.TestRequestSender+<>c__DisplayClass34_0., took 0 ms.
TpTrace Verbose: 0 : 10484, 13, 2025/03/02, 17:41:08.229, 282390418138, vstest.console.dll, TcpClientExtensions.MessageLoopAsync: Polling on remoteEndPoint: 127.0.0.1:53808 localEndPoint: 127.0.0.1:53807 after 47 ms
TpTrace Verbose: 0 : 10484, 13, 2025/03/02, 17:41:08.509, 282393216295, vstest.console.dll, TcpClientExtensions.MessageLoopAsync: NotifyDataAvailable remoteEndPoint: 127.0.0.1:53808 localEndPoint: 127.0.0.1:53807
TpTrace Verbose: 0 : 10484, 13, 2025/03/02, 17:41:08.509, 282393218012, vstest.console.dll, TestRequestSender.OnExecutionMessageReceived: Received message: {"Version":7,"MessageType":"TestSession.Message","Payload":{"MessageLevel":0,"Message":"   NUnit3TestExecutor discovered 28 of 28 NUnit test cases using Current Discovery mode, Non-Explicit run"}}
TpTrace Verbose: 0 : 10484, 13, 2025/03/02, 17:41:08.509, 282393219765, vstest.console.dll, TestRunRequest:SendTestRunMessage: Starting.
TpTrace Verbose: 0 : 10484, 13, 2025/03/02, 17:41:08.509, 282393220653, vstest.console.dll, MulticastDelegateUtilities.SafeInvoke: TestRun.LogMessages: Invoking callback 1/1 for Microsoft.VisualStudio.TestPlatform.CommandLine.TestRunResultAggregator., took 0 ms.
TpTrace Verbose: 0 : 10484, 4, 2025/03/02, 17:41:08.509, 282393220984, vstest.console.dll, MulticastDelegateUtilities.SafeInvoke: InternalTestLoggerEvents.SendTestRunMessage: Invoking callback 1/1 for Microsoft.VisualStudio.TestPlatform.CommandLine.Internal.ConsoleLogger., took 0 ms.
TpTrace Information: 0 : 10484, 13, 2025/03/02, 17:41:08.509, 282393221753, vstest.console.dll, TestRunRequest:SendTestRunMessage: Completed.
TpTrace Verbose: 0 : 10484, 13, 2025/03/02, 17:41:08.510, 282393222349, vstest.console.dll, MulticastDelegateUtilities.SafeInvoke: LengthPrefixCommunicationChannel: MessageReceived: Invoking callback 1/1 for Microsoft.VisualStudio.TestPlatform.CommunicationUtilities.TestRequestSender+<>c__DisplayClass34_0., took 0 ms.
TpTrace Verbose: 0 : 10484, 13, 2025/03/02, 17:41:08.510, 282393222893, vstest.console.dll, TcpClientExtensions.MessageLoopAsync: Polling on remoteEndPoint: 127.0.0.1:53808 localEndPoint: 127.0.0.1:53807 after 280 ms
TpTrace Verbose: 0 : 10484, 13, 2025/03/02, 17:41:08.845, 282396573716, vstest.console.dll, TcpClientExtensions.MessageLoopAsync: NotifyDataAvailable remoteEndPoint: 127.0.0.1:53808 localEndPoint: 127.0.0.1:53807
TpTrace Verbose: 0 : 10484, 13, 2025/03/02, 17:41:08.845, 282396579235, vstest.console.dll, TestRequestSender.OnExecutionMessageReceived: Received message: {"Version":7,"MessageType":"TestExecution.StatsChange","Payload":{"NewTestResults":[{"TestCase":{"Id":"859b657a-be7e-e53b-7a39-553b7f6b7e45","FullyQualifiedName":"TestApp.UnitTests.AverageGradeTests.Test_GetGradeDefinition_AverageGradeOverSix_ReturnsErrorMessage","DisplayName":"Test_GetGradeDefinition_AverageGradeOverSix_ReturnsErrorMessage","ExecutorUri":"executor://NUnit3TestExecutor","Source":"C:\\Users\\TOSHIBA\\Downloads\\QA path\\Programming for QA\\Programming Fundamentals and Unit Testing\\20-Unit-Testing-Methods-Exercise-Resources\\TestApp.UnitTests\\bin\\Debug\\net6.0\\fine-code-coverage\\build-output\\TestApp.UnitTests.dll","CodeFilePath":null,"LineNumber":0,"Properties":[{"Key":{"Id":"NUnit.Seed","Label":"Seed","Category":"","Description":"","Attributes":0,"ValueType":"System.String"},"Value":"2011488533"}]},"Attachments":[],"Outcome":1,"ErrorMessage":null,"ErrorStackTrace":null,"DisplayName":"Test_GetGradeDefinition_AverageGradeOverSix_ReturnsErrorMessage","Messages":[],"ComputerName":"DESKTOP-D6DHFFL","Duration":"00:00:00.0291180","StartTime":"2025-03-02T15:41:08.5783142+00:00","EndTime":"2025-03-02T15:41:08.6071302+00:00","Properties":[{"Key":{"Id":"NUnit.Seed","Label":"Seed","Category":"","Description":"","Attributes":0,"ValueType":"System.String"},"Value":"2011488533"}]},{"TestCase":{"Id":"76e8e9c7-ea3f-dcad-a53b-4bf1fcc86874","FullyQualifiedName":"TestApp.UnitTests.AverageGradeTests.Test_GetGradeDefinition_AverageGradeUnderTwo_ReturnsErrorMessage","DisplayName":"Test_GetGradeDefinition_AverageGradeUnderTwo_ReturnsErrorMessage","ExecutorUri":"executor://NUnit3TestExecutor","Source":"C:\\Users\\TOSHIBA\\Downloads\\QA path\\Programming for QA\\Programming Fundamentals and Unit Testing\\20-Unit-Testing-Methods-Exercise-Resources\\TestApp.UnitTests\\bin\\Debug\\net6.0\\fine-code-coverage\\build-output\\TestApp.UnitTests.dll","CodeFilePath":null,"LineNumber":0,"Properties":[{"Key":{"Id":"NUnit.Seed","Label":"Seed","Category":"","Description":"","Attributes":0,"ValueType":"System.String"},"Value":"1609307183"}]},"Attachments":[],"Outcome":1,"ErrorMessage":null,"ErrorStackTrace":null,"DisplayName":"Test_GetGradeDefinition_AverageGradeUnderTwo_ReturnsErrorMessage","Messages":[],"ComputerName":"DESKTOP-D6DHFFL","Duration":"00:00:00.0003620","StartTime":"2025-03-02T15:41:08.6108218+00:00","EndTime":"2025-03-02T15:41:08.6111845+00:00","Properties":[{"Key":{"Id":"NUnit.Seed","Label":"Seed","Category":"","Description":"","Attributes":0,"ValueType":"System.String"},"Value":"1609307183"}]},{"TestCase":{"Id":"115fcc8a-4eef-dd49-3701-4951ff2bfc00","FullyQualifiedName":"TestApp.UnitTests.AverageGradeTests.Test_GetGradeDefinition_ExcellentScoreAverageGrade_ReturnsExcellentDefinitionMessage","DisplayName":"Test_GetGradeDefinition_ExcellentScoreAverageGrade_ReturnsExcellentDefinitionMessage","ExecutorUri":"executor://NUnit3TestExecutor","Source":"C:\\Users\\TOSHIBA\\Downloads\\QA path\\Programming for QA\\Programming Fundamentals and Unit Testing\\20-Unit-Testing-Methods-Exercise-Resources\\TestApp.UnitTests\\bin\\Debug\\net6.0\\fine-code-coverage\\build-output\\TestApp.UnitTests.dll","CodeFilePath":null,"LineNumber":0,"Properties":[{"Key":{"Id":"NUnit.Seed","Label":"Seed","Category":"","Description":"","Attributes":0,"ValueType":"System.String"},"Value":"1666918122"}]},"Attachments":[],"Outcome":1,"ErrorMessage":null,"ErrorStackTrace":null,"DisplayName":"Test_GetGradeDefinition_ExcellentScoreAverageGrade_ReturnsExcellentDefinitionMessage","Messages":[],"ComputerName":"DESKTOP-D6DHFFL","Duration":"00:00:00.0002460","StartTime":"2025-03-02T15:41:08.6112416+00:00","EndTime":"2025-03-02T15:41:08.6114878+00:00","Properties":[{"Key":{"Id":"NUnit.Seed","Label":"Seed","Category":"","Description":"","Attributes":0,"ValueType":"System.String"},"Value":"1666918122"}]},{"TestCase":{"Id":"81397c7c-5bc7-fd7a-75a5-c20be75a3312","FullyQualifiedName":"TestApp.UnitTests.AverageGradeTests.Test_GetGradeDefinition_FailScoreAverageGrade_ReturnsFailDefinitionMessage","DisplayName":"Test_GetGradeDefinition_FailScoreAverageGrade_ReturnsFailDefinitionMessage","ExecutorUri":"executor://NUnit3TestExecutor","Source":"C:\\Users\\TOSHIBA\\Downloads\\QA path\\Programming for QA\\Programming Fundamentals and Unit Testing\\20-Unit-Testing-Methods-Exercise-Resources\\TestApp.UnitTests\\bin\\Debug\\net6.0\\fine-code-coverage\\build-output\\TestApp.UnitTests.dll","CodeFilePath":null,"LineNumber":0,"Properties":[{"Key":{"Id":"NUnit.Seed","Label":"Seed","Category":"","Description":"","Attributes":0,"ValueType":"System.String"},"Value":"1941654105"}]},"Attachments":[],"Outcome":1,"ErrorMessage":null,"ErrorStackTrace":null,"DisplayName":"Test_GetGradeDefinition_FailScoreAverageGrade_ReturnsFailDefinitionMessage","Messages":[],"ComputerName":"DESKTOP-D6DHFFL","Duration":"00:00:00.0002440","StartTime":"2025-03-02T15:41:08.6115066+00:00","EndTime":"2025-03-02T15:41:08.6117501+00:00","Properties":[{"Key":{"Id":"NUnit.Seed","Label":"Seed","Category":"","Description":"","Attributes":0,"ValueType":"System.String"},"Value":"1941654105"}]},{"TestCase":{"Id":"a87ae99c-9415-dd4b-5f68-0da8a9cbce29","FullyQualifiedName":"TestApp.UnitTests.AverageGradeTests.Test_GetGradeDefinition_GoodScoreAverageGrade_ReturnsGoodDefinitionMessage","DisplayName":"Test_GetGradeDefinition_GoodScoreAverageGrade_ReturnsGoodDefinitionMessage","ExecutorUri":"executor://NUnit3TestExecutor","Source":"C:\\Users\\TOSHIBA\\Downloads\\QA path\\Programming for QA\\Programming Fundamentals and Unit Testing\\20-Unit-Testing-Methods-Exercise-Resources\\TestApp.UnitTests\\bin\\Debug\\net6.0\\fine-code-coverage\\build-output\\TestApp.UnitTests.dll","CodeFilePath":null,"LineNumber":0,"Properties":[{"Key":{"Id":"NUnit.Seed","Label":"Seed","Category":"","Description":"","Attributes":0,"ValueType":"System.String"},"Value":"192672310"}]},"Attachments":[],"Outcome":1,"ErrorMessage":null,"ErrorStackTrace":null,"DisplayName":"Test_GetGradeDefinition_GoodScoreAverageGrade_ReturnsGoodDefinitionMessage","Messages":[],"ComputerName":"DESKTOP-D6DHFFL","Duration":"00:00:00.0002200","StartTime":"2025-03-02T15:41:08.6117694+00:00","EndTime":"2025-03-02T15:41:08.6119895+00:00","Properties":[{"Key":{"Id":"NUnit.Seed","Label":"Seed","Category":"","Description":"","Attributes":0,"ValueType":"System.String"},"Value":"192672310"}]},{"TestCase":{"Id":"3024fa37-41dd-3805-15c1-d0904fa9d639","FullyQualifiedName":"TestApp.UnitTests.AverageGradeTests.Test_GetGradeDefinition_PoorScoreAverageGrade_ReturnsPoorDefinitionMessage","DisplayName":"Test_GetGradeDefinition_PoorScoreAverageGrade_ReturnsPoorDefinitionMessage","ExecutorUri":"executor://NUnit3TestExecutor","Source":"C:\\Users\\TOSHIBA\\Downloads\\QA path\\Programming for QA\\Programming Fundamentals and Unit Testing\\20-Unit-Testing-Methods-Exercise-Resources\\TestApp.UnitTests\\bin\\Debug\\net6.0\\fine-code-coverage\\build-output\\TestApp.UnitTests.dll","CodeFilePath":null,"LineNumber":0,"Properties":[{"Key":{"Id":"NUnit.Seed","Label":"Seed","Category":"","Description":"","Attributes":0,"ValueType":"System.String"},"Value":"1641025843"}]},"Attachments":[],"Outcome":1,"ErrorMessage":null,"ErrorStackTrace":null,"DisplayName":"Test_GetGradeDefinition_PoorScoreAverageGrade_ReturnsPoorDefinitionMessage","Messages":[],"ComputerName":"DESKTOP-D6DHFFL","Duration":"00:00:00.0002290","StartTime":"2025-03-02T15:41:08.6120069+00:00","EndTime":"2025-03-02T15:41:08.6122356+00:00","Properties":[{"Key":{"Id":"NUnit.Seed","Label":"Seed","Category":"","Description":"","Attributes":0,"ValueType":"System.String"},"Value":"1641025843"}]},{"TestCase":{"Id":"2555e6c4-785f-b960-74a1-4e0fa5d00970","FullyQualifiedName":"TestApp.UnitTests.AverageGradeTests.Test_GetGradeDefinition_VeryGoodScoreAverageGrade_ReturnsVeryGoodDefinitionMessage","DisplayName":"Test_GetGradeDefinition_VeryGoodScoreAverageGrade_ReturnsVeryGoodDefinitionMessage","ExecutorUri":"executor://NUnit3TestExecutor","Source":"C:\\Users\\TOSHIBA\\Downloads\\QA path\\Programming for QA\\Programming Fundamentals and Unit Testing\\20-Unit-Testing-Methods-Exercise-Resources\\TestApp.UnitTests\\bin\\Debug\\net6.0\\fine-code-coverage\\build-output\\TestApp.UnitTests.dll","CodeFilePath":null,"LineNumber":0,"Properties":[{"Key":{"Id":"NUnit.Seed","Label":"Seed","Category":"","Description":"","Attributes":0,"ValueType":"System.String"},"Value":"1951725404"}]},"Attachments":[],"Outcome":1,"ErrorMessage":null,"ErrorStackTrace":null,"DisplayName":"Test_GetGradeDefinition_VeryGoodScoreAverageGrade_ReturnsVeryGoodDefinitionMessage","Messages":[],"ComputerName":"DESKTOP-D6DHFFL","Duration":"00:00:00.0002260","StartTime":"2025-03-02T15:41:08.6122519+00:00","EndTime":"2025-03-02T15:41:08.6124773+00:00","Properties":[{"Key":{"Id":"NUnit.Seed","Label":"Seed","Category":"","Description":"","Attributes":0,"ValueType":"System.String"},"Value":"1951725404"}]},{"TestCase":{"Id":"6a3a64a2-2e45-6e4f-2cd5-75930e06cb72","FullyQualifiedName":"TestApp.UnitTests.EmailTests.Test_IsValidEmail_InvalidEmail","DisplayName":"Test_IsValidEmail_InvalidEmail","ExecutorUri":"executor://NUnit3TestExecutor","Source":"C:\\Users\\TOSHIBA\\Downloads\\QA path\\Programming for QA\\Programming Fundamentals and Unit Testing\\20-Unit-Testing-Methods-Exercise-Resources\\TestApp.UnitTests\\bin\\Debug\\net6.0\\fine-code-coverage\\build-output\\TestApp.UnitTests.dll","CodeFilePath":null,"LineNumber":0,"Properties":[{"Key":{"Id":"NUnit.Seed","Label":"Seed","Category":"","Description":"","Attributes":0,"ValueType":"System.String"},"Value":"385122328"}]},"Attachments":[],"Outcome":1,"ErrorMessage":null,"ErrorStackTrace":null,"DisplayName":"Test_IsValidEmail_InvalidEmail","Messages":[],"ComputerName":"DESKTOP-D6DHFFL","Duration":"00:00:00.0149960","StartTime":"2025-03-02T15:41:08.6324395+00:00","EndTime":"2025-03-02T15:41:08.6474349+00:00","Properties":[{"Key":{"Id":"NUnit.Seed","Label":"Seed","Category":"","Description":"","Attributes":0,"ValueType":"System.String"},"Value":"385122328"}]},{"TestCase":{"Id":"7b7d6c1e-8f33-67d2-00b3-690c659ca33c","FullyQualifiedName":"TestApp.UnitTests.EmailTests.Test_IsValidEmail_NullInput","DisplayName":"Test_IsValidEmail_NullInput","ExecutorUri":"executor://NUnit3TestExecutor","Source":"C:\\Users\\TOSHIBA\\Downloads\\QA path\\Programming for QA\\Programming Fundamentals and Unit Testing\\20-Unit-Testing-Methods-Exercise-Resources\\TestApp.UnitTests\\bin\\Debug\\net6.0\\fine-code-coverage\\build-output\\TestApp.UnitTests.dll","CodeFilePath":null,"LineNumber":0,"Properties":[{"Key":{"Id":"NUnit.Seed","Label":"Seed","Category":"","Description":"","Attributes":0,"ValueType":"System.String"},"Value":"285530327"}]},"Attachments":[],"Outcome":1,"ErrorMessage":null,"ErrorStackTrace":null,"DisplayName":"Test_IsValidEmail_NullInput","Messages":[],"ComputerName":"DESKTOP-D6DHFFL","Duration":"00:00:00.0067720","StartTime":"2025-03-02T15:41:08.6492618+00:00","EndTime":"2025-03-02T15:41:08.6560346+00:00","Properties":[{"Key":{"Id":"NUnit.Seed","Label":"Seed","Category":"","Description":"","Attributes":0,"ValueType":"System.String"},"Value":"285530327"}]}],"TestRunStatistics":{"ExecutedTests":9,"Stats":{"Passed":9}},"ActiveTests":[{"Id":"8254c14c-144e-5382-21f5-6ce91900c0af","FullyQualifiedName":"TestApp.UnitTests.EmailTests.Test_IsValidEmail_ValidEmail","DisplayName":"Test_IsValidEmail_ValidEmail","ExecutorUri":"executor://NUnit3TestExecutor","Source":"C:\\Users\\TOSHIBA\\Downloads\\QA path\\Programming for QA\\Programming Fundamentals and Unit Testing\\20-Unit-Testing-Methods-Exercise-Resources\\TestApp.UnitTests\\bin\\Debug\\net6.0\\fine-code-coverage\\build-output\\TestApp.UnitTests.dll","CodeFilePath":null,"LineNumber":0,"Properties":[{"Key":{"Id":"NUnit.Seed","Label":"Seed","Category":"","Description":"","Attributes":0,"ValueType":"System.String"},"Value":"805749072"}]}]}}
TpTrace Verbose: 0 : 10484, 13, 2025/03/02, 17:41:08.906, 282397187724, vstest.console.dll, TestRunRequest:SendTestRunStatsChange: Starting.
TpTrace Verbose: 0 : 10484, 13, 2025/03/02, 17:41:08.906, 282397189833, vstest.console.dll, InProgress is Test_IsValidEmail_ValidEmail
TpTrace Verbose: 0 : 10484, 13, 2025/03/02, 17:41:08.907, 282397192669, vstest.console.dll, MulticastDelegateUtilities.SafeInvoke: TestRun.RunStatsChanged: Invoking callbacks was skipped because there are no subscribers.
TpTrace Information: 0 : 10484, 13, 2025/03/02, 17:41:08.907, 282397193703, vstest.console.dll, TestRunRequest:SendTestRunStatsChange: Completed.
TpTrace Verbose: 0 : 10484, 13, 2025/03/02, 17:41:08.907, 282397194905, vstest.console.dll, MulticastDelegateUtilities.SafeInvoke: LengthPrefixCommunicationChannel: MessageReceived: Invoking callback 1/1 for Microsoft.VisualStudio.TestPlatform.CommunicationUtilities.TestRequestSender+<>c__DisplayClass34_0., took 61 ms.
TpTrace Verbose: 0 : 10484, 13, 2025/03/02, 17:41:08.907, 282397195635, vstest.console.dll, TcpClientExtensions.MessageLoopAsync: Polling on remoteEndPoint: 127.0.0.1:53808 localEndPoint: 127.0.0.1:53807 after 397 ms
TpTrace Verbose: 0 : 10484, 13, 2025/03/02, 17:41:08.907, 282397196825, vstest.console.dll, TcpClientExtensions.MessageLoopAsync: NotifyDataAvailable remoteEndPoint: 127.0.0.1:53808 localEndPoint: 127.0.0.1:53807
TpTrace Verbose: 0 : 10484, 13, 2025/03/02, 17:41:08.907, 282397199770, vstest.console.dll, TestRequestSender.OnExecutionMessageReceived: Received message: {"Version":7,"MessageType":"TestExecution.StatsChange","Payload":{"NewTestResults":[{"TestCase":{"Id":"8254c14c-144e-5382-21f5-6ce91900c0af","FullyQualifiedName":"TestApp.UnitTests.EmailTests.Test_IsValidEmail_ValidEmail","DisplayName":"Test_IsValidEmail_ValidEmail","ExecutorUri":"executor://NUnit3TestExecutor","Source":"C:\\Users\\TOSHIBA\\Downloads\\QA path\\Programming for QA\\Programming Fundamentals and Unit Testing\\20-Unit-Testing-Methods-Exercise-Resources\\TestApp.UnitTests\\bin\\Debug\\net6.0\\fine-code-coverage\\build-output\\TestApp.UnitTests.dll","CodeFilePath":null,"LineNumber":0,"Properties":[{"Key":{"Id":"NUnit.Seed","Label":"Seed","Category":"","Description":"","Attributes":0,"ValueType":"System.String"},"Value":"805749072"}]},"Attachments":[],"Outcome":1,"ErrorMessage":null,"ErrorStackTrace":null,"DisplayName":"Test_IsValidEmail_ValidEmail","Messages":[],"ComputerName":"DESKTOP-D6DHFFL","Duration":"00:00:00.0026380","StartTime":"2025-03-02T15:41:08.6564423+00:00","EndTime":"2025-03-02T15:41:08.6590802+00:00","Properties":[{"Key":{"Id":"NUnit.Seed","Label":"Seed","Category":"","Description":"","Attributes":0,"ValueType":"System.String"},"Value":"805749072"}]},{"TestCase":{"Id":"351b34c0-6d00-c808-61c5-230687768261","FullyQualifiedName":"TestApp.UnitTests.FibonacciTests.Test_CalculateFibonacci_PositiveInput","DisplayName":"Test_CalculateFibonacci_PositiveInput","ExecutorUri":"executor://NUnit3TestExecutor","Source":"C:\\Users\\TOSHIBA\\Downloads\\QA path\\Programming for QA\\Programming Fundamentals and Unit Testing\\20-Unit-Testing-Methods-Exercise-Resources\\TestApp.UnitTests\\bin\\Debug\\net6.0\\fine-code-coverage\\build-output\\TestApp.UnitTests.dll","CodeFilePath":null,"LineNumber":0,"Properties":[{"Key":{"Id":"NUnit.Seed","Label":"Seed","Category":"","Description":"","Attributes":0,"ValueType":"System.String"},"Value":"904728428"}]},"Attachments":[],"Outcome":1,"ErrorMessage":null,"ErrorStackTrace":null,"DisplayName":"Test_CalculateFibonacci_PositiveInput","Messages":[],"ComputerName":"DESKTOP-D6DHFFL","Duration":"00:00:00.0152650","StartTime":"2025-03-02T15:41:08.6629932+00:00","EndTime":"2025-03-02T15:41:08.678258+00:00","Properties":[{"Key":{"Id":"NUnit.Seed","Label":"Seed","Category":"","Description":"","Attributes":0,"ValueType":"System.String"},"Value":"904728428"}]},{"TestCase":{"Id":"76732b7a-7e89-cb09-bab4-125123567a1d","FullyQualifiedName":"TestApp.UnitTests.FibonacciTests.Test_CalculateFibonacci_ZeroInput","DisplayName":"Test_CalculateFibonacci_ZeroInput","ExecutorUri":"executor://NUnit3TestExecutor","Source":"C:\\Users\\TOSHIBA\\Downloads\\QA path\\Programming for QA\\Programming Fundamentals and Unit Testing\\20-Unit-Testing-Methods-Exercise-Resources\\TestApp.UnitTests\\bin\\Debug\\net6.0\\fine-code-coverage\\build-output\\TestApp.UnitTests.dll","CodeFilePath":null,"LineNumber":0,"Properties":[{"Key":{"Id":"NUnit.Seed","Label":"Seed","Category":"","Description":"","Attributes":0,"ValueType":"System.String"},"Value":"1836343286"}]},"Attachments":[],"Outcome":1,"ErrorMessage":null,"ErrorStackTrace":null,"DisplayName":"Test_CalculateFibonacci_ZeroInput","Messages":[],"ComputerName":"DESKTOP-D6DHFFL","Duration":"00:00:00.0003920","StartTime":"2025-03-02T15:41:08.6782917+00:00","EndTime":"2025-03-02T15:41:08.6786837+00:00","Properties":[{"Key":{"Id":"NUnit.Seed","Label":"Seed","Category":"","Description":"","Attributes":0,"ValueType":"System.String"},"Value":"1836343286"}]},{"TestCase":{"Id":"7e2778e2-f57c-af16-fc17-37e2b36b4db8","FullyQualifiedName":"TestApp.UnitTests.MiddleCharactersTests.Test_GetMiddleChars_EmptyString_ReturnsEmptyStringMessage","DisplayName":"Test_GetMiddleChars_EmptyString_ReturnsEmptyStringMessage","ExecutorUri":"executor://NUnit3TestExecutor","Source":"C:\\Users\\TOSHIBA\\Downloads\\QA path\\Programming for QA\\Programming Fundamentals and Unit Testing\\20-Unit-Testing-Methods-Exercise-Resources\\TestApp.UnitTests\\bin\\Debug\\net6.0\\fine-code-coverage\\build-output\\TestApp.UnitTests.dll","CodeFilePath":null,"LineNumber":0,"Properties":[{"Key":{"Id":"NUnit.Seed","Label":"Seed","Category":"","Description":"","Attributes":0,"ValueType":"System.String"},"Value":"844641881"}]},"Attachments":[],"Outcome":1,"ErrorMessage":null,"ErrorStackTrace":null,"DisplayName":"Test_GetMiddleChars_EmptyString_ReturnsEmptyStringMessage","Messages":[],"ComputerName":"DESKTOP-D6DHFFL","Duration":"00:00:00.0005370","StartTime":"2025-03-02T15:41:08.679408+00:00","EndTime":"2025-03-02T15:41:08.6799453+00:00","Properties":[{"Key":{"Id":"NUnit.Seed","Label":"Seed","Category":"","Description":"","Attributes":0,"ValueType":"System.String"},"Value":"844641881"}]},{"TestCase":{"Id":"4f7afa38-0c18-5477-d10b-63e6df462cce","FullyQualifiedName":"TestApp.UnitTests.MiddleCharactersTests.Test_GetMiddleChars_EvenStringLength_ReturnsTwoCharactersString","DisplayName":"Test_GetMiddleChars_EvenStringLength_ReturnsTwoCharactersString","ExecutorUri":"executor://NUnit3TestExecutor","Source":"C:\\Users\\TOSHIBA\\Downloads\\QA path\\Programming for QA\\Programming Fundamentals and Unit Testing\\20-Unit-Testing-Methods-Exercise-Resources\\TestApp.UnitTests\\bin\\Debug\\net6.0\\fine-code-coverage\\build-output\\TestApp.UnitTests.dll","CodeFilePath":null,"LineNumber":0,"Properties":[{"Key":{"Id":"NUnit.Seed","Label":"Seed","Category":"","Description":"","Attributes":0,"ValueType":"System.String"},"Value":"1656662498"}]},"Attachments":[],"Outcome":1,"ErrorMessage":null,"ErrorStackTrace":null,"DisplayName":"Test_GetMiddleChars_EvenStringLength_ReturnsTwoCharactersString","Messages":[],"ComputerName":"DESKTOP-D6DHFFL","Duration":"00:00:00.0002440","StartTime":"2025-03-02T15:41:08.6805877+00:00","EndTime":"2025-03-02T15:41:08.6808319+00:00","Properties":[{"Key":{"Id":"NUnit.Seed","Label":"Seed","Category":"","Description":"","Attributes":0,"ValueType":"System.String"},"Value":"1656662498"}]},{"TestCase":{"Id":"8f4159fb-6d57-6f76-7a64-61e0a9dee8fb","FullyQualifiedName":"TestApp.UnitTests.MiddleCharactersTests.Test_GetMiddleChars_OddStringLength_ReturnsOneCharactersString","DisplayName":"Test_GetMiddleChars_OddStringLength_ReturnsOneCharactersString","ExecutorUri":"executor://NUnit3TestExecutor","Source":"C:\\Users\\TOSHIBA\\Downloads\\QA path\\Programming for QA\\Programming Fundamentals and Unit Testing\\20-Unit-Testing-Methods-Exercise-Resources\\TestApp.UnitTests\\bin\\Debug\\net6.0\\fine-code-coverage\\build-output\\TestApp.UnitTests.dll","CodeFilePath":null,"LineNumber":0,"Properties":[{"Key":{"Id":"NUnit.Seed","Label":"Seed","Category":"","Description":"","Attributes":0,"ValueType":"System.String"},"Value":"1988049222"}]},"Attachments":[],"Outcome":1,"ErrorMessage":null,"ErrorStackTrace":null,"DisplayName":"Test_GetMiddleChars_OddStringLength_ReturnsOneCharactersString","Messages":[],"ComputerName":"DESKTOP-D6DHFFL","Duration":"00:00:00.0001730","StartTime":"2025-03-02T15:41:08.6808844+00:00","EndTime":"2025-03-02T15:41:08.6810573+00:00","Properties":[{"Key":{"Id":"NUnit.Seed","Label":"Seed","Category":"","Description":"","Attributes":0,"ValueType":"System.String"},"Value":"1988049222"}]},{"TestCase":{"Id":"69bb465e-1f9e-5248-ef58-9fd2ebb124dc","FullyQualifiedName":"TestApp.UnitTests.MiddleCharactersTests.Test_GetMiddleChars_SingleCharacterString_ReturnsTheCharacter","DisplayName":"Test_GetMiddleChars_SingleCharacterString_ReturnsTheCharacter","ExecutorUri":"executor://NUnit3TestExecutor","Source":"C:\\Users\\TOSHIBA\\Downloads\\QA path\\Programming for QA\\Programming Fundamentals and Unit Testing\\20-Unit-Testing-Methods-Exercise-Resources\\TestApp.UnitTests\\bin\\Debug\\net6.0\\fine-code-coverage\\build-output\\TestApp.UnitTests.dll","CodeFilePath":null,"LineNumber":0,"Properties":[{"Key":{"Id":"NUnit.Seed","Label":"Seed","Category":"","Description":"","Attributes":0,"ValueType":"System.String"},"Value":"1031147251"}]},"Attachments":[],"Outcome":1,"ErrorMessage":null,"ErrorStackTrace":null,"DisplayName":"Test_GetMiddleChars_SingleCharacterString_ReturnsTheCharacter","Messages":[],"ComputerName":"DESKTOP-D6DHFFL","Duration":"00:00:00.0001560","StartTime":"2025-03-02T15:41:08.6810745+00:00","EndTime":"2025-03-02T15:41:08.6812301+00:00","Properties":[{"Key":{"Id":"NUnit.Seed","Label":"Seed","Category":"","Description":"","Attributes":0,"ValueType":"System.String"},"Value":"1031147251"}]},{"TestCase":{"Id":"073466d5-a08b-de9d-19b0-8a278eb2d5a0","FullyQualifiedName":"TestApp.UnitTests.MiddleCharactersTests.Test_GetMiddleChars_WhiteSpaceString_ReturnsEmptyStringMessage","DisplayName":"Test_GetMiddleChars_WhiteSpaceString_ReturnsEmptyStringMessage","ExecutorUri":"executor://NUnit3TestExecutor","Source":"C:\\Users\\TOSHIBA\\Downloads\\QA path\\Programming for QA\\Programming Fundamentals and Unit Testing\\20-Unit-Testing-Methods-Exercise-Resources\\TestApp.UnitTests\\bin\\Debug\\net6.0\\fine-code-coverage\\build-output\\TestApp.UnitTests.dll","CodeFilePath":null,"LineNumber":0,"Properties":[{"Key":{"Id":"NUnit.Seed","Label":"Seed","Category":"","Description":"","Attributes":0,"ValueType":"System.String"},"Value":"1680870120"}]},"Attachments":[],"Outcome":1,"ErrorMessage":null,"ErrorStackTrace":null,"DisplayName":"Test_GetMiddleChars_WhiteSpaceString_ReturnsEmptyStringMessage","Messages":[],"ComputerName":"DESKTOP-D6DHFFL","Duration":"00:00:00.0001499","StartTime":"2025-03-02T15:41:08.6812456+00:00","EndTime":"2025-03-02T15:41:08.6813954+00:00","Properties":[{"Key":{"Id":"NUnit.Seed","Label":"Seed","Category":"","Description":"","Attributes":0,"ValueType":"System.String"},"Value":"1680870120"}]},{"TestCase":{"Id":"854b9fb5-6725-f8ca-5166-c162e518820f","FullyQualifiedName":"TestApp.UnitTests.PalindromeIntegersTests.Test_FindPalindromes_AllElementsArePalindromes_ReturnsSameIntegersList","DisplayName":"Test_FindPalindromes_AllElementsArePalindromes_ReturnsSameIntegersList","ExecutorUri":"executor://NUnit3TestExecutor","Source":"C:\\Users\\TOSHIBA\\Downloads\\QA path\\Programming for QA\\Programming Fundamentals and Unit Testing\\20-Unit-Testing-Methods-Exercise-Resources\\TestApp.UnitTests\\bin\\Debug\\net6.0\\fine-code-coverage\\build-output\\TestApp.UnitTests.dll","CodeFilePath":null,"LineNumber":0,"Properties":[{"Key":{"Id":"NUnit.Seed","Label":"Seed","Category":"","Description":"","Attributes":0,"ValueType":"System.String"},"Value":"1420428721"}]},"Attachments":[],"Outcome":1,"ErrorMessage":null,"ErrorStackTrace":null,"DisplayName":"Test_FindPalindromes_AllElementsArePalindromes_ReturnsSameIntegersList","Messages":[],"ComputerName":"DESKTOP-D6DHFFL","Duration":"00:00:00.0114750","StartTime":"2025-03-02T15:41:08.6816331+00:00","EndTime":"2025-03-02T15:41:08.693108+00:00","Properties":[{"Key":{"Id":"NUnit.Seed","Label":"Seed","Category":"","Description":"","Attributes":0,"ValueType":"System.String"},"Value":"1420428721"}]}],"TestRunStatistics":{"ExecutedTests":18,"Stats":{"Passed":18}},"ActiveTests":[{"Id":"76baa466-7766-c86d-a9be-1e73ba4b80ec","FullyQualifiedName":"TestApp.UnitTests.PalindromeIntegersTests.Test_FindPalindromes_EmptyList_ReturnsEmptyList","DisplayName":"Test_FindPalindromes_EmptyList_ReturnsEmptyList","ExecutorUri":"executor://NUnit3TestExecutor","Source":"C:\\Users\\TOSHIBA\\Downloads\\QA path\\Programming for QA\\Programming Fundamentals and Unit Testing\\20-Unit-Testing-Methods-Exercise-Resources\\TestApp.UnitTests\\bin\\Debug\\net6.0\\fine-code-coverage\\build-output\\TestApp.UnitTests.dll","CodeFilePath":null,"LineNumber":0,"Properties":[{"Key":{"Id":"NUnit.Seed","Label":"Seed","Category":"","Description":"","Attributes":0,"ValueType":"System.String"},"Value":"738612642"}]}]}}
TpTrace Verbose: 0 : 10484, 4, 2025/03/02, 17:41:08.910, 282397226607, vstest.console.dll, MulticastDelegateUtilities.SafeInvoke: InternalTestLoggerEvents.SendTestResult: Invoking callback 1/1 for Microsoft.VisualStudio.TestPlatform.CommandLine.Internal.ConsoleLogger., took 3 ms.
TpTrace Verbose: 0 : 10484, 13, 2025/03/02, 17:41:08.910, 282397229377, vstest.console.dll, TestRunRequest:SendTestRunStatsChange: Starting.
TpTrace Verbose: 0 : 10484, 13, 2025/03/02, 17:41:08.910, 282397230116, vstest.console.dll, InProgress is Test_FindPalindromes_EmptyList_ReturnsEmptyList
TpTrace Verbose: 0 : 10484, 13, 2025/03/02, 17:41:08.910, 282397231147, vstest.console.dll, MulticastDelegateUtilities.SafeInvoke: TestRun.RunStatsChanged: Invoking callbacks was skipped because there are no subscribers.
TpTrace Information: 0 : 10484, 13, 2025/03/02, 17:41:08.910, 282397231719, vstest.console.dll, TestRunRequest:SendTestRunStatsChange: Completed.
TpTrace Verbose: 0 : 10484, 13, 2025/03/02, 17:41:08.910, 282397232274, vstest.console.dll, MulticastDelegateUtilities.SafeInvoke: LengthPrefixCommunicationChannel: MessageReceived: Invoking callback 1/1 for Microsoft.VisualStudio.TestPlatform.CommunicationUtilities.TestRequestSender+<>c__DisplayClass34_0., took 3 ms.
TpTrace Verbose: 0 : 10484, 4, 2025/03/02, 17:41:08.911, 282397232365, vstest.console.dll, MulticastDelegateUtilities.SafeInvoke: InternalTestLoggerEvents.SendTestResult: Invoking callback 1/1 for Microsoft.VisualStudio.TestPlatform.CommandLine.Internal.ConsoleLogger., took 0 ms.
TpTrace Verbose: 0 : 10484, 13, 2025/03/02, 17:41:08.911, 282397232916, vstest.console.dll, TcpClientExtensions.MessageLoopAsync: Polling on remoteEndPoint: 127.0.0.1:53808 localEndPoint: 127.0.0.1:53807 after 3 ms
TpTrace Verbose: 0 : 10484, 4, 2025/03/02, 17:41:08.911, 282397233934, vstest.console.dll, MulticastDelegateUtilities.SafeInvoke: InternalTestLoggerEvents.SendTestResult: Invoking callback 1/1 for Microsoft.VisualStudio.TestPlatform.CommandLine.Internal.ConsoleLogger., took 0 ms.
TpTrace Verbose: 0 : 10484, 4, 2025/03/02, 17:41:08.911, 282397234847, vstest.console.dll, MulticastDelegateUtilities.SafeInvoke: InternalTestLoggerEvents.SendTestResult: Invoking callback 1/1 for Microsoft.VisualStudio.TestPlatform.CommandLine.Internal.ConsoleLogger., took 0 ms.
TpTrace Verbose: 0 : 10484, 4, 2025/03/02, 17:41:08.911, 282397235738, vstest.console.dll, MulticastDelegateUtilities.SafeInvoke: InternalTestLoggerEvents.SendTestResult: Invoking callback 1/1 for Microsoft.VisualStudio.TestPlatform.CommandLine.Internal.ConsoleLogger., took 0 ms.
TpTrace Verbose: 0 : 10484, 4, 2025/03/02, 17:41:08.911, 282397236328, vstest.console.dll, MulticastDelegateUtilities.SafeInvoke: InternalTestLoggerEvents.SendTestResult: Invoking callback 1/1 for Microsoft.VisualStudio.TestPlatform.CommandLine.Internal.ConsoleLogger., took 0 ms.
TpTrace Verbose: 0 : 10484, 4, 2025/03/02, 17:41:08.911, 282397236787, vstest.console.dll, MulticastDelegateUtilities.SafeInvoke: InternalTestLoggerEvents.SendTestResult: Invoking callback 1/1 for Microsoft.VisualStudio.TestPlatform.CommandLine.Internal.ConsoleLogger., took 0 ms.
TpTrace Verbose: 0 : 10484, 4, 2025/03/02, 17:41:08.911, 282397237556, vstest.console.dll, MulticastDelegateUtilities.SafeInvoke: InternalTestLoggerEvents.SendTestResult: Invoking callback 1/1 for Microsoft.VisualStudio.TestPlatform.CommandLine.Internal.ConsoleLogger., took 0 ms.
TpTrace Verbose: 0 : 10484, 4, 2025/03/02, 17:41:08.911, 282397238068, vstest.console.dll, MulticastDelegateUtilities.SafeInvoke: InternalTestLoggerEvents.SendTestResult: Invoking callback 1/1 for Microsoft.VisualStudio.TestPlatform.CommandLine.Internal.ConsoleLogger., took 0 ms.
TpTrace Verbose: 0 : 10484, 4, 2025/03/02, 17:41:08.911, 282397238543, vstest.console.dll, MulticastDelegateUtilities.SafeInvoke: InternalTestLoggerEvents.SendTestResult: Invoking callback 1/1 for Microsoft.VisualStudio.TestPlatform.CommandLine.Internal.ConsoleLogger., took 0 ms.
TpTrace Verbose: 0 : 10484, 4, 2025/03/02, 17:41:08.911, 282397239240, vstest.console.dll, MulticastDelegateUtilities.SafeInvoke: InternalTestLoggerEvents.SendTestResult: Invoking callback 1/1 for Microsoft.VisualStudio.TestPlatform.CommandLine.Internal.ConsoleLogger., took 0 ms.
TpTrace Verbose: 0 : 10484, 4, 2025/03/02, 17:41:08.911, 282397239742, vstest.console.dll, MulticastDelegateUtilities.SafeInvoke: InternalTestLoggerEvents.SendTestResult: Invoking callback 1/1 for Microsoft.VisualStudio.TestPlatform.CommandLine.Internal.ConsoleLogger., took 0 ms.
TpTrace Verbose: 0 : 10484, 4, 2025/03/02, 17:41:08.911, 282397240177, vstest.console.dll, MulticastDelegateUtilities.SafeInvoke: InternalTestLoggerEvents.SendTestResult: Invoking callback 1/1 for Microsoft.VisualStudio.TestPlatform.CommandLine.Internal.ConsoleLogger., took 0 ms.
TpTrace Verbose: 0 : 10484, 4, 2025/03/02, 17:41:08.911, 282397240905, vstest.console.dll, MulticastDelegateUtilities.SafeInvoke: InternalTestLoggerEvents.SendTestResult: Invoking callback 1/1 for Microsoft.VisualStudio.TestPlatform.CommandLine.Internal.ConsoleLogger., took 0 ms.
TpTrace Verbose: 0 : 10484, 4, 2025/03/02, 17:41:08.911, 282397241430, vstest.console.dll, MulticastDelegateUtilities.SafeInvoke: InternalTestLoggerEvents.SendTestResult: Invoking callback 1/1 for Microsoft.VisualStudio.TestPlatform.CommandLine.Internal.ConsoleLogger., took 0 ms.
TpTrace Verbose: 0 : 10484, 4, 2025/03/02, 17:41:08.911, 282397241868, vstest.console.dll, MulticastDelegateUtilities.SafeInvoke: InternalTestLoggerEvents.SendTestResult: Invoking callback 1/1 for Microsoft.VisualStudio.TestPlatform.CommandLine.Internal.ConsoleLogger., took 0 ms.
TpTrace Verbose: 0 : 10484, 4, 2025/03/02, 17:41:08.912, 282397242304, vstest.console.dll, MulticastDelegateUtilities.SafeInvoke: InternalTestLoggerEvents.SendTestResult: Invoking callback 1/1 for Microsoft.VisualStudio.TestPlatform.CommandLine.Internal.ConsoleLogger., took 0 ms.
TpTrace Verbose: 0 : 10484, 4, 2025/03/02, 17:41:08.912, 282397242780, vstest.console.dll, MulticastDelegateUtilities.SafeInvoke: InternalTestLoggerEvents.SendTestResult: Invoking callback 1/1 for Microsoft.VisualStudio.TestPlatform.CommandLine.Internal.ConsoleLogger., took 0 ms.
TpTrace Verbose: 0 : 10484, 13, 2025/03/02, 17:41:08.944, 282397565917, vstest.console.dll, TcpClientExtensions.MessageLoopAsync: NotifyDataAvailable remoteEndPoint: 127.0.0.1:53808 localEndPoint: 127.0.0.1:53807
TpTrace Verbose: 0 : 10484, 13, 2025/03/02, 17:41:08.944, 282397568792, vstest.console.dll, TestRequestSender.OnExecutionMessageReceived: Received message: {"Version":7,"MessageType":"TestExecution.StatsChange","Payload":{"NewTestResults":[{"TestCase":{"Id":"76baa466-7766-c86d-a9be-1e73ba4b80ec","FullyQualifiedName":"TestApp.UnitTests.PalindromeIntegersTests.Test_FindPalindromes_EmptyList_ReturnsEmptyList","DisplayName":"Test_FindPalindromes_EmptyList_ReturnsEmptyList","ExecutorUri":"executor://NUnit3TestExecutor","Source":"C:\\Users\\TOSHIBA\\Downloads\\QA path\\Programming for QA\\Programming Fundamentals and Unit Testing\\20-Unit-Testing-Methods-Exercise-Resources\\TestApp.UnitTests\\bin\\Debug\\net6.0\\fine-code-coverage\\build-output\\TestApp.UnitTests.dll","CodeFilePath":null,"LineNumber":0,"Properties":[{"Key":{"Id":"NUnit.Seed","Label":"Seed","Category":"","Description":"","Attributes":0,"ValueType":"System.String"},"Value":"738612642"}]},"Attachments":[],"Outcome":1,"ErrorMessage":null,"ErrorStackTrace":null,"DisplayName":"Test_FindPalindromes_EmptyList_ReturnsEmptyList","Messages":[],"ComputerName":"DESKTOP-D6DHFFL","Duration":"00:00:00.0018740","StartTime":"2025-03-02T15:41:08.6935063+00:00","EndTime":"2025-03-02T15:41:08.69538+00:00","Properties":[{"Key":{"Id":"NUnit.Seed","Label":"Seed","Category":"","Description":"","Attributes":0,"ValueType":"System.String"},"Value":"738612642"}]},{"TestCase":{"Id":"c02f62b6-d565-162a-7e30-31854fbc57a7","FullyQualifiedName":"TestApp.UnitTests.PalindromeIntegersTests.Test_FindPalindromes_NoPalindromes_ReturnsEmptyList","DisplayName":"Test_FindPalindromes_NoPalindromes_ReturnsEmptyList","ExecutorUri":"executor://NUnit3TestExecutor","Source":"C:\\Users\\TOSHIBA\\Downloads\\QA path\\Programming for QA\\Programming Fundamentals and Unit Testing\\20-Unit-Testing-Methods-Exercise-Resources\\TestApp.UnitTests\\bin\\Debug\\net6.0\\fine-code-coverage\\build-output\\TestApp.UnitTests.dll","CodeFilePath":null,"LineNumber":0,"Properties":[{"Key":{"Id":"NUnit.Seed","Label":"Seed","Category":"","Description":"","Attributes":0,"ValueType":"System.String"},"Value":"673669248"}]},"Attachments":[],"Outcome":1,"ErrorMessage":null,"ErrorStackTrace":null,"DisplayName":"Test_FindPalindromes_NoPalindromes_ReturnsEmptyList","Messages":[],"ComputerName":"DESKTOP-D6DHFFL","Duration":"00:00:00.0002810","StartTime":"2025-03-02T15:41:08.6955206+00:00","EndTime":"2025-03-02T15:41:08.6958018+00:00","Properties":[{"Key":{"Id":"NUnit.Seed","Label":"Seed","Category":"","Description":"","Attributes":0,"ValueType":"System.String"},"Value":"673669248"}]},{"TestCase":{"Id":"a1fee907-44d0-b3b6-372d-2fe61917adc5","FullyQualifiedName":"TestApp.UnitTests.PalindromeIntegersTests.Test_FindPalindromes_OnlySingleDigitsElements_ReturnsSameIntegersList","DisplayName":"Test_FindPalindromes_OnlySingleDigitsElements_ReturnsSameIntegersList","ExecutorUri":"executor://NUnit3TestExecutor","Source":"C:\\Users\\TOSHIBA\\Downloads\\QA path\\Programming for QA\\Programming Fundamentals and Unit Testing\\20-Unit-Testing-Methods-Exercise-Resources\\TestApp.UnitTests\\bin\\Debug\\net6.0\\fine-code-coverage\\build-output\\TestApp.UnitTests.dll","CodeFilePath":null,"LineNumber":0,"Properties":[{"Key":{"Id":"NUnit.Seed","Label":"Seed","Category":"","Description":"","Attributes":0,"ValueType":"System.String"},"Value":"1144389125"}]},"Attachments":[],"Outcome":1,"ErrorMessage":null,"ErrorStackTrace":null,"DisplayName":"Test_FindPalindromes_OnlySingleDigitsElements_ReturnsSameIntegersList","Messages":[],"ComputerName":"DESKTOP-D6DHFFL","Duration":"00:00:00.0003100","StartTime":"2025-03-02T15:41:08.6958234+00:00","EndTime":"2025-03-02T15:41:08.6961334+00:00","Properties":[{"Key":{"Id":"NUnit.Seed","Label":"Seed","Category":"","Description":"","Attributes":0,"ValueType":"System.String"},"Value":"1144389125"}]},{"TestCase":{"Id":"40da1d2f-dd6f-236b-7d51-c3ff9a1380af","FullyQualifiedName":"TestApp.UnitTests.PalindromeIntegersTests.Test_FindPalindromes_PalimdromesAndNoPalindromesIntegers_ReturnsOnlyPalindromes","DisplayName":"Test_FindPalindromes_PalimdromesAndNoPalindromesIntegers_ReturnsOnlyPalindromes","ExecutorUri":"executor://NUnit3TestExecutor","Source":"C:\\Users\\TOSHIBA\\Downloads\\QA path\\Programming for QA\\Programming Fundamentals and Unit Testing\\20-Unit-Testing-Methods-Exercise-Resources\\TestApp.UnitTests\\bin\\Debug\\net6.0\\fine-code-coverage\\build-output\\TestApp.UnitTests.dll","CodeFilePath":null,"LineNumber":0,"Properties":[{"Key":{"Id":"NUnit.Seed","Label":"Seed","Category":"","Description":"","Attributes":0,"ValueType":"System.String"},"Value":"164919104"}]},"Attachments":[],"Outcome":1,"ErrorMessage":null,"ErrorStackTrace":null,"DisplayName":"Test_FindPalindromes_PalimdromesAndNoPalindromesIntegers_ReturnsOnlyPalindromes","Messages":[],"ComputerName":"DESKTOP-D6DHFFL","Duration":"00:00:00.0003130","StartTime":"2025-03-02T15:41:08.6961521+00:00","EndTime":"2025-03-02T15:41:08.6964646+00:00","Properties":[{"Key":{"Id":"NUnit.Seed","Label":"Seed","Category":"","Description":"","Attributes":0,"ValueType":"System.String"},"Value":"164919104"}]},{"TestCase":{"Id":"fbf4f665-fcd7-a65e-b7c8-0fdde3f36c22","FullyQualifiedName":"TestApp.UnitTests.PrimeFactorTests.Test_FindLargestPrimeFactor_LargeNumber","DisplayName":"Test_FindLargestPrimeFactor_LargeNumber","ExecutorUri":"executor://NUnit3TestExecutor","Source":"C:\\Users\\TOSHIBA\\Downloads\\QA path\\Programming for QA\\Programming Fundamentals and Unit Testing\\20-Unit-Testing-Methods-Exercise-Resources\\TestApp.UnitTests\\bin\\Debug\\net6.0\\fine-code-coverage\\build-output\\TestApp.UnitTests.dll","CodeFilePath":null,"LineNumber":0,"Properties":[{"Key":{"Id":"NUnit.Seed","Label":"Seed","Category":"","Description":"","Attributes":0,"ValueType":"System.String"},"Value":"996976468"}]},"Attachments":[],"Outcome":1,"ErrorMessage":null,"ErrorStackTrace":null,"DisplayName":"Test_FindLargestPrimeFactor_LargeNumber","Messages":[],"ComputerName":"DESKTOP-D6DHFFL","Duration":"00:00:00.0011280","StartTime":"2025-03-02T15:41:08.6968209+00:00","EndTime":"2025-03-02T15:41:08.6979489+00:00","Properties":[{"Key":{"Id":"NUnit.Seed","Label":"Seed","Category":"","Description":"","Attributes":0,"ValueType":"System.String"},"Value":"996976468"}]},{"TestCase":{"Id":"2afc0d95-48d1-2cf1-671c-7d6185365b26","FullyQualifiedName":"TestApp.UnitTests.PrimeFactorTests.Test_FindLargestPrimeFactor_PrimeNumber","DisplayName":"Test_FindLargestPrimeFactor_PrimeNumber","ExecutorUri":"executor://NUnit3TestExecutor","Source":"C:\\Users\\TOSHIBA\\Downloads\\QA path\\Programming for QA\\Programming Fundamentals and Unit Testing\\20-Unit-Testing-Methods-Exercise-Resources\\TestApp.UnitTests\\bin\\Debug\\net6.0\\fine-code-coverage\\build-output\\TestApp.UnitTests.dll","CodeFilePath":null,"LineNumber":0,"Properties":[{"Key":{"Id":"NUnit.Seed","Label":"Seed","Category":"","Description":"","Attributes":0,"ValueType":"System.String"},"Value":"1361050110"}]},"Attachments":[],"Outcome":1,"ErrorMessage":null,"ErrorStackTrace":null,"DisplayName":"Test_FindLargestPrimeFactor_PrimeNumber","Messages":[],"ComputerName":"DESKTOP-D6DHFFL","Duration":"00:00:00.0002640","StartTime":"2025-03-02T15:41:08.699073+00:00","EndTime":"2025-03-02T15:41:08.6993369+00:00","Properties":[{"Key":{"Id":"NUnit.Seed","Label":"Seed","Category":"","Description":"","Attributes":0,"ValueType":"System.String"},"Value":"1361050110"}]},{"TestCase":{"Id":"621dd5a5-b961-3f4d-868f-c1f8aae5b9ae","FullyQualifiedName":"TestApp.UnitTests.SignOfIntegerNumbersTests.Test_CheckSign_NegativeValueInput_ReturnMessageForNegativeInteger","DisplayName":"Test_CheckSign_NegativeValueInput_ReturnMessageForNegativeInteger","ExecutorUri":"executor://NUnit3TestExecutor","Source":"C:\\Users\\TOSHIBA\\Downloads\\QA path\\Programming for QA\\Programming Fundamentals and Unit Testing\\20-Unit-Testing-Methods-Exercise-Resources\\TestApp.UnitTests\\bin\\Debug\\net6.0\\fine-code-coverage\\build-output\\TestApp.UnitTests.dll","CodeFilePath":null,"LineNumber":0,"Properties":[{"Key":{"Id":"NUnit.Seed","Label":"Seed","Category":"","Description":"","Attributes":0,"ValueType":"System.String"},"Value":"1582095452"}]},"Attachments":[],"Outcome":1,"ErrorMessage":null,"ErrorStackTrace":null,"DisplayName":"Test_CheckSign_NegativeValueInput_ReturnMessageForNegativeInteger","Messages":[],"ComputerName":"DESKTOP-D6DHFFL","Duration":"00:00:00.0017100","StartTime":"2025-03-02T15:41:08.702959+00:00","EndTime":"2025-03-02T15:41:08.7046711+00:00","Properties":[{"Key":{"Id":"NUnit.Seed","Label":"Seed","Category":"","Description":"","Attributes":0,"ValueType":"System.String"},"Value":"1582095452"}]},{"TestCase":{"Id":"05c134b5-7b87-863e-1736-906f6589869a","FullyQualifiedName":"TestApp.UnitTests.SignOfIntegerNumbersTests.Test_CheckSign_NotAnIntegerValue_ReturnErrorMessage","DisplayName":"Test_CheckSign_NotAnIntegerValue_ReturnErrorMessage","ExecutorUri":"executor://NUnit3TestExecutor","Source":"C:\\Users\\TOSHIBA\\Downloads\\QA path\\Programming for QA\\Programming Fundamentals and Unit Testing\\20-Unit-Testing-Methods-Exercise-Resources\\TestApp.UnitTests\\bin\\Debug\\net6.0\\fine-code-coverage\\build-output\\TestApp.UnitTests.dll","CodeFilePath":null,"LineNumber":0,"Properties":[{"Key":{"Id":"NUnit.Seed","Label":"Seed","Category":"","Description":"","Attributes":0,"ValueType":"System.String"},"Value":"876938166"}]},"Attachments":[],"Outcome":1,"ErrorMessage":null,"ErrorStackTrace":null,"DisplayName":"Test_CheckSign_NotAnIntegerValue_ReturnErrorMessage","Messages":[],"ComputerName":"DESKTOP-D6DHFFL","Duration":"00:00:00.0002630","StartTime":"2025-03-02T15:41:08.7047208+00:00","EndTime":"2025-03-02T15:41:08.704984+00:00","Properties":[{"Key":{"Id":"NUnit.Seed","Label":"Seed","Category":"","Description":"","Attributes":0,"ValueType":"System.String"},"Value":"876938166"}]},{"TestCase":{"Id":"98340711-3878-4f61-6ed2-e631789066ed","FullyQualifiedName":"TestApp.UnitTests.SignOfIntegerNumbersTests.Test_CheckSign_PositiveValueInput_ReturnMessageForPositiveInteger","DisplayName":"Test_CheckSign_PositiveValueInput_ReturnMessageForPositiveInteger","ExecutorUri":"executor://NUnit3TestExecutor","Source":"C:\\Users\\TOSHIBA\\Downloads\\QA path\\Programming for QA\\Programming Fundamentals and Unit Testing\\20-Unit-Testing-Methods-Exercise-Resources\\TestApp.UnitTests\\bin\\Debug\\net6.0\\fine-code-coverage\\build-output\\TestApp.UnitTests.dll","CodeFilePath":null,"LineNumber":0,"Properties":[{"Key":{"Id":"NUnit.Seed","Label":"Seed","Category":"","Description":"","Attributes":0,"ValueType":"System.String"},"Value":"1723237937"}]},"Attachments":[],"Outcome":1,"ErrorMessage":null,"ErrorStackTrace":null,"DisplayName":"Test_CheckSign_PositiveValueInput_ReturnMessageForPositiveInteger","Messages":[],"ComputerName":"DESKTOP-D6DHFFL","Duration":"00:00:00.0002390","StartTime":"2025-03-02T15:41:08.7050111+00:00","EndTime":"2025-03-02T15:41:08.7052497+00:00","Properties":[{"Key":{"Id":"NUnit.Seed","Label":"Seed","Category":"","Description":"","Attributes":0,"ValueType":"System.String"},"Value":"1723237937"}]}],"TestRunStatistics":{"ExecutedTests":27,"Stats":{"Passed":27}},"ActiveTests":[{"Id":"6282d383-01d5-a84f-bc0e-ac49557fdbdc","FullyQualifiedName":"TestApp.UnitTests.SignOfIntegerNumbersTests.Test_CheckSign_ZeroValueInput_ReturnMessageForZero","DisplayName":"Test_CheckSign_ZeroValueInput_ReturnMessageForZero","ExecutorUri":"executor://NUnit3TestExecutor","Source":"C:\\Users\\TOSHIBA\\Downloads\\QA path\\Programming for QA\\Programming Fundamentals and Unit Testing\\20-Unit-Testing-Methods-Exercise-Resources\\TestApp.UnitTests\\bin\\Debug\\net6.0\\fine-code-coverage\\build-output\\TestApp.UnitTests.dll","CodeFilePath":null,"LineNumber":0,"Properties":[{"Key":{"Id":"NUnit.Seed","Label":"Seed","Category":"","Description":"","Attributes":0,"ValueType":"System.String"},"Value":"1728946747"}]}]}}
TpTrace Verbose: 0 : 10484, 13, 2025/03/02, 17:41:08.946, 282397586349, vstest.console.dll, TestRunRequest:SendTestRunStatsChange: Starting.
TpTrace Verbose: 0 : 10484, 13, 2025/03/02, 17:41:08.946, 282397587237, vstest.console.dll, InProgress is Test_CheckSign_ZeroValueInput_ReturnMessageForZero
TpTrace Verbose: 0 : 10484, 13, 2025/03/02, 17:41:08.946, 282397588088, vstest.console.dll, MulticastDelegateUtilities.SafeInvoke: TestRun.RunStatsChanged: Invoking callbacks was skipped because there are no subscribers.
TpTrace Verbose: 0 : 10484, 4, 2025/03/02, 17:41:08.946, 282397588597, vstest.console.dll, MulticastDelegateUtilities.SafeInvoke: InternalTestLoggerEvents.SendTestResult: Invoking callback 1/1 for Microsoft.VisualStudio.TestPlatform.CommandLine.Internal.ConsoleLogger., took 0 ms.
TpTrace Information: 0 : 10484, 13, 2025/03/02, 17:41:08.946, 282397588733, vstest.console.dll, TestRunRequest:SendTestRunStatsChange: Completed.
TpTrace Verbose: 0 : 10484, 4, 2025/03/02, 17:41:08.946, 282397589646, vstest.console.dll, MulticastDelegateUtilities.SafeInvoke: InternalTestLoggerEvents.SendTestResult: Invoking callback 1/1 for Microsoft.VisualStudio.TestPlatform.CommandLine.Internal.ConsoleLogger., took 0 ms.
TpTrace Verbose: 0 : 10484, 13, 2025/03/02, 17:41:08.946, 282397590004, vstest.console.dll, MulticastDelegateUtilities.SafeInvoke: LengthPrefixCommunicationChannel: MessageReceived: Invoking callback 1/1 for Microsoft.VisualStudio.TestPlatform.CommunicationUtilities.TestRequestSender+<>c__DisplayClass34_0., took 2 ms.
TpTrace Verbose: 0 : 10484, 4, 2025/03/02, 17:41:08.946, 282397590984, vstest.console.dll, MulticastDelegateUtilities.SafeInvoke: InternalTestLoggerEvents.SendTestResult: Invoking callback 1/1 for Microsoft.VisualStudio.TestPlatform.CommandLine.Internal.ConsoleLogger., took 0 ms.
TpTrace Verbose: 0 : 10484, 13, 2025/03/02, 17:41:08.946, 282397591278, vstest.console.dll, TcpClientExtensions.MessageLoopAsync: Polling on remoteEndPoint: 127.0.0.1:53808 localEndPoint: 127.0.0.1:53807 after 35 ms
TpTrace Verbose: 0 : 10484, 4, 2025/03/02, 17:41:08.946, 282397592138, vstest.console.dll, MulticastDelegateUtilities.SafeInvoke: InternalTestLoggerEvents.SendTestResult: Invoking callback 1/1 for Microsoft.VisualStudio.TestPlatform.CommandLine.Internal.ConsoleLogger., took 0 ms.
TpTrace Verbose: 0 : 10484, 4, 2025/03/02, 17:41:08.947, 282397593320, vstest.console.dll, MulticastDelegateUtilities.SafeInvoke: InternalTestLoggerEvents.SendTestResult: Invoking callback 1/1 for Microsoft.VisualStudio.TestPlatform.CommandLine.Internal.ConsoleLogger., took 0 ms.
TpTrace Verbose: 0 : 10484, 4, 2025/03/02, 17:41:08.947, 282397594078, vstest.console.dll, MulticastDelegateUtilities.SafeInvoke: InternalTestLoggerEvents.SendTestResult: Invoking callback 1/1 for Microsoft.VisualStudio.TestPlatform.CommandLine.Internal.ConsoleLogger., took 0 ms.
TpTrace Verbose: 0 : 10484, 4, 2025/03/02, 17:41:08.947, 282397594940, vstest.console.dll, MulticastDelegateUtilities.SafeInvoke: InternalTestLoggerEvents.SendTestResult: Invoking callback 1/1 for Microsoft.VisualStudio.TestPlatform.CommandLine.Internal.ConsoleLogger., took 0 ms.
TpTrace Verbose: 0 : 10484, 4, 2025/03/02, 17:41:08.947, 282397595746, vstest.console.dll, MulticastDelegateUtilities.SafeInvoke: InternalTestLoggerEvents.SendTestResult: Invoking callback 1/1 for Microsoft.VisualStudio.TestPlatform.CommandLine.Internal.ConsoleLogger., took 0 ms.
TpTrace Verbose: 0 : 10484, 4, 2025/03/02, 17:41:08.947, 282397596398, vstest.console.dll, MulticastDelegateUtilities.SafeInvoke: InternalTestLoggerEvents.SendTestResult: Invoking callback 1/1 for Microsoft.VisualStudio.TestPlatform.CommandLine.Internal.ConsoleLogger., took 0 ms.
TpTrace Verbose: 0 : 10484, 13, 2025/03/02, 17:41:08.958, 282397702697, vstest.console.dll, TcpClientExtensions.MessageLoopAsync: NotifyDataAvailable remoteEndPoint: 127.0.0.1:53808 localEndPoint: 127.0.0.1:53807
TpTrace Verbose: 0 : 10484, 13, 2025/03/02, 17:41:08.958, 282397704624, vstest.console.dll, TestRequestSender.OnExecutionMessageReceived: Received message: {"Version":7,"MessageType":"TestSession.Message","Payload":{"MessageLevel":0,"Message":"NUnit Adapter 4.4.0.0: Test execution complete"}}
TpTrace Verbose: 0 : 10484, 13, 2025/03/02, 17:41:08.958, 282397706464, vstest.console.dll, TestRunRequest:SendTestRunMessage: Starting.
TpTrace Verbose: 0 : 10484, 13, 2025/03/02, 17:41:08.958, 282397707746, vstest.console.dll, MulticastDelegateUtilities.SafeInvoke: TestRun.LogMessages: Invoking callback 1/1 for Microsoft.VisualStudio.TestPlatform.CommandLine.TestRunResultAggregator., took 0 ms.
TpTrace Verbose: 0 : 10484, 4, 2025/03/02, 17:41:08.958, 282397708257, vstest.console.dll, MulticastDelegateUtilities.SafeInvoke: InternalTestLoggerEvents.SendTestRunMessage: Invoking callback 1/1 for Microsoft.VisualStudio.TestPlatform.CommandLine.Internal.ConsoleLogger., took 0 ms.
TpTrace Information: 0 : 10484, 13, 2025/03/02, 17:41:08.958, 282397708430, vstest.console.dll, TestRunRequest:SendTestRunMessage: Completed.
TpTrace Verbose: 0 : 10484, 13, 2025/03/02, 17:41:08.958, 282397710007, vstest.console.dll, MulticastDelegateUtilities.SafeInvoke: LengthPrefixCommunicationChannel: MessageReceived: Invoking callback 1/1 for Microsoft.VisualStudio.TestPlatform.CommunicationUtilities.TestRequestSender+<>c__DisplayClass34_0., took 0 ms.
TpTrace Verbose: 0 : 10484, 13, 2025/03/02, 17:41:08.958, 282397710390, vstest.console.dll, TcpClientExtensions.MessageLoopAsync: Polling on remoteEndPoint: 127.0.0.1:53808 localEndPoint: 127.0.0.1:53807 after 11 ms
TpTrace Verbose: 0 : 10484, 13, 2025/03/02, 17:41:08.990, 282398028430, vstest.console.dll, TcpClientExtensions.MessageLoopAsync: NotifyDataAvailable remoteEndPoint: 127.0.0.1:53808 localEndPoint: 127.0.0.1:53807
TpTrace Verbose: 0 : 10484, 13, 2025/03/02, 17:41:08.990, 282398030186, vstest.console.dll, TestRequestSender.OnExecutionMessageReceived: Received message: {"Version":7,"MessageType":"TestExecution.Completed","Payload":{"TestRunCompleteArgs":{"TestRunStatistics":{"ExecutedTests":28,"Stats":{"Passed":28}},"IsCanceled":false,"IsAborted":false,"Error":null,"AttachmentSets":[],"InvokedDataCollectors":[],"ElapsedTimeInRunningTests":"00:00:00.8255835","Metrics":{},"DiscoveredExtensions":{"TestDiscoverers":["NUnit.VisualStudio.TestAdapter.NUnit3TestDiscoverer, NUnit3.TestAdapter, Version=4.4.0.0, Culture=neutral, PublicKeyToken=4cb40d35494691ac"],"TestExecutors":["executor://NUnit3TestExecutor"],"TestExecutors2":[],"TestSettingsProviders":[]}},"LastRunTests":{"NewTestResults":[{"TestCase":{"Id":"6282d383-01d5-a84f-bc0e-ac49557fdbdc","FullyQualifiedName":"TestApp.UnitTests.SignOfIntegerNumbersTests.Test_CheckSign_ZeroValueInput_ReturnMessageForZero","DisplayName":"Test_CheckSign_ZeroValueInput_ReturnMessageForZero","ExecutorUri":"executor://NUnit3TestExecutor","Source":"C:\\Users\\TOSHIBA\\Downloads\\QA path\\Programming for QA\\Programming Fundamentals and Unit Testing\\20-Unit-Testing-Methods-Exercise-Resources\\TestApp.UnitTests\\bin\\Debug\\net6.0\\fine-code-coverage\\build-output\\TestApp.UnitTests.dll","CodeFilePath":null,"LineNumber":0,"Properties":[{"Key":{"Id":"NUnit.Seed","Label":"Seed","Category":"","Description":"","Attributes":0,"ValueType":"System.String"},"Value":"1728946747"}]},"Attachments":[],"Outcome":1,"ErrorMessage":null,"ErrorStackTrace":null,"DisplayName":"Test_CheckSign_ZeroValueInput_ReturnMessageForZero","Messages":[],"ComputerName":"DESKTOP-D6DHFFL","Duration":"00:00:00.0001730","StartTime":"2025-03-02T15:41:08.7052709+00:00","EndTime":"2025-03-02T15:41:08.705444+00:00","Properties":[{"Key":{"Id":"NUnit.Seed","Label":"Seed","Category":"","Description":"","Attributes":0,"ValueType":"System.String"},"Value":"1728946747"}]}],"TestRunStatistics":{"ExecutedTests":28,"Stats":{"Passed":28}},"ActiveTests":[]},"RunAttachments":[],"ExecutorUris":["executor://nunit3testexecutor/"]}}
TpTrace Verbose: 0 : 10484, 13, 2025/03/02, 17:41:08.991, 282398032972, vstest.console.dll, TestRequestSender.EndSession: Sending end session.
TpTrace Verbose: 0 : 10484, 13, 2025/03/02, 17:41:08.991, 282398035432, vstest.console.dll, ProxyOperationManager.Close: waiting for test host to exit for 100 ms
TpTrace Warning: 0 : 10484, 13, 2025/03/02, 17:41:09.102, 282399144114, vstest.console.dll, ProxyOperationManager: Timed out waiting for test host to exit. Will terminate process.
TpTrace Information: 0 : 10484, 13, 2025/03/02, 17:41:09.102, 282399146942, vstest.console.dll, SocketServer.Stop: Stop server endPoint: 127.0.0.1:53807
TpTrace Information: 0 : 10484, 13, 2025/03/02, 17:41:09.102, 282399147589, vstest.console.dll, SocketServer.Stop: Cancellation requested. Stopping message loop.
TpTrace Information: 0 : 10484, 13, 2025/03/02, 17:41:09.102, 282399150494, vstest.console.dll, Closing the connection
TpTrace Verbose: 0 : 10484, 11, 2025/03/02, 17:41:09.161, 282399735740, vstest.console.dll, TestHostManagerCallbacks.StandardOutputReceivedCallback Test host standard output line: 
TpTrace Warning: 0 : 10484, 9, 2025/03/02, 17:41:09.161, 282399735740, vstest.console.dll, TestHostManagerCallbacks.ErrorReceivedCallback Test host standard error line: 
TpTrace Verbose: 0 : 10484, 13, 2025/03/02, 17:41:09.179, 282399921988, vstest.console.dll, TestHostProvider.ExitCallBack: Host exited starting callback.
TpTrace Information: 0 : 10484, 13, 2025/03/02, 17:41:09.180, 282399924236, vstest.console.dll, TestHostManagerCallbacks.ExitCallBack: Testhost processId: 14224 exited with exitcode: 0 error: ''
TpTrace Verbose: 0 : 10484, 13, 2025/03/02, 17:41:09.180, 282399925113, vstest.console.dll, DotnetTestHostManager.OnHostExited: invoking OnHostExited callback
TpTrace Verbose: 0 : 10484, 13, 2025/03/02, 17:41:09.180, 282399926059, vstest.console.dll, CrossPlatEngine.TestHostManagerHostExited: calling on client process exit callback.
TpTrace Information: 0 : 10484, 13, 2025/03/02, 17:41:09.180, 282399926927, vstest.console.dll, TestRequestSender.OnClientProcessExit: Test host process exited. Standard error: 
TpTrace Information: 0 : 10484, 13, 2025/03/02, 17:41:09.180, 282399928375, vstest.console.dll, SocketServer.Stop: Stop server endPoint: 127.0.0.1:53807
TpTrace Information: 0 : 10484, 13, 2025/03/02, 17:41:09.180, 282399928965, vstest.console.dll, SocketServer.Stop: Cancellation requested. Stopping message loop.
TpTrace Verbose: 0 : 10484, 13, 2025/03/02, 17:41:09.180, 282399929695, vstest.console.dll, MulticastDelegateUtilities.SafeInvoke: HostProviderEvents.OnHostExited: Invoking callback 1/1 for Microsoft.VisualStudio.TestPlatform.CrossPlatEngine.Client.ProxyOperationManager., took 0 ms.
TpTrace Verbose: 0 : 10484, 13, 2025/03/02, 17:41:09.181, 282399935991, vstest.console.dll, ProxyDataCollectionManager.InvokeDataCollectionServiceAction: Starting.
TpTrace Information: 0 : 10484, 13, 2025/03/02, 17:41:09.181, 282399937915, vstest.console.dll, ProxyDataCollectionManager.AfterTestRunEnd: Get attachment set and invoked data collectors processId: 2208 port: 53803
TpTrace Verbose: 0 : 10484, 13, 2025/03/02, 17:41:09.181, 282399938793, vstest.console.dll, DataCollectionRequestSender.SendAfterTestRunStartAndGetResult: Send AfterTestRunEnd message with isCancelled: False
TpTrace Verbose: 0 : 10484, 13, 2025/03/02, 17:41:09.192, 282400045873, vstest.console.dll, DataCollectionRequestSender.SendAfterTestRunStartAndGetResult: Received message: (DataCollection.AfterTestRunEndResult) -> {"MessageType":"DataCollection.AfterTestRunEndResult","Payload":{"AttachmentSets":[],"InvokedDataCollectors":[{"Uri":"datacollector://Microsoft/TestPlatform/Extensions/Blame/v1","FriendlyName":"Blame","AssemblyQualifiedName":"Microsoft.TestPlatform.Extensions.BlameDataCollector.BlameCollector, Microsoft.TestPlatform.Extensions.BlameDataCollector, Version=15.0.0.0, Culture=neutral, PublicKeyToken=b03f5f7f11d50a3a","FilePath":"C:\\Program Files\\dotnet\\sdk\\9.0.100\\Extensions\\Microsoft.TestPlatform.Extensions.BlameDataCollector.dll","HasAttachmentProcessor":false}],"Metrics":{}}}
TpTrace Warning: 0 : 10484, 10, 2025/03/02, 17:41:09.197, 282400098868, vstest.console.dll, DataCollectionLauncher.ErrorReceivedCallback datacollector standard error line: 
TpTrace Information: 0 : 10484, 13, 2025/03/02, 17:41:09.206, 282400182590, vstest.console.dll, ProxyDataCollectionManager.InvokeDataCollectionServiceAction: Completed.
TpTrace Information: 0 : 10484, 10, 2025/03/02, 17:41:09.211, 282400232478, vstest.console.dll, DataCollectionLauncher.ExitCallBack: Data collector exited with exitcode: 0 error: ''
TpTrace Verbose: 0 : 10484, 13, 2025/03/02, 17:41:09.255, 282400673250, vstest.console.dll, TestRunRequest:SendTestRunStatsChange: Starting.
TpTrace Verbose: 0 : 10484, 13, 2025/03/02, 17:41:09.255, 282400675384, vstest.console.dll, MulticastDelegateUtilities.SafeInvoke: TestRun.RunStatsChanged: Invoking callbacks was skipped because there are no subscribers.
TpTrace Information: 0 : 10484, 13, 2025/03/02, 17:41:09.255, 282400675755, vstest.console.dll, TestRunRequest:SendTestRunStatsChange: Completed.
TpTrace Verbose: 0 : 10484, 4, 2025/03/02, 17:41:09.255, 282400676135, vstest.console.dll, MulticastDelegateUtilities.SafeInvoke: InternalTestLoggerEvents.SendTestResult: Invoking callback 1/1 for Microsoft.VisualStudio.TestPlatform.CommandLine.Internal.ConsoleLogger., took 0 ms.
TpTrace Verbose: 0 : 10484, 13, 2025/03/02, 17:41:09.255, 282400679346, vstest.console.dll, ParallelProxyExecutionManager: HandlePartialRunComplete: Total workloads = 1, Total started clients = 1 Total completed clients = 1, Run complete = True, Run canceled: False.
TpTrace Verbose: 0 : 10484, 13, 2025/03/02, 17:41:09.255, 282400679752, vstest.console.dll, ParallelProxyExecutionManager: HandlePartialRunComplete: All runs completed stopping all managers.
TpTrace Verbose: 0 : 10484, 13, 2025/03/02, 17:41:09.255, 282400680098, vstest.console.dll, ParallelOperationManager.StopAllManagers: Stopping all managers.
TpTrace Verbose: 0 : 10484, 13, 2025/03/02, 17:41:09.255, 282400680601, vstest.console.dll, ParallelOperationManager.ClearSlots: Clearing all slots. Slots should accept more work: False
TpTrace Verbose: 0 : 10484, 13, 2025/03/02, 17:41:09.255, 282400681052, vstest.console.dll, ParallelOperationManager.SetOccupiedSlotCount: Setting slot counts AvailableSlotCount = 1, OccupiedSlotCount = 0.
TpTrace Verbose: 0 : 10484, 13, 2025/03/02, 17:41:09.255, 282400681505, vstest.console.dll, Occupied slots:

TpTrace Verbose: 0 : 10484, 4, 2025/03/02, 17:41:09.265, 282400774166, vstest.console.dll, MulticastDelegateUtilities.SafeInvoke: InternalTestLoggerEvents.SendTestRunComplete: Invoking callback 1/2 for Microsoft.TestPlatform.Extensions.BlameDataCollector.BlameLogger., took 0 ms.
TpTrace Verbose: 0 : 10484, 4, 2025/03/02, 17:41:09.275, 282400881545, vstest.console.dll, MulticastDelegateUtilities.SafeInvoke: InternalTestLoggerEvents.SendTestRunComplete: Invoking callback 2/2 for Microsoft.VisualStudio.TestPlatform.CommandLine.Internal.ConsoleLogger., took 10 ms.
TpTrace Verbose: 0 : 10484, 13, 2025/03/02, 17:41:09.276, 282400887853, vstest.console.dll, TestRunRequest:TestRunComplete: Starting. IsAborted:False IsCanceled:False.
TpTrace Verbose: 0 : 10484, 13, 2025/03/02, 17:41:09.276, 282400890916, vstest.console.dll, ParallelOperationManager.DoActionOnAllManagers: Calling an action on all managers.
TpTrace Verbose: 0 : 10484, 13, 2025/03/02, 17:41:09.278, 282400904109, vstest.console.dll, TestLoggerManager.HandleTestRunComplete: Ignoring as the object is disposed.
TpTrace Verbose: 0 : 10484, 13, 2025/03/02, 17:41:09.278, 282400907345, vstest.console.dll, MulticastDelegateUtilities.SafeInvoke: TestRun.TestRunComplete: Invoking callback 1/2 for Microsoft.VisualStudio.TestPlatform.CommandLine.TestRunResultAggregator., took 0 ms.
TpTrace Verbose: 0 : 10484, 13, 2025/03/02, 17:41:09.278, 282400910479, vstest.console.dll, MulticastDelegateUtilities.SafeInvoke: TestRun.TestRunComplete: Invoking callback 2/2 for Microsoft.VisualStudio.TestPlatform.CommandLine.Processors.RunTestsArgumentExecutor+TestRunRequestEventsRegistrar., took 0 ms.
TpTrace Verbose: 0 : 10484, 1, 2025/03/02, 17:41:09.279, 282400913035, vstest.console.dll, TestRunRequest.Dispose: Starting.
TpTrace Information: 0 : 10484, 13, 2025/03/02, 17:41:09.279, 282400913975, vstest.console.dll, TestRunRequest:TestRunComplete: Completed.
TpTrace Verbose: 0 : 10484, 13, 2025/03/02, 17:41:09.279, 282400914782, vstest.console.dll, TestRequestSender.SetOperationComplete: Setting operation complete.
TpTrace Information: 0 : 10484, 1, 2025/03/02, 17:41:09.279, 282400914955, vstest.console.dll, TestRunRequest.Dispose: Completed.
TpTrace Information: 0 : 10484, 13, 2025/03/02, 17:41:09.279, 282400915149, vstest.console.dll, SocketServer.Stop: Stop server endPoint: 127.0.0.1:53807
TpTrace Information: 0 : 10484, 1, 2025/03/02, 17:41:09.279, 282400915994, vstest.console.dll, TestRequestManager.RunTests: run tests completed.
TpTrace Information: 0 : 10484, 13, 2025/03/02, 17:41:09.279, 282400916357, vstest.console.dll, SocketServer.Stop: Cancellation requested. Stopping message loop.
TpTrace Verbose: 0 : 10484, 13, 2025/03/02, 17:41:09.279, 282400917344, vstest.console.dll, MulticastDelegateUtilities.SafeInvoke: LengthPrefixCommunicationChannel: MessageReceived: Invoking callback 1/1 for Microsoft.VisualStudio.TestPlatform.CommunicationUtilities.TestRequestSender+<>c__DisplayClass34_0., took 288 ms.
TpTrace Information: 0 : 10484, 1, 2025/03/02, 17:41:09.279, 282400917672, vstest.console.dll, RunTestsArgumentProcessor:Execute: Test run is completed.
TpTrace Information: 0 : 10484, 13, 2025/03/02, 17:41:09.279, 282400917850, vstest.console.dll, SocketServer.PrivateStop: Stopping server endPoint: 127.0.0.1:53807 error: 
TpTrace Verbose: 0 : 10484, 1, 2025/03/02, 17:41:09.279, 282400920895, vstest.console.dll, Executor.Execute: Exiting with exit code of 0
TpTrace Verbose: 0 : 10484, 13, 2025/03/02, 17:41:09.279, 282400922267, vstest.console.dll, LengthPrefixCommunicationChannel.Dispose: Dispose reader and writer.
TpTrace Information: 0 : 10484, 13, 2025/03/02, 17:41:09.280, 282400923255, vstest.console.dll, SocketServer.Stop: Raise disconnected event endPoint: 127.0.0.1:53807 error: 
TpTrace Verbose: 0 : 10484, 13, 2025/03/02, 17:41:09.280, 282400924055, vstest.console.dll, TestRequestSender: OnTestRunAbort: Operation is already complete. Skip error message.
TpTrace Verbose: 0 : 10484, 13, 2025/03/02, 17:41:09.280, 282400924472, vstest.console.dll, MulticastDelegateUtilities.SafeInvoke: SocketServer: ClientDisconnected: Invoking callback 1/1 for Microsoft.VisualStudio.TestPlatform.CommunicationUtilities.TestRequestSender., took 0 ms.
TpTrace Verbose: 0 : 10484, 13, 2025/03/02, 17:41:09.280, 282400924782, vstest.console.dll, TcpClientExtensions.MessageLoopAsync: exiting MessageLoopAsync remoteEndPoint: 127.0.0.1:53808 localEndPoint: 127.0.0.1:53807
